CRITICAL - 2023-08-31 03:29:00 --> Call to undefined method CodeIgniter\Pager\PagerRenderer::getCurrentPage()
in APPPATH/Views/Pagers/bulma_simple.php on line 25.
 1 SYSTEMPATH/View/View.php(213): include()
 2 SYSTEMPATH/View/View.php(216): CodeIgniter\View\View->CodeIgniter\View\{closure}()
 3 SYSTEMPATH/Pager/Pager.php(126): CodeIgniter\View\View->render('App\\Views\\Pagers\\bulma_simple', null, false)
 4 SYSTEMPATH/Pager/Pager.php(93): CodeIgniter\Pager\Pager->displayLinks('default', 'default_simple')
 5 APPPATH/Views/Admin/Users/index.php(42): CodeIgniter\Pager\Pager->simpleLinks()
 6 SYSTEMPATH/View/View.php(213): include('APPPATH/Views/Admin/Users/index.php')
 7 SYSTEMPATH/View/View.php(216): CodeIgniter\View\View->CodeIgniter\View\{closure}()
 8 SYSTEMPATH/Common.php(1134): CodeIgniter\View\View->render('Admin/Users/index', [], true)
 9 APPPATH/Controllers/Admin/Users.php(22): view('Admin/Users/index', [...])
10 SYSTEMPATH/CodeIgniter.php(927): App\Controllers\Admin\Users->index()
11 SYSTEMPATH/CodeIgniter.php(482): CodeIgniter\CodeIgniter->runController(Object(App\Controllers\Admin\Users))
12 SYSTEMPATH/CodeIgniter.php(351): CodeIgniter\CodeIgniter->handleRequest(null, Object(Config\Cache), false)
13 FCPATH/index.php(67): CodeIgniter\CodeIgniter->run()
CRITICAL - 2023-08-31 03:30:01 --> Call to undefined method CodeIgniter\Pager\PagerRenderer::getCurrentPage()
in APPPATH/Views/Pagers/bulma_simple.php on line 25.
 1 SYSTEMPATH/View/View.php(213): include()
 2 SYSTEMPATH/View/View.php(216): CodeIgniter\View\View->CodeIgniter\View\{closure}()
 3 SYSTEMPATH/Pager/Pager.php(126): CodeIgniter\View\View->render('App\\Views\\Pagers\\bulma_simple', null, false)
 4 SYSTEMPATH/Pager/Pager.php(93): CodeIgniter\Pager\Pager->displayLinks('default', 'default_simple')
 5 APPPATH/Views/Admin/Users/index.php(42): CodeIgniter\Pager\Pager->simpleLinks()
 6 SYSTEMPATH/View/View.php(213): include('APPPATH/Views/Admin/Users/index.php')
 7 SYSTEMPATH/View/View.php(216): CodeIgniter\View\View->CodeIgniter\View\{closure}()
 8 SYSTEMPATH/Common.php(1134): CodeIgniter\View\View->render('Admin/Users/index', [], true)
 9 APPPATH/Controllers/Admin/Users.php(22): view('Admin/Users/index', [...])
10 SYSTEMPATH/CodeIgniter.php(927): App\Controllers\Admin\Users->index()
11 SYSTEMPATH/CodeIgniter.php(482): CodeIgniter\CodeIgniter->runController(Object(App\Controllers\Admin\Users))
12 SYSTEMPATH/CodeIgniter.php(351): CodeIgniter\CodeIgniter->handleRequest(null, Object(Config\Cache), false)
13 FCPATH/index.php(67): CodeIgniter\CodeIgniter->run()
CRITICAL - 2023-08-31 03:41:50 --> Call to undefined method CodeIgniter\Pager\PagerRenderer::getCurrentPage()
in APPPATH/Views/Pagers/bulma_simple.php on line 18.
 1 SYSTEMPATH/View/View.php(213): include()
 2 SYSTEMPATH/View/View.php(216): CodeIgniter\View\View->CodeIgniter\View\{closure}()
 3 SYSTEMPATH/Pager/Pager.php(126): CodeIgniter\View\View->render('App\\Views\\Pagers\\bulma_simple', null, false)
 4 SYSTEMPATH/Pager/Pager.php(93): CodeIgniter\Pager\Pager->displayLinks('default', 'default_simple')
 5 APPPATH/Views/Admin/Users/index.php(42): CodeIgniter\Pager\Pager->simpleLinks()
 6 SYSTEMPATH/View/View.php(213): include('APPPATH/Views/Admin/Users/index.php')
 7 SYSTEMPATH/View/View.php(216): CodeIgniter\View\View->CodeIgniter\View\{closure}()
 8 SYSTEMPATH/Common.php(1134): CodeIgniter\View\View->render('Admin/Users/index', [], true)
 9 APPPATH/Controllers/Admin/Users.php(22): view('Admin/Users/index', [...])
10 SYSTEMPATH/CodeIgniter.php(927): App\Controllers\Admin\Users->index()
11 SYSTEMPATH/CodeIgniter.php(482): CodeIgniter\CodeIgniter->runController(Object(App\Controllers\Admin\Users))
12 SYSTEMPATH/CodeIgniter.php(351): CodeIgniter\CodeIgniter->handleRequest(null, Object(Config\Cache), false)
13 FCPATH/index.php(67): CodeIgniter\CodeIgniter->run()
ERROR - 2023-08-31 04:58:50 --> mysqli_sql_exception: Unknown data type: 'tel' in /Users/tiffany/Desktop/dev/ia-tiffany/www/system/Database/MySQLi/Connection.php:292
Stack trace:
#0 /Users/tiffany/Desktop/dev/ia-tiffany/www/system/Database/MySQLi/Connection.php(292): mysqli->query('CREATE TABLE `e...', 0)
#1 /Users/tiffany/Desktop/dev/ia-tiffany/www/system/Database/BaseConnection.php(666): CodeIgniter\Database\MySQLi\Connection->execute('CREATE TABLE `e...')
#2 /Users/tiffany/Desktop/dev/ia-tiffany/www/system/Database/BaseConnection.php(593): CodeIgniter\Database\BaseConnection->simpleQuery('CREATE TABLE `e...')
#3 /Users/tiffany/Desktop/dev/ia-tiffany/www/system/Database/Forge.php(509): CodeIgniter\Database\BaseConnection->query('CREATE TABLE `e...')
#4 /Users/tiffany/Desktop/dev/ia-tiffany/www/app/Database/Migrations/2023-08-31-091710_CreateEventTabel.php(51): CodeIgniter\Database\Forge->createTable('event')
#5 /Users/tiffany/Desktop/dev/ia-tiffany/www/system/Database/MigrationRunner.php(868): App\Database\Migrations\CreateEventTabel->up()
#6 /Users/tiffany/Desktop/dev/ia-tiffany/www/system/Database/MigrationRunner.php(187): CodeIgniter\Database\MigrationRunner->migrate('up', Object(stdClass))
#7 /Users/tiffany/Desktop/dev/ia-tiffany/www/system/Commands/Database/Migrate.php(84): CodeIgniter\Database\MigrationRunner->latest(NULL)
#8 /Users/tiffany/Desktop/dev/ia-tiffany/www/system/CLI/Commands.php(63): CodeIgniter\Commands\Database\Migrate->run(Array)
#9 /Users/tiffany/Desktop/dev/ia-tiffany/www/system/CLI/CommandRunner.php(65): CodeIgniter\CLI\Commands->run('migrate', Array)
#10 /Users/tiffany/Desktop/dev/ia-tiffany/www/system/CLI/CommandRunner.php(51): CodeIgniter\CLI\CommandRunner->index(Array)
#11 /Users/tiffany/Desktop/dev/ia-tiffany/www/system/CodeIgniter.php(920): CodeIgniter\CLI\CommandRunner->_remap('index', Array)
#12 /Users/tiffany/Desktop/dev/ia-tiffany/www/system/CodeIgniter.php(482): CodeIgniter\CodeIgniter->runController(Object(CodeIgniter\CLI\CommandRunner))
#13 /Users/tiffany/Desktop/dev/ia-tiffany/www/system/CodeIgniter.php(347): CodeIgniter\CodeIgniter->handleRequest(NULL, Object(Config\Cache), false)
#14 /Users/tiffany/Desktop/dev/ia-tiffany/www/system/CLI/Console.php(48): CodeIgniter\CodeIgniter->run()
#15 /Users/tiffany/Desktop/dev/ia-tiffany/www/spark(98): CodeIgniter\CLI\Console->run()
#16 {main}
CRITICAL - 2023-08-31 07:16:24 --> Call to a member function paginateAllEvents() on null
in APPPATH/Controllers/Events.php on line 11.
 1 SYSTEMPATH/CodeIgniter.php(927): App\Controllers\Events->index()
 2 SYSTEMPATH/CodeIgniter.php(482): CodeIgniter\CodeIgniter->runController(Object(App\Controllers\Events))
 3 SYSTEMPATH/CodeIgniter.php(351): CodeIgniter\CodeIgniter->handleRequest(null, Object(Config\Cache), false)
 4 FCPATH/index.php(67): CodeIgniter\CodeIgniter->run()
CRITICAL - 2023-08-31 07:20:16 --> Call to a member function paginateAllEvents() on null
in APPPATH/Controllers/Events.php on line 11.
 1 SYSTEMPATH/CodeIgniter.php(927): App\Controllers\Events->index()
 2 SYSTEMPATH/CodeIgniter.php(482): CodeIgniter\CodeIgniter->runController(Object(App\Controllers\Events))
 3 SYSTEMPATH/CodeIgniter.php(351): CodeIgniter\CodeIgniter->handleRequest(null, Object(Config\Cache), false)
 4 FCPATH/index.php(67): CodeIgniter\CodeIgniter->run()
CRITICAL - 2023-08-31 07:20:42 --> Class "App\Controllers\Event" not found
in APPPATH/Controllers/Events.php on line 28.
 1 SYSTEMPATH/CodeIgniter.php(927): App\Controllers\Events->new()
 2 SYSTEMPATH/CodeIgniter.php(482): CodeIgniter\CodeIgniter->runController(Object(App\Controllers\Events))
 3 SYSTEMPATH/CodeIgniter.php(351): CodeIgniter\CodeIgniter->handleRequest(null, Object(Config\Cache), false)
 4 FCPATH/index.php(67): CodeIgniter\CodeIgniter->run()
CRITICAL - 2023-08-31 07:20:58 --> Undefined property: App\Controllers\Events::$title
in APPPATH/Views/Events/form.php on line 9.
 1 APPPATH/Views/Events/form.php(9): CodeIgniter\Debug\Exceptions->errorHandler(2, 'Undefined property: App\\Controllers\\Events::$title', 'APPPATH/Views/Events/form.php', 9)
 2 SYSTEMPATH/View/View.php(213): include('APPPATH/Views/Events/form.php')
 3 SYSTEMPATH/View/View.php(216): CodeIgniter\View\View->CodeIgniter\View\{closure}()
 4 SYSTEMPATH/View/View.php(431): CodeIgniter\View\View->render('Events/form', null, true)
 5 APPPATH/Views/Events/new.php(19): CodeIgniter\View\View->include('Events/form')
 6 SYSTEMPATH/View/View.php(213): include('APPPATH/Views/Events/new.php')
 7 SYSTEMPATH/View/View.php(216): CodeIgniter\View\View->CodeIgniter\View\{closure}()
 8 SYSTEMPATH/Common.php(1134): CodeIgniter\View\View->render('Events/new', [], true)
 9 APPPATH/Controllers/Events.php(31): view('Events/new', [...])
10 SYSTEMPATH/CodeIgniter.php(927): App\Controllers\Events->new()
11 SYSTEMPATH/CodeIgniter.php(482): CodeIgniter\CodeIgniter->runController(Object(App\Controllers\Events))
12 SYSTEMPATH/CodeIgniter.php(351): CodeIgniter\CodeIgniter->handleRequest(null, Object(Config\Cache), false)
13 FCPATH/index.php(67): CodeIgniter\CodeIgniter->run()
CRITICAL - 2023-08-31 07:21:00 --> Undefined property: App\Controllers\Events::$title
in APPPATH/Views/Events/form.php on line 9.
 1 APPPATH/Views/Events/form.php(9): CodeIgniter\Debug\Exceptions->errorHandler(2, 'Undefined property: App\\Controllers\\Events::$title', 'APPPATH/Views/Events/form.php', 9)
 2 SYSTEMPATH/View/View.php(213): include('APPPATH/Views/Events/form.php')
 3 SYSTEMPATH/View/View.php(216): CodeIgniter\View\View->CodeIgniter\View\{closure}()
 4 SYSTEMPATH/View/View.php(431): CodeIgniter\View\View->render('Events/form', null, true)
 5 APPPATH/Views/Events/new.php(19): CodeIgniter\View\View->include('Events/form')
 6 SYSTEMPATH/View/View.php(213): include('APPPATH/Views/Events/new.php')
 7 SYSTEMPATH/View/View.php(216): CodeIgniter\View\View->CodeIgniter\View\{closure}()
 8 SYSTEMPATH/Common.php(1134): CodeIgniter\View\View->render('Events/new', [], true)
 9 APPPATH/Controllers/Events.php(31): view('Events/new', [...])
10 SYSTEMPATH/CodeIgniter.php(927): App\Controllers\Events->new()
11 SYSTEMPATH/CodeIgniter.php(482): CodeIgniter\CodeIgniter->runController(Object(App\Controllers\Events))
12 SYSTEMPATH/CodeIgniter.php(351): CodeIgniter\CodeIgniter->handleRequest(null, Object(Config\Cache), false)
13 FCPATH/index.php(67): CodeIgniter\CodeIgniter->run()
CRITICAL - 2023-08-31 07:21:03 --> Undefined property: App\Controllers\Events::$title
in APPPATH/Views/Events/form.php on line 9.
 1 APPPATH/Views/Events/form.php(9): CodeIgniter\Debug\Exceptions->errorHandler(2, 'Undefined property: App\\Controllers\\Events::$title', 'APPPATH/Views/Events/form.php', 9)
 2 SYSTEMPATH/View/View.php(213): include('APPPATH/Views/Events/form.php')
 3 SYSTEMPATH/View/View.php(216): CodeIgniter\View\View->CodeIgniter\View\{closure}()
 4 SYSTEMPATH/View/View.php(431): CodeIgniter\View\View->render('Events/form', null, true)
 5 APPPATH/Views/Events/new.php(19): CodeIgniter\View\View->include('Events/form')
 6 SYSTEMPATH/View/View.php(213): include('APPPATH/Views/Events/new.php')
 7 SYSTEMPATH/View/View.php(216): CodeIgniter\View\View->CodeIgniter\View\{closure}()
 8 SYSTEMPATH/Common.php(1134): CodeIgniter\View\View->render('Events/new', [], true)
 9 APPPATH/Controllers/Events.php(31): view('Events/new', [...])
10 SYSTEMPATH/CodeIgniter.php(927): App\Controllers\Events->new()
11 SYSTEMPATH/CodeIgniter.php(482): CodeIgniter\CodeIgniter->runController(Object(App\Controllers\Events))
12 SYSTEMPATH/CodeIgniter.php(351): CodeIgniter\CodeIgniter->handleRequest(null, Object(Config\Cache), false)
13 FCPATH/index.php(67): CodeIgniter\CodeIgniter->run()
CRITICAL - 2023-08-31 07:21:08 --> Class "App\Controllers\Event" not found
in APPPATH/Controllers/Events.php on line 28.
 1 SYSTEMPATH/CodeIgniter.php(927): App\Controllers\Events->new()
 2 SYSTEMPATH/CodeIgniter.php(482): CodeIgniter\CodeIgniter->runController(Object(App\Controllers\Events))
 3 SYSTEMPATH/CodeIgniter.php(351): CodeIgniter\CodeIgniter->handleRequest(null, Object(Config\Cache), false)
 4 FCPATH/index.php(67): CodeIgniter\CodeIgniter->run()
CRITICAL - 2023-08-31 08:03:36 --> Undefined variable $user
in APPPATH/Views/Events/form.php on line 20.
 1 APPPATH/Views/Events/form.php(20): CodeIgniter\Debug\Exceptions->errorHandler(2, 'Undefined variable $user', 'APPPATH/Views/Events/form.php', 20)
 2 SYSTEMPATH/View/View.php(213): include('APPPATH/Views/Events/form.php')
 3 SYSTEMPATH/View/View.php(216): CodeIgniter\View\View->CodeIgniter\View\{closure}()
 4 SYSTEMPATH/View/View.php(431): CodeIgniter\View\View->render('Events/form', null, true)
 5 APPPATH/Views/Events/new.php(19): CodeIgniter\View\View->include('Events/form')
 6 SYSTEMPATH/View/View.php(213): include('APPPATH/Views/Events/new.php')
 7 SYSTEMPATH/View/View.php(216): CodeIgniter\View\View->CodeIgniter\View\{closure}()
 8 SYSTEMPATH/Common.php(1134): CodeIgniter\View\View->render('Events/new', [], true)
 9 APPPATH/Controllers/Events.php(40): view('Events/new', [...])
10 SYSTEMPATH/CodeIgniter.php(927): App\Controllers\Events->new()
11 SYSTEMPATH/CodeIgniter.php(482): CodeIgniter\CodeIgniter->runController(Object(App\Controllers\Events))
12 SYSTEMPATH/CodeIgniter.php(351): CodeIgniter\CodeIgniter->handleRequest(null, Object(Config\Cache), false)
13 FCPATH/index.php(67): CodeIgniter\CodeIgniter->run()
CRITICAL - 2023-08-31 08:03:49 --> Undefined variable $user
in APPPATH/Views/Events/form.php on line 20.
 1 APPPATH/Views/Events/form.php(20): CodeIgniter\Debug\Exceptions->errorHandler(2, 'Undefined variable $user', 'APPPATH/Views/Events/form.php', 20)
 2 SYSTEMPATH/View/View.php(213): include('APPPATH/Views/Events/form.php')
 3 SYSTEMPATH/View/View.php(216): CodeIgniter\View\View->CodeIgniter\View\{closure}()
 4 SYSTEMPATH/View/View.php(431): CodeIgniter\View\View->render('Events/form', null, true)
 5 APPPATH/Views/Events/new.php(19): CodeIgniter\View\View->include('Events/form')
 6 SYSTEMPATH/View/View.php(213): include('APPPATH/Views/Events/new.php')
 7 SYSTEMPATH/View/View.php(216): CodeIgniter\View\View->CodeIgniter\View\{closure}()
 8 SYSTEMPATH/Common.php(1134): CodeIgniter\View\View->render('Events/new', [], true)
 9 APPPATH/Controllers/Events.php(40): view('Events/new', [...])
10 SYSTEMPATH/CodeIgniter.php(927): App\Controllers\Events->new()
11 SYSTEMPATH/CodeIgniter.php(482): CodeIgniter\CodeIgniter->runController(Object(App\Controllers\Events))
12 SYSTEMPATH/CodeIgniter.php(351): CodeIgniter\CodeIgniter->handleRequest(null, Object(Config\Cache), false)
13 FCPATH/index.php(67): CodeIgniter\CodeIgniter->run()
