CRITICAL - 2023-10-07 05:40:46 --> Call to undefined function script_tag()
in APPPATH/Views/Events/rating.php on line 3.
 1 SYSTEMPATH/View/View.php(213): include()
 2 SYSTEMPATH/View/View.php(216): CodeIgniter\View\View->CodeIgniter\View\{closure}()
 3 SYSTEMPATH/Common.php(1134): CodeIgniter\View\View->render('Events/rating', [], true)
 4 APPPATH/Controllers/Events.php(208): view('Events/rating', [...])
 5 SYSTEMPATH/CodeIgniter.php(927): App\Controllers\Events->rating('1')
 6 SYSTEMPATH/CodeIgniter.php(482): CodeIgniter\CodeIgniter->runController(Object(App\Controllers\Events))
 7 SYSTEMPATH/CodeIgniter.php(351): CodeIgniter\CodeIgniter->handleRequest(null, Object(Config\Cache), false)
 8 FCPATH/index.php(67): CodeIgniter\CodeIgniter->run()
CRITICAL - 2023-10-07 10:42:52 --> Call to undefined method App\Entities\Event::save()
in APPPATH/Models/EventModel.php on line 102.
 1 APPPATH/Controllers/Events.php(219): App\Models\EventModel->updateRating('1')
 2 SYSTEMPATH/CodeIgniter.php(927): App\Controllers\Events->rate('1')
 3 SYSTEMPATH/CodeIgniter.php(482): CodeIgniter\CodeIgniter->runController(Object(App\Controllers\Events))
 4 SYSTEMPATH/CodeIgniter.php(351): CodeIgniter\CodeIgniter->handleRequest(null, Object(Config\Cache), false)
 5 FCPATH/index.php(67): CodeIgniter\CodeIgniter->run()
CRITICAL - 2023-10-07 10:45:09 --> Call to undefined method CodeIgniter\Entity::save()
in APPPATH/Entities/Event.php on line 15.
 1 APPPATH/Models/EventModel.php(102): App\Entities\Event->save()
 2 APPPATH/Controllers/Events.php(219): App\Models\EventModel->updateRating('1')
 3 SYSTEMPATH/CodeIgniter.php(927): App\Controllers\Events->rate('1')
 4 SYSTEMPATH/CodeIgniter.php(482): CodeIgniter\CodeIgniter->runController(Object(App\Controllers\Events))
 5 SYSTEMPATH/CodeIgniter.php(351): CodeIgniter\CodeIgniter->handleRequest(null, Object(Config\Cache), false)
 6 FCPATH/index.php(67): CodeIgniter\CodeIgniter->run()
CRITICAL - 2023-10-07 10:45:25 --> Call to undefined method CodeIgniter\Entity::save()
in APPPATH/Entities/Event.php on line 15.
 1 APPPATH/Models/EventModel.php(102): App\Entities\Event->save()
 2 APPPATH/Controllers/Events.php(219): App\Models\EventModel->updateRating('1')
 3 SYSTEMPATH/CodeIgniter.php(927): App\Controllers\Events->rate('1')
 4 SYSTEMPATH/CodeIgniter.php(482): CodeIgniter\CodeIgniter->runController(Object(App\Controllers\Events))
 5 SYSTEMPATH/CodeIgniter.php(351): CodeIgniter\CodeIgniter->handleRequest(null, Object(Config\Cache), false)
 6 FCPATH/index.php(67): CodeIgniter\CodeIgniter->run()
CRITICAL - 2023-10-07 11:03:42 --> Call to undefined method App\Entities\Event::save()
in APPPATH/Models/EventModel.php on line 102.
 1 APPPATH/Controllers/Events.php(219): App\Models\EventModel->updateRating('1')
 2 SYSTEMPATH/CodeIgniter.php(927): App\Controllers\Events->rate('1')
 3 SYSTEMPATH/CodeIgniter.php(482): CodeIgniter\CodeIgniter->runController(Object(App\Controllers\Events))
 4 SYSTEMPATH/CodeIgniter.php(351): CodeIgniter\CodeIgniter->handleRequest(null, Object(Config\Cache), false)
 5 FCPATH/index.php(67): CodeIgniter\CodeIgniter->run()
CRITICAL - 2023-10-07 11:03:50 --> Call to undefined method App\Entities\Event::save()
in APPPATH/Models/EventModel.php on line 102.
 1 APPPATH/Controllers/Events.php(219): App\Models\EventModel->updateRating('1')
 2 SYSTEMPATH/CodeIgniter.php(927): App\Controllers\Events->rate('1')
 3 SYSTEMPATH/CodeIgniter.php(482): CodeIgniter\CodeIgniter->runController(Object(App\Controllers\Events))
 4 SYSTEMPATH/CodeIgniter.php(351): CodeIgniter\CodeIgniter->handleRequest(null, Object(Config\Cache), false)
 5 FCPATH/index.php(67): CodeIgniter\CodeIgniter->run()
CRITICAL - 2023-10-07 11:06:06 --> Call to undefined method App\Models\EventModel::updateRating
in SYSTEMPATH/Model.php on line 774.
 1 APPPATH/Controllers/Events.php(219): CodeIgniter\Model->__call('updateRating', [...])
 2 SYSTEMPATH/CodeIgniter.php(927): App\Controllers\Events->rate('1')
 3 SYSTEMPATH/CodeIgniter.php(482): CodeIgniter\CodeIgniter->runController(Object(App\Controllers\Events))
 4 SYSTEMPATH/CodeIgniter.php(351): CodeIgniter\CodeIgniter->handleRequest(null, Object(Config\Cache), false)
 5 FCPATH/index.php(67): CodeIgniter\CodeIgniter->run()
CRITICAL - 2023-10-07 11:07:19 --> Call to undefined method App\Entities\Event::save()
in APPPATH/Models/EventModel.php on line 107.
 1 APPPATH/Controllers/Events.php(219): App\Models\EventModel->updateRating('1')
 2 SYSTEMPATH/CodeIgniter.php(927): App\Controllers\Events->rate('1')
 3 SYSTEMPATH/CodeIgniter.php(482): CodeIgniter\CodeIgniter->runController(Object(App\Controllers\Events))
 4 SYSTEMPATH/CodeIgniter.php(351): CodeIgniter\CodeIgniter->handleRequest(null, Object(Config\Cache), false)
 5 FCPATH/index.php(67): CodeIgniter\CodeIgniter->run()
CRITICAL - 2023-10-07 11:32:19 --> Unsupported operand types: null + string
in APPPATH/Models/EventModel.php on line 91.
 1 APPPATH/Controllers/Events.php(216): App\Models\EventModel->rateEvent('1', 'undefined')
 2 SYSTEMPATH/CodeIgniter.php(927): App\Controllers\Events->rate('1')
 3 SYSTEMPATH/CodeIgniter.php(482): CodeIgniter\CodeIgniter->runController(Object(App\Controllers\Events))
 4 SYSTEMPATH/CodeIgniter.php(351): CodeIgniter\CodeIgniter->handleRequest(null, Object(Config\Cache), false)
 5 FCPATH/index.php(67): CodeIgniter\CodeIgniter->run()
CRITICAL - 2023-10-07 11:33:16 --> Unsupported operand types: string + string
in APPPATH/Models/EventModel.php on line 91.
 1 APPPATH/Controllers/Events.php(216): App\Models\EventModel->rateEvent('1', 'undefined')
 2 SYSTEMPATH/CodeIgniter.php(927): App\Controllers\Events->rate('1')
 3 SYSTEMPATH/CodeIgniter.php(482): CodeIgniter\CodeIgniter->runController(Object(App\Controllers\Events))
 4 SYSTEMPATH/CodeIgniter.php(351): CodeIgniter\CodeIgniter->handleRequest(null, Object(Config\Cache), false)
 5 FCPATH/index.php(67): CodeIgniter\CodeIgniter->run()
CRITICAL - 2023-10-07 11:34:29 --> Call to undefined function App\Controllers\rateEvent()
in APPPATH/Controllers/Events.php on line 216.
 1 SYSTEMPATH/CodeIgniter.php(927): App\Controllers\Events->rate('1')
 2 SYSTEMPATH/CodeIgniter.php(482): CodeIgniter\CodeIgniter->runController(Object(App\Controllers\Events))
 3 SYSTEMPATH/CodeIgniter.php(351): CodeIgniter\CodeIgniter->handleRequest(null, Object(Config\Cache), false)
 4 FCPATH/index.php(67): CodeIgniter\CodeIgniter->run()
CRITICAL - 2023-10-07 11:35:14 --> Call to undefined function App\Controllers\rateEvent()
in APPPATH/Controllers/Events.php on line 216.
 1 SYSTEMPATH/CodeIgniter.php(927): App\Controllers\Events->rate('1')
 2 SYSTEMPATH/CodeIgniter.php(482): CodeIgniter\CodeIgniter->runController(Object(App\Controllers\Events))
 3 SYSTEMPATH/CodeIgniter.php(351): CodeIgniter\CodeIgniter->handleRequest(null, Object(Config\Cache), false)
 4 FCPATH/index.php(67): CodeIgniter\CodeIgniter->run()
CRITICAL - 2023-10-07 11:35:18 --> Call to undefined function App\Controllers\rateEvent()
in APPPATH/Controllers/Events.php on line 216.
 1 SYSTEMPATH/CodeIgniter.php(927): App\Controllers\Events->rate('1')
 2 SYSTEMPATH/CodeIgniter.php(482): CodeIgniter\CodeIgniter->runController(Object(App\Controllers\Events))
 3 SYSTEMPATH/CodeIgniter.php(351): CodeIgniter\CodeIgniter->handleRequest(null, Object(Config\Cache), false)
 4 FCPATH/index.php(67): CodeIgniter\CodeIgniter->run()
CRITICAL - 2023-10-07 11:53:29 --> Call to undefined method App\Entities\Event::save()
in APPPATH/Controllers/Events.php on line 244.
 1 APPPATH/Controllers/Events.php(216): App\Controllers\Events->rateEvent('1', '4')
 2 SYSTEMPATH/CodeIgniter.php(927): App\Controllers\Events->rate('1')
 3 SYSTEMPATH/CodeIgniter.php(482): CodeIgniter\CodeIgniter->runController(Object(App\Controllers\Events))
 4 SYSTEMPATH/CodeIgniter.php(351): CodeIgniter\CodeIgniter->handleRequest(null, Object(Config\Cache), false)
 5 FCPATH/index.php(67): CodeIgniter\CodeIgniter->run()
