ERROR - 2023-05-04 09:21:22 --> Error connecting to the database: mysqli_sql_exception: Operation timed out in /Users/tiffany/Desktop/dev/ia-tiffany/www/system/Database/MySQLi/Connection.php:170
Stack trace:
#0 /Users/tiffany/Desktop/dev/ia-tiffany/www/system/Database/MySQLi/Connection.php(170): mysqli->real_connect('172.0.0.1', 'root', Object(SensitiveParameterValue), 'taskapp', 3306, '', 0)
#1 /Users/tiffany/Desktop/dev/ia-tiffany/www/system/Database/BaseConnection.php(382): CodeIgniter\Database\MySQLi\Connection->connect(false)
#2 /Users/tiffany/Desktop/dev/ia-tiffany/www/system/Database/BaseConnection.php(561): CodeIgniter\Database\BaseConnection->initialize()
#3 /Users/tiffany/Desktop/dev/ia-tiffany/www/system/Database/BaseConnection.php(1360): CodeIgniter\Database\BaseConnection->query('SHOW TABLES FRO...')
#4 /Users/tiffany/Desktop/dev/ia-tiffany/www/system/Database/BaseConnection.php(1394): CodeIgniter\Database\BaseConnection->listTables()
#5 /Users/tiffany/Desktop/dev/ia-tiffany/www/system/Database/MigrationRunner.php(759): CodeIgniter\Database\BaseConnection->tableExists('migrations')
#6 /Users/tiffany/Desktop/dev/ia-tiffany/www/system/Database/MigrationRunner.php(697): CodeIgniter\Database\MigrationRunner->ensureTable()
#7 /Users/tiffany/Desktop/dev/ia-tiffany/www/system/Commands/Database/MigrateRollback.php(89): CodeIgniter\Database\MigrationRunner->getLastBatch()
#8 /Users/tiffany/Desktop/dev/ia-tiffany/www/system/CLI/Commands.php(63): CodeIgniter\Commands\Database\MigrateRollback->run(Array)
#9 /Users/tiffany/Desktop/dev/ia-tiffany/www/system/CLI/CommandRunner.php(65): CodeIgniter\CLI\Commands->run('migrate:rollbac...', Array)
#10 /Users/tiffany/Desktop/dev/ia-tiffany/www/system/CLI/CommandRunner.php(51): CodeIgniter\CLI\CommandRunner->index(Array)
#11 /Users/tiffany/Desktop/dev/ia-tiffany/www/system/CodeIgniter.php(920): CodeIgniter\CLI\CommandRunner->_remap('index', Array)
#12 /Users/tiffany/Desktop/dev/ia-tiffany/www/system/CodeIgniter.php(482): CodeIgniter\CodeIgniter->runController(Object(CodeIgniter\CLI\CommandRunner))
#13 /Users/tiffany/Desktop/dev/ia-tiffany/www/system/CodeIgniter.php(347): CodeIgniter\CodeIgniter->handleRequest(NULL, Object(Config\Cache), false)
#14 /Users/tiffany/Desktop/dev/ia-tiffany/www/system/CLI/Console.php(48): CodeIgniter\CodeIgniter->run()
#15 /Users/tiffany/Desktop/dev/ia-tiffany/www/spark(98): CodeIgniter\CLI\Console->run()
#16 {main}

Next CodeIgniter\Database\Exceptions\DatabaseException: Operation timed out in /Users/tiffany/Desktop/dev/ia-tiffany/www/system/Database/MySQLi/Connection.php:215
Stack trace:
#0 /Users/tiffany/Desktop/dev/ia-tiffany/www/system/Database/BaseConnection.php(382): CodeIgniter\Database\MySQLi\Connection->connect(false)
#1 /Users/tiffany/Desktop/dev/ia-tiffany/www/system/Database/BaseConnection.php(561): CodeIgniter\Database\BaseConnection->initialize()
#2 /Users/tiffany/Desktop/dev/ia-tiffany/www/system/Database/BaseConnection.php(1360): CodeIgniter\Database\BaseConnection->query('SHOW TABLES FRO...')
#3 /Users/tiffany/Desktop/dev/ia-tiffany/www/system/Database/BaseConnection.php(1394): CodeIgniter\Database\BaseConnection->listTables()
#4 /Users/tiffany/Desktop/dev/ia-tiffany/www/system/Database/MigrationRunner.php(759): CodeIgniter\Database\BaseConnection->tableExists('migrations')
#5 /Users/tiffany/Desktop/dev/ia-tiffany/www/system/Database/MigrationRunner.php(697): CodeIgniter\Database\MigrationRunner->ensureTable()
#6 /Users/tiffany/Desktop/dev/ia-tiffany/www/system/Commands/Database/MigrateRollback.php(89): CodeIgniter\Database\MigrationRunner->getLastBatch()
#7 /Users/tiffany/Desktop/dev/ia-tiffany/www/system/CLI/Commands.php(63): CodeIgniter\Commands\Database\MigrateRollback->run(Array)
#8 /Users/tiffany/Desktop/dev/ia-tiffany/www/system/CLI/CommandRunner.php(65): CodeIgniter\CLI\Commands->run('migrate:rollbac...', Array)
#9 /Users/tiffany/Desktop/dev/ia-tiffany/www/system/CLI/CommandRunner.php(51): CodeIgniter\CLI\CommandRunner->index(Array)
#10 /Users/tiffany/Desktop/dev/ia-tiffany/www/system/CodeIgniter.php(920): CodeIgniter\CLI\CommandRunner->_remap('index', Array)
#11 /Users/tiffany/Desktop/dev/ia-tiffany/www/system/CodeIgniter.php(482): CodeIgniter\CodeIgniter->runController(Object(CodeIgniter\CLI\CommandRunner))
#12 /Users/tiffany/Desktop/dev/ia-tiffany/www/system/CodeIgniter.php(347): CodeIgniter\CodeIgniter->handleRequest(NULL, Object(Config\Cache), false)
#13 /Users/tiffany/Desktop/dev/ia-tiffany/www/system/CLI/Console.php(48): CodeIgniter\CodeIgniter->run()
#14 /Users/tiffany/Desktop/dev/ia-tiffany/www/spark(98): CodeIgniter\CLI\Console->run()
#15 {main}
ERROR - 2023-05-04 09:30:49 --> Error connecting to the database: mysqli_sql_exception: Operation timed out in /Users/tiffany/Desktop/dev/ia-tiffany/www/system/Database/MySQLi/Connection.php:170
Stack trace:
#0 /Users/tiffany/Desktop/dev/ia-tiffany/www/system/Database/MySQLi/Connection.php(170): mysqli->real_connect('172.0.0.1', 'root', Object(SensitiveParameterValue), 'taskapp', 3306, '', 0)
#1 /Users/tiffany/Desktop/dev/ia-tiffany/www/system/Database/BaseConnection.php(382): CodeIgniter\Database\MySQLi\Connection->connect(false)
#2 /Users/tiffany/Desktop/dev/ia-tiffany/www/system/Database/BaseConnection.php(561): CodeIgniter\Database\BaseConnection->initialize()
#3 /Users/tiffany/Desktop/dev/ia-tiffany/www/system/Database/BaseConnection.php(1360): CodeIgniter\Database\BaseConnection->query('SHOW TABLES FRO...')
#4 /Users/tiffany/Desktop/dev/ia-tiffany/www/system/Database/BaseConnection.php(1394): CodeIgniter\Database\BaseConnection->listTables()
#5 /Users/tiffany/Desktop/dev/ia-tiffany/www/system/Database/MigrationRunner.php(759): CodeIgniter\Database\BaseConnection->tableExists('migrations')
#6 /Users/tiffany/Desktop/dev/ia-tiffany/www/system/Database/MigrationRunner.php(167): CodeIgniter\Database\MigrationRunner->ensureTable()
#7 /Users/tiffany/Desktop/dev/ia-tiffany/www/system/Commands/Database/Migrate.php(84): CodeIgniter\Database\MigrationRunner->latest(NULL)
#8 /Users/tiffany/Desktop/dev/ia-tiffany/www/system/CLI/Commands.php(63): CodeIgniter\Commands\Database\Migrate->run(Array)
#9 /Users/tiffany/Desktop/dev/ia-tiffany/www/system/CLI/CommandRunner.php(65): CodeIgniter\CLI\Commands->run('migrate', Array)
#10 /Users/tiffany/Desktop/dev/ia-tiffany/www/system/CLI/CommandRunner.php(51): CodeIgniter\CLI\CommandRunner->index(Array)
#11 /Users/tiffany/Desktop/dev/ia-tiffany/www/system/CodeIgniter.php(920): CodeIgniter\CLI\CommandRunner->_remap('index', Array)
#12 /Users/tiffany/Desktop/dev/ia-tiffany/www/system/CodeIgniter.php(482): CodeIgniter\CodeIgniter->runController(Object(CodeIgniter\CLI\CommandRunner))
#13 /Users/tiffany/Desktop/dev/ia-tiffany/www/system/CodeIgniter.php(347): CodeIgniter\CodeIgniter->handleRequest(NULL, Object(Config\Cache), false)
#14 /Users/tiffany/Desktop/dev/ia-tiffany/www/system/CLI/Console.php(48): CodeIgniter\CodeIgniter->run()
#15 /Users/tiffany/Desktop/dev/ia-tiffany/www/spark(98): CodeIgniter\CLI\Console->run()
#16 {main}

Next CodeIgniter\Database\Exceptions\DatabaseException: Operation timed out in /Users/tiffany/Desktop/dev/ia-tiffany/www/system/Database/MySQLi/Connection.php:215
Stack trace:
#0 /Users/tiffany/Desktop/dev/ia-tiffany/www/system/Database/BaseConnection.php(382): CodeIgniter\Database\MySQLi\Connection->connect(false)
#1 /Users/tiffany/Desktop/dev/ia-tiffany/www/system/Database/BaseConnection.php(561): CodeIgniter\Database\BaseConnection->initialize()
#2 /Users/tiffany/Desktop/dev/ia-tiffany/www/system/Database/BaseConnection.php(1360): CodeIgniter\Database\BaseConnection->query('SHOW TABLES FRO...')
#3 /Users/tiffany/Desktop/dev/ia-tiffany/www/system/Database/BaseConnection.php(1394): CodeIgniter\Database\BaseConnection->listTables()
#4 /Users/tiffany/Desktop/dev/ia-tiffany/www/system/Database/MigrationRunner.php(759): CodeIgniter\Database\BaseConnection->tableExists('migrations')
#5 /Users/tiffany/Desktop/dev/ia-tiffany/www/system/Database/MigrationRunner.php(167): CodeIgniter\Database\MigrationRunner->ensureTable()
#6 /Users/tiffany/Desktop/dev/ia-tiffany/www/system/Commands/Database/Migrate.php(84): CodeIgniter\Database\MigrationRunner->latest(NULL)
#7 /Users/tiffany/Desktop/dev/ia-tiffany/www/system/CLI/Commands.php(63): CodeIgniter\Commands\Database\Migrate->run(Array)
#8 /Users/tiffany/Desktop/dev/ia-tiffany/www/system/CLI/CommandRunner.php(65): CodeIgniter\CLI\Commands->run('migrate', Array)
#9 /Users/tiffany/Desktop/dev/ia-tiffany/www/system/CLI/CommandRunner.php(51): CodeIgniter\CLI\CommandRunner->index(Array)
#10 /Users/tiffany/Desktop/dev/ia-tiffany/www/system/CodeIgniter.php(920): CodeIgniter\CLI\CommandRunner->_remap('index', Array)
#11 /Users/tiffany/Desktop/dev/ia-tiffany/www/system/CodeIgniter.php(482): CodeIgniter\CodeIgniter->runController(Object(CodeIgniter\CLI\CommandRunner))
#12 /Users/tiffany/Desktop/dev/ia-tiffany/www/system/CodeIgniter.php(347): CodeIgniter\CodeIgniter->handleRequest(NULL, Object(Config\Cache), false)
#13 /Users/tiffany/Desktop/dev/ia-tiffany/www/system/CLI/Console.php(48): CodeIgniter\CodeIgniter->run()
#14 /Users/tiffany/Desktop/dev/ia-tiffany/www/spark(98): CodeIgniter\CLI\Console->run()
#15 {main}
ERROR - 2023-05-04 09:37:04 --> Error connecting to the database: mysqli_sql_exception: Operation timed out in /Users/tiffany/Desktop/dev/ia-tiffany/www/system/Database/MySQLi/Connection.php:170
Stack trace:
#0 /Users/tiffany/Desktop/dev/ia-tiffany/www/system/Database/MySQLi/Connection.php(170): mysqli->real_connect('172.0.0.1', 'root', Object(SensitiveParameterValue), 'taskapp', 3306, '', 0)
#1 /Users/tiffany/Desktop/dev/ia-tiffany/www/system/Database/BaseConnection.php(382): CodeIgniter\Database\MySQLi\Connection->connect(false)
#2 /Users/tiffany/Desktop/dev/ia-tiffany/www/system/Database/BaseConnection.php(561): CodeIgniter\Database\BaseConnection->initialize()
#3 /Users/tiffany/Desktop/dev/ia-tiffany/www/system/Database/BaseConnection.php(1360): CodeIgniter\Database\BaseConnection->query('SHOW TABLES FRO...')
#4 /Users/tiffany/Desktop/dev/ia-tiffany/www/system/Database/BaseConnection.php(1394): CodeIgniter\Database\BaseConnection->listTables()
#5 /Users/tiffany/Desktop/dev/ia-tiffany/www/system/Database/MigrationRunner.php(759): CodeIgniter\Database\BaseConnection->tableExists('migrations')
#6 /Users/tiffany/Desktop/dev/ia-tiffany/www/system/Database/MigrationRunner.php(167): CodeIgniter\Database\MigrationRunner->ensureTable()
#7 /Users/tiffany/Desktop/dev/ia-tiffany/www/system/Commands/Database/Migrate.php(84): CodeIgniter\Database\MigrationRunner->latest(NULL)
#8 /Users/tiffany/Desktop/dev/ia-tiffany/www/system/CLI/Commands.php(63): CodeIgniter\Commands\Database\Migrate->run(Array)
#9 /Users/tiffany/Desktop/dev/ia-tiffany/www/system/CLI/CommandRunner.php(65): CodeIgniter\CLI\Commands->run('migrate', Array)
#10 /Users/tiffany/Desktop/dev/ia-tiffany/www/system/CLI/CommandRunner.php(51): CodeIgniter\CLI\CommandRunner->index(Array)
#11 /Users/tiffany/Desktop/dev/ia-tiffany/www/system/CodeIgniter.php(920): CodeIgniter\CLI\CommandRunner->_remap('index', Array)
#12 /Users/tiffany/Desktop/dev/ia-tiffany/www/system/CodeIgniter.php(482): CodeIgniter\CodeIgniter->runController(Object(CodeIgniter\CLI\CommandRunner))
#13 /Users/tiffany/Desktop/dev/ia-tiffany/www/system/CodeIgniter.php(347): CodeIgniter\CodeIgniter->handleRequest(NULL, Object(Config\Cache), false)
#14 /Users/tiffany/Desktop/dev/ia-tiffany/www/system/CLI/Console.php(48): CodeIgniter\CodeIgniter->run()
#15 /Users/tiffany/Desktop/dev/ia-tiffany/www/spark(98): CodeIgniter\CLI\Console->run()
#16 {main}

Next CodeIgniter\Database\Exceptions\DatabaseException: Operation timed out in /Users/tiffany/Desktop/dev/ia-tiffany/www/system/Database/MySQLi/Connection.php:215
Stack trace:
#0 /Users/tiffany/Desktop/dev/ia-tiffany/www/system/Database/BaseConnection.php(382): CodeIgniter\Database\MySQLi\Connection->connect(false)
#1 /Users/tiffany/Desktop/dev/ia-tiffany/www/system/Database/BaseConnection.php(561): CodeIgniter\Database\BaseConnection->initialize()
#2 /Users/tiffany/Desktop/dev/ia-tiffany/www/system/Database/BaseConnection.php(1360): CodeIgniter\Database\BaseConnection->query('SHOW TABLES FRO...')
#3 /Users/tiffany/Desktop/dev/ia-tiffany/www/system/Database/BaseConnection.php(1394): CodeIgniter\Database\BaseConnection->listTables()
#4 /Users/tiffany/Desktop/dev/ia-tiffany/www/system/Database/MigrationRunner.php(759): CodeIgniter\Database\BaseConnection->tableExists('migrations')
#5 /Users/tiffany/Desktop/dev/ia-tiffany/www/system/Database/MigrationRunner.php(167): CodeIgniter\Database\MigrationRunner->ensureTable()
#6 /Users/tiffany/Desktop/dev/ia-tiffany/www/system/Commands/Database/Migrate.php(84): CodeIgniter\Database\MigrationRunner->latest(NULL)
#7 /Users/tiffany/Desktop/dev/ia-tiffany/www/system/CLI/Commands.php(63): CodeIgniter\Commands\Database\Migrate->run(Array)
#8 /Users/tiffany/Desktop/dev/ia-tiffany/www/system/CLI/CommandRunner.php(65): CodeIgniter\CLI\Commands->run('migrate', Array)
#9 /Users/tiffany/Desktop/dev/ia-tiffany/www/system/CLI/CommandRunner.php(51): CodeIgniter\CLI\CommandRunner->index(Array)
#10 /Users/tiffany/Desktop/dev/ia-tiffany/www/system/CodeIgniter.php(920): CodeIgniter\CLI\CommandRunner->_remap('index', Array)
#11 /Users/tiffany/Desktop/dev/ia-tiffany/www/system/CodeIgniter.php(482): CodeIgniter\CodeIgniter->runController(Object(CodeIgniter\CLI\CommandRunner))
#12 /Users/tiffany/Desktop/dev/ia-tiffany/www/system/CodeIgniter.php(347): CodeIgniter\CodeIgniter->handleRequest(NULL, Object(Config\Cache), false)
#13 /Users/tiffany/Desktop/dev/ia-tiffany/www/system/CLI/Console.php(48): CodeIgniter\CodeIgniter->run()
#14 /Users/tiffany/Desktop/dev/ia-tiffany/www/spark(98): CodeIgniter\CLI\Console->run()
#15 {main}
ERROR - 2023-05-04 09:40:22 --> Error connecting to the database: mysqli_sql_exception: Operation timed out in /Users/tiffany/Desktop/dev/ia-tiffany/www/system/Database/MySQLi/Connection.php:170
Stack trace:
#0 /Users/tiffany/Desktop/dev/ia-tiffany/www/system/Database/MySQLi/Connection.php(170): mysqli->real_connect('172.0.0.1', 'root', Object(SensitiveParameterValue), 'taskapp', 3306, '', 0)
#1 /Users/tiffany/Desktop/dev/ia-tiffany/www/system/Database/BaseConnection.php(382): CodeIgniter\Database\MySQLi\Connection->connect(false)
#2 /Users/tiffany/Desktop/dev/ia-tiffany/www/system/Database/BaseConnection.php(561): CodeIgniter\Database\BaseConnection->initialize()
#3 /Users/tiffany/Desktop/dev/ia-tiffany/www/system/Database/BaseConnection.php(1360): CodeIgniter\Database\BaseConnection->query('SHOW TABLES FRO...')
#4 /Users/tiffany/Desktop/dev/ia-tiffany/www/system/Database/BaseConnection.php(1394): CodeIgniter\Database\BaseConnection->listTables()
#5 /Users/tiffany/Desktop/dev/ia-tiffany/www/system/Database/MigrationRunner.php(759): CodeIgniter\Database\BaseConnection->tableExists('migrations')
#6 /Users/tiffany/Desktop/dev/ia-tiffany/www/system/Database/MigrationRunner.php(167): CodeIgniter\Database\MigrationRunner->ensureTable()
#7 /Users/tiffany/Desktop/dev/ia-tiffany/www/system/Commands/Database/Migrate.php(84): CodeIgniter\Database\MigrationRunner->latest(NULL)
#8 /Users/tiffany/Desktop/dev/ia-tiffany/www/system/CLI/Commands.php(63): CodeIgniter\Commands\Database\Migrate->run(Array)
#9 /Users/tiffany/Desktop/dev/ia-tiffany/www/system/CLI/CommandRunner.php(65): CodeIgniter\CLI\Commands->run('migrate', Array)
#10 /Users/tiffany/Desktop/dev/ia-tiffany/www/system/CLI/CommandRunner.php(51): CodeIgniter\CLI\CommandRunner->index(Array)
#11 /Users/tiffany/Desktop/dev/ia-tiffany/www/system/CodeIgniter.php(920): CodeIgniter\CLI\CommandRunner->_remap('index', Array)
#12 /Users/tiffany/Desktop/dev/ia-tiffany/www/system/CodeIgniter.php(482): CodeIgniter\CodeIgniter->runController(Object(CodeIgniter\CLI\CommandRunner))
#13 /Users/tiffany/Desktop/dev/ia-tiffany/www/system/CodeIgniter.php(347): CodeIgniter\CodeIgniter->handleRequest(NULL, Object(Config\Cache), false)
#14 /Users/tiffany/Desktop/dev/ia-tiffany/www/system/CLI/Console.php(48): CodeIgniter\CodeIgniter->run()
#15 /Users/tiffany/Desktop/dev/ia-tiffany/www/spark(98): CodeIgniter\CLI\Console->run()
#16 {main}

Next CodeIgniter\Database\Exceptions\DatabaseException: Operation timed out in /Users/tiffany/Desktop/dev/ia-tiffany/www/system/Database/MySQLi/Connection.php:215
Stack trace:
#0 /Users/tiffany/Desktop/dev/ia-tiffany/www/system/Database/BaseConnection.php(382): CodeIgniter\Database\MySQLi\Connection->connect(false)
#1 /Users/tiffany/Desktop/dev/ia-tiffany/www/system/Database/BaseConnection.php(561): CodeIgniter\Database\BaseConnection->initialize()
#2 /Users/tiffany/Desktop/dev/ia-tiffany/www/system/Database/BaseConnection.php(1360): CodeIgniter\Database\BaseConnection->query('SHOW TABLES FRO...')
#3 /Users/tiffany/Desktop/dev/ia-tiffany/www/system/Database/BaseConnection.php(1394): CodeIgniter\Database\BaseConnection->listTables()
#4 /Users/tiffany/Desktop/dev/ia-tiffany/www/system/Database/MigrationRunner.php(759): CodeIgniter\Database\BaseConnection->tableExists('migrations')
#5 /Users/tiffany/Desktop/dev/ia-tiffany/www/system/Database/MigrationRunner.php(167): CodeIgniter\Database\MigrationRunner->ensureTable()
#6 /Users/tiffany/Desktop/dev/ia-tiffany/www/system/Commands/Database/Migrate.php(84): CodeIgniter\Database\MigrationRunner->latest(NULL)
#7 /Users/tiffany/Desktop/dev/ia-tiffany/www/system/CLI/Commands.php(63): CodeIgniter\Commands\Database\Migrate->run(Array)
#8 /Users/tiffany/Desktop/dev/ia-tiffany/www/system/CLI/CommandRunner.php(65): CodeIgniter\CLI\Commands->run('migrate', Array)
#9 /Users/tiffany/Desktop/dev/ia-tiffany/www/system/CLI/CommandRunner.php(51): CodeIgniter\CLI\CommandRunner->index(Array)
#10 /Users/tiffany/Desktop/dev/ia-tiffany/www/system/CodeIgniter.php(920): CodeIgniter\CLI\CommandRunner->_remap('index', Array)
#11 /Users/tiffany/Desktop/dev/ia-tiffany/www/system/CodeIgniter.php(482): CodeIgniter\CodeIgniter->runController(Object(CodeIgniter\CLI\CommandRunner))
#12 /Users/tiffany/Desktop/dev/ia-tiffany/www/system/CodeIgniter.php(347): CodeIgniter\CodeIgniter->handleRequest(NULL, Object(Config\Cache), false)
#13 /Users/tiffany/Desktop/dev/ia-tiffany/www/system/CLI/Console.php(48): CodeIgniter\CodeIgniter->run()
#14 /Users/tiffany/Desktop/dev/ia-tiffany/www/spark(98): CodeIgniter\CLI\Console->run()
#15 {main}
ERROR - 2023-05-04 09:49:32 --> Error connecting to the database: mysqli_sql_exception: Operation timed out in /Users/tiffany/Desktop/dev/ia-tiffany/www/system/Database/MySQLi/Connection.php:170
Stack trace:
#0 /Users/tiffany/Desktop/dev/ia-tiffany/www/system/Database/MySQLi/Connection.php(170): mysqli->real_connect('172.0.0.1', 'root', Object(SensitiveParameterValue), 'taskapp', 3306, '', 0)
#1 /Users/tiffany/Desktop/dev/ia-tiffany/www/system/Database/BaseConnection.php(382): CodeIgniter\Database\MySQLi\Connection->connect(false)
#2 /Users/tiffany/Desktop/dev/ia-tiffany/www/system/Database/BaseConnection.php(561): CodeIgniter\Database\BaseConnection->initialize()
#3 /Users/tiffany/Desktop/dev/ia-tiffany/www/system/Database/BaseConnection.php(1360): CodeIgniter\Database\BaseConnection->query('SHOW TABLES FRO...')
#4 /Users/tiffany/Desktop/dev/ia-tiffany/www/system/Database/BaseConnection.php(1394): CodeIgniter\Database\BaseConnection->listTables()
#5 /Users/tiffany/Desktop/dev/ia-tiffany/www/system/Database/MigrationRunner.php(759): CodeIgniter\Database\BaseConnection->tableExists('migrations')
#6 /Users/tiffany/Desktop/dev/ia-tiffany/www/system/Database/MigrationRunner.php(167): CodeIgniter\Database\MigrationRunner->ensureTable()
#7 /Users/tiffany/Desktop/dev/ia-tiffany/www/system/Commands/Database/Migrate.php(84): CodeIgniter\Database\MigrationRunner->latest(NULL)
#8 /Users/tiffany/Desktop/dev/ia-tiffany/www/system/CLI/Commands.php(63): CodeIgniter\Commands\Database\Migrate->run(Array)
#9 /Users/tiffany/Desktop/dev/ia-tiffany/www/system/CLI/CommandRunner.php(65): CodeIgniter\CLI\Commands->run('migrate', Array)
#10 /Users/tiffany/Desktop/dev/ia-tiffany/www/system/CLI/CommandRunner.php(51): CodeIgniter\CLI\CommandRunner->index(Array)
#11 /Users/tiffany/Desktop/dev/ia-tiffany/www/system/CodeIgniter.php(920): CodeIgniter\CLI\CommandRunner->_remap('index', Array)
#12 /Users/tiffany/Desktop/dev/ia-tiffany/www/system/CodeIgniter.php(482): CodeIgniter\CodeIgniter->runController(Object(CodeIgniter\CLI\CommandRunner))
#13 /Users/tiffany/Desktop/dev/ia-tiffany/www/system/CodeIgniter.php(347): CodeIgniter\CodeIgniter->handleRequest(NULL, Object(Config\Cache), false)
#14 /Users/tiffany/Desktop/dev/ia-tiffany/www/system/CLI/Console.php(48): CodeIgniter\CodeIgniter->run()
#15 /Users/tiffany/Desktop/dev/ia-tiffany/www/spark(98): CodeIgniter\CLI\Console->run()
#16 {main}

Next CodeIgniter\Database\Exceptions\DatabaseException: Operation timed out in /Users/tiffany/Desktop/dev/ia-tiffany/www/system/Database/MySQLi/Connection.php:215
Stack trace:
#0 /Users/tiffany/Desktop/dev/ia-tiffany/www/system/Database/BaseConnection.php(382): CodeIgniter\Database\MySQLi\Connection->connect(false)
#1 /Users/tiffany/Desktop/dev/ia-tiffany/www/system/Database/BaseConnection.php(561): CodeIgniter\Database\BaseConnection->initialize()
#2 /Users/tiffany/Desktop/dev/ia-tiffany/www/system/Database/BaseConnection.php(1360): CodeIgniter\Database\BaseConnection->query('SHOW TABLES FRO...')
#3 /Users/tiffany/Desktop/dev/ia-tiffany/www/system/Database/BaseConnection.php(1394): CodeIgniter\Database\BaseConnection->listTables()
#4 /Users/tiffany/Desktop/dev/ia-tiffany/www/system/Database/MigrationRunner.php(759): CodeIgniter\Database\BaseConnection->tableExists('migrations')
#5 /Users/tiffany/Desktop/dev/ia-tiffany/www/system/Database/MigrationRunner.php(167): CodeIgniter\Database\MigrationRunner->ensureTable()
#6 /Users/tiffany/Desktop/dev/ia-tiffany/www/system/Commands/Database/Migrate.php(84): CodeIgniter\Database\MigrationRunner->latest(NULL)
#7 /Users/tiffany/Desktop/dev/ia-tiffany/www/system/CLI/Commands.php(63): CodeIgniter\Commands\Database\Migrate->run(Array)
#8 /Users/tiffany/Desktop/dev/ia-tiffany/www/system/CLI/CommandRunner.php(65): CodeIgniter\CLI\Commands->run('migrate', Array)
#9 /Users/tiffany/Desktop/dev/ia-tiffany/www/system/CLI/CommandRunner.php(51): CodeIgniter\CLI\CommandRunner->index(Array)
#10 /Users/tiffany/Desktop/dev/ia-tiffany/www/system/CodeIgniter.php(920): CodeIgniter\CLI\CommandRunner->_remap('index', Array)
#11 /Users/tiffany/Desktop/dev/ia-tiffany/www/system/CodeIgniter.php(482): CodeIgniter\CodeIgniter->runController(Object(CodeIgniter\CLI\CommandRunner))
#12 /Users/tiffany/Desktop/dev/ia-tiffany/www/system/CodeIgniter.php(347): CodeIgniter\CodeIgniter->handleRequest(NULL, Object(Config\Cache), false)
#13 /Users/tiffany/Desktop/dev/ia-tiffany/www/system/CLI/Console.php(48): CodeIgniter\CodeIgniter->run()
#14 /Users/tiffany/Desktop/dev/ia-tiffany/www/spark(98): CodeIgniter\CLI\Console->run()
#15 {main}
ERROR - 2023-05-04 09:50:24 --> Error connecting to the database: mysqli_sql_exception: Operation timed out in /Users/tiffany/Desktop/dev/ia-tiffany/www/system/Database/MySQLi/Connection.php:170
Stack trace:
#0 /Users/tiffany/Desktop/dev/ia-tiffany/www/system/Database/MySQLi/Connection.php(170): mysqli->real_connect('172.0.0.1', 'root', Object(SensitiveParameterValue), 'taskapp', 3306, '', 0)
#1 /Users/tiffany/Desktop/dev/ia-tiffany/www/system/Database/BaseConnection.php(382): CodeIgniter\Database\MySQLi\Connection->connect(false)
#2 /Users/tiffany/Desktop/dev/ia-tiffany/www/system/Database/BaseConnection.php(561): CodeIgniter\Database\BaseConnection->initialize()
#3 /Users/tiffany/Desktop/dev/ia-tiffany/www/system/Database/BaseConnection.php(1360): CodeIgniter\Database\BaseConnection->query('SHOW TABLES FRO...')
#4 /Users/tiffany/Desktop/dev/ia-tiffany/www/system/Database/BaseConnection.php(1394): CodeIgniter\Database\BaseConnection->listTables()
#5 /Users/tiffany/Desktop/dev/ia-tiffany/www/system/Database/MigrationRunner.php(759): CodeIgniter\Database\BaseConnection->tableExists('migrations')
#6 /Users/tiffany/Desktop/dev/ia-tiffany/www/system/Database/MigrationRunner.php(167): CodeIgniter\Database\MigrationRunner->ensureTable()
#7 /Users/tiffany/Desktop/dev/ia-tiffany/www/system/Commands/Database/Migrate.php(84): CodeIgniter\Database\MigrationRunner->latest(NULL)
#8 /Users/tiffany/Desktop/dev/ia-tiffany/www/system/CLI/Commands.php(63): CodeIgniter\Commands\Database\Migrate->run(Array)
#9 /Users/tiffany/Desktop/dev/ia-tiffany/www/system/CLI/CommandRunner.php(65): CodeIgniter\CLI\Commands->run('migrate', Array)
#10 /Users/tiffany/Desktop/dev/ia-tiffany/www/system/CLI/CommandRunner.php(51): CodeIgniter\CLI\CommandRunner->index(Array)
#11 /Users/tiffany/Desktop/dev/ia-tiffany/www/system/CodeIgniter.php(920): CodeIgniter\CLI\CommandRunner->_remap('index', Array)
#12 /Users/tiffany/Desktop/dev/ia-tiffany/www/system/CodeIgniter.php(482): CodeIgniter\CodeIgniter->runController(Object(CodeIgniter\CLI\CommandRunner))
#13 /Users/tiffany/Desktop/dev/ia-tiffany/www/system/CodeIgniter.php(347): CodeIgniter\CodeIgniter->handleRequest(NULL, Object(Config\Cache), false)
#14 /Users/tiffany/Desktop/dev/ia-tiffany/www/system/CLI/Console.php(48): CodeIgniter\CodeIgniter->run()
#15 /Users/tiffany/Desktop/dev/ia-tiffany/www/spark(98): CodeIgniter\CLI\Console->run()
#16 {main}

Next CodeIgniter\Database\Exceptions\DatabaseException: Operation timed out in /Users/tiffany/Desktop/dev/ia-tiffany/www/system/Database/MySQLi/Connection.php:215
Stack trace:
#0 /Users/tiffany/Desktop/dev/ia-tiffany/www/system/Database/BaseConnection.php(382): CodeIgniter\Database\MySQLi\Connection->connect(false)
#1 /Users/tiffany/Desktop/dev/ia-tiffany/www/system/Database/BaseConnection.php(561): CodeIgniter\Database\BaseConnection->initialize()
#2 /Users/tiffany/Desktop/dev/ia-tiffany/www/system/Database/BaseConnection.php(1360): CodeIgniter\Database\BaseConnection->query('SHOW TABLES FRO...')
#3 /Users/tiffany/Desktop/dev/ia-tiffany/www/system/Database/BaseConnection.php(1394): CodeIgniter\Database\BaseConnection->listTables()
#4 /Users/tiffany/Desktop/dev/ia-tiffany/www/system/Database/MigrationRunner.php(759): CodeIgniter\Database\BaseConnection->tableExists('migrations')
#5 /Users/tiffany/Desktop/dev/ia-tiffany/www/system/Database/MigrationRunner.php(167): CodeIgniter\Database\MigrationRunner->ensureTable()
#6 /Users/tiffany/Desktop/dev/ia-tiffany/www/system/Commands/Database/Migrate.php(84): CodeIgniter\Database\MigrationRunner->latest(NULL)
#7 /Users/tiffany/Desktop/dev/ia-tiffany/www/system/CLI/Commands.php(63): CodeIgniter\Commands\Database\Migrate->run(Array)
#8 /Users/tiffany/Desktop/dev/ia-tiffany/www/system/CLI/CommandRunner.php(65): CodeIgniter\CLI\Commands->run('migrate', Array)
#9 /Users/tiffany/Desktop/dev/ia-tiffany/www/system/CLI/CommandRunner.php(51): CodeIgniter\CLI\CommandRunner->index(Array)
#10 /Users/tiffany/Desktop/dev/ia-tiffany/www/system/CodeIgniter.php(920): CodeIgniter\CLI\CommandRunner->_remap('index', Array)
#11 /Users/tiffany/Desktop/dev/ia-tiffany/www/system/CodeIgniter.php(482): CodeIgniter\CodeIgniter->runController(Object(CodeIgniter\CLI\CommandRunner))
#12 /Users/tiffany/Desktop/dev/ia-tiffany/www/system/CodeIgniter.php(347): CodeIgniter\CodeIgniter->handleRequest(NULL, Object(Config\Cache), false)
#13 /Users/tiffany/Desktop/dev/ia-tiffany/www/system/CLI/Console.php(48): CodeIgniter\CodeIgniter->run()
#14 /Users/tiffany/Desktop/dev/ia-tiffany/www/spark(98): CodeIgniter\CLI\Console->run()
#15 {main}
ERROR - 2023-05-04 09:52:43 --> Error connecting to the database: mysqli_sql_exception: No such file or directory in /Users/tiffany/Desktop/dev/ia-tiffany/www/system/Database/MySQLi/Connection.php:170
Stack trace:
#0 /Users/tiffany/Desktop/dev/ia-tiffany/www/system/Database/MySQLi/Connection.php(170): mysqli->real_connect('localhost', 'root', Object(SensitiveParameterValue), 'taskapp', 3306, '', 0)
#1 /Users/tiffany/Desktop/dev/ia-tiffany/www/system/Database/BaseConnection.php(382): CodeIgniter\Database\MySQLi\Connection->connect(false)
#2 /Users/tiffany/Desktop/dev/ia-tiffany/www/system/Database/BaseConnection.php(561): CodeIgniter\Database\BaseConnection->initialize()
#3 /Users/tiffany/Desktop/dev/ia-tiffany/www/system/Database/BaseConnection.php(1360): CodeIgniter\Database\BaseConnection->query('SHOW TABLES FRO...')
#4 /Users/tiffany/Desktop/dev/ia-tiffany/www/system/Database/BaseConnection.php(1394): CodeIgniter\Database\BaseConnection->listTables()
#5 /Users/tiffany/Desktop/dev/ia-tiffany/www/system/Database/MigrationRunner.php(759): CodeIgniter\Database\BaseConnection->tableExists('migrations')
#6 /Users/tiffany/Desktop/dev/ia-tiffany/www/system/Database/MigrationRunner.php(167): CodeIgniter\Database\MigrationRunner->ensureTable()
#7 /Users/tiffany/Desktop/dev/ia-tiffany/www/system/Commands/Database/Migrate.php(84): CodeIgniter\Database\MigrationRunner->latest(NULL)
#8 /Users/tiffany/Desktop/dev/ia-tiffany/www/system/CLI/Commands.php(63): CodeIgniter\Commands\Database\Migrate->run(Array)
#9 /Users/tiffany/Desktop/dev/ia-tiffany/www/system/CLI/CommandRunner.php(65): CodeIgniter\CLI\Commands->run('migrate', Array)
#10 /Users/tiffany/Desktop/dev/ia-tiffany/www/system/CLI/CommandRunner.php(51): CodeIgniter\CLI\CommandRunner->index(Array)
#11 /Users/tiffany/Desktop/dev/ia-tiffany/www/system/CodeIgniter.php(920): CodeIgniter\CLI\CommandRunner->_remap('index', Array)
#12 /Users/tiffany/Desktop/dev/ia-tiffany/www/system/CodeIgniter.php(482): CodeIgniter\CodeIgniter->runController(Object(CodeIgniter\CLI\CommandRunner))
#13 /Users/tiffany/Desktop/dev/ia-tiffany/www/system/CodeIgniter.php(347): CodeIgniter\CodeIgniter->handleRequest(NULL, Object(Config\Cache), false)
#14 /Users/tiffany/Desktop/dev/ia-tiffany/www/system/CLI/Console.php(48): CodeIgniter\CodeIgniter->run()
#15 /Users/tiffany/Desktop/dev/ia-tiffany/www/spark(98): CodeIgniter\CLI\Console->run()
#16 {main}

Next CodeIgniter\Database\Exceptions\DatabaseException: No such file or directory in /Users/tiffany/Desktop/dev/ia-tiffany/www/system/Database/MySQLi/Connection.php:215
Stack trace:
#0 /Users/tiffany/Desktop/dev/ia-tiffany/www/system/Database/BaseConnection.php(382): CodeIgniter\Database\MySQLi\Connection->connect(false)
#1 /Users/tiffany/Desktop/dev/ia-tiffany/www/system/Database/BaseConnection.php(561): CodeIgniter\Database\BaseConnection->initialize()
#2 /Users/tiffany/Desktop/dev/ia-tiffany/www/system/Database/BaseConnection.php(1360): CodeIgniter\Database\BaseConnection->query('SHOW TABLES FRO...')
#3 /Users/tiffany/Desktop/dev/ia-tiffany/www/system/Database/BaseConnection.php(1394): CodeIgniter\Database\BaseConnection->listTables()
#4 /Users/tiffany/Desktop/dev/ia-tiffany/www/system/Database/MigrationRunner.php(759): CodeIgniter\Database\BaseConnection->tableExists('migrations')
#5 /Users/tiffany/Desktop/dev/ia-tiffany/www/system/Database/MigrationRunner.php(167): CodeIgniter\Database\MigrationRunner->ensureTable()
#6 /Users/tiffany/Desktop/dev/ia-tiffany/www/system/Commands/Database/Migrate.php(84): CodeIgniter\Database\MigrationRunner->latest(NULL)
#7 /Users/tiffany/Desktop/dev/ia-tiffany/www/system/CLI/Commands.php(63): CodeIgniter\Commands\Database\Migrate->run(Array)
#8 /Users/tiffany/Desktop/dev/ia-tiffany/www/system/CLI/CommandRunner.php(65): CodeIgniter\CLI\Commands->run('migrate', Array)
#9 /Users/tiffany/Desktop/dev/ia-tiffany/www/system/CLI/CommandRunner.php(51): CodeIgniter\CLI\CommandRunner->index(Array)
#10 /Users/tiffany/Desktop/dev/ia-tiffany/www/system/CodeIgniter.php(920): CodeIgniter\CLI\CommandRunner->_remap('index', Array)
#11 /Users/tiffany/Desktop/dev/ia-tiffany/www/system/CodeIgniter.php(482): CodeIgniter\CodeIgniter->runController(Object(CodeIgniter\CLI\CommandRunner))
#12 /Users/tiffany/Desktop/dev/ia-tiffany/www/system/CodeIgniter.php(347): CodeIgniter\CodeIgniter->handleRequest(NULL, Object(Config\Cache), false)
#13 /Users/tiffany/Desktop/dev/ia-tiffany/www/system/CLI/Console.php(48): CodeIgniter\CodeIgniter->run()
#14 /Users/tiffany/Desktop/dev/ia-tiffany/www/spark(98): CodeIgniter\CLI\Console->run()
#15 {main}
