ERROR - 2023-11-18 08:56:29 --> mysqli_sql_exception: Cannot add or update a child row: a foreign key constraint fails (`taskapp`.`volunteer`, CONSTRAINT `volunteer_event_id_foreign` FOREIGN KEY (`event_id`) REFERENCES `event` (`id`) ON DELETE CASCADE ON UPDATE CASCADE) in /var/www/html/system/Database/MySQLi/Connection.php:292
Stack trace:
#0 /var/www/html/system/Database/MySQLi/Connection.php(292): mysqli->query('INSERT INTO `vo...', 0)
#1 /var/www/html/system/Database/BaseConnection.php(666): CodeIgniter\Database\MySQLi\Connection->execute('INSERT INTO `vo...')
#2 /var/www/html/system/Database/BaseConnection.php(593): CodeIgniter\Database\BaseConnection->simpleQuery('INSERT INTO `vo...')
#3 /var/www/html/system/Database/BaseBuilder.php(1916): CodeIgniter\Database\BaseConnection->query('INSERT INTO `vo...', Array, false)
#4 /var/www/html/system/Model.php(279): CodeIgniter\Database\BaseBuilder->insert()
#5 /var/www/html/system/BaseModel.php(749): CodeIgniter\Model->doInsert(Array)
#6 /var/www/html/system/Model.php(667): CodeIgniter\BaseModel->insert(Array, false)
#7 /var/www/html/system/BaseModel.php(659): CodeIgniter\Model->insert(Object(App\Entities\Volunteer), false)
#8 /var/www/html/app/Controllers/Volunteers.php(39): CodeIgniter\BaseModel->save(Object(App\Entities\Volunteer))
#9 /var/www/html/system/CodeIgniter.php(927): App\Controllers\Volunteers->saveVolunteerForm('1')
#10 /var/www/html/system/CodeIgniter.php(482): CodeIgniter\CodeIgniter->runController(Object(App\Controllers\Volunteers))
#11 /var/www/html/system/CodeIgniter.php(351): CodeIgniter\CodeIgniter->handleRequest(NULL, Object(Config\Cache), false)
#12 /var/www/html/public/index.php(67): CodeIgniter\CodeIgniter->run()
#13 {main}
CRITICAL - 2023-11-18 08:56:30 --> Cannot add or update a child row: a foreign key constraint fails (`taskapp`.`volunteer`, CONSTRAINT `volunteer_event_id_foreign` FOREIGN KEY (`event_id`) REFERENCES `event` (`id`) ON DELETE CASCADE ON UPDATE CASCADE)
in SYSTEMPATH/Database/MySQLi/Connection.php on line 292.
 1 SYSTEMPATH/Database/MySQLi/Connection.php(292): mysqli->query('INSERT INTO `volunteer` (`name`, `phone`, `email`, `occupation`, `reason`, `created_at`, `updated_at`) VALUES (\'user\', \'12345678\', \'xx@gmail.com\', \'banking\', \'want to be volunteer\', \'2023-11-18 08:56:29\', \'2023-11-18 08:56:29\')', 0)
 2 SYSTEMPATH/Database/BaseConnection.php(666): CodeIgniter\Database\MySQLi\Connection->execute('INSERT INTO `volunteer` (`name`, `phone`, `email`, `occupation`, `reason`, `created_at`, `updated_at`) VALUES (\'user\', \'12345678\', \'xx@gmail.com\', \'banking\', \'want to be volunteer\', \'2023-11-18 08:56:29\', \'2023-11-18 08:56:29\')')
 3 SYSTEMPATH/Database/BaseConnection.php(593): CodeIgniter\Database\BaseConnection->simpleQuery('INSERT INTO `volunteer` (`name`, `phone`, `email`, `occupation`, `reason`, `created_at`, `updated_at`) VALUES (\'user\', \'12345678\', \'xx@gmail.com\', \'banking\', \'want to be volunteer\', \'2023-11-18 08:56:29\', \'2023-11-18 08:56:29\')')
 4 SYSTEMPATH/Database/BaseBuilder.php(1916): CodeIgniter\Database\BaseConnection->query('INSERT INTO `volunteer` (`name`, `phone`, `email`, `occupation`, `reason`, `created_at`, `updated_at`) VALUES (:name:, :phone:, :email:, :occupation:, :reason:, :created_at:, :updated_at:)', [...], false)
 5 SYSTEMPATH/Model.php(279): CodeIgniter\Database\BaseBuilder->insert()
 6 SYSTEMPATH/BaseModel.php(749): CodeIgniter\Model->doInsert([...])
 7 SYSTEMPATH/Model.php(667): CodeIgniter\BaseModel->insert([...], false)
 8 SYSTEMPATH/BaseModel.php(659): CodeIgniter\Model->insert(Object(App\Entities\Volunteer), false)
 9 APPPATH/Controllers/Volunteers.php(39): CodeIgniter\BaseModel->save(Object(App\Entities\Volunteer))
10 SYSTEMPATH/CodeIgniter.php(927): App\Controllers\Volunteers->saveVolunteerForm('1')
11 SYSTEMPATH/CodeIgniter.php(482): CodeIgniter\CodeIgniter->runController(Object(App\Controllers\Volunteers))
12 SYSTEMPATH/CodeIgniter.php(351): CodeIgniter\CodeIgniter->handleRequest(null, Object(Config\Cache), false)
13 FCPATH/index.php(67): CodeIgniter\CodeIgniter->run()
ERROR - 2023-11-18 08:57:09 --> mysqli_sql_exception: Cannot add or update a child row: a foreign key constraint fails (`taskapp`.`volunteer`, CONSTRAINT `volunteer_event_id_foreign` FOREIGN KEY (`event_id`) REFERENCES `event` (`id`) ON DELETE CASCADE ON UPDATE CASCADE) in /var/www/html/system/Database/MySQLi/Connection.php:292
Stack trace:
#0 /var/www/html/system/Database/MySQLi/Connection.php(292): mysqli->query('INSERT INTO `vo...', 0)
#1 /var/www/html/system/Database/BaseConnection.php(666): CodeIgniter\Database\MySQLi\Connection->execute('INSERT INTO `vo...')
#2 /var/www/html/system/Database/BaseConnection.php(593): CodeIgniter\Database\BaseConnection->simpleQuery('INSERT INTO `vo...')
#3 /var/www/html/system/Database/BaseBuilder.php(1916): CodeIgniter\Database\BaseConnection->query('INSERT INTO `vo...', Array, false)
#4 /var/www/html/system/Model.php(279): CodeIgniter\Database\BaseBuilder->insert()
#5 /var/www/html/system/BaseModel.php(749): CodeIgniter\Model->doInsert(Array)
#6 /var/www/html/system/Model.php(667): CodeIgniter\BaseModel->insert(Array, false)
#7 /var/www/html/system/BaseModel.php(659): CodeIgniter\Model->insert(Object(App\Entities\Volunteer), false)
#8 /var/www/html/app/Controllers/Volunteers.php(39): CodeIgniter\BaseModel->save(Object(App\Entities\Volunteer))
#9 /var/www/html/system/CodeIgniter.php(927): App\Controllers\Volunteers->saveVolunteerForm('1')
#10 /var/www/html/system/CodeIgniter.php(482): CodeIgniter\CodeIgniter->runController(Object(App\Controllers\Volunteers))
#11 /var/www/html/system/CodeIgniter.php(351): CodeIgniter\CodeIgniter->handleRequest(NULL, Object(Config\Cache), false)
#12 /var/www/html/public/index.php(67): CodeIgniter\CodeIgniter->run()
#13 {main}
CRITICAL - 2023-11-18 08:57:09 --> Cannot add or update a child row: a foreign key constraint fails (`taskapp`.`volunteer`, CONSTRAINT `volunteer_event_id_foreign` FOREIGN KEY (`event_id`) REFERENCES `event` (`id`) ON DELETE CASCADE ON UPDATE CASCADE)
in SYSTEMPATH/Database/MySQLi/Connection.php on line 292.
 1 SYSTEMPATH/Database/MySQLi/Connection.php(292): mysqli->query('INSERT INTO `volunteer` (`name`, `phone`, `email`, `occupation`, `reason`, `created_at`, `updated_at`) VALUES (\'user\', \'12345678\', \'xx@gmail.com\', \'banking\', \'want to be volunteer\', \'2023-11-18 08:57:09\', \'2023-11-18 08:57:09\')', 0)
 2 SYSTEMPATH/Database/BaseConnection.php(666): CodeIgniter\Database\MySQLi\Connection->execute('INSERT INTO `volunteer` (`name`, `phone`, `email`, `occupation`, `reason`, `created_at`, `updated_at`) VALUES (\'user\', \'12345678\', \'xx@gmail.com\', \'banking\', \'want to be volunteer\', \'2023-11-18 08:57:09\', \'2023-11-18 08:57:09\')')
 3 SYSTEMPATH/Database/BaseConnection.php(593): CodeIgniter\Database\BaseConnection->simpleQuery('INSERT INTO `volunteer` (`name`, `phone`, `email`, `occupation`, `reason`, `created_at`, `updated_at`) VALUES (\'user\', \'12345678\', \'xx@gmail.com\', \'banking\', \'want to be volunteer\', \'2023-11-18 08:57:09\', \'2023-11-18 08:57:09\')')
 4 SYSTEMPATH/Database/BaseBuilder.php(1916): CodeIgniter\Database\BaseConnection->query('INSERT INTO `volunteer` (`name`, `phone`, `email`, `occupation`, `reason`, `created_at`, `updated_at`) VALUES (:name:, :phone:, :email:, :occupation:, :reason:, :created_at:, :updated_at:)', [...], false)
 5 SYSTEMPATH/Model.php(279): CodeIgniter\Database\BaseBuilder->insert()
 6 SYSTEMPATH/BaseModel.php(749): CodeIgniter\Model->doInsert([...])
 7 SYSTEMPATH/Model.php(667): CodeIgniter\BaseModel->insert([...], false)
 8 SYSTEMPATH/BaseModel.php(659): CodeIgniter\Model->insert(Object(App\Entities\Volunteer), false)
 9 APPPATH/Controllers/Volunteers.php(39): CodeIgniter\BaseModel->save(Object(App\Entities\Volunteer))
10 SYSTEMPATH/CodeIgniter.php(927): App\Controllers\Volunteers->saveVolunteerForm('1')
11 SYSTEMPATH/CodeIgniter.php(482): CodeIgniter\CodeIgniter->runController(Object(App\Controllers\Volunteers))
12 SYSTEMPATH/CodeIgniter.php(351): CodeIgniter\CodeIgniter->handleRequest(null, Object(Config\Cache), false)
13 FCPATH/index.php(67): CodeIgniter\CodeIgniter->run()
ERROR - 2023-11-18 08:57:13 --> mysqli_sql_exception: Cannot add or update a child row: a foreign key constraint fails (`taskapp`.`volunteer`, CONSTRAINT `volunteer_event_id_foreign` FOREIGN KEY (`event_id`) REFERENCES `event` (`id`) ON DELETE CASCADE ON UPDATE CASCADE) in /var/www/html/system/Database/MySQLi/Connection.php:292
Stack trace:
#0 /var/www/html/system/Database/MySQLi/Connection.php(292): mysqli->query('INSERT INTO `vo...', 0)
#1 /var/www/html/system/Database/BaseConnection.php(666): CodeIgniter\Database\MySQLi\Connection->execute('INSERT INTO `vo...')
#2 /var/www/html/system/Database/BaseConnection.php(593): CodeIgniter\Database\BaseConnection->simpleQuery('INSERT INTO `vo...')
#3 /var/www/html/system/Database/BaseBuilder.php(1916): CodeIgniter\Database\BaseConnection->query('INSERT INTO `vo...', Array, false)
#4 /var/www/html/system/Model.php(279): CodeIgniter\Database\BaseBuilder->insert()
#5 /var/www/html/system/BaseModel.php(749): CodeIgniter\Model->doInsert(Array)
#6 /var/www/html/system/Model.php(667): CodeIgniter\BaseModel->insert(Array, false)
#7 /var/www/html/system/BaseModel.php(659): CodeIgniter\Model->insert(Object(App\Entities\Volunteer), false)
#8 /var/www/html/app/Controllers/Volunteers.php(39): CodeIgniter\BaseModel->save(Object(App\Entities\Volunteer))
#9 /var/www/html/system/CodeIgniter.php(927): App\Controllers\Volunteers->saveVolunteerForm('1')
#10 /var/www/html/system/CodeIgniter.php(482): CodeIgniter\CodeIgniter->runController(Object(App\Controllers\Volunteers))
#11 /var/www/html/system/CodeIgniter.php(351): CodeIgniter\CodeIgniter->handleRequest(NULL, Object(Config\Cache), false)
#12 /var/www/html/public/index.php(67): CodeIgniter\CodeIgniter->run()
#13 {main}
CRITICAL - 2023-11-18 08:57:13 --> Cannot add or update a child row: a foreign key constraint fails (`taskapp`.`volunteer`, CONSTRAINT `volunteer_event_id_foreign` FOREIGN KEY (`event_id`) REFERENCES `event` (`id`) ON DELETE CASCADE ON UPDATE CASCADE)
in SYSTEMPATH/Database/MySQLi/Connection.php on line 292.
 1 SYSTEMPATH/Database/MySQLi/Connection.php(292): mysqli->query('INSERT INTO `volunteer` (`name`, `phone`, `email`, `occupation`, `reason`, `created_at`, `updated_at`) VALUES (\'user\', \'12345678\', \'xx@gmail.com\', \'banking\', \'want to be volunteer\', \'2023-11-18 08:57:13\', \'2023-11-18 08:57:13\')', 0)
 2 SYSTEMPATH/Database/BaseConnection.php(666): CodeIgniter\Database\MySQLi\Connection->execute('INSERT INTO `volunteer` (`name`, `phone`, `email`, `occupation`, `reason`, `created_at`, `updated_at`) VALUES (\'user\', \'12345678\', \'xx@gmail.com\', \'banking\', \'want to be volunteer\', \'2023-11-18 08:57:13\', \'2023-11-18 08:57:13\')')
 3 SYSTEMPATH/Database/BaseConnection.php(593): CodeIgniter\Database\BaseConnection->simpleQuery('INSERT INTO `volunteer` (`name`, `phone`, `email`, `occupation`, `reason`, `created_at`, `updated_at`) VALUES (\'user\', \'12345678\', \'xx@gmail.com\', \'banking\', \'want to be volunteer\', \'2023-11-18 08:57:13\', \'2023-11-18 08:57:13\')')
 4 SYSTEMPATH/Database/BaseBuilder.php(1916): CodeIgniter\Database\BaseConnection->query('INSERT INTO `volunteer` (`name`, `phone`, `email`, `occupation`, `reason`, `created_at`, `updated_at`) VALUES (:name:, :phone:, :email:, :occupation:, :reason:, :created_at:, :updated_at:)', [...], false)
 5 SYSTEMPATH/Model.php(279): CodeIgniter\Database\BaseBuilder->insert()
 6 SYSTEMPATH/BaseModel.php(749): CodeIgniter\Model->doInsert([...])
 7 SYSTEMPATH/Model.php(667): CodeIgniter\BaseModel->insert([...], false)
 8 SYSTEMPATH/BaseModel.php(659): CodeIgniter\Model->insert(Object(App\Entities\Volunteer), false)
 9 APPPATH/Controllers/Volunteers.php(39): CodeIgniter\BaseModel->save(Object(App\Entities\Volunteer))
10 SYSTEMPATH/CodeIgniter.php(927): App\Controllers\Volunteers->saveVolunteerForm('1')
11 SYSTEMPATH/CodeIgniter.php(482): CodeIgniter\CodeIgniter->runController(Object(App\Controllers\Volunteers))
12 SYSTEMPATH/CodeIgniter.php(351): CodeIgniter\CodeIgniter->handleRequest(null, Object(Config\Cache), false)
13 FCPATH/index.php(67): CodeIgniter\CodeIgniter->run()
ERROR - 2023-11-18 09:02:30 --> mysqli_sql_exception: Cannot add or update a child row: a foreign key constraint fails (`taskapp`.`volunteer`, CONSTRAINT `volunteer_event_id_foreign` FOREIGN KEY (`event_id`) REFERENCES `event` (`id`) ON DELETE CASCADE ON UPDATE CASCADE) in /var/www/html/system/Database/MySQLi/Connection.php:292
Stack trace:
#0 /var/www/html/system/Database/MySQLi/Connection.php(292): mysqli->query('INSERT INTO `vo...', 0)
#1 /var/www/html/system/Database/BaseConnection.php(666): CodeIgniter\Database\MySQLi\Connection->execute('INSERT INTO `vo...')
#2 /var/www/html/system/Database/BaseConnection.php(593): CodeIgniter\Database\BaseConnection->simpleQuery('INSERT INTO `vo...')
#3 /var/www/html/system/Database/BaseBuilder.php(1916): CodeIgniter\Database\BaseConnection->query('INSERT INTO `vo...', Array, false)
#4 /var/www/html/system/Model.php(279): CodeIgniter\Database\BaseBuilder->insert()
#5 /var/www/html/system/BaseModel.php(749): CodeIgniter\Model->doInsert(Array)
#6 /var/www/html/system/Model.php(667): CodeIgniter\BaseModel->insert(Array, false)
#7 /var/www/html/system/BaseModel.php(659): CodeIgniter\Model->insert(Object(App\Entities\Volunteer), false)
#8 /var/www/html/app/Controllers/Volunteers.php(37): CodeIgniter\BaseModel->save(Object(App\Entities\Volunteer))
#9 /var/www/html/system/CodeIgniter.php(927): App\Controllers\Volunteers->saveVolunteerForm('1')
#10 /var/www/html/system/CodeIgniter.php(482): CodeIgniter\CodeIgniter->runController(Object(App\Controllers\Volunteers))
#11 /var/www/html/system/CodeIgniter.php(351): CodeIgniter\CodeIgniter->handleRequest(NULL, Object(Config\Cache), false)
#12 /var/www/html/public/index.php(67): CodeIgniter\CodeIgniter->run()
#13 {main}
CRITICAL - 2023-11-18 09:02:30 --> Cannot add or update a child row: a foreign key constraint fails (`taskapp`.`volunteer`, CONSTRAINT `volunteer_event_id_foreign` FOREIGN KEY (`event_id`) REFERENCES `event` (`id`) ON DELETE CASCADE ON UPDATE CASCADE)
in SYSTEMPATH/Database/MySQLi/Connection.php on line 292.
 1 SYSTEMPATH/Database/MySQLi/Connection.php(292): mysqli->query('INSERT INTO `volunteer` (`name`, `phone`, `email`, `occupation`, `reason`, `created_at`, `updated_at`) VALUES (\'user\', \'12345678\', \'xx@gmail.com\', \'banking\', \'want to be volunteer\', \'2023-11-18 09:02:30\', \'2023-11-18 09:02:30\')', 0)
 2 SYSTEMPATH/Database/BaseConnection.php(666): CodeIgniter\Database\MySQLi\Connection->execute('INSERT INTO `volunteer` (`name`, `phone`, `email`, `occupation`, `reason`, `created_at`, `updated_at`) VALUES (\'user\', \'12345678\', \'xx@gmail.com\', \'banking\', \'want to be volunteer\', \'2023-11-18 09:02:30\', \'2023-11-18 09:02:30\')')
 3 SYSTEMPATH/Database/BaseConnection.php(593): CodeIgniter\Database\BaseConnection->simpleQuery('INSERT INTO `volunteer` (`name`, `phone`, `email`, `occupation`, `reason`, `created_at`, `updated_at`) VALUES (\'user\', \'12345678\', \'xx@gmail.com\', \'banking\', \'want to be volunteer\', \'2023-11-18 09:02:30\', \'2023-11-18 09:02:30\')')
 4 SYSTEMPATH/Database/BaseBuilder.php(1916): CodeIgniter\Database\BaseConnection->query('INSERT INTO `volunteer` (`name`, `phone`, `email`, `occupation`, `reason`, `created_at`, `updated_at`) VALUES (:name:, :phone:, :email:, :occupation:, :reason:, :created_at:, :updated_at:)', [...], false)
 5 SYSTEMPATH/Model.php(279): CodeIgniter\Database\BaseBuilder->insert()
 6 SYSTEMPATH/BaseModel.php(749): CodeIgniter\Model->doInsert([...])
 7 SYSTEMPATH/Model.php(667): CodeIgniter\BaseModel->insert([...], false)
 8 SYSTEMPATH/BaseModel.php(659): CodeIgniter\Model->insert(Object(App\Entities\Volunteer), false)
 9 APPPATH/Controllers/Volunteers.php(37): CodeIgniter\BaseModel->save(Object(App\Entities\Volunteer))
10 SYSTEMPATH/CodeIgniter.php(927): App\Controllers\Volunteers->saveVolunteerForm('1')
11 SYSTEMPATH/CodeIgniter.php(482): CodeIgniter\CodeIgniter->runController(Object(App\Controllers\Volunteers))
12 SYSTEMPATH/CodeIgniter.php(351): CodeIgniter\CodeIgniter->handleRequest(null, Object(Config\Cache), false)
13 FCPATH/index.php(67): CodeIgniter\CodeIgniter->run()
ERROR - 2023-11-18 09:06:43 --> mysqli_sql_exception: Cannot add or update a child row: a foreign key constraint fails (`taskapp`.`volunteer`, CONSTRAINT `volunteer_event_id_foreign` FOREIGN KEY (`event_id`) REFERENCES `event` (`id`) ON DELETE CASCADE ON UPDATE CASCADE) in /var/www/html/system/Database/MySQLi/Connection.php:292
Stack trace:
#0 /var/www/html/system/Database/MySQLi/Connection.php(292): mysqli->query('INSERT INTO `vo...', 0)
#1 /var/www/html/system/Database/BaseConnection.php(666): CodeIgniter\Database\MySQLi\Connection->execute('INSERT INTO `vo...')
#2 /var/www/html/system/Database/BaseConnection.php(593): CodeIgniter\Database\BaseConnection->simpleQuery('INSERT INTO `vo...')
#3 /var/www/html/system/Database/BaseBuilder.php(1916): CodeIgniter\Database\BaseConnection->query('INSERT INTO `vo...', Array, false)
#4 /var/www/html/system/Model.php(279): CodeIgniter\Database\BaseBuilder->insert()
#5 /var/www/html/system/BaseModel.php(749): CodeIgniter\Model->doInsert(Array)
#6 /var/www/html/system/Model.php(667): CodeIgniter\BaseModel->insert(Array, false)
#7 /var/www/html/system/BaseModel.php(659): CodeIgniter\Model->insert(Object(App\Entities\Volunteer), false)
#8 /var/www/html/app/Controllers/Volunteers.php(37): CodeIgniter\BaseModel->save(Object(App\Entities\Volunteer))
#9 /var/www/html/system/CodeIgniter.php(927): App\Controllers\Volunteers->saveVolunteerForm('1')
#10 /var/www/html/system/CodeIgniter.php(482): CodeIgniter\CodeIgniter->runController(Object(App\Controllers\Volunteers))
#11 /var/www/html/system/CodeIgniter.php(351): CodeIgniter\CodeIgniter->handleRequest(NULL, Object(Config\Cache), false)
#12 /var/www/html/public/index.php(67): CodeIgniter\CodeIgniter->run()
#13 {main}
CRITICAL - 2023-11-18 09:06:43 --> Cannot add or update a child row: a foreign key constraint fails (`taskapp`.`volunteer`, CONSTRAINT `volunteer_event_id_foreign` FOREIGN KEY (`event_id`) REFERENCES `event` (`id`) ON DELETE CASCADE ON UPDATE CASCADE)
in SYSTEMPATH/Database/MySQLi/Connection.php on line 292.
 1 SYSTEMPATH/Database/MySQLi/Connection.php(292): mysqli->query('INSERT INTO `volunteer` (`name`, `phone`, `email`, `occupation`, `reason`, `created_at`, `updated_at`) VALUES (\'user\', \'12345678\', \'xx@gmail.com\', \'banking\', \'want to be volunteer\', \'2023-11-18 09:06:43\', \'2023-11-18 09:06:43\')', 0)
 2 SYSTEMPATH/Database/BaseConnection.php(666): CodeIgniter\Database\MySQLi\Connection->execute('INSERT INTO `volunteer` (`name`, `phone`, `email`, `occupation`, `reason`, `created_at`, `updated_at`) VALUES (\'user\', \'12345678\', \'xx@gmail.com\', \'banking\', \'want to be volunteer\', \'2023-11-18 09:06:43\', \'2023-11-18 09:06:43\')')
 3 SYSTEMPATH/Database/BaseConnection.php(593): CodeIgniter\Database\BaseConnection->simpleQuery('INSERT INTO `volunteer` (`name`, `phone`, `email`, `occupation`, `reason`, `created_at`, `updated_at`) VALUES (\'user\', \'12345678\', \'xx@gmail.com\', \'banking\', \'want to be volunteer\', \'2023-11-18 09:06:43\', \'2023-11-18 09:06:43\')')
 4 SYSTEMPATH/Database/BaseBuilder.php(1916): CodeIgniter\Database\BaseConnection->query('INSERT INTO `volunteer` (`name`, `phone`, `email`, `occupation`, `reason`, `created_at`, `updated_at`) VALUES (:name:, :phone:, :email:, :occupation:, :reason:, :created_at:, :updated_at:)', [...], false)
 5 SYSTEMPATH/Model.php(279): CodeIgniter\Database\BaseBuilder->insert()
 6 SYSTEMPATH/BaseModel.php(749): CodeIgniter\Model->doInsert([...])
 7 SYSTEMPATH/Model.php(667): CodeIgniter\BaseModel->insert([...], false)
 8 SYSTEMPATH/BaseModel.php(659): CodeIgniter\Model->insert(Object(App\Entities\Volunteer), false)
 9 APPPATH/Controllers/Volunteers.php(37): CodeIgniter\BaseModel->save(Object(App\Entities\Volunteer))
10 SYSTEMPATH/CodeIgniter.php(927): App\Controllers\Volunteers->saveVolunteerForm('1')
11 SYSTEMPATH/CodeIgniter.php(482): CodeIgniter\CodeIgniter->runController(Object(App\Controllers\Volunteers))
12 SYSTEMPATH/CodeIgniter.php(351): CodeIgniter\CodeIgniter->handleRequest(null, Object(Config\Cache), false)
13 FCPATH/index.php(67): CodeIgniter\CodeIgniter->run()
CRITICAL - 2023-11-18 09:11:50 --> syntax error, unexpected token "if"
in APPPATH/Controllers/Volunteers.php on line 39.
 1 SYSTEMPATH/Router/Router.php(499): CodeIgniter\Router\AutoRouter->getRoute('volunteers/saveVolunteerForm/1')
 2 SYSTEMPATH/Router/Router.php(205): CodeIgniter\Router\Router->autoRoute('volunteers/saveVolunteerForm/1')
 3 SYSTEMPATH/CodeIgniter.php(802): CodeIgniter\Router\Router->handle('volunteers/saveVolunteerForm/1')
 4 SYSTEMPATH/CodeIgniter.php(430): CodeIgniter\CodeIgniter->tryToRouteIt(Object(CodeIgniter\Router\RouteCollection))
 5 SYSTEMPATH/CodeIgniter.php(351): CodeIgniter\CodeIgniter->handleRequest(null, Object(Config\Cache), false)
 6 FCPATH/index.php(67): CodeIgniter\CodeIgniter->run()
ERROR - 2023-11-18 09:12:03 --> mysqli_sql_exception: Cannot add or update a child row: a foreign key constraint fails (`taskapp`.`volunteer`, CONSTRAINT `volunteer_event_id_foreign` FOREIGN KEY (`event_id`) REFERENCES `event` (`id`) ON DELETE CASCADE ON UPDATE CASCADE) in /var/www/html/system/Database/MySQLi/Connection.php:292
Stack trace:
#0 /var/www/html/system/Database/MySQLi/Connection.php(292): mysqli->query('INSERT INTO `vo...', 0)
#1 /var/www/html/system/Database/BaseConnection.php(666): CodeIgniter\Database\MySQLi\Connection->execute('INSERT INTO `vo...')
#2 /var/www/html/system/Database/BaseConnection.php(593): CodeIgniter\Database\BaseConnection->simpleQuery('INSERT INTO `vo...')
#3 /var/www/html/system/Database/BaseBuilder.php(1916): CodeIgniter\Database\BaseConnection->query('INSERT INTO `vo...', Array, false)
#4 /var/www/html/system/Model.php(279): CodeIgniter\Database\BaseBuilder->insert()
#5 /var/www/html/system/BaseModel.php(749): CodeIgniter\Model->doInsert(Array)
#6 /var/www/html/system/Model.php(667): CodeIgniter\BaseModel->insert(Array, false)
#7 /var/www/html/system/BaseModel.php(659): CodeIgniter\Model->insert(Object(App\Entities\Volunteer), false)
#8 /var/www/html/app/Controllers/Volunteers.php(39): CodeIgniter\BaseModel->save(Object(App\Entities\Volunteer))
#9 /var/www/html/system/CodeIgniter.php(927): App\Controllers\Volunteers->saveVolunteerForm('1')
#10 /var/www/html/system/CodeIgniter.php(482): CodeIgniter\CodeIgniter->runController(Object(App\Controllers\Volunteers))
#11 /var/www/html/system/CodeIgniter.php(351): CodeIgniter\CodeIgniter->handleRequest(NULL, Object(Config\Cache), false)
#12 /var/www/html/public/index.php(67): CodeIgniter\CodeIgniter->run()
#13 {main}
CRITICAL - 2023-11-18 09:12:03 --> Cannot add or update a child row: a foreign key constraint fails (`taskapp`.`volunteer`, CONSTRAINT `volunteer_event_id_foreign` FOREIGN KEY (`event_id`) REFERENCES `event` (`id`) ON DELETE CASCADE ON UPDATE CASCADE)
in SYSTEMPATH/Database/MySQLi/Connection.php on line 292.
 1 SYSTEMPATH/Database/MySQLi/Connection.php(292): mysqli->query('INSERT INTO `volunteer` (`name`, `phone`, `email`, `occupation`, `reason`, `created_at`, `updated_at`) VALUES (\'user\', \'12345678\', \'xx@gmail.com\', \'banking\', \'want to be volunteer\', \'2023-11-18 09:12:03\', \'2023-11-18 09:12:03\')', 0)
 2 SYSTEMPATH/Database/BaseConnection.php(666): CodeIgniter\Database\MySQLi\Connection->execute('INSERT INTO `volunteer` (`name`, `phone`, `email`, `occupation`, `reason`, `created_at`, `updated_at`) VALUES (\'user\', \'12345678\', \'xx@gmail.com\', \'banking\', \'want to be volunteer\', \'2023-11-18 09:12:03\', \'2023-11-18 09:12:03\')')
 3 SYSTEMPATH/Database/BaseConnection.php(593): CodeIgniter\Database\BaseConnection->simpleQuery('INSERT INTO `volunteer` (`name`, `phone`, `email`, `occupation`, `reason`, `created_at`, `updated_at`) VALUES (\'user\', \'12345678\', \'xx@gmail.com\', \'banking\', \'want to be volunteer\', \'2023-11-18 09:12:03\', \'2023-11-18 09:12:03\')')
 4 SYSTEMPATH/Database/BaseBuilder.php(1916): CodeIgniter\Database\BaseConnection->query('INSERT INTO `volunteer` (`name`, `phone`, `email`, `occupation`, `reason`, `created_at`, `updated_at`) VALUES (:name:, :phone:, :email:, :occupation:, :reason:, :created_at:, :updated_at:)', [...], false)
 5 SYSTEMPATH/Model.php(279): CodeIgniter\Database\BaseBuilder->insert()
 6 SYSTEMPATH/BaseModel.php(749): CodeIgniter\Model->doInsert([...])
 7 SYSTEMPATH/Model.php(667): CodeIgniter\BaseModel->insert([...], false)
 8 SYSTEMPATH/BaseModel.php(659): CodeIgniter\Model->insert(Object(App\Entities\Volunteer), false)
 9 APPPATH/Controllers/Volunteers.php(39): CodeIgniter\BaseModel->save(Object(App\Entities\Volunteer))
10 SYSTEMPATH/CodeIgniter.php(927): App\Controllers\Volunteers->saveVolunteerForm('1')
11 SYSTEMPATH/CodeIgniter.php(482): CodeIgniter\CodeIgniter->runController(Object(App\Controllers\Volunteers))
12 SYSTEMPATH/CodeIgniter.php(351): CodeIgniter\CodeIgniter->handleRequest(null, Object(Config\Cache), false)
13 FCPATH/index.php(67): CodeIgniter\CodeIgniter->run()
ERROR - 2023-11-18 09:12:47 --> mysqli_sql_exception: Cannot add or update a child row: a foreign key constraint fails (`taskapp`.`volunteer`, CONSTRAINT `volunteer_event_id_foreign` FOREIGN KEY (`event_id`) REFERENCES `event` (`id`) ON DELETE CASCADE ON UPDATE CASCADE) in /var/www/html/system/Database/MySQLi/Connection.php:292
Stack trace:
#0 /var/www/html/system/Database/MySQLi/Connection.php(292): mysqli->query('INSERT INTO `vo...', 0)
#1 /var/www/html/system/Database/BaseConnection.php(666): CodeIgniter\Database\MySQLi\Connection->execute('INSERT INTO `vo...')
#2 /var/www/html/system/Database/BaseConnection.php(593): CodeIgniter\Database\BaseConnection->simpleQuery('INSERT INTO `vo...')
#3 /var/www/html/system/Database/BaseBuilder.php(1916): CodeIgniter\Database\BaseConnection->query('INSERT INTO `vo...', Array, false)
#4 /var/www/html/system/Model.php(279): CodeIgniter\Database\BaseBuilder->insert()
#5 /var/www/html/system/BaseModel.php(749): CodeIgniter\Model->doInsert(Array)
#6 /var/www/html/system/Model.php(667): CodeIgniter\BaseModel->insert(Array, false)
#7 /var/www/html/system/BaseModel.php(659): CodeIgniter\Model->insert(Object(App\Entities\Volunteer), false)
#8 /var/www/html/app/Controllers/Volunteers.php(37): CodeIgniter\BaseModel->save(Object(App\Entities\Volunteer))
#9 /var/www/html/system/CodeIgniter.php(927): App\Controllers\Volunteers->saveVolunteerForm('1')
#10 /var/www/html/system/CodeIgniter.php(482): CodeIgniter\CodeIgniter->runController(Object(App\Controllers\Volunteers))
#11 /var/www/html/system/CodeIgniter.php(351): CodeIgniter\CodeIgniter->handleRequest(NULL, Object(Config\Cache), false)
#12 /var/www/html/public/index.php(67): CodeIgniter\CodeIgniter->run()
#13 {main}
CRITICAL - 2023-11-18 09:12:47 --> Cannot add or update a child row: a foreign key constraint fails (`taskapp`.`volunteer`, CONSTRAINT `volunteer_event_id_foreign` FOREIGN KEY (`event_id`) REFERENCES `event` (`id`) ON DELETE CASCADE ON UPDATE CASCADE)
in SYSTEMPATH/Database/MySQLi/Connection.php on line 292.
 1 SYSTEMPATH/Database/MySQLi/Connection.php(292): mysqli->query('INSERT INTO `volunteer` (`name`, `phone`, `email`, `occupation`, `reason`, `created_at`, `updated_at`) VALUES (\'user\', \'12345678\', \'xx@gmail.com\', \'banking\', \'want to be volunteer\', \'2023-11-18 09:12:47\', \'2023-11-18 09:12:47\')', 0)
 2 SYSTEMPATH/Database/BaseConnection.php(666): CodeIgniter\Database\MySQLi\Connection->execute('INSERT INTO `volunteer` (`name`, `phone`, `email`, `occupation`, `reason`, `created_at`, `updated_at`) VALUES (\'user\', \'12345678\', \'xx@gmail.com\', \'banking\', \'want to be volunteer\', \'2023-11-18 09:12:47\', \'2023-11-18 09:12:47\')')
 3 SYSTEMPATH/Database/BaseConnection.php(593): CodeIgniter\Database\BaseConnection->simpleQuery('INSERT INTO `volunteer` (`name`, `phone`, `email`, `occupation`, `reason`, `created_at`, `updated_at`) VALUES (\'user\', \'12345678\', \'xx@gmail.com\', \'banking\', \'want to be volunteer\', \'2023-11-18 09:12:47\', \'2023-11-18 09:12:47\')')
 4 SYSTEMPATH/Database/BaseBuilder.php(1916): CodeIgniter\Database\BaseConnection->query('INSERT INTO `volunteer` (`name`, `phone`, `email`, `occupation`, `reason`, `created_at`, `updated_at`) VALUES (:name:, :phone:, :email:, :occupation:, :reason:, :created_at:, :updated_at:)', [...], false)
 5 SYSTEMPATH/Model.php(279): CodeIgniter\Database\BaseBuilder->insert()
 6 SYSTEMPATH/BaseModel.php(749): CodeIgniter\Model->doInsert([...])
 7 SYSTEMPATH/Model.php(667): CodeIgniter\BaseModel->insert([...], false)
 8 SYSTEMPATH/BaseModel.php(659): CodeIgniter\Model->insert(Object(App\Entities\Volunteer), false)
 9 APPPATH/Controllers/Volunteers.php(37): CodeIgniter\BaseModel->save(Object(App\Entities\Volunteer))
10 SYSTEMPATH/CodeIgniter.php(927): App\Controllers\Volunteers->saveVolunteerForm('1')
11 SYSTEMPATH/CodeIgniter.php(482): CodeIgniter\CodeIgniter->runController(Object(App\Controllers\Volunteers))
12 SYSTEMPATH/CodeIgniter.php(351): CodeIgniter\CodeIgniter->handleRequest(null, Object(Config\Cache), false)
13 FCPATH/index.php(67): CodeIgniter\CodeIgniter->run()
ERROR - 2023-11-18 09:57:19 --> mysqli_sql_exception: Cannot add or update a child row: a foreign key constraint fails (`taskapp`.`volunteer`, CONSTRAINT `volunteer_event_id_foreign` FOREIGN KEY (`event_id`) REFERENCES `event` (`id`) ON DELETE CASCADE ON UPDATE CASCADE) in /var/www/html/system/Database/MySQLi/Connection.php:292
Stack trace:
#0 /var/www/html/system/Database/MySQLi/Connection.php(292): mysqli->query('INSERT INTO `vo...', 0)
#1 /var/www/html/system/Database/BaseConnection.php(666): CodeIgniter\Database\MySQLi\Connection->execute('INSERT INTO `vo...')
#2 /var/www/html/system/Database/BaseConnection.php(593): CodeIgniter\Database\BaseConnection->simpleQuery('INSERT INTO `vo...')
#3 /var/www/html/system/Database/BaseBuilder.php(1916): CodeIgniter\Database\BaseConnection->query('INSERT INTO `vo...', Array, false)
#4 /var/www/html/system/Model.php(279): CodeIgniter\Database\BaseBuilder->insert()
#5 /var/www/html/system/BaseModel.php(749): CodeIgniter\Model->doInsert(Array)
#6 /var/www/html/system/Model.php(667): CodeIgniter\BaseModel->insert(Array, false)
#7 /var/www/html/system/BaseModel.php(659): CodeIgniter\Model->insert(Object(App\Entities\Volunteer), false)
#8 /var/www/html/app/Controllers/Volunteers.php(37): CodeIgniter\BaseModel->save(Object(App\Entities\Volunteer))
#9 /var/www/html/system/CodeIgniter.php(927): App\Controllers\Volunteers->saveVolunteerForm('1')
#10 /var/www/html/system/CodeIgniter.php(482): CodeIgniter\CodeIgniter->runController(Object(App\Controllers\Volunteers))
#11 /var/www/html/system/CodeIgniter.php(351): CodeIgniter\CodeIgniter->handleRequest(NULL, Object(Config\Cache), false)
#12 /var/www/html/public/index.php(67): CodeIgniter\CodeIgniter->run()
#13 {main}
CRITICAL - 2023-11-18 09:57:19 --> Cannot add or update a child row: a foreign key constraint fails (`taskapp`.`volunteer`, CONSTRAINT `volunteer_event_id_foreign` FOREIGN KEY (`event_id`) REFERENCES `event` (`id`) ON DELETE CASCADE ON UPDATE CASCADE)
in SYSTEMPATH/Database/MySQLi/Connection.php on line 292.
 1 SYSTEMPATH/Database/MySQLi/Connection.php(292): mysqli->query('INSERT INTO `volunteer` (`name`, `phone`, `email`, `occupation`, `reason`, `created_at`, `updated_at`) VALUES (\'user\', \'12345678\', \'xx@gmail.com\', \'banking\', \'want to be volunteer\', \'2023-11-18 09:57:19\', \'2023-11-18 09:57:19\')', 0)
 2 SYSTEMPATH/Database/BaseConnection.php(666): CodeIgniter\Database\MySQLi\Connection->execute('INSERT INTO `volunteer` (`name`, `phone`, `email`, `occupation`, `reason`, `created_at`, `updated_at`) VALUES (\'user\', \'12345678\', \'xx@gmail.com\', \'banking\', \'want to be volunteer\', \'2023-11-18 09:57:19\', \'2023-11-18 09:57:19\')')
 3 SYSTEMPATH/Database/BaseConnection.php(593): CodeIgniter\Database\BaseConnection->simpleQuery('INSERT INTO `volunteer` (`name`, `phone`, `email`, `occupation`, `reason`, `created_at`, `updated_at`) VALUES (\'user\', \'12345678\', \'xx@gmail.com\', \'banking\', \'want to be volunteer\', \'2023-11-18 09:57:19\', \'2023-11-18 09:57:19\')')
 4 SYSTEMPATH/Database/BaseBuilder.php(1916): CodeIgniter\Database\BaseConnection->query('INSERT INTO `volunteer` (`name`, `phone`, `email`, `occupation`, `reason`, `created_at`, `updated_at`) VALUES (:name:, :phone:, :email:, :occupation:, :reason:, :created_at:, :updated_at:)', [...], false)
 5 SYSTEMPATH/Model.php(279): CodeIgniter\Database\BaseBuilder->insert()
 6 SYSTEMPATH/BaseModel.php(749): CodeIgniter\Model->doInsert([...])
 7 SYSTEMPATH/Model.php(667): CodeIgniter\BaseModel->insert([...], false)
 8 SYSTEMPATH/BaseModel.php(659): CodeIgniter\Model->insert(Object(App\Entities\Volunteer), false)
 9 APPPATH/Controllers/Volunteers.php(37): CodeIgniter\BaseModel->save(Object(App\Entities\Volunteer))
10 SYSTEMPATH/CodeIgniter.php(927): App\Controllers\Volunteers->saveVolunteerForm('1')
11 SYSTEMPATH/CodeIgniter.php(482): CodeIgniter\CodeIgniter->runController(Object(App\Controllers\Volunteers))
12 SYSTEMPATH/CodeIgniter.php(351): CodeIgniter\CodeIgniter->handleRequest(null, Object(Config\Cache), false)
13 FCPATH/index.php(67): CodeIgniter\CodeIgniter->run()
ERROR - 2023-11-18 09:57:22 --> mysqli_sql_exception: Cannot add or update a child row: a foreign key constraint fails (`taskapp`.`volunteer`, CONSTRAINT `volunteer_event_id_foreign` FOREIGN KEY (`event_id`) REFERENCES `event` (`id`) ON DELETE CASCADE ON UPDATE CASCADE) in /var/www/html/system/Database/MySQLi/Connection.php:292
Stack trace:
#0 /var/www/html/system/Database/MySQLi/Connection.php(292): mysqli->query('INSERT INTO `vo...', 0)
#1 /var/www/html/system/Database/BaseConnection.php(666): CodeIgniter\Database\MySQLi\Connection->execute('INSERT INTO `vo...')
#2 /var/www/html/system/Database/BaseConnection.php(593): CodeIgniter\Database\BaseConnection->simpleQuery('INSERT INTO `vo...')
#3 /var/www/html/system/Database/BaseBuilder.php(1916): CodeIgniter\Database\BaseConnection->query('INSERT INTO `vo...', Array, false)
#4 /var/www/html/system/Model.php(279): CodeIgniter\Database\BaseBuilder->insert()
#5 /var/www/html/system/BaseModel.php(749): CodeIgniter\Model->doInsert(Array)
#6 /var/www/html/system/Model.php(667): CodeIgniter\BaseModel->insert(Array, false)
#7 /var/www/html/system/BaseModel.php(659): CodeIgniter\Model->insert(Object(App\Entities\Volunteer), false)
#8 /var/www/html/app/Controllers/Volunteers.php(37): CodeIgniter\BaseModel->save(Object(App\Entities\Volunteer))
#9 /var/www/html/system/CodeIgniter.php(927): App\Controllers\Volunteers->saveVolunteerForm('1')
#10 /var/www/html/system/CodeIgniter.php(482): CodeIgniter\CodeIgniter->runController(Object(App\Controllers\Volunteers))
#11 /var/www/html/system/CodeIgniter.php(351): CodeIgniter\CodeIgniter->handleRequest(NULL, Object(Config\Cache), false)
#12 /var/www/html/public/index.php(67): CodeIgniter\CodeIgniter->run()
#13 {main}
CRITICAL - 2023-11-18 09:57:22 --> Cannot add or update a child row: a foreign key constraint fails (`taskapp`.`volunteer`, CONSTRAINT `volunteer_event_id_foreign` FOREIGN KEY (`event_id`) REFERENCES `event` (`id`) ON DELETE CASCADE ON UPDATE CASCADE)
in SYSTEMPATH/Database/MySQLi/Connection.php on line 292.
 1 SYSTEMPATH/Database/MySQLi/Connection.php(292): mysqli->query('INSERT INTO `volunteer` (`name`, `phone`, `email`, `occupation`, `reason`, `created_at`, `updated_at`) VALUES (\'user\', \'12345678\', \'xx@gmail.com\', \'banking\', \'want to be volunteer\', \'2023-11-18 09:57:22\', \'2023-11-18 09:57:22\')', 0)
 2 SYSTEMPATH/Database/BaseConnection.php(666): CodeIgniter\Database\MySQLi\Connection->execute('INSERT INTO `volunteer` (`name`, `phone`, `email`, `occupation`, `reason`, `created_at`, `updated_at`) VALUES (\'user\', \'12345678\', \'xx@gmail.com\', \'banking\', \'want to be volunteer\', \'2023-11-18 09:57:22\', \'2023-11-18 09:57:22\')')
 3 SYSTEMPATH/Database/BaseConnection.php(593): CodeIgniter\Database\BaseConnection->simpleQuery('INSERT INTO `volunteer` (`name`, `phone`, `email`, `occupation`, `reason`, `created_at`, `updated_at`) VALUES (\'user\', \'12345678\', \'xx@gmail.com\', \'banking\', \'want to be volunteer\', \'2023-11-18 09:57:22\', \'2023-11-18 09:57:22\')')
 4 SYSTEMPATH/Database/BaseBuilder.php(1916): CodeIgniter\Database\BaseConnection->query('INSERT INTO `volunteer` (`name`, `phone`, `email`, `occupation`, `reason`, `created_at`, `updated_at`) VALUES (:name:, :phone:, :email:, :occupation:, :reason:, :created_at:, :updated_at:)', [...], false)
 5 SYSTEMPATH/Model.php(279): CodeIgniter\Database\BaseBuilder->insert()
 6 SYSTEMPATH/BaseModel.php(749): CodeIgniter\Model->doInsert([...])
 7 SYSTEMPATH/Model.php(667): CodeIgniter\BaseModel->insert([...], false)
 8 SYSTEMPATH/BaseModel.php(659): CodeIgniter\Model->insert(Object(App\Entities\Volunteer), false)
 9 APPPATH/Controllers/Volunteers.php(37): CodeIgniter\BaseModel->save(Object(App\Entities\Volunteer))
10 SYSTEMPATH/CodeIgniter.php(927): App\Controllers\Volunteers->saveVolunteerForm('1')
11 SYSTEMPATH/CodeIgniter.php(482): CodeIgniter\CodeIgniter->runController(Object(App\Controllers\Volunteers))
12 SYSTEMPATH/CodeIgniter.php(351): CodeIgniter\CodeIgniter->handleRequest(null, Object(Config\Cache), false)
13 FCPATH/index.php(67): CodeIgniter\CodeIgniter->run()
ERROR - 2023-11-18 12:02:12 --> mysqli_sql_exception: Cannot add or update a child row: a foreign key constraint fails (`taskapp`.`volunteer`, CONSTRAINT `volunteer_event_id_foreign` FOREIGN KEY (`event_id`) REFERENCES `event` (`id`) ON DELETE CASCADE ON UPDATE CASCADE) in /var/www/html/system/Database/MySQLi/Connection.php:292
Stack trace:
#0 /var/www/html/system/Database/MySQLi/Connection.php(292): mysqli->query('INSERT INTO `vo...', 0)
#1 /var/www/html/system/Database/BaseConnection.php(666): CodeIgniter\Database\MySQLi\Connection->execute('INSERT INTO `vo...')
#2 /var/www/html/system/Database/BaseConnection.php(593): CodeIgniter\Database\BaseConnection->simpleQuery('INSERT INTO `vo...')
#3 /var/www/html/system/Database/BaseBuilder.php(1916): CodeIgniter\Database\BaseConnection->query('INSERT INTO `vo...', Array, false)
#4 /var/www/html/system/Model.php(279): CodeIgniter\Database\BaseBuilder->insert()
#5 /var/www/html/system/BaseModel.php(749): CodeIgniter\Model->doInsert(Array)
#6 /var/www/html/system/Model.php(667): CodeIgniter\BaseModel->insert(Array, false)
#7 /var/www/html/system/BaseModel.php(659): CodeIgniter\Model->insert(Object(App\Entities\Volunteer), false)
#8 /var/www/html/app/Controllers/Volunteers.php(37): CodeIgniter\BaseModel->save(Object(App\Entities\Volunteer))
#9 /var/www/html/system/CodeIgniter.php(927): App\Controllers\Volunteers->saveVolunteerForm('1')
#10 /var/www/html/system/CodeIgniter.php(482): CodeIgniter\CodeIgniter->runController(Object(App\Controllers\Volunteers))
#11 /var/www/html/system/CodeIgniter.php(351): CodeIgniter\CodeIgniter->handleRequest(NULL, Object(Config\Cache), false)
#12 /var/www/html/public/index.php(67): CodeIgniter\CodeIgniter->run()
#13 {main}
CRITICAL - 2023-11-18 12:02:12 --> Cannot add or update a child row: a foreign key constraint fails (`taskapp`.`volunteer`, CONSTRAINT `volunteer_event_id_foreign` FOREIGN KEY (`event_id`) REFERENCES `event` (`id`) ON DELETE CASCADE ON UPDATE CASCADE)
in SYSTEMPATH/Database/MySQLi/Connection.php on line 292.
 1 SYSTEMPATH/Database/MySQLi/Connection.php(292): mysqli->query('INSERT INTO `volunteer` (`name`, `phone`, `email`, `occupation`, `reason`, `created_at`, `updated_at`) VALUES (\'user\', \'12345678\', \'xx@gmail.com\', \'banking\', \'want to be volunteer\', \'2023-11-18 12:02:12\', \'2023-11-18 12:02:12\')', 0)
 2 SYSTEMPATH/Database/BaseConnection.php(666): CodeIgniter\Database\MySQLi\Connection->execute('INSERT INTO `volunteer` (`name`, `phone`, `email`, `occupation`, `reason`, `created_at`, `updated_at`) VALUES (\'user\', \'12345678\', \'xx@gmail.com\', \'banking\', \'want to be volunteer\', \'2023-11-18 12:02:12\', \'2023-11-18 12:02:12\')')
 3 SYSTEMPATH/Database/BaseConnection.php(593): CodeIgniter\Database\BaseConnection->simpleQuery('INSERT INTO `volunteer` (`name`, `phone`, `email`, `occupation`, `reason`, `created_at`, `updated_at`) VALUES (\'user\', \'12345678\', \'xx@gmail.com\', \'banking\', \'want to be volunteer\', \'2023-11-18 12:02:12\', \'2023-11-18 12:02:12\')')
 4 SYSTEMPATH/Database/BaseBuilder.php(1916): CodeIgniter\Database\BaseConnection->query('INSERT INTO `volunteer` (`name`, `phone`, `email`, `occupation`, `reason`, `created_at`, `updated_at`) VALUES (:name:, :phone:, :email:, :occupation:, :reason:, :created_at:, :updated_at:)', [...], false)
 5 SYSTEMPATH/Model.php(279): CodeIgniter\Database\BaseBuilder->insert()
 6 SYSTEMPATH/BaseModel.php(749): CodeIgniter\Model->doInsert([...])
 7 SYSTEMPATH/Model.php(667): CodeIgniter\BaseModel->insert([...], false)
 8 SYSTEMPATH/BaseModel.php(659): CodeIgniter\Model->insert(Object(App\Entities\Volunteer), false)
 9 APPPATH/Controllers/Volunteers.php(37): CodeIgniter\BaseModel->save(Object(App\Entities\Volunteer))
10 SYSTEMPATH/CodeIgniter.php(927): App\Controllers\Volunteers->saveVolunteerForm('1')
11 SYSTEMPATH/CodeIgniter.php(482): CodeIgniter\CodeIgniter->runController(Object(App\Controllers\Volunteers))
12 SYSTEMPATH/CodeIgniter.php(351): CodeIgniter\CodeIgniter->handleRequest(null, Object(Config\Cache), false)
13 FCPATH/index.php(67): CodeIgniter\CodeIgniter->run()
ERROR - 2023-11-18 12:02:21 --> mysqli_sql_exception: Cannot add or update a child row: a foreign key constraint fails (`taskapp`.`volunteer`, CONSTRAINT `volunteer_event_id_foreign` FOREIGN KEY (`event_id`) REFERENCES `event` (`id`) ON DELETE CASCADE ON UPDATE CASCADE) in /var/www/html/system/Database/MySQLi/Connection.php:292
Stack trace:
#0 /var/www/html/system/Database/MySQLi/Connection.php(292): mysqli->query('INSERT INTO `vo...', 0)
#1 /var/www/html/system/Database/BaseConnection.php(666): CodeIgniter\Database\MySQLi\Connection->execute('INSERT INTO `vo...')
#2 /var/www/html/system/Database/BaseConnection.php(593): CodeIgniter\Database\BaseConnection->simpleQuery('INSERT INTO `vo...')
#3 /var/www/html/system/Database/BaseBuilder.php(1916): CodeIgniter\Database\BaseConnection->query('INSERT INTO `vo...', Array, false)
#4 /var/www/html/system/Model.php(279): CodeIgniter\Database\BaseBuilder->insert()
#5 /var/www/html/system/BaseModel.php(749): CodeIgniter\Model->doInsert(Array)
#6 /var/www/html/system/Model.php(667): CodeIgniter\BaseModel->insert(Array, false)
#7 /var/www/html/system/BaseModel.php(659): CodeIgniter\Model->insert(Object(App\Entities\Volunteer), false)
#8 /var/www/html/app/Controllers/Volunteers.php(37): CodeIgniter\BaseModel->save(Object(App\Entities\Volunteer))
#9 /var/www/html/system/CodeIgniter.php(927): App\Controllers\Volunteers->saveVolunteerForm('1')
#10 /var/www/html/system/CodeIgniter.php(482): CodeIgniter\CodeIgniter->runController(Object(App\Controllers\Volunteers))
#11 /var/www/html/system/CodeIgniter.php(351): CodeIgniter\CodeIgniter->handleRequest(NULL, Object(Config\Cache), false)
#12 /var/www/html/public/index.php(67): CodeIgniter\CodeIgniter->run()
#13 {main}
CRITICAL - 2023-11-18 12:02:21 --> Cannot add or update a child row: a foreign key constraint fails (`taskapp`.`volunteer`, CONSTRAINT `volunteer_event_id_foreign` FOREIGN KEY (`event_id`) REFERENCES `event` (`id`) ON DELETE CASCADE ON UPDATE CASCADE)
in SYSTEMPATH/Database/MySQLi/Connection.php on line 292.
 1 SYSTEMPATH/Database/MySQLi/Connection.php(292): mysqli->query('INSERT INTO `volunteer` (`name`, `phone`, `email`, `occupation`, `reason`, `created_at`, `updated_at`) VALUES (\'user\', \'12345678\', \'xx@gmail.com\', \'banking\', \'want to be volunteer\', \'2023-11-18 12:02:21\', \'2023-11-18 12:02:21\')', 0)
 2 SYSTEMPATH/Database/BaseConnection.php(666): CodeIgniter\Database\MySQLi\Connection->execute('INSERT INTO `volunteer` (`name`, `phone`, `email`, `occupation`, `reason`, `created_at`, `updated_at`) VALUES (\'user\', \'12345678\', \'xx@gmail.com\', \'banking\', \'want to be volunteer\', \'2023-11-18 12:02:21\', \'2023-11-18 12:02:21\')')
 3 SYSTEMPATH/Database/BaseConnection.php(593): CodeIgniter\Database\BaseConnection->simpleQuery('INSERT INTO `volunteer` (`name`, `phone`, `email`, `occupation`, `reason`, `created_at`, `updated_at`) VALUES (\'user\', \'12345678\', \'xx@gmail.com\', \'banking\', \'want to be volunteer\', \'2023-11-18 12:02:21\', \'2023-11-18 12:02:21\')')
 4 SYSTEMPATH/Database/BaseBuilder.php(1916): CodeIgniter\Database\BaseConnection->query('INSERT INTO `volunteer` (`name`, `phone`, `email`, `occupation`, `reason`, `created_at`, `updated_at`) VALUES (:name:, :phone:, :email:, :occupation:, :reason:, :created_at:, :updated_at:)', [...], false)
 5 SYSTEMPATH/Model.php(279): CodeIgniter\Database\BaseBuilder->insert()
 6 SYSTEMPATH/BaseModel.php(749): CodeIgniter\Model->doInsert([...])
 7 SYSTEMPATH/Model.php(667): CodeIgniter\BaseModel->insert([...], false)
 8 SYSTEMPATH/BaseModel.php(659): CodeIgniter\Model->insert(Object(App\Entities\Volunteer), false)
 9 APPPATH/Controllers/Volunteers.php(37): CodeIgniter\BaseModel->save(Object(App\Entities\Volunteer))
10 SYSTEMPATH/CodeIgniter.php(927): App\Controllers\Volunteers->saveVolunteerForm('1')
11 SYSTEMPATH/CodeIgniter.php(482): CodeIgniter\CodeIgniter->runController(Object(App\Controllers\Volunteers))
12 SYSTEMPATH/CodeIgniter.php(351): CodeIgniter\CodeIgniter->handleRequest(null, Object(Config\Cache), false)
13 FCPATH/index.php(67): CodeIgniter\CodeIgniter->run()
ERROR - 2023-11-18 12:03:31 --> mysqli_sql_exception: Cannot add or update a child row: a foreign key constraint fails (`taskapp`.`volunteer`, CONSTRAINT `volunteer_event_id_foreign` FOREIGN KEY (`event_id`) REFERENCES `event` (`id`) ON DELETE CASCADE ON UPDATE CASCADE) in /var/www/html/system/Database/MySQLi/Connection.php:292
Stack trace:
#0 /var/www/html/system/Database/MySQLi/Connection.php(292): mysqli->query('INSERT INTO `vo...', 0)
#1 /var/www/html/system/Database/BaseConnection.php(666): CodeIgniter\Database\MySQLi\Connection->execute('INSERT INTO `vo...')
#2 /var/www/html/system/Database/BaseConnection.php(593): CodeIgniter\Database\BaseConnection->simpleQuery('INSERT INTO `vo...')
#3 /var/www/html/system/Database/BaseBuilder.php(1916): CodeIgniter\Database\BaseConnection->query('INSERT INTO `vo...', Array, false)
#4 /var/www/html/system/Model.php(279): CodeIgniter\Database\BaseBuilder->insert()
#5 /var/www/html/system/BaseModel.php(749): CodeIgniter\Model->doInsert(Array)
#6 /var/www/html/system/Model.php(667): CodeIgniter\BaseModel->insert(Array, false)
#7 /var/www/html/system/BaseModel.php(659): CodeIgniter\Model->insert(Object(App\Entities\Volunteer), false)
#8 /var/www/html/app/Controllers/Volunteers.php(40): CodeIgniter\BaseModel->save(Object(App\Entities\Volunteer))
#9 /var/www/html/system/CodeIgniter.php(927): App\Controllers\Volunteers->saveVolunteerForm('1')
#10 /var/www/html/system/CodeIgniter.php(482): CodeIgniter\CodeIgniter->runController(Object(App\Controllers\Volunteers))
#11 /var/www/html/system/CodeIgniter.php(351): CodeIgniter\CodeIgniter->handleRequest(NULL, Object(Config\Cache), false)
#12 /var/www/html/public/index.php(67): CodeIgniter\CodeIgniter->run()
#13 {main}
CRITICAL - 2023-11-18 12:03:31 --> Cannot add or update a child row: a foreign key constraint fails (`taskapp`.`volunteer`, CONSTRAINT `volunteer_event_id_foreign` FOREIGN KEY (`event_id`) REFERENCES `event` (`id`) ON DELETE CASCADE ON UPDATE CASCADE)
in SYSTEMPATH/Database/MySQLi/Connection.php on line 292.
 1 SYSTEMPATH/Database/MySQLi/Connection.php(292): mysqli->query('INSERT INTO `volunteer` (`name`, `phone`, `email`, `occupation`, `reason`, `created_at`, `updated_at`) VALUES (\'user\', \'12345678\', \'xx@gmail.com\', \'banking\', \'want to be volunteer\', \'2023-11-18 12:03:31\', \'2023-11-18 12:03:31\')', 0)
 2 SYSTEMPATH/Database/BaseConnection.php(666): CodeIgniter\Database\MySQLi\Connection->execute('INSERT INTO `volunteer` (`name`, `phone`, `email`, `occupation`, `reason`, `created_at`, `updated_at`) VALUES (\'user\', \'12345678\', \'xx@gmail.com\', \'banking\', \'want to be volunteer\', \'2023-11-18 12:03:31\', \'2023-11-18 12:03:31\')')
 3 SYSTEMPATH/Database/BaseConnection.php(593): CodeIgniter\Database\BaseConnection->simpleQuery('INSERT INTO `volunteer` (`name`, `phone`, `email`, `occupation`, `reason`, `created_at`, `updated_at`) VALUES (\'user\', \'12345678\', \'xx@gmail.com\', \'banking\', \'want to be volunteer\', \'2023-11-18 12:03:31\', \'2023-11-18 12:03:31\')')
 4 SYSTEMPATH/Database/BaseBuilder.php(1916): CodeIgniter\Database\BaseConnection->query('INSERT INTO `volunteer` (`name`, `phone`, `email`, `occupation`, `reason`, `created_at`, `updated_at`) VALUES (:name:, :phone:, :email:, :occupation:, :reason:, :created_at:, :updated_at:)', [...], false)
 5 SYSTEMPATH/Model.php(279): CodeIgniter\Database\BaseBuilder->insert()
 6 SYSTEMPATH/BaseModel.php(749): CodeIgniter\Model->doInsert([...])
 7 SYSTEMPATH/Model.php(667): CodeIgniter\BaseModel->insert([...], false)
 8 SYSTEMPATH/BaseModel.php(659): CodeIgniter\Model->insert(Object(App\Entities\Volunteer), false)
 9 APPPATH/Controllers/Volunteers.php(40): CodeIgniter\BaseModel->save(Object(App\Entities\Volunteer))
10 SYSTEMPATH/CodeIgniter.php(927): App\Controllers\Volunteers->saveVolunteerForm('1')
11 SYSTEMPATH/CodeIgniter.php(482): CodeIgniter\CodeIgniter->runController(Object(App\Controllers\Volunteers))
12 SYSTEMPATH/CodeIgniter.php(351): CodeIgniter\CodeIgniter->handleRequest(null, Object(Config\Cache), false)
13 FCPATH/index.php(67): CodeIgniter\CodeIgniter->run()
ERROR - 2023-11-18 12:03:34 --> mysqli_sql_exception: Cannot add or update a child row: a foreign key constraint fails (`taskapp`.`volunteer`, CONSTRAINT `volunteer_event_id_foreign` FOREIGN KEY (`event_id`) REFERENCES `event` (`id`) ON DELETE CASCADE ON UPDATE CASCADE) in /var/www/html/system/Database/MySQLi/Connection.php:292
Stack trace:
#0 /var/www/html/system/Database/MySQLi/Connection.php(292): mysqli->query('INSERT INTO `vo...', 0)
#1 /var/www/html/system/Database/BaseConnection.php(666): CodeIgniter\Database\MySQLi\Connection->execute('INSERT INTO `vo...')
#2 /var/www/html/system/Database/BaseConnection.php(593): CodeIgniter\Database\BaseConnection->simpleQuery('INSERT INTO `vo...')
#3 /var/www/html/system/Database/BaseBuilder.php(1916): CodeIgniter\Database\BaseConnection->query('INSERT INTO `vo...', Array, false)
#4 /var/www/html/system/Model.php(279): CodeIgniter\Database\BaseBuilder->insert()
#5 /var/www/html/system/BaseModel.php(749): CodeIgniter\Model->doInsert(Array)
#6 /var/www/html/system/Model.php(667): CodeIgniter\BaseModel->insert(Array, false)
#7 /var/www/html/system/BaseModel.php(659): CodeIgniter\Model->insert(Object(App\Entities\Volunteer), false)
#8 /var/www/html/app/Controllers/Volunteers.php(40): CodeIgniter\BaseModel->save(Object(App\Entities\Volunteer))
#9 /var/www/html/system/CodeIgniter.php(927): App\Controllers\Volunteers->saveVolunteerForm('1')
#10 /var/www/html/system/CodeIgniter.php(482): CodeIgniter\CodeIgniter->runController(Object(App\Controllers\Volunteers))
#11 /var/www/html/system/CodeIgniter.php(351): CodeIgniter\CodeIgniter->handleRequest(NULL, Object(Config\Cache), false)
#12 /var/www/html/public/index.php(67): CodeIgniter\CodeIgniter->run()
#13 {main}
CRITICAL - 2023-11-18 12:03:34 --> Cannot add or update a child row: a foreign key constraint fails (`taskapp`.`volunteer`, CONSTRAINT `volunteer_event_id_foreign` FOREIGN KEY (`event_id`) REFERENCES `event` (`id`) ON DELETE CASCADE ON UPDATE CASCADE)
in SYSTEMPATH/Database/MySQLi/Connection.php on line 292.
 1 SYSTEMPATH/Database/MySQLi/Connection.php(292): mysqli->query('INSERT INTO `volunteer` (`name`, `phone`, `email`, `occupation`, `reason`, `created_at`, `updated_at`) VALUES (\'user\', \'12345678\', \'xx@gmail.com\', \'banking\', \'want to be volunteer\', \'2023-11-18 12:03:34\', \'2023-11-18 12:03:34\')', 0)
 2 SYSTEMPATH/Database/BaseConnection.php(666): CodeIgniter\Database\MySQLi\Connection->execute('INSERT INTO `volunteer` (`name`, `phone`, `email`, `occupation`, `reason`, `created_at`, `updated_at`) VALUES (\'user\', \'12345678\', \'xx@gmail.com\', \'banking\', \'want to be volunteer\', \'2023-11-18 12:03:34\', \'2023-11-18 12:03:34\')')
 3 SYSTEMPATH/Database/BaseConnection.php(593): CodeIgniter\Database\BaseConnection->simpleQuery('INSERT INTO `volunteer` (`name`, `phone`, `email`, `occupation`, `reason`, `created_at`, `updated_at`) VALUES (\'user\', \'12345678\', \'xx@gmail.com\', \'banking\', \'want to be volunteer\', \'2023-11-18 12:03:34\', \'2023-11-18 12:03:34\')')
 4 SYSTEMPATH/Database/BaseBuilder.php(1916): CodeIgniter\Database\BaseConnection->query('INSERT INTO `volunteer` (`name`, `phone`, `email`, `occupation`, `reason`, `created_at`, `updated_at`) VALUES (:name:, :phone:, :email:, :occupation:, :reason:, :created_at:, :updated_at:)', [...], false)
 5 SYSTEMPATH/Model.php(279): CodeIgniter\Database\BaseBuilder->insert()
 6 SYSTEMPATH/BaseModel.php(749): CodeIgniter\Model->doInsert([...])
 7 SYSTEMPATH/Model.php(667): CodeIgniter\BaseModel->insert([...], false)
 8 SYSTEMPATH/BaseModel.php(659): CodeIgniter\Model->insert(Object(App\Entities\Volunteer), false)
 9 APPPATH/Controllers/Volunteers.php(40): CodeIgniter\BaseModel->save(Object(App\Entities\Volunteer))
10 SYSTEMPATH/CodeIgniter.php(927): App\Controllers\Volunteers->saveVolunteerForm('1')
11 SYSTEMPATH/CodeIgniter.php(482): CodeIgniter\CodeIgniter->runController(Object(App\Controllers\Volunteers))
12 SYSTEMPATH/CodeIgniter.php(351): CodeIgniter\CodeIgniter->handleRequest(null, Object(Config\Cache), false)
13 FCPATH/index.php(67): CodeIgniter\CodeIgniter->run()
ERROR - 2023-11-18 12:15:07 --> mysqli_sql_exception: Cannot add or update a child row: a foreign key constraint fails (`taskapp`.`volunteer`, CONSTRAINT `volunteer_event_id_foreign` FOREIGN KEY (`event_id`) REFERENCES `event` (`id`) ON DELETE CASCADE ON UPDATE CASCADE) in /var/www/html/system/Database/MySQLi/Connection.php:292
Stack trace:
#0 /var/www/html/system/Database/MySQLi/Connection.php(292): mysqli->query('INSERT INTO `vo...', 0)
#1 /var/www/html/system/Database/BaseConnection.php(666): CodeIgniter\Database\MySQLi\Connection->execute('INSERT INTO `vo...')
#2 /var/www/html/system/Database/BaseConnection.php(593): CodeIgniter\Database\BaseConnection->simpleQuery('INSERT INTO `vo...')
#3 /var/www/html/system/Database/BaseBuilder.php(1916): CodeIgniter\Database\BaseConnection->query('INSERT INTO `vo...', Array, false)
#4 /var/www/html/system/Model.php(279): CodeIgniter\Database\BaseBuilder->insert()
#5 /var/www/html/system/BaseModel.php(749): CodeIgniter\Model->doInsert(Array)
#6 /var/www/html/system/Model.php(667): CodeIgniter\BaseModel->insert(Array, false)
#7 /var/www/html/system/BaseModel.php(659): CodeIgniter\Model->insert(Object(App\Entities\Volunteer), false)
#8 /var/www/html/app/Controllers/Volunteers.php(37): CodeIgniter\BaseModel->save(Object(App\Entities\Volunteer))
#9 /var/www/html/system/CodeIgniter.php(927): App\Controllers\Volunteers->saveVolunteerForm('1')
#10 /var/www/html/system/CodeIgniter.php(482): CodeIgniter\CodeIgniter->runController(Object(App\Controllers\Volunteers))
#11 /var/www/html/system/CodeIgniter.php(351): CodeIgniter\CodeIgniter->handleRequest(NULL, Object(Config\Cache), false)
#12 /var/www/html/public/index.php(67): CodeIgniter\CodeIgniter->run()
#13 {main}
CRITICAL - 2023-11-18 12:15:07 --> Cannot add or update a child row: a foreign key constraint fails (`taskapp`.`volunteer`, CONSTRAINT `volunteer_event_id_foreign` FOREIGN KEY (`event_id`) REFERENCES `event` (`id`) ON DELETE CASCADE ON UPDATE CASCADE)
in SYSTEMPATH/Database/MySQLi/Connection.php on line 292.
 1 SYSTEMPATH/Database/MySQLi/Connection.php(292): mysqli->query('INSERT INTO `volunteer` (`name`, `phone`, `email`, `occupation`, `reason`, `created_at`, `updated_at`) VALUES (\'user\', \'12345678\', \'xx@gmail.com\', \'banking\', \'want to be volunteer\', \'2023-11-18 12:15:07\', \'2023-11-18 12:15:07\')', 0)
 2 SYSTEMPATH/Database/BaseConnection.php(666): CodeIgniter\Database\MySQLi\Connection->execute('INSERT INTO `volunteer` (`name`, `phone`, `email`, `occupation`, `reason`, `created_at`, `updated_at`) VALUES (\'user\', \'12345678\', \'xx@gmail.com\', \'banking\', \'want to be volunteer\', \'2023-11-18 12:15:07\', \'2023-11-18 12:15:07\')')
 3 SYSTEMPATH/Database/BaseConnection.php(593): CodeIgniter\Database\BaseConnection->simpleQuery('INSERT INTO `volunteer` (`name`, `phone`, `email`, `occupation`, `reason`, `created_at`, `updated_at`) VALUES (\'user\', \'12345678\', \'xx@gmail.com\', \'banking\', \'want to be volunteer\', \'2023-11-18 12:15:07\', \'2023-11-18 12:15:07\')')
 4 SYSTEMPATH/Database/BaseBuilder.php(1916): CodeIgniter\Database\BaseConnection->query('INSERT INTO `volunteer` (`name`, `phone`, `email`, `occupation`, `reason`, `created_at`, `updated_at`) VALUES (:name:, :phone:, :email:, :occupation:, :reason:, :created_at:, :updated_at:)', [...], false)
 5 SYSTEMPATH/Model.php(279): CodeIgniter\Database\BaseBuilder->insert()
 6 SYSTEMPATH/BaseModel.php(749): CodeIgniter\Model->doInsert([...])
 7 SYSTEMPATH/Model.php(667): CodeIgniter\BaseModel->insert([...], false)
 8 SYSTEMPATH/BaseModel.php(659): CodeIgniter\Model->insert(Object(App\Entities\Volunteer), false)
 9 APPPATH/Controllers/Volunteers.php(37): CodeIgniter\BaseModel->save(Object(App\Entities\Volunteer))
10 SYSTEMPATH/CodeIgniter.php(927): App\Controllers\Volunteers->saveVolunteerForm('1')
11 SYSTEMPATH/CodeIgniter.php(482): CodeIgniter\CodeIgniter->runController(Object(App\Controllers\Volunteers))
12 SYSTEMPATH/CodeIgniter.php(351): CodeIgniter\CodeIgniter->handleRequest(null, Object(Config\Cache), false)
13 FCPATH/index.php(67): CodeIgniter\CodeIgniter->run()
ERROR - 2023-11-18 12:16:41 --> mysqli_sql_exception: Cannot add or update a child row: a foreign key constraint fails (`taskapp`.`volunteer`, CONSTRAINT `volunteer_event_id_foreign` FOREIGN KEY (`event_id`) REFERENCES `event` (`id`) ON DELETE CASCADE ON UPDATE CASCADE) in /var/www/html/system/Database/MySQLi/Connection.php:292
Stack trace:
#0 /var/www/html/system/Database/MySQLi/Connection.php(292): mysqli->query('INSERT INTO `vo...', 0)
#1 /var/www/html/system/Database/BaseConnection.php(666): CodeIgniter\Database\MySQLi\Connection->execute('INSERT INTO `vo...')
#2 /var/www/html/system/Database/BaseConnection.php(593): CodeIgniter\Database\BaseConnection->simpleQuery('INSERT INTO `vo...')
#3 /var/www/html/system/Database/BaseBuilder.php(1916): CodeIgniter\Database\BaseConnection->query('INSERT INTO `vo...', Array, false)
#4 /var/www/html/system/Model.php(279): CodeIgniter\Database\BaseBuilder->insert()
#5 /var/www/html/system/BaseModel.php(749): CodeIgniter\Model->doInsert(Array)
#6 /var/www/html/system/Model.php(667): CodeIgniter\BaseModel->insert(Array, false)
#7 /var/www/html/system/BaseModel.php(659): CodeIgniter\Model->insert(Object(App\Entities\Volunteer), false)
#8 /var/www/html/app/Controllers/Volunteers.php(39): CodeIgniter\BaseModel->save(Object(App\Entities\Volunteer))
#9 /var/www/html/system/CodeIgniter.php(927): App\Controllers\Volunteers->saveVolunteerForm('1')
#10 /var/www/html/system/CodeIgniter.php(482): CodeIgniter\CodeIgniter->runController(Object(App\Controllers\Volunteers))
#11 /var/www/html/system/CodeIgniter.php(351): CodeIgniter\CodeIgniter->handleRequest(NULL, Object(Config\Cache), false)
#12 /var/www/html/public/index.php(67): CodeIgniter\CodeIgniter->run()
#13 {main}
CRITICAL - 2023-11-18 12:16:41 --> Cannot add or update a child row: a foreign key constraint fails (`taskapp`.`volunteer`, CONSTRAINT `volunteer_event_id_foreign` FOREIGN KEY (`event_id`) REFERENCES `event` (`id`) ON DELETE CASCADE ON UPDATE CASCADE)
in SYSTEMPATH/Database/MySQLi/Connection.php on line 292.
 1 SYSTEMPATH/Database/MySQLi/Connection.php(292): mysqli->query('INSERT INTO `volunteer` (`name`, `phone`, `email`, `occupation`, `reason`, `created_at`, `updated_at`) VALUES (\'user\', \'12345678\', \'xx@gmail.com\', \'banking\', \'want to be volunteer\', \'2023-11-18 12:16:41\', \'2023-11-18 12:16:41\')', 0)
 2 SYSTEMPATH/Database/BaseConnection.php(666): CodeIgniter\Database\MySQLi\Connection->execute('INSERT INTO `volunteer` (`name`, `phone`, `email`, `occupation`, `reason`, `created_at`, `updated_at`) VALUES (\'user\', \'12345678\', \'xx@gmail.com\', \'banking\', \'want to be volunteer\', \'2023-11-18 12:16:41\', \'2023-11-18 12:16:41\')')
 3 SYSTEMPATH/Database/BaseConnection.php(593): CodeIgniter\Database\BaseConnection->simpleQuery('INSERT INTO `volunteer` (`name`, `phone`, `email`, `occupation`, `reason`, `created_at`, `updated_at`) VALUES (\'user\', \'12345678\', \'xx@gmail.com\', \'banking\', \'want to be volunteer\', \'2023-11-18 12:16:41\', \'2023-11-18 12:16:41\')')
 4 SYSTEMPATH/Database/BaseBuilder.php(1916): CodeIgniter\Database\BaseConnection->query('INSERT INTO `volunteer` (`name`, `phone`, `email`, `occupation`, `reason`, `created_at`, `updated_at`) VALUES (:name:, :phone:, :email:, :occupation:, :reason:, :created_at:, :updated_at:)', [...], false)
 5 SYSTEMPATH/Model.php(279): CodeIgniter\Database\BaseBuilder->insert()
 6 SYSTEMPATH/BaseModel.php(749): CodeIgniter\Model->doInsert([...])
 7 SYSTEMPATH/Model.php(667): CodeIgniter\BaseModel->insert([...], false)
 8 SYSTEMPATH/BaseModel.php(659): CodeIgniter\Model->insert(Object(App\Entities\Volunteer), false)
 9 APPPATH/Controllers/Volunteers.php(39): CodeIgniter\BaseModel->save(Object(App\Entities\Volunteer))
10 SYSTEMPATH/CodeIgniter.php(927): App\Controllers\Volunteers->saveVolunteerForm('1')
11 SYSTEMPATH/CodeIgniter.php(482): CodeIgniter\CodeIgniter->runController(Object(App\Controllers\Volunteers))
12 SYSTEMPATH/CodeIgniter.php(351): CodeIgniter\CodeIgniter->handleRequest(null, Object(Config\Cache), false)
13 FCPATH/index.php(67): CodeIgniter\CodeIgniter->run()
ERROR - 2023-11-18 12:18:07 --> mysqli_sql_exception: Cannot add or update a child row: a foreign key constraint fails (`taskapp`.`volunteer`, CONSTRAINT `volunteer_event_id_foreign` FOREIGN KEY (`event_id`) REFERENCES `event` (`id`) ON DELETE CASCADE ON UPDATE CASCADE) in /var/www/html/system/Database/MySQLi/Connection.php:292
Stack trace:
#0 /var/www/html/system/Database/MySQLi/Connection.php(292): mysqli->query('INSERT INTO `vo...', 0)
#1 /var/www/html/system/Database/BaseConnection.php(666): CodeIgniter\Database\MySQLi\Connection->execute('INSERT INTO `vo...')
#2 /var/www/html/system/Database/BaseConnection.php(593): CodeIgniter\Database\BaseConnection->simpleQuery('INSERT INTO `vo...')
#3 /var/www/html/system/Database/BaseBuilder.php(1916): CodeIgniter\Database\BaseConnection->query('INSERT INTO `vo...', Array, false)
#4 /var/www/html/system/Model.php(279): CodeIgniter\Database\BaseBuilder->insert()
#5 /var/www/html/system/BaseModel.php(749): CodeIgniter\Model->doInsert(Array)
#6 /var/www/html/system/Model.php(667): CodeIgniter\BaseModel->insert(Array, false)
#7 /var/www/html/system/BaseModel.php(659): CodeIgniter\Model->insert(Object(App\Entities\Volunteer), false)
#8 /var/www/html/app/Controllers/Volunteers.php(39): CodeIgniter\BaseModel->save(Object(App\Entities\Volunteer))
#9 /var/www/html/system/CodeIgniter.php(927): App\Controllers\Volunteers->saveVolunteerForm('1')
#10 /var/www/html/system/CodeIgniter.php(482): CodeIgniter\CodeIgniter->runController(Object(App\Controllers\Volunteers))
#11 /var/www/html/system/CodeIgniter.php(351): CodeIgniter\CodeIgniter->handleRequest(NULL, Object(Config\Cache), false)
#12 /var/www/html/public/index.php(67): CodeIgniter\CodeIgniter->run()
#13 {main}
CRITICAL - 2023-11-18 12:18:07 --> Cannot add or update a child row: a foreign key constraint fails (`taskapp`.`volunteer`, CONSTRAINT `volunteer_event_id_foreign` FOREIGN KEY (`event_id`) REFERENCES `event` (`id`) ON DELETE CASCADE ON UPDATE CASCADE)
in SYSTEMPATH/Database/MySQLi/Connection.php on line 292.
 1 SYSTEMPATH/Database/MySQLi/Connection.php(292): mysqli->query('INSERT INTO `volunteer` (`name`, `phone`, `email`, `occupation`, `reason`, `created_at`, `updated_at`) VALUES (\'user\', \'12345678\', \'xx@gmail.com\', \'banking\', \'want to be volunteer\', \'2023-11-18 12:18:07\', \'2023-11-18 12:18:07\')', 0)
 2 SYSTEMPATH/Database/BaseConnection.php(666): CodeIgniter\Database\MySQLi\Connection->execute('INSERT INTO `volunteer` (`name`, `phone`, `email`, `occupation`, `reason`, `created_at`, `updated_at`) VALUES (\'user\', \'12345678\', \'xx@gmail.com\', \'banking\', \'want to be volunteer\', \'2023-11-18 12:18:07\', \'2023-11-18 12:18:07\')')
 3 SYSTEMPATH/Database/BaseConnection.php(593): CodeIgniter\Database\BaseConnection->simpleQuery('INSERT INTO `volunteer` (`name`, `phone`, `email`, `occupation`, `reason`, `created_at`, `updated_at`) VALUES (\'user\', \'12345678\', \'xx@gmail.com\', \'banking\', \'want to be volunteer\', \'2023-11-18 12:18:07\', \'2023-11-18 12:18:07\')')
 4 SYSTEMPATH/Database/BaseBuilder.php(1916): CodeIgniter\Database\BaseConnection->query('INSERT INTO `volunteer` (`name`, `phone`, `email`, `occupation`, `reason`, `created_at`, `updated_at`) VALUES (:name:, :phone:, :email:, :occupation:, :reason:, :created_at:, :updated_at:)', [...], false)
 5 SYSTEMPATH/Model.php(279): CodeIgniter\Database\BaseBuilder->insert()
 6 SYSTEMPATH/BaseModel.php(749): CodeIgniter\Model->doInsert([...])
 7 SYSTEMPATH/Model.php(667): CodeIgniter\BaseModel->insert([...], false)
 8 SYSTEMPATH/BaseModel.php(659): CodeIgniter\Model->insert(Object(App\Entities\Volunteer), false)
 9 APPPATH/Controllers/Volunteers.php(39): CodeIgniter\BaseModel->save(Object(App\Entities\Volunteer))
10 SYSTEMPATH/CodeIgniter.php(927): App\Controllers\Volunteers->saveVolunteerForm('1')
11 SYSTEMPATH/CodeIgniter.php(482): CodeIgniter\CodeIgniter->runController(Object(App\Controllers\Volunteers))
12 SYSTEMPATH/CodeIgniter.php(351): CodeIgniter\CodeIgniter->handleRequest(null, Object(Config\Cache), false)
13 FCPATH/index.php(67): CodeIgniter\CodeIgniter->run()
ERROR - 2023-11-18 12:20:13 --> mysqli_sql_exception: Cannot add or update a child row: a foreign key constraint fails (`taskapp`.`volunteer`, CONSTRAINT `volunteer_event_id_foreign` FOREIGN KEY (`event_id`) REFERENCES `event` (`id`) ON DELETE CASCADE ON UPDATE CASCADE) in /var/www/html/system/Database/MySQLi/Connection.php:292
Stack trace:
#0 /var/www/html/system/Database/MySQLi/Connection.php(292): mysqli->query('INSERT INTO `vo...', 0)
#1 /var/www/html/system/Database/BaseConnection.php(666): CodeIgniter\Database\MySQLi\Connection->execute('INSERT INTO `vo...')
#2 /var/www/html/system/Database/BaseConnection.php(593): CodeIgniter\Database\BaseConnection->simpleQuery('INSERT INTO `vo...')
#3 /var/www/html/system/Database/BaseBuilder.php(1916): CodeIgniter\Database\BaseConnection->query('INSERT INTO `vo...', Array, false)
#4 /var/www/html/system/Model.php(279): CodeIgniter\Database\BaseBuilder->insert()
#5 /var/www/html/system/BaseModel.php(749): CodeIgniter\Model->doInsert(Array)
#6 /var/www/html/system/Model.php(667): CodeIgniter\BaseModel->insert(Array, false)
#7 /var/www/html/system/BaseModel.php(659): CodeIgniter\Model->insert(Object(App\Entities\Volunteer), false)
#8 /var/www/html/app/Controllers/Volunteers.php(37): CodeIgniter\BaseModel->save(Object(App\Entities\Volunteer))
#9 /var/www/html/system/CodeIgniter.php(927): App\Controllers\Volunteers->saveVolunteerForm('1')
#10 /var/www/html/system/CodeIgniter.php(482): CodeIgniter\CodeIgniter->runController(Object(App\Controllers\Volunteers))
#11 /var/www/html/system/CodeIgniter.php(351): CodeIgniter\CodeIgniter->handleRequest(NULL, Object(Config\Cache), false)
#12 /var/www/html/public/index.php(67): CodeIgniter\CodeIgniter->run()
#13 {main}
CRITICAL - 2023-11-18 12:20:13 --> Cannot add or update a child row: a foreign key constraint fails (`taskapp`.`volunteer`, CONSTRAINT `volunteer_event_id_foreign` FOREIGN KEY (`event_id`) REFERENCES `event` (`id`) ON DELETE CASCADE ON UPDATE CASCADE)
in SYSTEMPATH/Database/MySQLi/Connection.php on line 292.
 1 SYSTEMPATH/Database/MySQLi/Connection.php(292): mysqli->query('INSERT INTO `volunteer` (`name`, `phone`, `email`, `occupation`, `reason`, `created_at`, `updated_at`) VALUES (\'user\', \'12345678\', \'xx@gmail.com\', \'banking\', \'i wanna be volunteer\', \'2023-11-18 12:20:13\', \'2023-11-18 12:20:13\')', 0)
 2 SYSTEMPATH/Database/BaseConnection.php(666): CodeIgniter\Database\MySQLi\Connection->execute('INSERT INTO `volunteer` (`name`, `phone`, `email`, `occupation`, `reason`, `created_at`, `updated_at`) VALUES (\'user\', \'12345678\', \'xx@gmail.com\', \'banking\', \'i wanna be volunteer\', \'2023-11-18 12:20:13\', \'2023-11-18 12:20:13\')')
 3 SYSTEMPATH/Database/BaseConnection.php(593): CodeIgniter\Database\BaseConnection->simpleQuery('INSERT INTO `volunteer` (`name`, `phone`, `email`, `occupation`, `reason`, `created_at`, `updated_at`) VALUES (\'user\', \'12345678\', \'xx@gmail.com\', \'banking\', \'i wanna be volunteer\', \'2023-11-18 12:20:13\', \'2023-11-18 12:20:13\')')
 4 SYSTEMPATH/Database/BaseBuilder.php(1916): CodeIgniter\Database\BaseConnection->query('INSERT INTO `volunteer` (`name`, `phone`, `email`, `occupation`, `reason`, `created_at`, `updated_at`) VALUES (:name:, :phone:, :email:, :occupation:, :reason:, :created_at:, :updated_at:)', [...], false)
 5 SYSTEMPATH/Model.php(279): CodeIgniter\Database\BaseBuilder->insert()
 6 SYSTEMPATH/BaseModel.php(749): CodeIgniter\Model->doInsert([...])
 7 SYSTEMPATH/Model.php(667): CodeIgniter\BaseModel->insert([...], false)
 8 SYSTEMPATH/BaseModel.php(659): CodeIgniter\Model->insert(Object(App\Entities\Volunteer), false)
 9 APPPATH/Controllers/Volunteers.php(37): CodeIgniter\BaseModel->save(Object(App\Entities\Volunteer))
10 SYSTEMPATH/CodeIgniter.php(927): App\Controllers\Volunteers->saveVolunteerForm('1')
11 SYSTEMPATH/CodeIgniter.php(482): CodeIgniter\CodeIgniter->runController(Object(App\Controllers\Volunteers))
12 SYSTEMPATH/CodeIgniter.php(351): CodeIgniter\CodeIgniter->handleRequest(null, Object(Config\Cache), false)
13 FCPATH/index.php(67): CodeIgniter\CodeIgniter->run()
ERROR - 2023-11-18 12:22:07 --> mysqli_sql_exception: Cannot add or update a child row: a foreign key constraint fails (`taskapp`.`volunteer`, CONSTRAINT `volunteer_event_id_foreign` FOREIGN KEY (`event_id`) REFERENCES `event` (`id`) ON DELETE CASCADE ON UPDATE CASCADE) in /var/www/html/system/Database/MySQLi/Connection.php:292
Stack trace:
#0 /var/www/html/system/Database/MySQLi/Connection.php(292): mysqli->query('INSERT INTO `vo...', 0)
#1 /var/www/html/system/Database/BaseConnection.php(666): CodeIgniter\Database\MySQLi\Connection->execute('INSERT INTO `vo...')
#2 /var/www/html/system/Database/BaseConnection.php(593): CodeIgniter\Database\BaseConnection->simpleQuery('INSERT INTO `vo...')
#3 /var/www/html/system/Database/BaseBuilder.php(1916): CodeIgniter\Database\BaseConnection->query('INSERT INTO `vo...', Array, false)
#4 /var/www/html/system/Model.php(279): CodeIgniter\Database\BaseBuilder->insert()
#5 /var/www/html/system/BaseModel.php(749): CodeIgniter\Model->doInsert(Array)
#6 /var/www/html/system/Model.php(667): CodeIgniter\BaseModel->insert(Array, false)
#7 /var/www/html/system/BaseModel.php(659): CodeIgniter\Model->insert(Object(App\Entities\Volunteer), false)
#8 /var/www/html/app/Controllers/Volunteers.php(37): CodeIgniter\BaseModel->save(Object(App\Entities\Volunteer))
#9 /var/www/html/system/CodeIgniter.php(927): App\Controllers\Volunteers->saveVolunteerForm('1')
#10 /var/www/html/system/CodeIgniter.php(482): CodeIgniter\CodeIgniter->runController(Object(App\Controllers\Volunteers))
#11 /var/www/html/system/CodeIgniter.php(351): CodeIgniter\CodeIgniter->handleRequest(NULL, Object(Config\Cache), false)
#12 /var/www/html/public/index.php(67): CodeIgniter\CodeIgniter->run()
#13 {main}
CRITICAL - 2023-11-18 12:22:07 --> Cannot add or update a child row: a foreign key constraint fails (`taskapp`.`volunteer`, CONSTRAINT `volunteer_event_id_foreign` FOREIGN KEY (`event_id`) REFERENCES `event` (`id`) ON DELETE CASCADE ON UPDATE CASCADE)
in SYSTEMPATH/Database/MySQLi/Connection.php on line 292.
 1 SYSTEMPATH/Database/MySQLi/Connection.php(292): mysqli->query('INSERT INTO `volunteer` (`name`, `phone`, `email`, `occupation`, `reason`, `created_at`, `updated_at`) VALUES (\'user\', \'12345678\', \'xx@gmail.com\', \'banking\', \'i wanna be volunteer\', \'2023-11-18 12:22:07\', \'2023-11-18 12:22:07\')', 0)
 2 SYSTEMPATH/Database/BaseConnection.php(666): CodeIgniter\Database\MySQLi\Connection->execute('INSERT INTO `volunteer` (`name`, `phone`, `email`, `occupation`, `reason`, `created_at`, `updated_at`) VALUES (\'user\', \'12345678\', \'xx@gmail.com\', \'banking\', \'i wanna be volunteer\', \'2023-11-18 12:22:07\', \'2023-11-18 12:22:07\')')
 3 SYSTEMPATH/Database/BaseConnection.php(593): CodeIgniter\Database\BaseConnection->simpleQuery('INSERT INTO `volunteer` (`name`, `phone`, `email`, `occupation`, `reason`, `created_at`, `updated_at`) VALUES (\'user\', \'12345678\', \'xx@gmail.com\', \'banking\', \'i wanna be volunteer\', \'2023-11-18 12:22:07\', \'2023-11-18 12:22:07\')')
 4 SYSTEMPATH/Database/BaseBuilder.php(1916): CodeIgniter\Database\BaseConnection->query('INSERT INTO `volunteer` (`name`, `phone`, `email`, `occupation`, `reason`, `created_at`, `updated_at`) VALUES (:name:, :phone:, :email:, :occupation:, :reason:, :created_at:, :updated_at:)', [...], false)
 5 SYSTEMPATH/Model.php(279): CodeIgniter\Database\BaseBuilder->insert()
 6 SYSTEMPATH/BaseModel.php(749): CodeIgniter\Model->doInsert([...])
 7 SYSTEMPATH/Model.php(667): CodeIgniter\BaseModel->insert([...], false)
 8 SYSTEMPATH/BaseModel.php(659): CodeIgniter\Model->insert(Object(App\Entities\Volunteer), false)
 9 APPPATH/Controllers/Volunteers.php(37): CodeIgniter\BaseModel->save(Object(App\Entities\Volunteer))
10 SYSTEMPATH/CodeIgniter.php(927): App\Controllers\Volunteers->saveVolunteerForm('1')
11 SYSTEMPATH/CodeIgniter.php(482): CodeIgniter\CodeIgniter->runController(Object(App\Controllers\Volunteers))
12 SYSTEMPATH/CodeIgniter.php(351): CodeIgniter\CodeIgniter->handleRequest(null, Object(Config\Cache), false)
13 FCPATH/index.php(67): CodeIgniter\CodeIgniter->run()
ERROR - 2023-11-18 12:31:32 --> mysqli_sql_exception: Cannot add or update a child row: a foreign key constraint fails (`taskapp`.`volunteer`, CONSTRAINT `volunteer_event_id_foreign` FOREIGN KEY (`event_id`) REFERENCES `event` (`id`) ON DELETE CASCADE ON UPDATE CASCADE) in /var/www/html/system/Database/MySQLi/Connection.php:292
Stack trace:
#0 /var/www/html/system/Database/MySQLi/Connection.php(292): mysqli->query('INSERT INTO `vo...', 0)
#1 /var/www/html/system/Database/BaseConnection.php(666): CodeIgniter\Database\MySQLi\Connection->execute('INSERT INTO `vo...')
#2 /var/www/html/system/Database/BaseConnection.php(593): CodeIgniter\Database\BaseConnection->simpleQuery('INSERT INTO `vo...')
#3 /var/www/html/system/Database/BaseBuilder.php(1916): CodeIgniter\Database\BaseConnection->query('INSERT INTO `vo...', Array, false)
#4 /var/www/html/system/Model.php(279): CodeIgniter\Database\BaseBuilder->insert()
#5 /var/www/html/system/BaseModel.php(749): CodeIgniter\Model->doInsert(Array)
#6 /var/www/html/system/Model.php(667): CodeIgniter\BaseModel->insert(Array, false)
#7 /var/www/html/system/BaseModel.php(659): CodeIgniter\Model->insert(Object(App\Entities\Volunteer), false)
#8 /var/www/html/app/Controllers/Volunteers.php(37): CodeIgniter\BaseModel->save(Object(App\Entities\Volunteer))
#9 /var/www/html/system/CodeIgniter.php(927): App\Controllers\Volunteers->saveVolunteerForm('1')
#10 /var/www/html/system/CodeIgniter.php(482): CodeIgniter\CodeIgniter->runController(Object(App\Controllers\Volunteers))
#11 /var/www/html/system/CodeIgniter.php(351): CodeIgniter\CodeIgniter->handleRequest(NULL, Object(Config\Cache), false)
#12 /var/www/html/public/index.php(67): CodeIgniter\CodeIgniter->run()
#13 {main}
CRITICAL - 2023-11-18 12:31:32 --> Cannot add or update a child row: a foreign key constraint fails (`taskapp`.`volunteer`, CONSTRAINT `volunteer_event_id_foreign` FOREIGN KEY (`event_id`) REFERENCES `event` (`id`) ON DELETE CASCADE ON UPDATE CASCADE)
in SYSTEMPATH/Database/MySQLi/Connection.php on line 292.
 1 SYSTEMPATH/Database/MySQLi/Connection.php(292): mysqli->query('INSERT INTO `volunteer` (`name`, `phone`, `email`, `occupation`, `reason`, `created_at`, `updated_at`) VALUES (\'user\', \'12345678\', \'xx@gmail.com\', \'banking\', \'i love events\', \'2023-11-18 12:31:32\', \'2023-11-18 12:31:32\')', 0)
 2 SYSTEMPATH/Database/BaseConnection.php(666): CodeIgniter\Database\MySQLi\Connection->execute('INSERT INTO `volunteer` (`name`, `phone`, `email`, `occupation`, `reason`, `created_at`, `updated_at`) VALUES (\'user\', \'12345678\', \'xx@gmail.com\', \'banking\', \'i love events\', \'2023-11-18 12:31:32\', \'2023-11-18 12:31:32\')')
 3 SYSTEMPATH/Database/BaseConnection.php(593): CodeIgniter\Database\BaseConnection->simpleQuery('INSERT INTO `volunteer` (`name`, `phone`, `email`, `occupation`, `reason`, `created_at`, `updated_at`) VALUES (\'user\', \'12345678\', \'xx@gmail.com\', \'banking\', \'i love events\', \'2023-11-18 12:31:32\', \'2023-11-18 12:31:32\')')
 4 SYSTEMPATH/Database/BaseBuilder.php(1916): CodeIgniter\Database\BaseConnection->query('INSERT INTO `volunteer` (`name`, `phone`, `email`, `occupation`, `reason`, `created_at`, `updated_at`) VALUES (:name:, :phone:, :email:, :occupation:, :reason:, :created_at:, :updated_at:)', [...], false)
 5 SYSTEMPATH/Model.php(279): CodeIgniter\Database\BaseBuilder->insert()
 6 SYSTEMPATH/BaseModel.php(749): CodeIgniter\Model->doInsert([...])
 7 SYSTEMPATH/Model.php(667): CodeIgniter\BaseModel->insert([...], false)
 8 SYSTEMPATH/BaseModel.php(659): CodeIgniter\Model->insert(Object(App\Entities\Volunteer), false)
 9 APPPATH/Controllers/Volunteers.php(37): CodeIgniter\BaseModel->save(Object(App\Entities\Volunteer))
10 SYSTEMPATH/CodeIgniter.php(927): App\Controllers\Volunteers->saveVolunteerForm('1')
11 SYSTEMPATH/CodeIgniter.php(482): CodeIgniter\CodeIgniter->runController(Object(App\Controllers\Volunteers))
12 SYSTEMPATH/CodeIgniter.php(351): CodeIgniter\CodeIgniter->handleRequest(null, Object(Config\Cache), false)
13 FCPATH/index.php(67): CodeIgniter\CodeIgniter->run()
ERROR - 2023-11-18 12:39:27 --> mysqli_sql_exception: Cannot add or update a child row: a foreign key constraint fails (`taskapp`.`volunteer`, CONSTRAINT `volunteer_event_id_foreign` FOREIGN KEY (`event_id`) REFERENCES `event` (`id`) ON DELETE CASCADE ON UPDATE CASCADE) in /var/www/html/system/Database/MySQLi/Connection.php:292
Stack trace:
#0 /var/www/html/system/Database/MySQLi/Connection.php(292): mysqli->query('INSERT INTO `vo...', 0)
#1 /var/www/html/system/Database/BaseConnection.php(666): CodeIgniter\Database\MySQLi\Connection->execute('INSERT INTO `vo...')
#2 /var/www/html/system/Database/BaseConnection.php(593): CodeIgniter\Database\BaseConnection->simpleQuery('INSERT INTO `vo...')
#3 /var/www/html/system/Database/BaseBuilder.php(1916): CodeIgniter\Database\BaseConnection->query('INSERT INTO `vo...', Array, false)
#4 /var/www/html/system/Model.php(279): CodeIgniter\Database\BaseBuilder->insert()
#5 /var/www/html/system/BaseModel.php(749): CodeIgniter\Model->doInsert(Array)
#6 /var/www/html/system/Model.php(667): CodeIgniter\BaseModel->insert(Array, false)
#7 /var/www/html/system/BaseModel.php(659): CodeIgniter\Model->insert(Object(App\Entities\Volunteer), false)
#8 /var/www/html/app/Controllers/Volunteers.php(37): CodeIgniter\BaseModel->save(Object(App\Entities\Volunteer))
#9 /var/www/html/system/CodeIgniter.php(927): App\Controllers\Volunteers->saveVolunteerForm('1')
#10 /var/www/html/system/CodeIgniter.php(482): CodeIgniter\CodeIgniter->runController(Object(App\Controllers\Volunteers))
#11 /var/www/html/system/CodeIgniter.php(351): CodeIgniter\CodeIgniter->handleRequest(NULL, Object(Config\Cache), false)
#12 /var/www/html/public/index.php(67): CodeIgniter\CodeIgniter->run()
#13 {main}
CRITICAL - 2023-11-18 12:39:27 --> Cannot add or update a child row: a foreign key constraint fails (`taskapp`.`volunteer`, CONSTRAINT `volunteer_event_id_foreign` FOREIGN KEY (`event_id`) REFERENCES `event` (`id`) ON DELETE CASCADE ON UPDATE CASCADE)
in SYSTEMPATH/Database/MySQLi/Connection.php on line 292.
 1 SYSTEMPATH/Database/MySQLi/Connection.php(292): mysqli->query('INSERT INTO `volunteer` (`name`, `phone`, `email`, `occupation`, `reason`, `created_at`, `updated_at`) VALUES (\'user\', \'12345678\', \'xx@gmail.com\', \'banking\', \'yeaa\', \'2023-11-18 12:39:27\', \'2023-11-18 12:39:27\')', 0)
 2 SYSTEMPATH/Database/BaseConnection.php(666): CodeIgniter\Database\MySQLi\Connection->execute('INSERT INTO `volunteer` (`name`, `phone`, `email`, `occupation`, `reason`, `created_at`, `updated_at`) VALUES (\'user\', \'12345678\', \'xx@gmail.com\', \'banking\', \'yeaa\', \'2023-11-18 12:39:27\', \'2023-11-18 12:39:27\')')
 3 SYSTEMPATH/Database/BaseConnection.php(593): CodeIgniter\Database\BaseConnection->simpleQuery('INSERT INTO `volunteer` (`name`, `phone`, `email`, `occupation`, `reason`, `created_at`, `updated_at`) VALUES (\'user\', \'12345678\', \'xx@gmail.com\', \'banking\', \'yeaa\', \'2023-11-18 12:39:27\', \'2023-11-18 12:39:27\')')
 4 SYSTEMPATH/Database/BaseBuilder.php(1916): CodeIgniter\Database\BaseConnection->query('INSERT INTO `volunteer` (`name`, `phone`, `email`, `occupation`, `reason`, `created_at`, `updated_at`) VALUES (:name:, :phone:, :email:, :occupation:, :reason:, :created_at:, :updated_at:)', [...], false)
 5 SYSTEMPATH/Model.php(279): CodeIgniter\Database\BaseBuilder->insert()
 6 SYSTEMPATH/BaseModel.php(749): CodeIgniter\Model->doInsert([...])
 7 SYSTEMPATH/Model.php(667): CodeIgniter\BaseModel->insert([...], false)
 8 SYSTEMPATH/BaseModel.php(659): CodeIgniter\Model->insert(Object(App\Entities\Volunteer), false)
 9 APPPATH/Controllers/Volunteers.php(37): CodeIgniter\BaseModel->save(Object(App\Entities\Volunteer))
10 SYSTEMPATH/CodeIgniter.php(927): App\Controllers\Volunteers->saveVolunteerForm('1')
11 SYSTEMPATH/CodeIgniter.php(482): CodeIgniter\CodeIgniter->runController(Object(App\Controllers\Volunteers))
12 SYSTEMPATH/CodeIgniter.php(351): CodeIgniter\CodeIgniter->handleRequest(null, Object(Config\Cache), false)
13 FCPATH/index.php(67): CodeIgniter\CodeIgniter->run()
ERROR - 2023-11-18 12:51:21 --> mysqli_sql_exception: Cannot add or update a child row: a foreign key constraint fails (`taskapp`.`volunteer`, CONSTRAINT `volunteer_event_id_foreign` FOREIGN KEY (`event_id`) REFERENCES `event` (`id`) ON DELETE CASCADE ON UPDATE CASCADE) in /var/www/html/system/Database/MySQLi/Connection.php:292
Stack trace:
#0 /var/www/html/system/Database/MySQLi/Connection.php(292): mysqli->query('INSERT INTO `vo...', 0)
#1 /var/www/html/system/Database/BaseConnection.php(666): CodeIgniter\Database\MySQLi\Connection->execute('INSERT INTO `vo...')
#2 /var/www/html/system/Database/BaseConnection.php(593): CodeIgniter\Database\BaseConnection->simpleQuery('INSERT INTO `vo...')
#3 /var/www/html/system/Database/BaseBuilder.php(1916): CodeIgniter\Database\BaseConnection->query('INSERT INTO `vo...', Array, false)
#4 /var/www/html/system/Model.php(279): CodeIgniter\Database\BaseBuilder->insert()
#5 /var/www/html/system/BaseModel.php(749): CodeIgniter\Model->doInsert(Array)
#6 /var/www/html/system/Model.php(667): CodeIgniter\BaseModel->insert(Array, false)
#7 /var/www/html/system/BaseModel.php(659): CodeIgniter\Model->insert(Object(App\Entities\Volunteer), false)
#8 /var/www/html/app/Controllers/Volunteers.php(37): CodeIgniter\BaseModel->save(Object(App\Entities\Volunteer))
#9 /var/www/html/system/CodeIgniter.php(927): App\Controllers\Volunteers->saveVolunteerForm('1')
#10 /var/www/html/system/CodeIgniter.php(482): CodeIgniter\CodeIgniter->runController(Object(App\Controllers\Volunteers))
#11 /var/www/html/system/CodeIgniter.php(351): CodeIgniter\CodeIgniter->handleRequest(NULL, Object(Config\Cache), false)
#12 /var/www/html/public/index.php(67): CodeIgniter\CodeIgniter->run()
#13 {main}
CRITICAL - 2023-11-18 12:51:21 --> Cannot add or update a child row: a foreign key constraint fails (`taskapp`.`volunteer`, CONSTRAINT `volunteer_event_id_foreign` FOREIGN KEY (`event_id`) REFERENCES `event` (`id`) ON DELETE CASCADE ON UPDATE CASCADE)
in SYSTEMPATH/Database/MySQLi/Connection.php on line 292.
 1 SYSTEMPATH/Database/MySQLi/Connection.php(292): mysqli->query('INSERT INTO `volunteer` (`name`, `phone`, `email`, `occupation`, `reason`, `created_at`, `updated_at`) VALUES (\'user\', \'12345678\', \'xx@gmail.com\', \'banking\', \'yeaa\', \'2023-11-18 12:51:21\', \'2023-11-18 12:51:21\')', 0)
 2 SYSTEMPATH/Database/BaseConnection.php(666): CodeIgniter\Database\MySQLi\Connection->execute('INSERT INTO `volunteer` (`name`, `phone`, `email`, `occupation`, `reason`, `created_at`, `updated_at`) VALUES (\'user\', \'12345678\', \'xx@gmail.com\', \'banking\', \'yeaa\', \'2023-11-18 12:51:21\', \'2023-11-18 12:51:21\')')
 3 SYSTEMPATH/Database/BaseConnection.php(593): CodeIgniter\Database\BaseConnection->simpleQuery('INSERT INTO `volunteer` (`name`, `phone`, `email`, `occupation`, `reason`, `created_at`, `updated_at`) VALUES (\'user\', \'12345678\', \'xx@gmail.com\', \'banking\', \'yeaa\', \'2023-11-18 12:51:21\', \'2023-11-18 12:51:21\')')
 4 SYSTEMPATH/Database/BaseBuilder.php(1916): CodeIgniter\Database\BaseConnection->query('INSERT INTO `volunteer` (`name`, `phone`, `email`, `occupation`, `reason`, `created_at`, `updated_at`) VALUES (:name:, :phone:, :email:, :occupation:, :reason:, :created_at:, :updated_at:)', [...], false)
 5 SYSTEMPATH/Model.php(279): CodeIgniter\Database\BaseBuilder->insert()
 6 SYSTEMPATH/BaseModel.php(749): CodeIgniter\Model->doInsert([...])
 7 SYSTEMPATH/Model.php(667): CodeIgniter\BaseModel->insert([...], false)
 8 SYSTEMPATH/BaseModel.php(659): CodeIgniter\Model->insert(Object(App\Entities\Volunteer), false)
 9 APPPATH/Controllers/Volunteers.php(37): CodeIgniter\BaseModel->save(Object(App\Entities\Volunteer))
10 SYSTEMPATH/CodeIgniter.php(927): App\Controllers\Volunteers->saveVolunteerForm('1')
11 SYSTEMPATH/CodeIgniter.php(482): CodeIgniter\CodeIgniter->runController(Object(App\Controllers\Volunteers))
12 SYSTEMPATH/CodeIgniter.php(351): CodeIgniter\CodeIgniter->handleRequest(null, Object(Config\Cache), false)
13 FCPATH/index.php(67): CodeIgniter\CodeIgniter->run()
ERROR - 2023-11-18 12:51:27 --> mysqli_sql_exception: Cannot add or update a child row: a foreign key constraint fails (`taskapp`.`volunteer`, CONSTRAINT `volunteer_event_id_foreign` FOREIGN KEY (`event_id`) REFERENCES `event` (`id`) ON DELETE CASCADE ON UPDATE CASCADE) in /var/www/html/system/Database/MySQLi/Connection.php:292
Stack trace:
#0 /var/www/html/system/Database/MySQLi/Connection.php(292): mysqli->query('INSERT INTO `vo...', 0)
#1 /var/www/html/system/Database/BaseConnection.php(666): CodeIgniter\Database\MySQLi\Connection->execute('INSERT INTO `vo...')
#2 /var/www/html/system/Database/BaseConnection.php(593): CodeIgniter\Database\BaseConnection->simpleQuery('INSERT INTO `vo...')
#3 /var/www/html/system/Database/BaseBuilder.php(1916): CodeIgniter\Database\BaseConnection->query('INSERT INTO `vo...', Array, false)
#4 /var/www/html/system/Model.php(279): CodeIgniter\Database\BaseBuilder->insert()
#5 /var/www/html/system/BaseModel.php(749): CodeIgniter\Model->doInsert(Array)
#6 /var/www/html/system/Model.php(667): CodeIgniter\BaseModel->insert(Array, false)
#7 /var/www/html/system/BaseModel.php(659): CodeIgniter\Model->insert(Object(App\Entities\Volunteer), false)
#8 /var/www/html/app/Controllers/Volunteers.php(37): CodeIgniter\BaseModel->save(Object(App\Entities\Volunteer))
#9 /var/www/html/system/CodeIgniter.php(927): App\Controllers\Volunteers->saveVolunteerForm('1')
#10 /var/www/html/system/CodeIgniter.php(482): CodeIgniter\CodeIgniter->runController(Object(App\Controllers\Volunteers))
#11 /var/www/html/system/CodeIgniter.php(351): CodeIgniter\CodeIgniter->handleRequest(NULL, Object(Config\Cache), false)
#12 /var/www/html/public/index.php(67): CodeIgniter\CodeIgniter->run()
#13 {main}
CRITICAL - 2023-11-18 12:51:27 --> Cannot add or update a child row: a foreign key constraint fails (`taskapp`.`volunteer`, CONSTRAINT `volunteer_event_id_foreign` FOREIGN KEY (`event_id`) REFERENCES `event` (`id`) ON DELETE CASCADE ON UPDATE CASCADE)
in SYSTEMPATH/Database/MySQLi/Connection.php on line 292.
 1 SYSTEMPATH/Database/MySQLi/Connection.php(292): mysqli->query('INSERT INTO `volunteer` (`name`, `phone`, `email`, `occupation`, `reason`, `created_at`, `updated_at`) VALUES (\'user\', \'12345678\', \'xx@gmail.com\', \'banking\', \'yeaa\', \'2023-11-18 12:51:27\', \'2023-11-18 12:51:27\')', 0)
 2 SYSTEMPATH/Database/BaseConnection.php(666): CodeIgniter\Database\MySQLi\Connection->execute('INSERT INTO `volunteer` (`name`, `phone`, `email`, `occupation`, `reason`, `created_at`, `updated_at`) VALUES (\'user\', \'12345678\', \'xx@gmail.com\', \'banking\', \'yeaa\', \'2023-11-18 12:51:27\', \'2023-11-18 12:51:27\')')
 3 SYSTEMPATH/Database/BaseConnection.php(593): CodeIgniter\Database\BaseConnection->simpleQuery('INSERT INTO `volunteer` (`name`, `phone`, `email`, `occupation`, `reason`, `created_at`, `updated_at`) VALUES (\'user\', \'12345678\', \'xx@gmail.com\', \'banking\', \'yeaa\', \'2023-11-18 12:51:27\', \'2023-11-18 12:51:27\')')
 4 SYSTEMPATH/Database/BaseBuilder.php(1916): CodeIgniter\Database\BaseConnection->query('INSERT INTO `volunteer` (`name`, `phone`, `email`, `occupation`, `reason`, `created_at`, `updated_at`) VALUES (:name:, :phone:, :email:, :occupation:, :reason:, :created_at:, :updated_at:)', [...], false)
 5 SYSTEMPATH/Model.php(279): CodeIgniter\Database\BaseBuilder->insert()
 6 SYSTEMPATH/BaseModel.php(749): CodeIgniter\Model->doInsert([...])
 7 SYSTEMPATH/Model.php(667): CodeIgniter\BaseModel->insert([...], false)
 8 SYSTEMPATH/BaseModel.php(659): CodeIgniter\Model->insert(Object(App\Entities\Volunteer), false)
 9 APPPATH/Controllers/Volunteers.php(37): CodeIgniter\BaseModel->save(Object(App\Entities\Volunteer))
10 SYSTEMPATH/CodeIgniter.php(927): App\Controllers\Volunteers->saveVolunteerForm('1')
11 SYSTEMPATH/CodeIgniter.php(482): CodeIgniter\CodeIgniter->runController(Object(App\Controllers\Volunteers))
12 SYSTEMPATH/CodeIgniter.php(351): CodeIgniter\CodeIgniter->handleRequest(null, Object(Config\Cache), false)
13 FCPATH/index.php(67): CodeIgniter\CodeIgniter->run()
ERROR - 2023-11-18 12:53:49 --> mysqli_sql_exception: Cannot add or update a child row: a foreign key constraint fails (`taskapp`.`volunteer`, CONSTRAINT `volunteer_event_id_foreign` FOREIGN KEY (`event_id`) REFERENCES `event` (`id`) ON DELETE CASCADE ON UPDATE CASCADE) in /var/www/html/system/Database/MySQLi/Connection.php:292
Stack trace:
#0 /var/www/html/system/Database/MySQLi/Connection.php(292): mysqli->query('INSERT INTO `vo...', 0)
#1 /var/www/html/system/Database/BaseConnection.php(666): CodeIgniter\Database\MySQLi\Connection->execute('INSERT INTO `vo...')
#2 /var/www/html/system/Database/BaseConnection.php(593): CodeIgniter\Database\BaseConnection->simpleQuery('INSERT INTO `vo...')
#3 /var/www/html/system/Database/BaseBuilder.php(1916): CodeIgniter\Database\BaseConnection->query('INSERT INTO `vo...', Array, false)
#4 /var/www/html/system/Model.php(279): CodeIgniter\Database\BaseBuilder->insert()
#5 /var/www/html/system/BaseModel.php(749): CodeIgniter\Model->doInsert(Array)
#6 /var/www/html/system/Model.php(667): CodeIgniter\BaseModel->insert(Array, false)
#7 /var/www/html/system/BaseModel.php(659): CodeIgniter\Model->insert(Object(App\Entities\Volunteer), false)
#8 /var/www/html/app/Controllers/Volunteers.php(37): CodeIgniter\BaseModel->save(Object(App\Entities\Volunteer))
#9 /var/www/html/system/CodeIgniter.php(927): App\Controllers\Volunteers->saveVolunteerForm('1')
#10 /var/www/html/system/CodeIgniter.php(482): CodeIgniter\CodeIgniter->runController(Object(App\Controllers\Volunteers))
#11 /var/www/html/system/CodeIgniter.php(351): CodeIgniter\CodeIgniter->handleRequest(NULL, Object(Config\Cache), false)
#12 /var/www/html/public/index.php(67): CodeIgniter\CodeIgniter->run()
#13 {main}
CRITICAL - 2023-11-18 12:53:49 --> Cannot add or update a child row: a foreign key constraint fails (`taskapp`.`volunteer`, CONSTRAINT `volunteer_event_id_foreign` FOREIGN KEY (`event_id`) REFERENCES `event` (`id`) ON DELETE CASCADE ON UPDATE CASCADE)
in SYSTEMPATH/Database/MySQLi/Connection.php on line 292.
 1 SYSTEMPATH/Database/MySQLi/Connection.php(292): mysqli->query('INSERT INTO `volunteer` (`name`, `phone`, `email`, `occupation`, `reason`, `created_at`, `updated_at`) VALUES (\'user\', \'12345678\', \'xx@gmail.com\', \'banking\', \'yeaa\', \'2023-11-18 12:53:49\', \'2023-11-18 12:53:49\')', 0)
 2 SYSTEMPATH/Database/BaseConnection.php(666): CodeIgniter\Database\MySQLi\Connection->execute('INSERT INTO `volunteer` (`name`, `phone`, `email`, `occupation`, `reason`, `created_at`, `updated_at`) VALUES (\'user\', \'12345678\', \'xx@gmail.com\', \'banking\', \'yeaa\', \'2023-11-18 12:53:49\', \'2023-11-18 12:53:49\')')
 3 SYSTEMPATH/Database/BaseConnection.php(593): CodeIgniter\Database\BaseConnection->simpleQuery('INSERT INTO `volunteer` (`name`, `phone`, `email`, `occupation`, `reason`, `created_at`, `updated_at`) VALUES (\'user\', \'12345678\', \'xx@gmail.com\', \'banking\', \'yeaa\', \'2023-11-18 12:53:49\', \'2023-11-18 12:53:49\')')
 4 SYSTEMPATH/Database/BaseBuilder.php(1916): CodeIgniter\Database\BaseConnection->query('INSERT INTO `volunteer` (`name`, `phone`, `email`, `occupation`, `reason`, `created_at`, `updated_at`) VALUES (:name:, :phone:, :email:, :occupation:, :reason:, :created_at:, :updated_at:)', [...], false)
 5 SYSTEMPATH/Model.php(279): CodeIgniter\Database\BaseBuilder->insert()
 6 SYSTEMPATH/BaseModel.php(749): CodeIgniter\Model->doInsert([...])
 7 SYSTEMPATH/Model.php(667): CodeIgniter\BaseModel->insert([...], false)
 8 SYSTEMPATH/BaseModel.php(659): CodeIgniter\Model->insert(Object(App\Entities\Volunteer), false)
 9 APPPATH/Controllers/Volunteers.php(37): CodeIgniter\BaseModel->save(Object(App\Entities\Volunteer))
10 SYSTEMPATH/CodeIgniter.php(927): App\Controllers\Volunteers->saveVolunteerForm('1')
11 SYSTEMPATH/CodeIgniter.php(482): CodeIgniter\CodeIgniter->runController(Object(App\Controllers\Volunteers))
12 SYSTEMPATH/CodeIgniter.php(351): CodeIgniter\CodeIgniter->handleRequest(null, Object(Config\Cache), false)
13 FCPATH/index.php(67): CodeIgniter\CodeIgniter->run()
ERROR - 2023-11-18 12:59:31 --> mysqli_sql_exception: Cannot add or update a child row: a foreign key constraint fails (`taskapp`.`volunteer`, CONSTRAINT `volunteer_event_id_foreign` FOREIGN KEY (`event_id`) REFERENCES `event` (`id`) ON DELETE CASCADE ON UPDATE CASCADE) in /var/www/html/system/Database/MySQLi/Connection.php:292
Stack trace:
#0 /var/www/html/system/Database/MySQLi/Connection.php(292): mysqli->query('INSERT INTO `vo...', 0)
#1 /var/www/html/system/Database/BaseConnection.php(666): CodeIgniter\Database\MySQLi\Connection->execute('INSERT INTO `vo...')
#2 /var/www/html/system/Database/BaseConnection.php(593): CodeIgniter\Database\BaseConnection->simpleQuery('INSERT INTO `vo...')
#3 /var/www/html/system/Database/BaseBuilder.php(1916): CodeIgniter\Database\BaseConnection->query('INSERT INTO `vo...', Array, false)
#4 /var/www/html/system/Model.php(279): CodeIgniter\Database\BaseBuilder->insert()
#5 /var/www/html/system/BaseModel.php(749): CodeIgniter\Model->doInsert(Array)
#6 /var/www/html/system/Model.php(667): CodeIgniter\BaseModel->insert(Array, false)
#7 /var/www/html/system/BaseModel.php(659): CodeIgniter\Model->insert(Object(App\Entities\Volunteer), false)
#8 /var/www/html/app/Controllers/Volunteers.php(37): CodeIgniter\BaseModel->save(Object(App\Entities\Volunteer))
#9 /var/www/html/system/CodeIgniter.php(927): App\Controllers\Volunteers->saveVolunteerForm('1')
#10 /var/www/html/system/CodeIgniter.php(482): CodeIgniter\CodeIgniter->runController(Object(App\Controllers\Volunteers))
#11 /var/www/html/system/CodeIgniter.php(351): CodeIgniter\CodeIgniter->handleRequest(NULL, Object(Config\Cache), false)
#12 /var/www/html/public/index.php(67): CodeIgniter\CodeIgniter->run()
#13 {main}
CRITICAL - 2023-11-18 12:59:31 --> Cannot add or update a child row: a foreign key constraint fails (`taskapp`.`volunteer`, CONSTRAINT `volunteer_event_id_foreign` FOREIGN KEY (`event_id`) REFERENCES `event` (`id`) ON DELETE CASCADE ON UPDATE CASCADE)
in SYSTEMPATH/Database/MySQLi/Connection.php on line 292.
 1 SYSTEMPATH/Database/MySQLi/Connection.php(292): mysqli->query('INSERT INTO `volunteer` (`name`, `phone`, `email`, `occupation`, `reason`, `created_at`, `updated_at`) VALUES (\'mary wong\', \'11223344\', \'mary@gmail.com\', \'banking\', \'yeaa\', \'2023-11-18 12:59:31\', \'2023-11-18 12:59:31\')', 0)
 2 SYSTEMPATH/Database/BaseConnection.php(666): CodeIgniter\Database\MySQLi\Connection->execute('INSERT INTO `volunteer` (`name`, `phone`, `email`, `occupation`, `reason`, `created_at`, `updated_at`) VALUES (\'mary wong\', \'11223344\', \'mary@gmail.com\', \'banking\', \'yeaa\', \'2023-11-18 12:59:31\', \'2023-11-18 12:59:31\')')
 3 SYSTEMPATH/Database/BaseConnection.php(593): CodeIgniter\Database\BaseConnection->simpleQuery('INSERT INTO `volunteer` (`name`, `phone`, `email`, `occupation`, `reason`, `created_at`, `updated_at`) VALUES (\'mary wong\', \'11223344\', \'mary@gmail.com\', \'banking\', \'yeaa\', \'2023-11-18 12:59:31\', \'2023-11-18 12:59:31\')')
 4 SYSTEMPATH/Database/BaseBuilder.php(1916): CodeIgniter\Database\BaseConnection->query('INSERT INTO `volunteer` (`name`, `phone`, `email`, `occupation`, `reason`, `created_at`, `updated_at`) VALUES (:name:, :phone:, :email:, :occupation:, :reason:, :created_at:, :updated_at:)', [...], false)
 5 SYSTEMPATH/Model.php(279): CodeIgniter\Database\BaseBuilder->insert()
 6 SYSTEMPATH/BaseModel.php(749): CodeIgniter\Model->doInsert([...])
 7 SYSTEMPATH/Model.php(667): CodeIgniter\BaseModel->insert([...], false)
 8 SYSTEMPATH/BaseModel.php(659): CodeIgniter\Model->insert(Object(App\Entities\Volunteer), false)
 9 APPPATH/Controllers/Volunteers.php(37): CodeIgniter\BaseModel->save(Object(App\Entities\Volunteer))
10 SYSTEMPATH/CodeIgniter.php(927): App\Controllers\Volunteers->saveVolunteerForm('1')
11 SYSTEMPATH/CodeIgniter.php(482): CodeIgniter\CodeIgniter->runController(Object(App\Controllers\Volunteers))
12 SYSTEMPATH/CodeIgniter.php(351): CodeIgniter\CodeIgniter->handleRequest(null, Object(Config\Cache), false)
13 FCPATH/index.php(67): CodeIgniter\CodeIgniter->run()
