CRITICAL - 2023-09-27 09:20:29 --> There is no data to update.
in SYSTEMPATH/BaseModel.php on line 867.
 1 SYSTEMPATH/BaseModel.php(867): CodeIgniter\Database\Exceptions\DataException::forEmptyDataset('update')
 2 SYSTEMPATH/Model.php(693): CodeIgniter\BaseModel->update([...], [])
 3 SYSTEMPATH/BaseModel.php(657): CodeIgniter\Model->update('1', Object(App\Entities\Event))
 4 APPPATH/Controllers/Events.php(165): CodeIgniter\BaseModel->save(Object(App\Entities\Event))
 5 SYSTEMPATH/CodeIgniter.php(927): App\Controllers\Events->approveEvent('1')
 6 SYSTEMPATH/CodeIgniter.php(482): CodeIgniter\CodeIgniter->runController(Object(App\Controllers\Events))
 7 SYSTEMPATH/CodeIgniter.php(351): CodeIgniter\CodeIgniter->handleRequest(null, Object(Config\Cache), false)
 8 FCPATH/index.php(67): CodeIgniter\CodeIgniter->run()
CRITICAL - 2023-09-27 09:46:05 --> There is no data to update.
in SYSTEMPATH/BaseModel.php on line 867.
 1 SYSTEMPATH/BaseModel.php(867): CodeIgniter\Database\Exceptions\DataException::forEmptyDataset('update')
 2 SYSTEMPATH/Model.php(693): CodeIgniter\BaseModel->update([...], [])
 3 SYSTEMPATH/BaseModel.php(657): CodeIgniter\Model->update('1', Object(App\Entities\Event))
 4 APPPATH/Controllers/Events.php(165): CodeIgniter\BaseModel->save(Object(App\Entities\Event))
 5 SYSTEMPATH/CodeIgniter.php(927): App\Controllers\Events->approveEvent('1')
 6 SYSTEMPATH/CodeIgniter.php(482): CodeIgniter\CodeIgniter->runController(Object(App\Controllers\Events))
 7 SYSTEMPATH/CodeIgniter.php(351): CodeIgniter\CodeIgniter->handleRequest(null, Object(Config\Cache), false)
 8 FCPATH/index.php(67): CodeIgniter\CodeIgniter->run()
CRITICAL - 2023-09-27 09:51:17 --> There is no data to update.
in SYSTEMPATH/BaseModel.php on line 1621.
 1 SYSTEMPATH/BaseModel.php(1621): CodeIgniter\Database\Exceptions\DataException::forEmptyDataset('update')
 2 SYSTEMPATH/BaseModel.php(853): CodeIgniter\BaseModel->transformDataToArray([], 'update')
 3 SYSTEMPATH/Model.php(693): CodeIgniter\BaseModel->update([...], Object(App\Entities\Event))
 4 SYSTEMPATH/BaseModel.php(657): CodeIgniter\Model->update('1', Object(App\Entities\Event))
 5 APPPATH/Controllers/Events.php(164): CodeIgniter\BaseModel->save(Object(App\Entities\Event))
 6 SYSTEMPATH/CodeIgniter.php(927): App\Controllers\Events->approveEvent('1')
 7 SYSTEMPATH/CodeIgniter.php(482): CodeIgniter\CodeIgniter->runController(Object(App\Controllers\Events))
 8 SYSTEMPATH/CodeIgniter.php(351): CodeIgniter\CodeIgniter->handleRequest(null, Object(Config\Cache), false)
 9 FCPATH/index.php(67): CodeIgniter\CodeIgniter->run()
CRITICAL - 2023-09-27 09:51:34 --> There is no data to update.
in SYSTEMPATH/BaseModel.php on line 1621.
 1 SYSTEMPATH/BaseModel.php(1621): CodeIgniter\Database\Exceptions\DataException::forEmptyDataset('update')
 2 SYSTEMPATH/BaseModel.php(853): CodeIgniter\BaseModel->transformDataToArray([], 'update')
 3 SYSTEMPATH/Model.php(693): CodeIgniter\BaseModel->update([...], Object(App\Entities\Event))
 4 SYSTEMPATH/BaseModel.php(657): CodeIgniter\Model->update('1', Object(App\Entities\Event))
 5 APPPATH/Controllers/Events.php(164): CodeIgniter\BaseModel->save(Object(App\Entities\Event))
 6 SYSTEMPATH/CodeIgniter.php(927): App\Controllers\Events->approveEvent('1')
 7 SYSTEMPATH/CodeIgniter.php(482): CodeIgniter\CodeIgniter->runController(Object(App\Controllers\Events))
 8 SYSTEMPATH/CodeIgniter.php(351): CodeIgniter\CodeIgniter->handleRequest(null, Object(Config\Cache), false)
 9 FCPATH/index.php(67): CodeIgniter\CodeIgniter->run()
CRITICAL - 2023-09-27 09:54:27 --> There is no data to update.
in SYSTEMPATH/BaseModel.php on line 1621.
 1 SYSTEMPATH/BaseModel.php(1621): CodeIgniter\Database\Exceptions\DataException::forEmptyDataset('update')
 2 SYSTEMPATH/BaseModel.php(853): CodeIgniter\BaseModel->transformDataToArray([], 'update')
 3 SYSTEMPATH/Model.php(693): CodeIgniter\BaseModel->update([...], Object(App\Entities\Event))
 4 SYSTEMPATH/BaseModel.php(657): CodeIgniter\Model->update('1', Object(App\Entities\Event))
 5 APPPATH/Controllers/Events.php(164): CodeIgniter\BaseModel->save(Object(App\Entities\Event))
 6 SYSTEMPATH/CodeIgniter.php(927): App\Controllers\Events->approveEvent('1')
 7 SYSTEMPATH/CodeIgniter.php(482): CodeIgniter\CodeIgniter->runController(Object(App\Controllers\Events))
 8 SYSTEMPATH/CodeIgniter.php(351): CodeIgniter\CodeIgniter->handleRequest(null, Object(Config\Cache), false)
 9 FCPATH/index.php(67): CodeIgniter\CodeIgniter->run()
CRITICAL - 2023-09-27 10:09:34 --> There is no data to update.
in SYSTEMPATH/BaseModel.php on line 867.
 1 SYSTEMPATH/BaseModel.php(867): CodeIgniter\Database\Exceptions\DataException::forEmptyDataset('update')
 2 SYSTEMPATH/Model.php(693): CodeIgniter\BaseModel->update([...], [])
 3 SYSTEMPATH/BaseModel.php(657): CodeIgniter\Model->update('1', Object(App\Entities\Event))
 4 APPPATH/Controllers/Events.php(168): CodeIgniter\BaseModel->save(Object(App\Entities\Event))
 5 SYSTEMPATH/CodeIgniter.php(927): App\Controllers\Events->approveEvent('1')
 6 SYSTEMPATH/CodeIgniter.php(482): CodeIgniter\CodeIgniter->runController(Object(App\Controllers\Events))
 7 SYSTEMPATH/CodeIgniter.php(351): CodeIgniter\CodeIgniter->handleRequest(null, Object(Config\Cache), false)
 8 FCPATH/index.php(67): CodeIgniter\CodeIgniter->run()
CRITICAL - 2023-09-27 10:12:41 --> Undefined variable $event
in APPPATH/Controllers/Events.php on line 149.
 1 APPPATH/Controllers/Events.php(149): CodeIgniter\Debug\Exceptions->errorHandler(2, 'Undefined variable $event', 'APPPATH/Controllers/Events.php', 149)
 2 SYSTEMPATH/CodeIgniter.php(927): App\Controllers\Events->approve()
 3 SYSTEMPATH/CodeIgniter.php(482): CodeIgniter\CodeIgniter->runController(Object(App\Controllers\Events))
 4 SYSTEMPATH/CodeIgniter.php(351): CodeIgniter\CodeIgniter->handleRequest(null, Object(Config\Cache), false)
 5 FCPATH/index.php(67): CodeIgniter\CodeIgniter->run()
CRITICAL - 2023-09-27 10:13:55 --> Too few arguments to function App\Controllers\Events::approve(), 0 passed in /var/www/html/system/CodeIgniter.php on line 927 and exactly 1 expected
in APPPATH/Controllers/Events.php on line 140.
 1 SYSTEMPATH/CodeIgniter.php(927): App\Controllers\Events->approve()
 2 SYSTEMPATH/CodeIgniter.php(482): CodeIgniter\CodeIgniter->runController(Object(App\Controllers\Events))
 3 SYSTEMPATH/CodeIgniter.php(351): CodeIgniter\CodeIgniter->handleRequest(null, Object(Config\Cache), false)
 4 FCPATH/index.php(67): CodeIgniter\CodeIgniter->run()
CRITICAL - 2023-09-27 10:15:16 --> Too few arguments to function App\Controllers\Events::approve(), 0 passed in /var/www/html/system/CodeIgniter.php on line 927 and exactly 1 expected
in APPPATH/Controllers/Events.php on line 140.
 1 SYSTEMPATH/CodeIgniter.php(927): App\Controllers\Events->approve()
 2 SYSTEMPATH/CodeIgniter.php(482): CodeIgniter\CodeIgniter->runController(Object(App\Controllers\Events))
 3 SYSTEMPATH/CodeIgniter.php(351): CodeIgniter\CodeIgniter->handleRequest(null, Object(Config\Cache), false)
 4 FCPATH/index.php(67): CodeIgniter\CodeIgniter->run()
CRITICAL - 2023-09-27 10:19:44 --> syntax error, unexpected token "if"
in APPPATH/Controllers/Events.php on line 166.
 1 SYSTEMPATH/Router/Router.php(499): CodeIgniter\Router\AutoRouter->getRoute('events/approve')
 2 SYSTEMPATH/Router/Router.php(205): CodeIgniter\Router\Router->autoRoute('events/approve')
 3 SYSTEMPATH/CodeIgniter.php(802): CodeIgniter\Router\Router->handle('events/approve')
 4 SYSTEMPATH/CodeIgniter.php(430): CodeIgniter\CodeIgniter->tryToRouteIt(Object(CodeIgniter\Router\RouteCollection))
 5 SYSTEMPATH/CodeIgniter.php(351): CodeIgniter\CodeIgniter->handleRequest(null, Object(Config\Cache), false)
 6 FCPATH/index.php(67): CodeIgniter\CodeIgniter->run()
CRITICAL - 2023-09-27 10:20:36 --> There is no data to update.
in SYSTEMPATH/BaseModel.php on line 867.
 1 SYSTEMPATH/BaseModel.php(867): CodeIgniter\Database\Exceptions\DataException::forEmptyDataset('update')
 2 SYSTEMPATH/Model.php(693): CodeIgniter\BaseModel->update([...], [])
 3 SYSTEMPATH/BaseModel.php(657): CodeIgniter\Model->update('1', Object(App\Entities\Event))
 4 APPPATH/Controllers/Events.php(166): CodeIgniter\BaseModel->save(Object(App\Entities\Event))
 5 SYSTEMPATH/CodeIgniter.php(927): App\Controllers\Events->approveEvent('1')
 6 SYSTEMPATH/CodeIgniter.php(482): CodeIgniter\CodeIgniter->runController(Object(App\Controllers\Events))
 7 SYSTEMPATH/CodeIgniter.php(351): CodeIgniter\CodeIgniter->handleRequest(null, Object(Config\Cache), false)
 8 FCPATH/index.php(67): CodeIgniter\CodeIgniter->run()
CRITICAL - 2023-09-27 10:21:56 --> There is no data to update.
in SYSTEMPATH/BaseModel.php on line 867.
 1 SYSTEMPATH/BaseModel.php(867): CodeIgniter\Database\Exceptions\DataException::forEmptyDataset('update')
 2 SYSTEMPATH/Model.php(693): CodeIgniter\BaseModel->update([...], [])
 3 SYSTEMPATH/BaseModel.php(657): CodeIgniter\Model->update('1', Object(App\Entities\Event))
 4 APPPATH/Controllers/Events.php(165): CodeIgniter\BaseModel->save(Object(App\Entities\Event))
 5 SYSTEMPATH/CodeIgniter.php(927): App\Controllers\Events->approveEvent('1')
 6 SYSTEMPATH/CodeIgniter.php(482): CodeIgniter\CodeIgniter->runController(Object(App\Controllers\Events))
 7 SYSTEMPATH/CodeIgniter.php(351): CodeIgniter\CodeIgniter->handleRequest(null, Object(Config\Cache), false)
 8 FCPATH/index.php(67): CodeIgniter\CodeIgniter->run()
CRITICAL - 2023-09-27 10:22:25 --> Undefined variable $eventModel
in APPPATH/Controllers/Events.php on line 165.
 1 APPPATH/Controllers/Events.php(165): CodeIgniter\Debug\Exceptions->errorHandler(2, 'Undefined variable $eventModel', 'APPPATH/Controllers/Events.php', 165)
 2 SYSTEMPATH/CodeIgniter.php(927): App\Controllers\Events->approveEvent('1')
 3 SYSTEMPATH/CodeIgniter.php(482): CodeIgniter\CodeIgniter->runController(Object(App\Controllers\Events))
 4 SYSTEMPATH/CodeIgniter.php(351): CodeIgniter\CodeIgniter->handleRequest(null, Object(Config\Cache), false)
 5 FCPATH/index.php(67): CodeIgniter\CodeIgniter->run()
CRITICAL - 2023-09-27 10:22:36 --> Undefined variable $model
in APPPATH/Controllers/Events.php on line 165.
 1 APPPATH/Controllers/Events.php(165): CodeIgniter\Debug\Exceptions->errorHandler(2, 'Undefined variable $model', 'APPPATH/Controllers/Events.php', 165)
 2 SYSTEMPATH/CodeIgniter.php(927): App\Controllers\Events->approveEvent('1')
 3 SYSTEMPATH/CodeIgniter.php(482): CodeIgniter\CodeIgniter->runController(Object(App\Controllers\Events))
 4 SYSTEMPATH/CodeIgniter.php(351): CodeIgniter\CodeIgniter->handleRequest(null, Object(Config\Cache), false)
 5 FCPATH/index.php(67): CodeIgniter\CodeIgniter->run()
CRITICAL - 2023-09-27 10:22:50 --> There is no data to update.
in SYSTEMPATH/BaseModel.php on line 867.
 1 SYSTEMPATH/BaseModel.php(867): CodeIgniter\Database\Exceptions\DataException::forEmptyDataset('update')
 2 SYSTEMPATH/Model.php(693): CodeIgniter\BaseModel->update([...], [])
 3 SYSTEMPATH/BaseModel.php(657): CodeIgniter\Model->update('1', Object(App\Entities\Event))
 4 APPPATH/Controllers/Events.php(165): CodeIgniter\BaseModel->save(Object(App\Entities\Event))
 5 SYSTEMPATH/CodeIgniter.php(927): App\Controllers\Events->approveEvent('1')
 6 SYSTEMPATH/CodeIgniter.php(482): CodeIgniter\CodeIgniter->runController(Object(App\Controllers\Events))
 7 SYSTEMPATH/CodeIgniter.php(351): CodeIgniter\CodeIgniter->handleRequest(null, Object(Config\Cache), false)
 8 FCPATH/index.php(67): CodeIgniter\CodeIgniter->run()
CRITICAL - 2023-09-27 10:23:51 --> There is no data to update.
in SYSTEMPATH/BaseModel.php on line 867.
 1 SYSTEMPATH/BaseModel.php(867): CodeIgniter\Database\Exceptions\DataException::forEmptyDataset('update')
 2 SYSTEMPATH/Model.php(693): CodeIgniter\BaseModel->update([...], [])
 3 SYSTEMPATH/BaseModel.php(657): CodeIgniter\Model->update('1', Object(App\Entities\Event))
 4 APPPATH/Controllers/Events.php(165): CodeIgniter\BaseModel->save(Object(App\Entities\Event))
 5 SYSTEMPATH/CodeIgniter.php(927): App\Controllers\Events->approveEvent('1')
 6 SYSTEMPATH/CodeIgniter.php(482): CodeIgniter\CodeIgniter->runController(Object(App\Controllers\Events))
 7 SYSTEMPATH/CodeIgniter.php(351): CodeIgniter\CodeIgniter->handleRequest(null, Object(Config\Cache), false)
 8 FCPATH/index.php(67): CodeIgniter\CodeIgniter->run()
CRITICAL - 2023-09-27 10:24:51 --> Declaration of App\Models\EventModel::save($event) must be compatible with CodeIgniter\BaseModel::save($data): bool
in APPPATH/Models/EventModel.php on line 81.
 1 [internal function]: CodeIgniter\Debug\Exceptions->shutdownHandler()
