CRITICAL - 2023-11-22 08:18:17 --> Call to undefined method App\Models\EventModel::allowedFields
in SYSTEMPATH/Model.php on line 774.
 1 APPPATH/Controllers/Events.php(55): CodeIgniter\Model->__call('allowedFields', [])
 2 SYSTEMPATH/CodeIgniter.php(927): App\Controllers\Events->create()
 3 SYSTEMPATH/CodeIgniter.php(482): CodeIgniter\CodeIgniter->runController(Object(App\Controllers\Events))
 4 SYSTEMPATH/CodeIgniter.php(351): CodeIgniter\CodeIgniter->handleRequest(null, Object(Config\Cache), false)
 5 FCPATH/index.php(67): CodeIgniter\CodeIgniter->run()
ERROR - 2023-11-22 08:19:27 --> mysqli_sql_exception: Cannot add or update a child row: a foreign key constraint fails (`taskapp`.`event`, CONSTRAINT `event_user_id_fk` FOREIGN KEY (`user_id`) REFERENCES `user` (`id`) ON DELETE CASCADE ON UPDATE CASCADE) in /var/www/html/system/Database/MySQLi/Connection.php:292
Stack trace:
#0 /var/www/html/system/Database/MySQLi/Connection.php(292): mysqli->query('INSERT INTO `ev...', 0)
#1 /var/www/html/system/Database/BaseConnection.php(666): CodeIgniter\Database\MySQLi\Connection->execute('INSERT INTO `ev...')
#2 /var/www/html/system/Database/BaseConnection.php(593): CodeIgniter\Database\BaseConnection->simpleQuery('INSERT INTO `ev...')
#3 /var/www/html/system/Database/BaseBuilder.php(1916): CodeIgniter\Database\BaseConnection->query('INSERT INTO `ev...', Array, false)
#4 /var/www/html/system/Model.php(279): CodeIgniter\Database\BaseBuilder->insert()
#5 /var/www/html/system/BaseModel.php(749): CodeIgniter\Model->doInsert(Array)
#6 /var/www/html/system/Model.php(667): CodeIgniter\BaseModel->insert(Array, true)
#7 /var/www/html/app/Controllers/Events.php(54): CodeIgniter\Model->insert(Array)
#8 /var/www/html/system/CodeIgniter.php(927): App\Controllers\Events->create()
#9 /var/www/html/system/CodeIgniter.php(482): CodeIgniter\CodeIgniter->runController(Object(App\Controllers\Events))
#10 /var/www/html/system/CodeIgniter.php(351): CodeIgniter\CodeIgniter->handleRequest(NULL, Object(Config\Cache), false)
#11 /var/www/html/public/index.php(67): CodeIgniter\CodeIgniter->run()
#12 {main}
CRITICAL - 2023-11-22 08:19:27 --> Cannot add or update a child row: a foreign key constraint fails (`taskapp`.`event`, CONSTRAINT `event_user_id_fk` FOREIGN KEY (`user_id`) REFERENCES `user` (`id`) ON DELETE CASCADE ON UPDATE CASCADE)
in SYSTEMPATH/Database/MySQLi/Connection.php on line 292.
 1 SYSTEMPATH/Database/MySQLi/Connection.php(292): mysqli->query('INSERT INTO `event` (`title`, `description`, `day_of_week`, `start_time`, `end_time`, `location`, `organizer`, `email`, `contact_number`, `tags`, `created_at`, `updated_at`) VALUES (\'event 3\', \'an interesting event\', \'Monday\', \'08:30\', \'09:31\', \'\', \'tiffany\', \'bbtiffanychan@gmail.com\', \'11112222\', (\'offline,dine together,accounting,social welfare\'), \'2023-11-22 08:19:27\', \'2023-11-22 08:19:27\')', 0)
 2 SYSTEMPATH/Database/BaseConnection.php(666): CodeIgniter\Database\MySQLi\Connection->execute('INSERT INTO `event` (`title`, `description`, `day_of_week`, `start_time`, `end_time`, `location`, `organizer`, `email`, `contact_number`, `tags`, `created_at`, `updated_at`) VALUES (\'event 3\', \'an interesting event\', \'Monday\', \'08:30\', \'09:31\', \'\', \'tiffany\', \'bbtiffanychan@gmail.com\', \'11112222\', (\'offline,dine together,accounting,social welfare\'), \'2023-11-22 08:19:27\', \'2023-11-22 08:19:27\')')
 3 SYSTEMPATH/Database/BaseConnection.php(593): CodeIgniter\Database\BaseConnection->simpleQuery('INSERT INTO `event` (`title`, `description`, `day_of_week`, `start_time`, `end_time`, `location`, `organizer`, `email`, `contact_number`, `tags`, `created_at`, `updated_at`) VALUES (\'event 3\', \'an interesting event\', \'Monday\', \'08:30\', \'09:31\', \'\', \'tiffany\', \'bbtiffanychan@gmail.com\', \'11112222\', (\'offline,dine together,accounting,social welfare\'), \'2023-11-22 08:19:27\', \'2023-11-22 08:19:27\')')
 4 SYSTEMPATH/Database/BaseBuilder.php(1916): CodeIgniter\Database\BaseConnection->query('INSERT INTO `event` (`title`, `description`, `day_of_week`, `start_time`, `end_time`, `location`, `organizer`, `email`, `contact_number`, `tags`, `created_at`, `updated_at`) VALUES (:title:, :description:, :day_of_week:, :start_time:, :end_time:, :location:, :organizer:, :email:, :contact_number:, :tags:, :created_at:, :updated_at:)', [...], false)
 5 SYSTEMPATH/Model.php(279): CodeIgniter\Database\BaseBuilder->insert()
 6 SYSTEMPATH/BaseModel.php(749): CodeIgniter\Model->doInsert([...])
 7 SYSTEMPATH/Model.php(667): CodeIgniter\BaseModel->insert([...], true)
 8 APPPATH/Controllers/Events.php(54): CodeIgniter\Model->insert([...])
 9 SYSTEMPATH/CodeIgniter.php(927): App\Controllers\Events->create()
10 SYSTEMPATH/CodeIgniter.php(482): CodeIgniter\CodeIgniter->runController(Object(App\Controllers\Events))
11 SYSTEMPATH/CodeIgniter.php(351): CodeIgniter\CodeIgniter->handleRequest(null, Object(Config\Cache), false)
12 FCPATH/index.php(67): CodeIgniter\CodeIgniter->run()
ERROR - 2023-11-22 08:21:04 --> mysqli_sql_exception: Cannot add or update a child row: a foreign key constraint fails (`taskapp`.`event`, CONSTRAINT `event_user_id_fk` FOREIGN KEY (`user_id`) REFERENCES `user` (`id`) ON DELETE CASCADE ON UPDATE CASCADE) in /var/www/html/system/Database/MySQLi/Connection.php:292
Stack trace:
#0 /var/www/html/system/Database/MySQLi/Connection.php(292): mysqli->query('INSERT INTO `ev...', 0)
#1 /var/www/html/system/Database/BaseConnection.php(666): CodeIgniter\Database\MySQLi\Connection->execute('INSERT INTO `ev...')
#2 /var/www/html/system/Database/BaseConnection.php(593): CodeIgniter\Database\BaseConnection->simpleQuery('INSERT INTO `ev...')
#3 /var/www/html/system/Database/BaseBuilder.php(1916): CodeIgniter\Database\BaseConnection->query('INSERT INTO `ev...', Array, false)
#4 /var/www/html/system/Model.php(279): CodeIgniter\Database\BaseBuilder->insert()
#5 /var/www/html/system/BaseModel.php(749): CodeIgniter\Model->doInsert(Array)
#6 /var/www/html/system/Model.php(667): CodeIgniter\BaseModel->insert(Array, true)
#7 /var/www/html/app/Controllers/Events.php(54): CodeIgniter\Model->insert(Array)
#8 /var/www/html/system/CodeIgniter.php(927): App\Controllers\Events->create()
#9 /var/www/html/system/CodeIgniter.php(482): CodeIgniter\CodeIgniter->runController(Object(App\Controllers\Events))
#10 /var/www/html/system/CodeIgniter.php(351): CodeIgniter\CodeIgniter->handleRequest(NULL, Object(Config\Cache), false)
#11 /var/www/html/public/index.php(67): CodeIgniter\CodeIgniter->run()
#12 {main}
CRITICAL - 2023-11-22 08:21:04 --> Cannot add or update a child row: a foreign key constraint fails (`taskapp`.`event`, CONSTRAINT `event_user_id_fk` FOREIGN KEY (`user_id`) REFERENCES `user` (`id`) ON DELETE CASCADE ON UPDATE CASCADE)
in SYSTEMPATH/Database/MySQLi/Connection.php on line 292.
 1 SYSTEMPATH/Database/MySQLi/Connection.php(292): mysqli->query('INSERT INTO `event` (`title`, `description`, `day_of_week`, `start_time`, `end_time`, `location`, `organizer`, `email`, `contact_number`, `tags`, `created_at`, `updated_at`) VALUES (\'event 3\', \'an interesting event\', \'Monday\', \'08:30\', \'09:31\', \'\', \'tiffany\', \'bbtiffanychan@gmail.com\', \'11112222\', (\'online,in-depth discussion,accounting,business\'), \'2023-11-22 08:21:04\', \'2023-11-22 08:21:04\')', 0)
 2 SYSTEMPATH/Database/BaseConnection.php(666): CodeIgniter\Database\MySQLi\Connection->execute('INSERT INTO `event` (`title`, `description`, `day_of_week`, `start_time`, `end_time`, `location`, `organizer`, `email`, `contact_number`, `tags`, `created_at`, `updated_at`) VALUES (\'event 3\', \'an interesting event\', \'Monday\', \'08:30\', \'09:31\', \'\', \'tiffany\', \'bbtiffanychan@gmail.com\', \'11112222\', (\'online,in-depth discussion,accounting,business\'), \'2023-11-22 08:21:04\', \'2023-11-22 08:21:04\')')
 3 SYSTEMPATH/Database/BaseConnection.php(593): CodeIgniter\Database\BaseConnection->simpleQuery('INSERT INTO `event` (`title`, `description`, `day_of_week`, `start_time`, `end_time`, `location`, `organizer`, `email`, `contact_number`, `tags`, `created_at`, `updated_at`) VALUES (\'event 3\', \'an interesting event\', \'Monday\', \'08:30\', \'09:31\', \'\', \'tiffany\', \'bbtiffanychan@gmail.com\', \'11112222\', (\'online,in-depth discussion,accounting,business\'), \'2023-11-22 08:21:04\', \'2023-11-22 08:21:04\')')
 4 SYSTEMPATH/Database/BaseBuilder.php(1916): CodeIgniter\Database\BaseConnection->query('INSERT INTO `event` (`title`, `description`, `day_of_week`, `start_time`, `end_time`, `location`, `organizer`, `email`, `contact_number`, `tags`, `created_at`, `updated_at`) VALUES (:title:, :description:, :day_of_week:, :start_time:, :end_time:, :location:, :organizer:, :email:, :contact_number:, :tags:, :created_at:, :updated_at:)', [...], false)
 5 SYSTEMPATH/Model.php(279): CodeIgniter\Database\BaseBuilder->insert()
 6 SYSTEMPATH/BaseModel.php(749): CodeIgniter\Model->doInsert([...])
 7 SYSTEMPATH/Model.php(667): CodeIgniter\BaseModel->insert([...], true)
 8 APPPATH/Controllers/Events.php(54): CodeIgniter\Model->insert([...])
 9 SYSTEMPATH/CodeIgniter.php(927): App\Controllers\Events->create()
10 SYSTEMPATH/CodeIgniter.php(482): CodeIgniter\CodeIgniter->runController(Object(App\Controllers\Events))
11 SYSTEMPATH/CodeIgniter.php(351): CodeIgniter\CodeIgniter->handleRequest(null, Object(Config\Cache), false)
12 FCPATH/index.php(67): CodeIgniter\CodeIgniter->run()
CRITICAL - 2023-11-22 08:45:12 --> Undefined variable $event
in APPPATH/Controllers/Volunteers.php on line 34.
 1 APPPATH/Controllers/Volunteers.php(34): CodeIgniter\Debug\Exceptions->errorHandler(2, 'Undefined variable $event', 'APPPATH/Controllers/Volunteers.php', 34)
 2 SYSTEMPATH/CodeIgniter.php(927): App\Controllers\Volunteers->saveVolunteerForm('22')
 3 SYSTEMPATH/CodeIgniter.php(482): CodeIgniter\CodeIgniter->runController(Object(App\Controllers\Volunteers))
 4 SYSTEMPATH/CodeIgniter.php(351): CodeIgniter\CodeIgniter->handleRequest(null, Object(Config\Cache), false)
 5 FCPATH/index.php(67): CodeIgniter\CodeIgniter->run()
