CRITICAL - 2023-07-22 05:38:31 --> Class "Config\LoginFilter" not found
in SYSTEMPATH/Filters/Filters.php on line 166.
 1 SYSTEMPATH/CodeIgniter.php(455): CodeIgniter\Filters\Filters->run('tasks/new', 'before')
 2 SYSTEMPATH/CodeIgniter.php(351): CodeIgniter\CodeIgniter->handleRequest(null, Object(Config\Cache), false)
 3 FCPATH/index.php(67): CodeIgniter\CodeIgniter->run()
CRITICAL - 2023-07-22 05:38:41 --> Interface "App\Filters\FilterInterface" not found
in APPPATH/Filters/LoginFilter.php on line 7.
 1 SYSTEMPATH/Autoloader/Autoloader.php(282): include_once()
 2 SYSTEMPATH/Autoloader/Autoloader.php(259): CodeIgniter\Autoloader\Autoloader->includeFile('APPPATH/Filters/LoginFilter.php')
 3 SYSTEMPATH/Autoloader/Autoloader.php(237): CodeIgniter\Autoloader\Autoloader->loadInNamespace('App\\Filters\\LoginFilter')
 4 SYSTEMPATH/Filters/Filters.php(166): CodeIgniter\Autoloader\Autoloader->loadClass('App\\Filters\\LoginFilter')
 5 SYSTEMPATH/CodeIgniter.php(455): CodeIgniter\Filters\Filters->run('tasks/new', 'before')
 6 SYSTEMPATH/CodeIgniter.php(351): CodeIgniter\CodeIgniter->handleRequest(null, Object(Config\Cache), false)
 7 FCPATH/index.php(67): CodeIgniter\CodeIgniter->run()
CRITICAL - 2023-07-22 08:33:38 --> Class "App\Filters\LoginFilter" not found
in SYSTEMPATH/Filters/Filters.php on line 166.
 1 SYSTEMPATH/CodeIgniter.php(455): CodeIgniter\Filters\Filters->run('tasks', 'before')
 2 SYSTEMPATH/CodeIgniter.php(351): CodeIgniter\CodeIgniter->handleRequest(null, Object(Config\Cache), false)
 3 FCPATH/index.php(67): CodeIgniter\CodeIgniter->run()
CRITICAL - 2023-07-22 08:38:14 --> Class "App\Filters\LoginFilter" not found
in SYSTEMPATH/Filters/Filters.php on line 166.
 1 SYSTEMPATH/CodeIgniter.php(455): CodeIgniter\Filters\Filters->run('tasks', 'before')
 2 SYSTEMPATH/CodeIgniter.php(351): CodeIgniter\CodeIgniter->handleRequest(null, Object(Config\Cache), false)
 3 FCPATH/index.php(67): CodeIgniter\CodeIgniter->run()
