CRITICAL - 2023-10-02 07:58:41 --> There is no data to update.
in SYSTEMPATH/BaseModel.php on line 867.
 1 SYSTEMPATH/BaseModel.php(867): CodeIgniter\Database\Exceptions\DataException::forEmptyDataset('update')
 2 SYSTEMPATH/Model.php(693): CodeIgniter\BaseModel->update([...], [])
 3 SYSTEMPATH/BaseModel.php(657): CodeIgniter\Model->update('1', Object(App\Entities\Event))
 4 APPPATH/Models/EventModel.php(98): CodeIgniter\BaseModel->save(Object(App\Entities\Event))
 5 APPPATH/Controllers/Events.php(207): App\Models\EventModel->rateEvent('1', null)
 6 SYSTEMPATH/CodeIgniter.php(927): App\Controllers\Events->rating('1')
 7 SYSTEMPATH/CodeIgniter.php(482): CodeIgniter\CodeIgniter->runController(Object(App\Controllers\Events))
 8 SYSTEMPATH/CodeIgniter.php(351): CodeIgniter\CodeIgniter->handleRequest(null, Object(Config\Cache), false)
 9 FCPATH/index.php(67): CodeIgniter\CodeIgniter->run()
CRITICAL - 2023-10-02 07:58:44 --> There is no data to update.
in SYSTEMPATH/BaseModel.php on line 867.
 1 SYSTEMPATH/BaseModel.php(867): CodeIgniter\Database\Exceptions\DataException::forEmptyDataset('update')
 2 SYSTEMPATH/Model.php(693): CodeIgniter\BaseModel->update([...], [])
 3 SYSTEMPATH/BaseModel.php(657): CodeIgniter\Model->update('1', Object(App\Entities\Event))
 4 APPPATH/Models/EventModel.php(98): CodeIgniter\BaseModel->save(Object(App\Entities\Event))
 5 APPPATH/Controllers/Events.php(207): App\Models\EventModel->rateEvent('1', null)
 6 SYSTEMPATH/CodeIgniter.php(927): App\Controllers\Events->rating('1')
 7 SYSTEMPATH/CodeIgniter.php(482): CodeIgniter\CodeIgniter->runController(Object(App\Controllers\Events))
 8 SYSTEMPATH/CodeIgniter.php(351): CodeIgniter\CodeIgniter->handleRequest(null, Object(Config\Cache), false)
 9 FCPATH/index.php(67): CodeIgniter\CodeIgniter->run()
CRITICAL - 2023-10-02 07:59:55 --> There is no data to update.
in SYSTEMPATH/BaseModel.php on line 867.
 1 SYSTEMPATH/BaseModel.php(867): CodeIgniter\Database\Exceptions\DataException::forEmptyDataset('update')
 2 SYSTEMPATH/Model.php(693): CodeIgniter\BaseModel->update([...], [])
 3 SYSTEMPATH/BaseModel.php(657): CodeIgniter\Model->update('1', Object(App\Entities\Event))
 4 APPPATH/Models/EventModel.php(98): CodeIgniter\BaseModel->save(Object(App\Entities\Event))
 5 APPPATH/Controllers/Events.php(207): App\Models\EventModel->rateEvent('1', null)
 6 SYSTEMPATH/CodeIgniter.php(927): App\Controllers\Events->rating('1')
 7 SYSTEMPATH/CodeIgniter.php(482): CodeIgniter\CodeIgniter->runController(Object(App\Controllers\Events))
 8 SYSTEMPATH/CodeIgniter.php(351): CodeIgniter\CodeIgniter->handleRequest(null, Object(Config\Cache), false)
 9 FCPATH/index.php(67): CodeIgniter\CodeIgniter->run()
CRITICAL - 2023-10-02 08:00:06 --> There is no data to update.
in SYSTEMPATH/BaseModel.php on line 867.
 1 SYSTEMPATH/BaseModel.php(867): CodeIgniter\Database\Exceptions\DataException::forEmptyDataset('update')
 2 SYSTEMPATH/Model.php(693): CodeIgniter\BaseModel->update([...], [])
 3 SYSTEMPATH/BaseModel.php(657): CodeIgniter\Model->update('1', Object(App\Entities\Event))
 4 APPPATH/Models/EventModel.php(98): CodeIgniter\BaseModel->save(Object(App\Entities\Event))
 5 APPPATH/Controllers/Events.php(207): App\Models\EventModel->rateEvent('1', null)
 6 SYSTEMPATH/CodeIgniter.php(927): App\Controllers\Events->rating('1')
 7 SYSTEMPATH/CodeIgniter.php(482): CodeIgniter\CodeIgniter->runController(Object(App\Controllers\Events))
 8 SYSTEMPATH/CodeIgniter.php(351): CodeIgniter\CodeIgniter->handleRequest(null, Object(Config\Cache), false)
 9 FCPATH/index.php(67): CodeIgniter\CodeIgniter->run()
CRITICAL - 2023-10-02 08:02:41 --> There is no data to update.
in SYSTEMPATH/BaseModel.php on line 867.
 1 SYSTEMPATH/BaseModel.php(867): CodeIgniter\Database\Exceptions\DataException::forEmptyDataset('update')
 2 SYSTEMPATH/Model.php(693): CodeIgniter\BaseModel->update([...], [])
 3 SYSTEMPATH/BaseModel.php(657): CodeIgniter\Model->update('1', Object(App\Entities\Event))
 4 APPPATH/Models/EventModel.php(98): CodeIgniter\BaseModel->save(Object(App\Entities\Event))
 5 APPPATH/Controllers/Events.php(207): App\Models\EventModel->rateEvent('1', null)
 6 SYSTEMPATH/CodeIgniter.php(927): App\Controllers\Events->rating('1')
 7 SYSTEMPATH/CodeIgniter.php(482): CodeIgniter\CodeIgniter->runController(Object(App\Controllers\Events))
 8 SYSTEMPATH/CodeIgniter.php(351): CodeIgniter\CodeIgniter->handleRequest(null, Object(Config\Cache), false)
 9 FCPATH/index.php(67): CodeIgniter\CodeIgniter->run()
CRITICAL - 2023-10-02 08:10:29 --> There is no data to update.
in SYSTEMPATH/BaseModel.php on line 867.
 1 SYSTEMPATH/BaseModel.php(867): CodeIgniter\Database\Exceptions\DataException::forEmptyDataset('update')
 2 SYSTEMPATH/Model.php(693): CodeIgniter\BaseModel->update([...], [])
 3 SYSTEMPATH/BaseModel.php(657): CodeIgniter\Model->update('1', Object(App\Entities\Event))
 4 APPPATH/Models/EventModel.php(98): CodeIgniter\BaseModel->save(Object(App\Entities\Event))
 5 APPPATH/Controllers/Events.php(210): App\Models\EventModel->rateEvent('1', null)
 6 SYSTEMPATH/CodeIgniter.php(927): App\Controllers\Events->rating('1')
 7 SYSTEMPATH/CodeIgniter.php(482): CodeIgniter\CodeIgniter->runController(Object(App\Controllers\Events))
 8 SYSTEMPATH/CodeIgniter.php(351): CodeIgniter\CodeIgniter->handleRequest(null, Object(Config\Cache), false)
 9 FCPATH/index.php(67): CodeIgniter\CodeIgniter->run()
CRITICAL - 2023-10-02 08:10:33 --> There is no data to update.
in SYSTEMPATH/BaseModel.php on line 867.
 1 SYSTEMPATH/BaseModel.php(867): CodeIgniter\Database\Exceptions\DataException::forEmptyDataset('update')
 2 SYSTEMPATH/Model.php(693): CodeIgniter\BaseModel->update([...], [])
 3 SYSTEMPATH/BaseModel.php(657): CodeIgniter\Model->update('1', Object(App\Entities\Event))
 4 APPPATH/Models/EventModel.php(98): CodeIgniter\BaseModel->save(Object(App\Entities\Event))
 5 APPPATH/Controllers/Events.php(210): App\Models\EventModel->rateEvent('1', null)
 6 SYSTEMPATH/CodeIgniter.php(927): App\Controllers\Events->rating('1')
 7 SYSTEMPATH/CodeIgniter.php(482): CodeIgniter\CodeIgniter->runController(Object(App\Controllers\Events))
 8 SYSTEMPATH/CodeIgniter.php(351): CodeIgniter\CodeIgniter->handleRequest(null, Object(Config\Cache), false)
 9 FCPATH/index.php(67): CodeIgniter\CodeIgniter->run()
CRITICAL - 2023-10-02 08:22:18 --> There is no data to update.
in SYSTEMPATH/BaseModel.php on line 867.
 1 SYSTEMPATH/BaseModel.php(867): CodeIgniter\Database\Exceptions\DataException::forEmptyDataset('update')
 2 SYSTEMPATH/Model.php(693): CodeIgniter\BaseModel->update([...], [])
 3 SYSTEMPATH/BaseModel.php(657): CodeIgniter\Model->update('1', Object(App\Entities\Event))
 4 APPPATH/Models/EventModel.php(98): CodeIgniter\BaseModel->save(Object(App\Entities\Event))
 5 APPPATH/Controllers/Events.php(216): App\Models\EventModel->rateEvent('1', null)
 6 SYSTEMPATH/CodeIgniter.php(927): App\Controllers\Events->rating('1')
 7 SYSTEMPATH/CodeIgniter.php(482): CodeIgniter\CodeIgniter->runController(Object(App\Controllers\Events))
 8 SYSTEMPATH/CodeIgniter.php(351): CodeIgniter\CodeIgniter->handleRequest(null, Object(Config\Cache), false)
 9 FCPATH/index.php(67): CodeIgniter\CodeIgniter->run()
CRITICAL - 2023-10-02 08:22:20 --> There is no data to update.
in SYSTEMPATH/BaseModel.php on line 867.
 1 SYSTEMPATH/BaseModel.php(867): CodeIgniter\Database\Exceptions\DataException::forEmptyDataset('update')
 2 SYSTEMPATH/Model.php(693): CodeIgniter\BaseModel->update([...], [])
 3 SYSTEMPATH/BaseModel.php(657): CodeIgniter\Model->update('1', Object(App\Entities\Event))
 4 APPPATH/Models/EventModel.php(98): CodeIgniter\BaseModel->save(Object(App\Entities\Event))
 5 APPPATH/Controllers/Events.php(216): App\Models\EventModel->rateEvent('1', null)
 6 SYSTEMPATH/CodeIgniter.php(927): App\Controllers\Events->rating('1')
 7 SYSTEMPATH/CodeIgniter.php(482): CodeIgniter\CodeIgniter->runController(Object(App\Controllers\Events))
 8 SYSTEMPATH/CodeIgniter.php(351): CodeIgniter\CodeIgniter->handleRequest(null, Object(Config\Cache), false)
 9 FCPATH/index.php(67): CodeIgniter\CodeIgniter->run()
CRITICAL - 2023-10-02 08:22:21 --> There is no data to update.
in SYSTEMPATH/BaseModel.php on line 867.
 1 SYSTEMPATH/BaseModel.php(867): CodeIgniter\Database\Exceptions\DataException::forEmptyDataset('update')
 2 SYSTEMPATH/Model.php(693): CodeIgniter\BaseModel->update([...], [])
 3 SYSTEMPATH/BaseModel.php(657): CodeIgniter\Model->update('1', Object(App\Entities\Event))
 4 APPPATH/Models/EventModel.php(98): CodeIgniter\BaseModel->save(Object(App\Entities\Event))
 5 APPPATH/Controllers/Events.php(216): App\Models\EventModel->rateEvent('1', null)
 6 SYSTEMPATH/CodeIgniter.php(927): App\Controllers\Events->rating('1')
 7 SYSTEMPATH/CodeIgniter.php(482): CodeIgniter\CodeIgniter->runController(Object(App\Controllers\Events))
 8 SYSTEMPATH/CodeIgniter.php(351): CodeIgniter\CodeIgniter->handleRequest(null, Object(Config\Cache), false)
 9 FCPATH/index.php(67): CodeIgniter\CodeIgniter->run()
CRITICAL - 2023-10-02 08:22:24 --> There is no data to update.
in SYSTEMPATH/BaseModel.php on line 867.
 1 SYSTEMPATH/BaseModel.php(867): CodeIgniter\Database\Exceptions\DataException::forEmptyDataset('update')
 2 SYSTEMPATH/Model.php(693): CodeIgniter\BaseModel->update([...], [])
 3 SYSTEMPATH/BaseModel.php(657): CodeIgniter\Model->update('1', Object(App\Entities\Event))
 4 APPPATH/Models/EventModel.php(98): CodeIgniter\BaseModel->save(Object(App\Entities\Event))
 5 APPPATH/Controllers/Events.php(216): App\Models\EventModel->rateEvent('1', null)
 6 SYSTEMPATH/CodeIgniter.php(927): App\Controllers\Events->rating('1')
 7 SYSTEMPATH/CodeIgniter.php(482): CodeIgniter\CodeIgniter->runController(Object(App\Controllers\Events))
 8 SYSTEMPATH/CodeIgniter.php(351): CodeIgniter\CodeIgniter->handleRequest(null, Object(Config\Cache), false)
 9 FCPATH/index.php(67): CodeIgniter\CodeIgniter->run()
CRITICAL - 2023-10-02 08:23:02 --> Invalid file: Events/rating.php
in SYSTEMPATH/Exceptions/FrameworkException.php on line 33.
 1 SYSTEMPATH/View/View.php(201): CodeIgniter\Exceptions\FrameworkException::forInvalidFile('Events/rating.php')
 2 SYSTEMPATH/Common.php(1134): CodeIgniter\View\View->render('Events/rating', [], true)
 3 APPPATH/Controllers/Events.php(208): view('Events/rating', [...])
 4 SYSTEMPATH/CodeIgniter.php(927): App\Controllers\Events->rating('1')
 5 SYSTEMPATH/CodeIgniter.php(482): CodeIgniter\CodeIgniter->runController(Object(App\Controllers\Events))
 6 SYSTEMPATH/CodeIgniter.php(351): CodeIgniter\CodeIgniter->handleRequest(null, Object(Config\Cache), false)
 7 FCPATH/index.php(67): CodeIgniter\CodeIgniter->run()
CRITICAL - 2023-10-02 08:23:04 --> Invalid file: Events/rating.php
in SYSTEMPATH/Exceptions/FrameworkException.php on line 33.
 1 SYSTEMPATH/View/View.php(201): CodeIgniter\Exceptions\FrameworkException::forInvalidFile('Events/rating.php')
 2 SYSTEMPATH/Common.php(1134): CodeIgniter\View\View->render('Events/rating', [], true)
 3 APPPATH/Controllers/Events.php(208): view('Events/rating', [...])
 4 SYSTEMPATH/CodeIgniter.php(927): App\Controllers\Events->rating('1')
 5 SYSTEMPATH/CodeIgniter.php(482): CodeIgniter\CodeIgniter->runController(Object(App\Controllers\Events))
 6 SYSTEMPATH/CodeIgniter.php(351): CodeIgniter\CodeIgniter->handleRequest(null, Object(Config\Cache), false)
 7 FCPATH/index.php(67): CodeIgniter\CodeIgniter->run()
