CRITICAL - 2023-03-12 10:33:33 --> syntax error, unexpected token "echo", expecting "," or ";"
in APPPATH/Controllers/Home.php on line 10.
 1 SYSTEMPATH/Router/Router.php(499): CodeIgniter\Router\AutoRouter->getRoute('home')
 2 SYSTEMPATH/Router/Router.php(205): CodeIgniter\Router\Router->autoRoute('home')
 3 SYSTEMPATH/CodeIgniter.php(802): CodeIgniter\Router\Router->handle('home')
 4 SYSTEMPATH/CodeIgniter.php(430): CodeIgniter\CodeIgniter->tryToRouteIt(Object(CodeIgniter\Router\RouteCollection))
 5 SYSTEMPATH/CodeIgniter.php(351): CodeIgniter\CodeIgniter->handleRequest(null, Object(Config\Cache), false)
 6 FCPATH/index.php(67): CodeIgniter\CodeIgniter->run()
CRITICAL - 2023-03-12 10:44:07 --> Call to undefined method CodeIgniter\View\View::extent()
in APPPATH/Views/Home/index.php on line 1.
 1 SYSTEMPATH/View/View.php(213): include()
 2 SYSTEMPATH/View/View.php(216): CodeIgniter\View\View->CodeIgniter\View\{closure}()
 3 SYSTEMPATH/Common.php(1134): CodeIgniter\View\View->render('Home/index', [], true)
 4 APPPATH/Controllers/Home.php(9): view('Home/index')
 5 SYSTEMPATH/CodeIgniter.php(927): App\Controllers\Home->index()
 6 SYSTEMPATH/CodeIgniter.php(482): CodeIgniter\CodeIgniter->runController(Object(App\Controllers\Home))
 7 SYSTEMPATH/CodeIgniter.php(351): CodeIgniter\CodeIgniter->handleRequest(null, Object(Config\Cache), false)
 8 FCPATH/index.php(67): CodeIgniter\CodeIgniter->run()
CRITICAL - 2023-03-12 10:47:44 --> Call to undefined method CodeIgniter\View\View::extent()
in APPPATH/Views/Home/index.php on line 1.
 1 SYSTEMPATH/View/View.php(213): include()
 2 SYSTEMPATH/View/View.php(216): CodeIgniter\View\View->CodeIgniter\View\{closure}()
 3 SYSTEMPATH/Common.php(1134): CodeIgniter\View\View->render('Home/index', [], true)
 4 APPPATH/Controllers/Home.php(9): view('Home/index')
 5 SYSTEMPATH/CodeIgniter.php(927): App\Controllers\Home->index()
 6 SYSTEMPATH/CodeIgniter.php(482): CodeIgniter\CodeIgniter->runController(Object(App\Controllers\Home))
 7 SYSTEMPATH/CodeIgniter.php(351): CodeIgniter\CodeIgniter->handleRequest(null, Object(Config\Cache), false)
 8 FCPATH/index.php(67): CodeIgniter\CodeIgniter->run()
CRITICAL - 2023-03-12 10:47:48 --> Call to undefined method CodeIgniter\View\View::extent()
in APPPATH/Views/Home/index.php on line 1.
 1 SYSTEMPATH/View/View.php(213): include()
 2 SYSTEMPATH/View/View.php(216): CodeIgniter\View\View->CodeIgniter\View\{closure}()
 3 SYSTEMPATH/Common.php(1134): CodeIgniter\View\View->render('Home/index', [], true)
 4 APPPATH/Controllers/Home.php(9): view('Home/index')
 5 SYSTEMPATH/CodeIgniter.php(927): App\Controllers\Home->index()
 6 SYSTEMPATH/CodeIgniter.php(482): CodeIgniter\CodeIgniter->runController(Object(App\Controllers\Home))
 7 SYSTEMPATH/CodeIgniter.php(351): CodeIgniter\CodeIgniter->handleRequest(null, Object(Config\Cache), false)
 8 FCPATH/index.php(67): CodeIgniter\CodeIgniter->run()
CRITICAL - 2023-03-12 10:47:49 --> Call to undefined method CodeIgniter\View\View::extent()
in APPPATH/Views/Home/index.php on line 1.
 1 SYSTEMPATH/View/View.php(213): include()
 2 SYSTEMPATH/View/View.php(216): CodeIgniter\View\View->CodeIgniter\View\{closure}()
 3 SYSTEMPATH/Common.php(1134): CodeIgniter\View\View->render('Home/index', [], true)
 4 APPPATH/Controllers/Home.php(9): view('Home/index')
 5 SYSTEMPATH/CodeIgniter.php(927): App\Controllers\Home->index()
 6 SYSTEMPATH/CodeIgniter.php(482): CodeIgniter\CodeIgniter->runController(Object(App\Controllers\Home))
 7 SYSTEMPATH/CodeIgniter.php(351): CodeIgniter\CodeIgniter->handleRequest(null, Object(Config\Cache), false)
 8 FCPATH/index.php(67): CodeIgniter\CodeIgniter->run()
CRITICAL - 2023-03-12 10:47:50 --> Call to undefined method CodeIgniter\View\View::extent()
in APPPATH/Views/Home/index.php on line 1.
 1 SYSTEMPATH/View/View.php(213): include()
 2 SYSTEMPATH/View/View.php(216): CodeIgniter\View\View->CodeIgniter\View\{closure}()
 3 SYSTEMPATH/Common.php(1134): CodeIgniter\View\View->render('Home/index', [], true)
 4 APPPATH/Controllers/Home.php(9): view('Home/index')
 5 SYSTEMPATH/CodeIgniter.php(927): App\Controllers\Home->index()
 6 SYSTEMPATH/CodeIgniter.php(482): CodeIgniter\CodeIgniter->runController(Object(App\Controllers\Home))
 7 SYSTEMPATH/CodeIgniter.php(351): CodeIgniter\CodeIgniter->handleRequest(null, Object(Config\Cache), false)
 8 FCPATH/index.php(67): CodeIgniter\CodeIgniter->run()
CRITICAL - 2023-03-12 10:54:24 --> Undefined constant "this"
in APPPATH/Views/Home/index.php on line 3.
 1 SYSTEMPATH/View/View.php(213): include()
 2 SYSTEMPATH/View/View.php(216): CodeIgniter\View\View->CodeIgniter\View\{closure}()
 3 SYSTEMPATH/Common.php(1134): CodeIgniter\View\View->render('Home/index', [], true)
 4 APPPATH/Controllers/Home.php(9): view('Home/index')
 5 SYSTEMPATH/CodeIgniter.php(927): App\Controllers\Home->index()
 6 SYSTEMPATH/CodeIgniter.php(482): CodeIgniter\CodeIgniter->runController(Object(App\Controllers\Home))
 7 SYSTEMPATH/CodeIgniter.php(351): CodeIgniter\CodeIgniter->handleRequest(null, Object(Config\Cache), false)
 8 FCPATH/index.php(67): CodeIgniter\CodeIgniter->run()
