ERROR - 2023-07-13 13:32:45 --> Error connecting to the database: mysqli_sql_exception: No such file or directory in /var/www/html/system/Database/MySQLi/Connection.php:171
Stack trace:
#0 /var/www/html/system/Database/MySQLi/Connection.php(171): mysqli->real_connect('localhost', 'root', 'admin', 'ibdp_cs_ia', 3306, '', 0)
#1 /var/www/html/system/Database/BaseConnection.php(382): CodeIgniter\Database\MySQLi\Connection->connect(false)
#2 /var/www/html/system/Database/BaseConnection.php(561): CodeIgniter\Database\BaseConnection->initialize()
#3 /var/www/html/system/Database/BaseBuilder.php(1916): CodeIgniter\Database\BaseConnection->query('INSERT INTO `us...', Array, false)
#4 /var/www/html/system/Model.php(279): CodeIgniter\Database\BaseBuilder->insert()
#5 /var/www/html/system/BaseModel.php(749): CodeIgniter\Model->doInsert(Array)
#6 /var/www/html/system/Model.php(667): CodeIgniter\BaseModel->insert(Array, true)
#7 /var/www/html/app/Controllers/Signup.php(18): CodeIgniter\Model->insert(Object(App\Entities\User))
#8 /var/www/html/system/CodeIgniter.php(927): App\Controllers\Signup->create()
#9 /var/www/html/system/CodeIgniter.php(482): CodeIgniter\CodeIgniter->runController(Object(App\Controllers\Signup))
#10 /var/www/html/system/CodeIgniter.php(351): CodeIgniter\CodeIgniter->handleRequest(NULL, Object(Config\Cache), false)
#11 /var/www/html/public/index.php(67): CodeIgniter\CodeIgniter->run()
#12 {main}

Next CodeIgniter\Database\Exceptions\DatabaseException: No such file or directory in /var/www/html/system/Database/MySQLi/Connection.php:215
Stack trace:
#0 /var/www/html/system/Database/BaseConnection.php(382): CodeIgniter\Database\MySQLi\Connection->connect(false)
#1 /var/www/html/system/Database/BaseConnection.php(561): CodeIgniter\Database\BaseConnection->initialize()
#2 /var/www/html/system/Database/BaseBuilder.php(1916): CodeIgniter\Database\BaseConnection->query('INSERT INTO `us...', Array, false)
#3 /var/www/html/system/Model.php(279): CodeIgniter\Database\BaseBuilder->insert()
#4 /var/www/html/system/BaseModel.php(749): CodeIgniter\Model->doInsert(Array)
#5 /var/www/html/system/Model.php(667): CodeIgniter\BaseModel->insert(Array, true)
#6 /var/www/html/app/Controllers/Signup.php(18): CodeIgniter\Model->insert(Object(App\Entities\User))
#7 /var/www/html/system/CodeIgniter.php(927): App\Controllers\Signup->create()
#8 /var/www/html/system/CodeIgniter.php(482): CodeIgniter\CodeIgniter->runController(Object(App\Controllers\Signup))
#9 /var/www/html/system/CodeIgniter.php(351): CodeIgniter\CodeIgniter->handleRequest(NULL, Object(Config\Cache), false)
#10 /var/www/html/public/index.php(67): CodeIgniter\CodeIgniter->run()
#11 {main}
CRITICAL - 2023-07-13 13:32:45 --> Unable to connect to the database.
Main connection [MySQLi]: No such file or directory
in SYSTEMPATH/Database/BaseConnection.php on line 418.
 1 SYSTEMPATH/Database/BaseConnection.php(561): CodeIgniter\Database\BaseConnection->initialize()
 2 SYSTEMPATH/Database/BaseBuilder.php(1916): CodeIgniter\Database\BaseConnection->query('INSERT INTO `user` (`name`, `email`, `created_at`, `updated_at`) VALUES (:name:, :email:, :created_at:, :updated_at:)', [...], false)
 3 SYSTEMPATH/Model.php(279): CodeIgniter\Database\BaseBuilder->insert()
 4 SYSTEMPATH/BaseModel.php(749): CodeIgniter\Model->doInsert([...])
 5 SYSTEMPATH/Model.php(667): CodeIgniter\BaseModel->insert([...], true)
 6 APPPATH/Controllers/Signup.php(18): CodeIgniter\Model->insert(Object(App\Entities\User))
 7 SYSTEMPATH/CodeIgniter.php(927): App\Controllers\Signup->create()
 8 SYSTEMPATH/CodeIgniter.php(482): CodeIgniter\CodeIgniter->runController(Object(App\Controllers\Signup))
 9 SYSTEMPATH/CodeIgniter.php(351): CodeIgniter\CodeIgniter->handleRequest(null, Object(Config\Cache), false)
10 FCPATH/index.php(67): CodeIgniter\CodeIgniter->run()
ERROR - 2023-07-13 13:40:00 --> Error connecting to the database: mysqli_sql_exception: No such file or directory in /var/www/html/system/Database/MySQLi/Connection.php:171
Stack trace:
#0 /var/www/html/system/Database/MySQLi/Connection.php(171): mysqli->real_connect('localhost', 'root', 'admin', 'taskapp', 3306, '', 0)
#1 /var/www/html/system/Database/BaseConnection.php(382): CodeIgniter\Database\MySQLi\Connection->connect(false)
#2 /var/www/html/system/Database/BaseConnection.php(561): CodeIgniter\Database\BaseConnection->initialize()
#3 /var/www/html/system/Database/BaseBuilder.php(1916): CodeIgniter\Database\BaseConnection->query('INSERT INTO `us...', Array, false)
#4 /var/www/html/system/Model.php(279): CodeIgniter\Database\BaseBuilder->insert()
#5 /var/www/html/system/BaseModel.php(749): CodeIgniter\Model->doInsert(Array)
#6 /var/www/html/system/Model.php(667): CodeIgniter\BaseModel->insert(Array, true)
#7 /var/www/html/app/Controllers/Signup.php(18): CodeIgniter\Model->insert(Object(App\Entities\User))
#8 /var/www/html/system/CodeIgniter.php(927): App\Controllers\Signup->create()
#9 /var/www/html/system/CodeIgniter.php(482): CodeIgniter\CodeIgniter->runController(Object(App\Controllers\Signup))
#10 /var/www/html/system/CodeIgniter.php(351): CodeIgniter\CodeIgniter->handleRequest(NULL, Object(Config\Cache), false)
#11 /var/www/html/public/index.php(67): CodeIgniter\CodeIgniter->run()
#12 {main}

Next CodeIgniter\Database\Exceptions\DatabaseException: No such file or directory in /var/www/html/system/Database/MySQLi/Connection.php:215
Stack trace:
#0 /var/www/html/system/Database/BaseConnection.php(382): CodeIgniter\Database\MySQLi\Connection->connect(false)
#1 /var/www/html/system/Database/BaseConnection.php(561): CodeIgniter\Database\BaseConnection->initialize()
#2 /var/www/html/system/Database/BaseBuilder.php(1916): CodeIgniter\Database\BaseConnection->query('INSERT INTO `us...', Array, false)
#3 /var/www/html/system/Model.php(279): CodeIgniter\Database\BaseBuilder->insert()
#4 /var/www/html/system/BaseModel.php(749): CodeIgniter\Model->doInsert(Array)
#5 /var/www/html/system/Model.php(667): CodeIgniter\BaseModel->insert(Array, true)
#6 /var/www/html/app/Controllers/Signup.php(18): CodeIgniter\Model->insert(Object(App\Entities\User))
#7 /var/www/html/system/CodeIgniter.php(927): App\Controllers\Signup->create()
#8 /var/www/html/system/CodeIgniter.php(482): CodeIgniter\CodeIgniter->runController(Object(App\Controllers\Signup))
#9 /var/www/html/system/CodeIgniter.php(351): CodeIgniter\CodeIgniter->handleRequest(NULL, Object(Config\Cache), false)
#10 /var/www/html/public/index.php(67): CodeIgniter\CodeIgniter->run()
#11 {main}
CRITICAL - 2023-07-13 13:40:00 --> Unable to connect to the database.
Main connection [MySQLi]: No such file or directory
in SYSTEMPATH/Database/BaseConnection.php on line 418.
 1 SYSTEMPATH/Database/BaseConnection.php(561): CodeIgniter\Database\BaseConnection->initialize()
 2 SYSTEMPATH/Database/BaseBuilder.php(1916): CodeIgniter\Database\BaseConnection->query('INSERT INTO `user` (`name`, `email`, `created_at`, `updated_at`) VALUES (:name:, :email:, :created_at:, :updated_at:)', [...], false)
 3 SYSTEMPATH/Model.php(279): CodeIgniter\Database\BaseBuilder->insert()
 4 SYSTEMPATH/BaseModel.php(749): CodeIgniter\Model->doInsert([...])
 5 SYSTEMPATH/Model.php(667): CodeIgniter\BaseModel->insert([...], true)
 6 APPPATH/Controllers/Signup.php(18): CodeIgniter\Model->insert(Object(App\Entities\User))
 7 SYSTEMPATH/CodeIgniter.php(927): App\Controllers\Signup->create()
 8 SYSTEMPATH/CodeIgniter.php(482): CodeIgniter\CodeIgniter->runController(Object(App\Controllers\Signup))
 9 SYSTEMPATH/CodeIgniter.php(351): CodeIgniter\CodeIgniter->handleRequest(null, Object(Config\Cache), false)
10 FCPATH/index.php(67): CodeIgniter\CodeIgniter->run()
ERROR - 2023-07-13 13:41:51 --> mysqli_sql_exception: Unknown column 'updated_at' in 'field list' in /var/www/html/system/Database/MySQLi/Connection.php:292
Stack trace:
#0 /var/www/html/system/Database/MySQLi/Connection.php(292): mysqli->query('INSERT INTO `us...', 0)
#1 /var/www/html/system/Database/BaseConnection.php(666): CodeIgniter\Database\MySQLi\Connection->execute('INSERT INTO `us...')
#2 /var/www/html/system/Database/BaseConnection.php(593): CodeIgniter\Database\BaseConnection->simpleQuery('INSERT INTO `us...')
#3 /var/www/html/system/Database/BaseBuilder.php(1916): CodeIgniter\Database\BaseConnection->query('INSERT INTO `us...', Array, false)
#4 /var/www/html/system/Model.php(279): CodeIgniter\Database\BaseBuilder->insert()
#5 /var/www/html/system/BaseModel.php(749): CodeIgniter\Model->doInsert(Array)
#6 /var/www/html/system/Model.php(667): CodeIgniter\BaseModel->insert(Array, true)
#7 /var/www/html/app/Controllers/Signup.php(18): CodeIgniter\Model->insert(Object(App\Entities\User))
#8 /var/www/html/system/CodeIgniter.php(927): App\Controllers\Signup->create()
#9 /var/www/html/system/CodeIgniter.php(482): CodeIgniter\CodeIgniter->runController(Object(App\Controllers\Signup))
#10 /var/www/html/system/CodeIgniter.php(351): CodeIgniter\CodeIgniter->handleRequest(NULL, Object(Config\Cache), false)
#11 /var/www/html/public/index.php(67): CodeIgniter\CodeIgniter->run()
#12 {main}
CRITICAL - 2023-07-13 13:41:51 --> Unknown column 'updated_at' in 'field list'
in SYSTEMPATH/Database/MySQLi/Connection.php on line 292.
 1 SYSTEMPATH/Database/MySQLi/Connection.php(292): mysqli->query('INSERT INTO `user` (`name`, `email`, `created_at`, `updated_at`) VALUES (\'Dave\', \'dave@example.com\', \'2023-07-13 13:41:50\', \'2023-07-13 13:41:50\')', 0)
 2 SYSTEMPATH/Database/BaseConnection.php(666): CodeIgniter\Database\MySQLi\Connection->execute('INSERT INTO `user` (`name`, `email`, `created_at`, `updated_at`) VALUES (\'Dave\', \'dave@example.com\', \'2023-07-13 13:41:50\', \'2023-07-13 13:41:50\')')
 3 SYSTEMPATH/Database/BaseConnection.php(593): CodeIgniter\Database\BaseConnection->simpleQuery('INSERT INTO `user` (`name`, `email`, `created_at`, `updated_at`) VALUES (\'Dave\', \'dave@example.com\', \'2023-07-13 13:41:50\', \'2023-07-13 13:41:50\')')
 4 SYSTEMPATH/Database/BaseBuilder.php(1916): CodeIgniter\Database\BaseConnection->query('INSERT INTO `user` (`name`, `email`, `created_at`, `updated_at`) VALUES (:name:, :email:, :created_at:, :updated_at:)', [...], false)
 5 SYSTEMPATH/Model.php(279): CodeIgniter\Database\BaseBuilder->insert()
 6 SYSTEMPATH/BaseModel.php(749): CodeIgniter\Model->doInsert([...])
 7 SYSTEMPATH/Model.php(667): CodeIgniter\BaseModel->insert([...], true)
 8 APPPATH/Controllers/Signup.php(18): CodeIgniter\Model->insert(Object(App\Entities\User))
 9 SYSTEMPATH/CodeIgniter.php(927): App\Controllers\Signup->create()
10 SYSTEMPATH/CodeIgniter.php(482): CodeIgniter\CodeIgniter->runController(Object(App\Controllers\Signup))
11 SYSTEMPATH/CodeIgniter.php(351): CodeIgniter\CodeIgniter->handleRequest(null, Object(Config\Cache), false)
12 FCPATH/index.php(67): CodeIgniter\CodeIgniter->run()
ERROR - 2023-07-13 13:45:28 --> Error connecting to the database: mysqli_sql_exception: Operation timed out in /Users/tiffany/Desktop/dev/ia-tiffany/www/system/Database/MySQLi/Connection.php:170
Stack trace:
#0 /Users/tiffany/Desktop/dev/ia-tiffany/www/system/Database/MySQLi/Connection.php(170): mysqli->real_connect('172.19.0.1', 'root', Object(SensitiveParameterValue), 'taskapp', 3306, '', 0)
#1 /Users/tiffany/Desktop/dev/ia-tiffany/www/system/Database/BaseConnection.php(382): CodeIgniter\Database\MySQLi\Connection->connect(false)
#2 /Users/tiffany/Desktop/dev/ia-tiffany/www/system/Database/BaseConnection.php(561): CodeIgniter\Database\BaseConnection->initialize()
#3 /Users/tiffany/Desktop/dev/ia-tiffany/www/system/Database/BaseConnection.php(1360): CodeIgniter\Database\BaseConnection->query('SHOW TABLES FRO...')
#4 /Users/tiffany/Desktop/dev/ia-tiffany/www/system/Database/BaseConnection.php(1394): CodeIgniter\Database\BaseConnection->listTables()
#5 /Users/tiffany/Desktop/dev/ia-tiffany/www/system/Database/MigrationRunner.php(759): CodeIgniter\Database\BaseConnection->tableExists('migrations')
#6 /Users/tiffany/Desktop/dev/ia-tiffany/www/system/Database/MigrationRunner.php(167): CodeIgniter\Database\MigrationRunner->ensureTable()
#7 /Users/tiffany/Desktop/dev/ia-tiffany/www/system/Commands/Database/Migrate.php(84): CodeIgniter\Database\MigrationRunner->latest(NULL)
#8 /Users/tiffany/Desktop/dev/ia-tiffany/www/system/CLI/Commands.php(63): CodeIgniter\Commands\Database\Migrate->run(Array)
#9 /Users/tiffany/Desktop/dev/ia-tiffany/www/system/CLI/CommandRunner.php(65): CodeIgniter\CLI\Commands->run('migrate', Array)
#10 /Users/tiffany/Desktop/dev/ia-tiffany/www/system/CLI/CommandRunner.php(51): CodeIgniter\CLI\CommandRunner->index(Array)
#11 /Users/tiffany/Desktop/dev/ia-tiffany/www/system/CodeIgniter.php(920): CodeIgniter\CLI\CommandRunner->_remap('index', Array)
#12 /Users/tiffany/Desktop/dev/ia-tiffany/www/system/CodeIgniter.php(482): CodeIgniter\CodeIgniter->runController(Object(CodeIgniter\CLI\CommandRunner))
#13 /Users/tiffany/Desktop/dev/ia-tiffany/www/system/CodeIgniter.php(347): CodeIgniter\CodeIgniter->handleRequest(NULL, Object(Config\Cache), false)
#14 /Users/tiffany/Desktop/dev/ia-tiffany/www/system/CLI/Console.php(48): CodeIgniter\CodeIgniter->run()
#15 /Users/tiffany/Desktop/dev/ia-tiffany/www/spark(98): CodeIgniter\CLI\Console->run()
#16 {main}

Next CodeIgniter\Database\Exceptions\DatabaseException: Operation timed out in /Users/tiffany/Desktop/dev/ia-tiffany/www/system/Database/MySQLi/Connection.php:215
Stack trace:
#0 /Users/tiffany/Desktop/dev/ia-tiffany/www/system/Database/BaseConnection.php(382): CodeIgniter\Database\MySQLi\Connection->connect(false)
#1 /Users/tiffany/Desktop/dev/ia-tiffany/www/system/Database/BaseConnection.php(561): CodeIgniter\Database\BaseConnection->initialize()
#2 /Users/tiffany/Desktop/dev/ia-tiffany/www/system/Database/BaseConnection.php(1360): CodeIgniter\Database\BaseConnection->query('SHOW TABLES FRO...')
#3 /Users/tiffany/Desktop/dev/ia-tiffany/www/system/Database/BaseConnection.php(1394): CodeIgniter\Database\BaseConnection->listTables()
#4 /Users/tiffany/Desktop/dev/ia-tiffany/www/system/Database/MigrationRunner.php(759): CodeIgniter\Database\BaseConnection->tableExists('migrations')
#5 /Users/tiffany/Desktop/dev/ia-tiffany/www/system/Database/MigrationRunner.php(167): CodeIgniter\Database\MigrationRunner->ensureTable()
#6 /Users/tiffany/Desktop/dev/ia-tiffany/www/system/Commands/Database/Migrate.php(84): CodeIgniter\Database\MigrationRunner->latest(NULL)
#7 /Users/tiffany/Desktop/dev/ia-tiffany/www/system/CLI/Commands.php(63): CodeIgniter\Commands\Database\Migrate->run(Array)
#8 /Users/tiffany/Desktop/dev/ia-tiffany/www/system/CLI/CommandRunner.php(65): CodeIgniter\CLI\Commands->run('migrate', Array)
#9 /Users/tiffany/Desktop/dev/ia-tiffany/www/system/CLI/CommandRunner.php(51): CodeIgniter\CLI\CommandRunner->index(Array)
#10 /Users/tiffany/Desktop/dev/ia-tiffany/www/system/CodeIgniter.php(920): CodeIgniter\CLI\CommandRunner->_remap('index', Array)
#11 /Users/tiffany/Desktop/dev/ia-tiffany/www/system/CodeIgniter.php(482): CodeIgniter\CodeIgniter->runController(Object(CodeIgniter\CLI\CommandRunner))
#12 /Users/tiffany/Desktop/dev/ia-tiffany/www/system/CodeIgniter.php(347): CodeIgniter\CodeIgniter->handleRequest(NULL, Object(Config\Cache), false)
#13 /Users/tiffany/Desktop/dev/ia-tiffany/www/system/CLI/Console.php(48): CodeIgniter\CodeIgniter->run()
#14 /Users/tiffany/Desktop/dev/ia-tiffany/www/spark(98): CodeIgniter\CLI\Console->run()
#15 {main}
ERROR - 2023-07-13 13:48:05 --> Error connecting to the database: mysqli_sql_exception: No such file or directory in /Users/tiffany/Desktop/dev/ia-tiffany/www/system/Database/MySQLi/Connection.php:170
Stack trace:
#0 /Users/tiffany/Desktop/dev/ia-tiffany/www/system/Database/MySQLi/Connection.php(170): mysqli->real_connect('localhost', 'root', Object(SensitiveParameterValue), 'taskapp', 3306, '', 0)
#1 /Users/tiffany/Desktop/dev/ia-tiffany/www/system/Database/BaseConnection.php(382): CodeIgniter\Database\MySQLi\Connection->connect(false)
#2 /Users/tiffany/Desktop/dev/ia-tiffany/www/system/Database/BaseConnection.php(561): CodeIgniter\Database\BaseConnection->initialize()
#3 /Users/tiffany/Desktop/dev/ia-tiffany/www/system/Database/BaseConnection.php(1360): CodeIgniter\Database\BaseConnection->query('SHOW TABLES FRO...')
#4 /Users/tiffany/Desktop/dev/ia-tiffany/www/system/Database/BaseConnection.php(1394): CodeIgniter\Database\BaseConnection->listTables()
#5 /Users/tiffany/Desktop/dev/ia-tiffany/www/system/Database/MigrationRunner.php(759): CodeIgniter\Database\BaseConnection->tableExists('migrations')
#6 /Users/tiffany/Desktop/dev/ia-tiffany/www/system/Database/MigrationRunner.php(167): CodeIgniter\Database\MigrationRunner->ensureTable()
#7 /Users/tiffany/Desktop/dev/ia-tiffany/www/system/Commands/Database/Migrate.php(84): CodeIgniter\Database\MigrationRunner->latest(NULL)
#8 /Users/tiffany/Desktop/dev/ia-tiffany/www/system/CLI/Commands.php(63): CodeIgniter\Commands\Database\Migrate->run(Array)
#9 /Users/tiffany/Desktop/dev/ia-tiffany/www/system/CLI/CommandRunner.php(65): CodeIgniter\CLI\Commands->run('migrate', Array)
#10 /Users/tiffany/Desktop/dev/ia-tiffany/www/system/CLI/CommandRunner.php(51): CodeIgniter\CLI\CommandRunner->index(Array)
#11 /Users/tiffany/Desktop/dev/ia-tiffany/www/system/CodeIgniter.php(920): CodeIgniter\CLI\CommandRunner->_remap('index', Array)
#12 /Users/tiffany/Desktop/dev/ia-tiffany/www/system/CodeIgniter.php(482): CodeIgniter\CodeIgniter->runController(Object(CodeIgniter\CLI\CommandRunner))
#13 /Users/tiffany/Desktop/dev/ia-tiffany/www/system/CodeIgniter.php(347): CodeIgniter\CodeIgniter->handleRequest(NULL, Object(Config\Cache), false)
#14 /Users/tiffany/Desktop/dev/ia-tiffany/www/system/CLI/Console.php(48): CodeIgniter\CodeIgniter->run()
#15 /Users/tiffany/Desktop/dev/ia-tiffany/www/spark(98): CodeIgniter\CLI\Console->run()
#16 {main}

Next CodeIgniter\Database\Exceptions\DatabaseException: No such file or directory in /Users/tiffany/Desktop/dev/ia-tiffany/www/system/Database/MySQLi/Connection.php:215
Stack trace:
#0 /Users/tiffany/Desktop/dev/ia-tiffany/www/system/Database/BaseConnection.php(382): CodeIgniter\Database\MySQLi\Connection->connect(false)
#1 /Users/tiffany/Desktop/dev/ia-tiffany/www/system/Database/BaseConnection.php(561): CodeIgniter\Database\BaseConnection->initialize()
#2 /Users/tiffany/Desktop/dev/ia-tiffany/www/system/Database/BaseConnection.php(1360): CodeIgniter\Database\BaseConnection->query('SHOW TABLES FRO...')
#3 /Users/tiffany/Desktop/dev/ia-tiffany/www/system/Database/BaseConnection.php(1394): CodeIgniter\Database\BaseConnection->listTables()
#4 /Users/tiffany/Desktop/dev/ia-tiffany/www/system/Database/MigrationRunner.php(759): CodeIgniter\Database\BaseConnection->tableExists('migrations')
#5 /Users/tiffany/Desktop/dev/ia-tiffany/www/system/Database/MigrationRunner.php(167): CodeIgniter\Database\MigrationRunner->ensureTable()
#6 /Users/tiffany/Desktop/dev/ia-tiffany/www/system/Commands/Database/Migrate.php(84): CodeIgniter\Database\MigrationRunner->latest(NULL)
#7 /Users/tiffany/Desktop/dev/ia-tiffany/www/system/CLI/Commands.php(63): CodeIgniter\Commands\Database\Migrate->run(Array)
#8 /Users/tiffany/Desktop/dev/ia-tiffany/www/system/CLI/CommandRunner.php(65): CodeIgniter\CLI\Commands->run('migrate', Array)
#9 /Users/tiffany/Desktop/dev/ia-tiffany/www/system/CLI/CommandRunner.php(51): CodeIgniter\CLI\CommandRunner->index(Array)
#10 /Users/tiffany/Desktop/dev/ia-tiffany/www/system/CodeIgniter.php(920): CodeIgniter\CLI\CommandRunner->_remap('index', Array)
#11 /Users/tiffany/Desktop/dev/ia-tiffany/www/system/CodeIgniter.php(482): CodeIgniter\CodeIgniter->runController(Object(CodeIgniter\CLI\CommandRunner))
#12 /Users/tiffany/Desktop/dev/ia-tiffany/www/system/CodeIgniter.php(347): CodeIgniter\CodeIgniter->handleRequest(NULL, Object(Config\Cache), false)
#13 /Users/tiffany/Desktop/dev/ia-tiffany/www/system/CLI/Console.php(48): CodeIgniter\CodeIgniter->run()
#14 /Users/tiffany/Desktop/dev/ia-tiffany/www/spark(98): CodeIgniter\CLI\Console->run()
#15 {main}
