CRITICAL - 2023-09-02 05:17:21 --> Too few arguments to function App\Controllers\Events::getEventOr404(), 0 passed in /var/www/html/app/Controllers/Events.php on line 29 and exactly 1 expected
in APPPATH/Controllers/Events.php on line 120.
 1 APPPATH/Controllers/Events.php(29): App\Controllers\Events->getEventOr404()
 2 SYSTEMPATH/CodeIgniter.php(927): App\Controllers\Events->show('1')
 3 SYSTEMPATH/CodeIgniter.php(482): CodeIgniter\CodeIgniter->runController(Object(App\Controllers\Events))
 4 SYSTEMPATH/CodeIgniter.php(351): CodeIgniter\CodeIgniter->handleRequest(null, Object(Config\Cache), false)
 5 FCPATH/index.php(67): CodeIgniter\CodeIgniter->run()
CRITICAL - 2023-09-02 05:50:16 --> Attempt to assign property "id" on null
in APPPATH/Views/Events/show.php on line 41.
 1 SYSTEMPATH/View/View.php(213): include()
 2 SYSTEMPATH/View/View.php(216): CodeIgniter\View\View->CodeIgniter\View\{closure}()
 3 SYSTEMPATH/Common.php(1134): CodeIgniter\View\View->render('Events/show', [], true)
 4 APPPATH/Controllers/Events.php(32): view('Events/show', [...])
 5 SYSTEMPATH/CodeIgniter.php(927): App\Controllers\Events->show('1')
 6 SYSTEMPATH/CodeIgniter.php(482): CodeIgniter\CodeIgniter->runController(Object(App\Controllers\Events))
 7 SYSTEMPATH/CodeIgniter.php(351): CodeIgniter\CodeIgniter->handleRequest(null, Object(Config\Cache), false)
 8 FCPATH/index.php(67): CodeIgniter\CodeIgniter->run()
CRITICAL - 2023-09-02 05:52:35 --> Attempt to assign property "id" on null
in APPPATH/Views/Events/show.php on line 41.
 1 SYSTEMPATH/View/View.php(213): include()
 2 SYSTEMPATH/View/View.php(216): CodeIgniter\View\View->CodeIgniter\View\{closure}()
 3 SYSTEMPATH/Common.php(1134): CodeIgniter\View\View->render('Events/show', [], true)
 4 APPPATH/Controllers/Events.php(32): view('Events/show', [...])
 5 SYSTEMPATH/CodeIgniter.php(927): App\Controllers\Events->show('1')
 6 SYSTEMPATH/CodeIgniter.php(482): CodeIgniter\CodeIgniter->runController(Object(App\Controllers\Events))
 7 SYSTEMPATH/CodeIgniter.php(351): CodeIgniter\CodeIgniter->handleRequest(null, Object(Config\Cache), false)
 8 FCPATH/index.php(67): CodeIgniter\CodeIgniter->run()
CRITICAL - 2023-09-02 05:53:10 --> Undefined variable $user
in APPPATH/Views/Events/show.php on line 41.
 1 APPPATH/Views/Events/show.php(41): CodeIgniter\Debug\Exceptions->errorHandler(2, 'Undefined variable $user', 'APPPATH/Views/Events/show.php', 41)
 2 SYSTEMPATH/View/View.php(213): include('APPPATH/Views/Events/show.php')
 3 SYSTEMPATH/View/View.php(216): CodeIgniter\View\View->CodeIgniter\View\{closure}()
 4 SYSTEMPATH/Common.php(1134): CodeIgniter\View\View->render('Events/show', [], true)
 5 APPPATH/Controllers/Events.php(32): view('Events/show', [...])
 6 SYSTEMPATH/CodeIgniter.php(927): App\Controllers\Events->show('1')
 7 SYSTEMPATH/CodeIgniter.php(482): CodeIgniter\CodeIgniter->runController(Object(App\Controllers\Events))
 8 SYSTEMPATH/CodeIgniter.php(351): CodeIgniter\CodeIgniter->handleRequest(null, Object(Config\Cache), false)
 9 FCPATH/index.php(67): CodeIgniter\CodeIgniter->run()
CRITICAL - 2023-09-02 06:46:56 --> Too few arguments to function App\Controllers\Events::show(), 0 passed in /var/www/html/system/CodeIgniter.php on line 927 and exactly 1 expected
in APPPATH/Controllers/Events.php on line 27.
 1 SYSTEMPATH/CodeIgniter.php(927): App\Controllers\Events->show()
 2 SYSTEMPATH/CodeIgniter.php(482): CodeIgniter\CodeIgniter->runController(Object(App\Controllers\Events))
 3 SYSTEMPATH/CodeIgniter.php(351): CodeIgniter\CodeIgniter->handleRequest(null, Object(Config\Cache), false)
 4 FCPATH/index.php(67): CodeIgniter\CodeIgniter->run()
CRITICAL - 2023-09-02 07:05:15 --> in_array(): Argument #2 ($haystack) must be of type array, string given
in APPPATH/Views/Events/form.php on line 22.
 1 APPPATH/Views/Events/form.php(22): in_array('Monday', 'Monday')
 2 SYSTEMPATH/View/View.php(213): include('APPPATH/Views/Events/form.php')
 3 SYSTEMPATH/View/View.php(216): CodeIgniter\View\View->CodeIgniter\View\{closure}()
 4 SYSTEMPATH/View/View.php(431): CodeIgniter\View\View->render('Events/form', null, true)
 5 APPPATH/Views/Events/edit.php(20): CodeIgniter\View\View->include('Events/form')
 6 SYSTEMPATH/View/View.php(213): include('APPPATH/Views/Events/edit.php')
 7 SYSTEMPATH/View/View.php(216): CodeIgniter\View\View->CodeIgniter\View\{closure}()
 8 SYSTEMPATH/Common.php(1134): CodeIgniter\View\View->render('Events/edit', [], true)
 9 APPPATH/Controllers/Events.php(68): view('Events/edit', [...])
10 SYSTEMPATH/CodeIgniter.php(927): App\Controllers\Events->edit('1')
11 SYSTEMPATH/CodeIgniter.php(482): CodeIgniter\CodeIgniter->runController(Object(App\Controllers\Events))
12 SYSTEMPATH/CodeIgniter.php(351): CodeIgniter\CodeIgniter->handleRequest(null, Object(Config\Cache), false)
13 FCPATH/index.php(67): CodeIgniter\CodeIgniter->run()
CRITICAL - 2023-09-02 07:06:16 --> in_array(): Argument #2 ($haystack) must be of type array, string given
in APPPATH/Views/Events/form.php on line 22.
 1 APPPATH/Views/Events/form.php(22): in_array('Monday', 'Monday')
 2 SYSTEMPATH/View/View.php(213): include('APPPATH/Views/Events/form.php')
 3 SYSTEMPATH/View/View.php(216): CodeIgniter\View\View->CodeIgniter\View\{closure}()
 4 SYSTEMPATH/View/View.php(431): CodeIgniter\View\View->render('Events/form', null, true)
 5 APPPATH/Views/Events/edit.php(20): CodeIgniter\View\View->include('Events/form')
 6 SYSTEMPATH/View/View.php(213): include('APPPATH/Views/Events/edit.php')
 7 SYSTEMPATH/View/View.php(216): CodeIgniter\View\View->CodeIgniter\View\{closure}()
 8 SYSTEMPATH/Common.php(1134): CodeIgniter\View\View->render('Events/edit', [], true)
 9 APPPATH/Controllers/Events.php(68): view('Events/edit', [...])
10 SYSTEMPATH/CodeIgniter.php(927): App\Controllers\Events->edit('1')
11 SYSTEMPATH/CodeIgniter.php(482): CodeIgniter\CodeIgniter->runController(Object(App\Controllers\Events))
12 SYSTEMPATH/CodeIgniter.php(351): CodeIgniter\CodeIgniter->handleRequest(null, Object(Config\Cache), false)
13 FCPATH/index.php(67): CodeIgniter\CodeIgniter->run()
CRITICAL - 2023-09-02 07:59:07 --> There is no data to update.
in SYSTEMPATH/BaseModel.php on line 867.
 1 SYSTEMPATH/BaseModel.php(867): CodeIgniter\Database\Exceptions\DataException::forEmptyDataset('update')
 2 SYSTEMPATH/Model.php(693): CodeIgniter\BaseModel->update([...], [])
 3 SYSTEMPATH/BaseModel.php(657): CodeIgniter\Model->update('1', Object(App\Entities\Event))
 4 APPPATH/Controllers/Events.php(86): CodeIgniter\BaseModel->save(Object(App\Entities\Event))
 5 SYSTEMPATH/CodeIgniter.php(927): App\Controllers\Events->update('1')
 6 SYSTEMPATH/CodeIgniter.php(482): CodeIgniter\CodeIgniter->runController(Object(App\Controllers\Events))
 7 SYSTEMPATH/CodeIgniter.php(351): CodeIgniter\CodeIgniter->handleRequest(null, Object(Config\Cache), false)
 8 FCPATH/index.php(67): CodeIgniter\CodeIgniter->run()
CRITICAL - 2023-09-02 08:18:37 --> Undefined variable $user
in APPPATH/Views/Events/show.php on line 41.
 1 APPPATH/Views/Events/show.php(41): CodeIgniter\Debug\Exceptions->errorHandler(2, 'Undefined variable $user', 'APPPATH/Views/Events/show.php', 41)
 2 SYSTEMPATH/View/View.php(213): include('APPPATH/Views/Events/show.php')
 3 SYSTEMPATH/View/View.php(216): CodeIgniter\View\View->CodeIgniter\View\{closure}()
 4 SYSTEMPATH/Common.php(1134): CodeIgniter\View\View->render('Events/show', [], true)
 5 APPPATH/Controllers/Events.php(32): view('Events/show', [...])
 6 SYSTEMPATH/CodeIgniter.php(927): App\Controllers\Events->show('1')
 7 SYSTEMPATH/CodeIgniter.php(482): CodeIgniter\CodeIgniter->runController(Object(App\Controllers\Events))
 8 SYSTEMPATH/CodeIgniter.php(351): CodeIgniter\CodeIgniter->handleRequest(null, Object(Config\Cache), false)
 9 FCPATH/index.php(67): CodeIgniter\CodeIgniter->run()
CRITICAL - 2023-09-02 11:34:07 --> Call to a member function has() on array
in APPPATH/Views/Events/form.php on line 34.
 1 SYSTEMPATH/View/View.php(213): include()
 2 SYSTEMPATH/View/View.php(216): CodeIgniter\View\View->CodeIgniter\View\{closure}()
 3 SYSTEMPATH/View/View.php(431): CodeIgniter\View\View->render('Events/form', null, true)
 4 APPPATH/Views/Events/edit.php(19): CodeIgniter\View\View->include('Events/form')
 5 SYSTEMPATH/View/View.php(213): include('APPPATH/Views/Events/edit.php')
 6 SYSTEMPATH/View/View.php(216): CodeIgniter\View\View->CodeIgniter\View\{closure}()
 7 SYSTEMPATH/Common.php(1134): CodeIgniter\View\View->render('Events/edit', [], true)
 8 APPPATH/Controllers/Events.php(68): view('Events/edit', [...])
 9 SYSTEMPATH/CodeIgniter.php(927): App\Controllers\Events->edit('1')
10 SYSTEMPATH/CodeIgniter.php(482): CodeIgniter\CodeIgniter->runController(Object(App\Controllers\Events))
11 SYSTEMPATH/CodeIgniter.php(351): CodeIgniter\CodeIgniter->handleRequest(null, Object(Config\Cache), false)
12 FCPATH/index.php(67): CodeIgniter\CodeIgniter->run()
