ERROR - 2023-07-24 04:03:12 --> Error connecting to the database: mysqli_sql_exception: Operation timed out in /Users/tiffany/Desktop/dev/ia-tiffany/www/system/Database/MySQLi/Connection.php:170
Stack trace:
#0 /Users/tiffany/Desktop/dev/ia-tiffany/www/system/Database/MySQLi/Connection.php(170): mysqli->real_connect('172.0.0.1', 'root', Object(SensitiveParameterValue), 'taskapp', 3306, '', 0)
#1 /Users/tiffany/Desktop/dev/ia-tiffany/www/system/Database/BaseConnection.php(382): CodeIgniter\Database\MySQLi\Connection->connect(false)
#2 /Users/tiffany/Desktop/dev/ia-tiffany/www/system/Database/BaseConnection.php(561): CodeIgniter\Database\BaseConnection->initialize()
#3 /Users/tiffany/Desktop/dev/ia-tiffany/www/system/Database/BaseConnection.php(1360): CodeIgniter\Database\BaseConnection->query('SHOW TABLES FRO...')
#4 /Users/tiffany/Desktop/dev/ia-tiffany/www/system/Database/BaseConnection.php(1394): CodeIgniter\Database\BaseConnection->listTables()
#5 /Users/tiffany/Desktop/dev/ia-tiffany/www/system/Database/MigrationRunner.php(759): CodeIgniter\Database\BaseConnection->tableExists('migrations')
#6 /Users/tiffany/Desktop/dev/ia-tiffany/www/system/Database/MigrationRunner.php(167): CodeIgniter\Database\MigrationRunner->ensureTable()
#7 /Users/tiffany/Desktop/dev/ia-tiffany/www/system/Commands/Database/Migrate.php(84): CodeIgniter\Database\MigrationRunner->latest(NULL)
#8 /Users/tiffany/Desktop/dev/ia-tiffany/www/system/CLI/Commands.php(63): CodeIgniter\Commands\Database\Migrate->run(Array)
#9 /Users/tiffany/Desktop/dev/ia-tiffany/www/system/CLI/CommandRunner.php(65): CodeIgniter\CLI\Commands->run('migrate', Array)
#10 /Users/tiffany/Desktop/dev/ia-tiffany/www/system/CLI/CommandRunner.php(51): CodeIgniter\CLI\CommandRunner->index(Array)
#11 /Users/tiffany/Desktop/dev/ia-tiffany/www/system/CodeIgniter.php(920): CodeIgniter\CLI\CommandRunner->_remap('index', Array)
#12 /Users/tiffany/Desktop/dev/ia-tiffany/www/system/CodeIgniter.php(482): CodeIgniter\CodeIgniter->runController(Object(CodeIgniter\CLI\CommandRunner))
#13 /Users/tiffany/Desktop/dev/ia-tiffany/www/system/CodeIgniter.php(347): CodeIgniter\CodeIgniter->handleRequest(NULL, Object(Config\Cache), false)
#14 /Users/tiffany/Desktop/dev/ia-tiffany/www/system/CLI/Console.php(48): CodeIgniter\CodeIgniter->run()
#15 /Users/tiffany/Desktop/dev/ia-tiffany/www/spark(98): CodeIgniter\CLI\Console->run()
#16 {main}

Next CodeIgniter\Database\Exceptions\DatabaseException: Operation timed out in /Users/tiffany/Desktop/dev/ia-tiffany/www/system/Database/MySQLi/Connection.php:215
Stack trace:
#0 /Users/tiffany/Desktop/dev/ia-tiffany/www/system/Database/BaseConnection.php(382): CodeIgniter\Database\MySQLi\Connection->connect(false)
#1 /Users/tiffany/Desktop/dev/ia-tiffany/www/system/Database/BaseConnection.php(561): CodeIgniter\Database\BaseConnection->initialize()
#2 /Users/tiffany/Desktop/dev/ia-tiffany/www/system/Database/BaseConnection.php(1360): CodeIgniter\Database\BaseConnection->query('SHOW TABLES FRO...')
#3 /Users/tiffany/Desktop/dev/ia-tiffany/www/system/Database/BaseConnection.php(1394): CodeIgniter\Database\BaseConnection->listTables()
#4 /Users/tiffany/Desktop/dev/ia-tiffany/www/system/Database/MigrationRunner.php(759): CodeIgniter\Database\BaseConnection->tableExists('migrations')
#5 /Users/tiffany/Desktop/dev/ia-tiffany/www/system/Database/MigrationRunner.php(167): CodeIgniter\Database\MigrationRunner->ensureTable()
#6 /Users/tiffany/Desktop/dev/ia-tiffany/www/system/Commands/Database/Migrate.php(84): CodeIgniter\Database\MigrationRunner->latest(NULL)
#7 /Users/tiffany/Desktop/dev/ia-tiffany/www/system/CLI/Commands.php(63): CodeIgniter\Commands\Database\Migrate->run(Array)
#8 /Users/tiffany/Desktop/dev/ia-tiffany/www/system/CLI/CommandRunner.php(65): CodeIgniter\CLI\Commands->run('migrate', Array)
#9 /Users/tiffany/Desktop/dev/ia-tiffany/www/system/CLI/CommandRunner.php(51): CodeIgniter\CLI\CommandRunner->index(Array)
#10 /Users/tiffany/Desktop/dev/ia-tiffany/www/system/CodeIgniter.php(920): CodeIgniter\CLI\CommandRunner->_remap('index', Array)
#11 /Users/tiffany/Desktop/dev/ia-tiffany/www/system/CodeIgniter.php(482): CodeIgniter\CodeIgniter->runController(Object(CodeIgniter\CLI\CommandRunner))
#12 /Users/tiffany/Desktop/dev/ia-tiffany/www/system/CodeIgniter.php(347): CodeIgniter\CodeIgniter->handleRequest(NULL, Object(Config\Cache), false)
#13 /Users/tiffany/Desktop/dev/ia-tiffany/www/system/CLI/Console.php(48): CodeIgniter\CodeIgniter->run()
#14 /Users/tiffany/Desktop/dev/ia-tiffany/www/spark(98): CodeIgniter\CLI\Console->run()
#15 {main}
ERROR - 2023-07-24 04:03:46 --> Error connecting to the database: mysqli_sql_exception: Operation timed out in /Users/tiffany/Desktop/dev/ia-tiffany/www/system/Database/MySQLi/Connection.php:170
Stack trace:
#0 /Users/tiffany/Desktop/dev/ia-tiffany/www/system/Database/MySQLi/Connection.php(170): mysqli->real_connect('172.19.0.1', 'root', Object(SensitiveParameterValue), 'taskapp', 3306, '', 0)
#1 /Users/tiffany/Desktop/dev/ia-tiffany/www/system/Database/BaseConnection.php(382): CodeIgniter\Database\MySQLi\Connection->connect(false)
#2 /Users/tiffany/Desktop/dev/ia-tiffany/www/system/Database/BaseConnection.php(561): CodeIgniter\Database\BaseConnection->initialize()
#3 /Users/tiffany/Desktop/dev/ia-tiffany/www/system/Database/BaseConnection.php(1360): CodeIgniter\Database\BaseConnection->query('SHOW TABLES FRO...')
#4 /Users/tiffany/Desktop/dev/ia-tiffany/www/system/Database/BaseConnection.php(1394): CodeIgniter\Database\BaseConnection->listTables()
#5 /Users/tiffany/Desktop/dev/ia-tiffany/www/system/Database/MigrationRunner.php(759): CodeIgniter\Database\BaseConnection->tableExists('migrations')
#6 /Users/tiffany/Desktop/dev/ia-tiffany/www/system/Database/MigrationRunner.php(167): CodeIgniter\Database\MigrationRunner->ensureTable()
#7 /Users/tiffany/Desktop/dev/ia-tiffany/www/system/Commands/Database/Migrate.php(84): CodeIgniter\Database\MigrationRunner->latest(NULL)
#8 /Users/tiffany/Desktop/dev/ia-tiffany/www/system/CLI/Commands.php(63): CodeIgniter\Commands\Database\Migrate->run(Array)
#9 /Users/tiffany/Desktop/dev/ia-tiffany/www/system/CLI/CommandRunner.php(65): CodeIgniter\CLI\Commands->run('migrate', Array)
#10 /Users/tiffany/Desktop/dev/ia-tiffany/www/system/CLI/CommandRunner.php(51): CodeIgniter\CLI\CommandRunner->index(Array)
#11 /Users/tiffany/Desktop/dev/ia-tiffany/www/system/CodeIgniter.php(920): CodeIgniter\CLI\CommandRunner->_remap('index', Array)
#12 /Users/tiffany/Desktop/dev/ia-tiffany/www/system/CodeIgniter.php(482): CodeIgniter\CodeIgniter->runController(Object(CodeIgniter\CLI\CommandRunner))
#13 /Users/tiffany/Desktop/dev/ia-tiffany/www/system/CodeIgniter.php(347): CodeIgniter\CodeIgniter->handleRequest(NULL, Object(Config\Cache), false)
#14 /Users/tiffany/Desktop/dev/ia-tiffany/www/system/CLI/Console.php(48): CodeIgniter\CodeIgniter->run()
#15 /Users/tiffany/Desktop/dev/ia-tiffany/www/spark(98): CodeIgniter\CLI\Console->run()
#16 {main}

Next CodeIgniter\Database\Exceptions\DatabaseException: Operation timed out in /Users/tiffany/Desktop/dev/ia-tiffany/www/system/Database/MySQLi/Connection.php:215
Stack trace:
#0 /Users/tiffany/Desktop/dev/ia-tiffany/www/system/Database/BaseConnection.php(382): CodeIgniter\Database\MySQLi\Connection->connect(false)
#1 /Users/tiffany/Desktop/dev/ia-tiffany/www/system/Database/BaseConnection.php(561): CodeIgniter\Database\BaseConnection->initialize()
#2 /Users/tiffany/Desktop/dev/ia-tiffany/www/system/Database/BaseConnection.php(1360): CodeIgniter\Database\BaseConnection->query('SHOW TABLES FRO...')
#3 /Users/tiffany/Desktop/dev/ia-tiffany/www/system/Database/BaseConnection.php(1394): CodeIgniter\Database\BaseConnection->listTables()
#4 /Users/tiffany/Desktop/dev/ia-tiffany/www/system/Database/MigrationRunner.php(759): CodeIgniter\Database\BaseConnection->tableExists('migrations')
#5 /Users/tiffany/Desktop/dev/ia-tiffany/www/system/Database/MigrationRunner.php(167): CodeIgniter\Database\MigrationRunner->ensureTable()
#6 /Users/tiffany/Desktop/dev/ia-tiffany/www/system/Commands/Database/Migrate.php(84): CodeIgniter\Database\MigrationRunner->latest(NULL)
#7 /Users/tiffany/Desktop/dev/ia-tiffany/www/system/CLI/Commands.php(63): CodeIgniter\Commands\Database\Migrate->run(Array)
#8 /Users/tiffany/Desktop/dev/ia-tiffany/www/system/CLI/CommandRunner.php(65): CodeIgniter\CLI\Commands->run('migrate', Array)
#9 /Users/tiffany/Desktop/dev/ia-tiffany/www/system/CLI/CommandRunner.php(51): CodeIgniter\CLI\CommandRunner->index(Array)
#10 /Users/tiffany/Desktop/dev/ia-tiffany/www/system/CodeIgniter.php(920): CodeIgniter\CLI\CommandRunner->_remap('index', Array)
#11 /Users/tiffany/Desktop/dev/ia-tiffany/www/system/CodeIgniter.php(482): CodeIgniter\CodeIgniter->runController(Object(CodeIgniter\CLI\CommandRunner))
#12 /Users/tiffany/Desktop/dev/ia-tiffany/www/system/CodeIgniter.php(347): CodeIgniter\CodeIgniter->handleRequest(NULL, Object(Config\Cache), false)
#13 /Users/tiffany/Desktop/dev/ia-tiffany/www/system/CLI/Console.php(48): CodeIgniter\CodeIgniter->run()
#14 /Users/tiffany/Desktop/dev/ia-tiffany/www/spark(98): CodeIgniter\CLI\Console->run()
#15 {main}
ERROR - 2023-07-24 04:08:25 --> Error connecting to the database: mysqli_sql_exception: Operation timed out in /Users/tiffany/Desktop/dev/ia-tiffany/www/system/Database/MySQLi/Connection.php:170
Stack trace:
#0 /Users/tiffany/Desktop/dev/ia-tiffany/www/system/Database/MySQLi/Connection.php(170): mysqli->real_connect('172.19.0.1', 'root', Object(SensitiveParameterValue), 'taskapp', 3306, '', 0)
#1 /Users/tiffany/Desktop/dev/ia-tiffany/www/system/Database/BaseConnection.php(382): CodeIgniter\Database\MySQLi\Connection->connect(false)
#2 /Users/tiffany/Desktop/dev/ia-tiffany/www/system/Database/BaseConnection.php(561): CodeIgniter\Database\BaseConnection->initialize()
#3 /Users/tiffany/Desktop/dev/ia-tiffany/www/system/Database/BaseConnection.php(1360): CodeIgniter\Database\BaseConnection->query('SHOW TABLES FRO...')
#4 /Users/tiffany/Desktop/dev/ia-tiffany/www/system/Database/BaseConnection.php(1394): CodeIgniter\Database\BaseConnection->listTables()
#5 /Users/tiffany/Desktop/dev/ia-tiffany/www/system/Database/MigrationRunner.php(759): CodeIgniter\Database\BaseConnection->tableExists('migrations')
#6 /Users/tiffany/Desktop/dev/ia-tiffany/www/system/Database/MigrationRunner.php(167): CodeIgniter\Database\MigrationRunner->ensureTable()
#7 /Users/tiffany/Desktop/dev/ia-tiffany/www/system/Commands/Database/Migrate.php(84): CodeIgniter\Database\MigrationRunner->latest(NULL)
#8 /Users/tiffany/Desktop/dev/ia-tiffany/www/system/CLI/Commands.php(63): CodeIgniter\Commands\Database\Migrate->run(Array)
#9 /Users/tiffany/Desktop/dev/ia-tiffany/www/system/CLI/CommandRunner.php(65): CodeIgniter\CLI\Commands->run('migrate', Array)
#10 /Users/tiffany/Desktop/dev/ia-tiffany/www/system/CLI/CommandRunner.php(51): CodeIgniter\CLI\CommandRunner->index(Array)
#11 /Users/tiffany/Desktop/dev/ia-tiffany/www/system/CodeIgniter.php(920): CodeIgniter\CLI\CommandRunner->_remap('index', Array)
#12 /Users/tiffany/Desktop/dev/ia-tiffany/www/system/CodeIgniter.php(482): CodeIgniter\CodeIgniter->runController(Object(CodeIgniter\CLI\CommandRunner))
#13 /Users/tiffany/Desktop/dev/ia-tiffany/www/system/CodeIgniter.php(347): CodeIgniter\CodeIgniter->handleRequest(NULL, Object(Config\Cache), false)
#14 /Users/tiffany/Desktop/dev/ia-tiffany/www/system/CLI/Console.php(48): CodeIgniter\CodeIgniter->run()
#15 /Users/tiffany/Desktop/dev/ia-tiffany/www/spark(98): CodeIgniter\CLI\Console->run()
#16 {main}

Next CodeIgniter\Database\Exceptions\DatabaseException: Operation timed out in /Users/tiffany/Desktop/dev/ia-tiffany/www/system/Database/MySQLi/Connection.php:215
Stack trace:
#0 /Users/tiffany/Desktop/dev/ia-tiffany/www/system/Database/BaseConnection.php(382): CodeIgniter\Database\MySQLi\Connection->connect(false)
#1 /Users/tiffany/Desktop/dev/ia-tiffany/www/system/Database/BaseConnection.php(561): CodeIgniter\Database\BaseConnection->initialize()
#2 /Users/tiffany/Desktop/dev/ia-tiffany/www/system/Database/BaseConnection.php(1360): CodeIgniter\Database\BaseConnection->query('SHOW TABLES FRO...')
#3 /Users/tiffany/Desktop/dev/ia-tiffany/www/system/Database/BaseConnection.php(1394): CodeIgniter\Database\BaseConnection->listTables()
#4 /Users/tiffany/Desktop/dev/ia-tiffany/www/system/Database/MigrationRunner.php(759): CodeIgniter\Database\BaseConnection->tableExists('migrations')
#5 /Users/tiffany/Desktop/dev/ia-tiffany/www/system/Database/MigrationRunner.php(167): CodeIgniter\Database\MigrationRunner->ensureTable()
#6 /Users/tiffany/Desktop/dev/ia-tiffany/www/system/Commands/Database/Migrate.php(84): CodeIgniter\Database\MigrationRunner->latest(NULL)
#7 /Users/tiffany/Desktop/dev/ia-tiffany/www/system/CLI/Commands.php(63): CodeIgniter\Commands\Database\Migrate->run(Array)
#8 /Users/tiffany/Desktop/dev/ia-tiffany/www/system/CLI/CommandRunner.php(65): CodeIgniter\CLI\Commands->run('migrate', Array)
#9 /Users/tiffany/Desktop/dev/ia-tiffany/www/system/CLI/CommandRunner.php(51): CodeIgniter\CLI\CommandRunner->index(Array)
#10 /Users/tiffany/Desktop/dev/ia-tiffany/www/system/CodeIgniter.php(920): CodeIgniter\CLI\CommandRunner->_remap('index', Array)
#11 /Users/tiffany/Desktop/dev/ia-tiffany/www/system/CodeIgniter.php(482): CodeIgniter\CodeIgniter->runController(Object(CodeIgniter\CLI\CommandRunner))
#12 /Users/tiffany/Desktop/dev/ia-tiffany/www/system/CodeIgniter.php(347): CodeIgniter\CodeIgniter->handleRequest(NULL, Object(Config\Cache), false)
#13 /Users/tiffany/Desktop/dev/ia-tiffany/www/system/CLI/Console.php(48): CodeIgniter\CodeIgniter->run()
#14 /Users/tiffany/Desktop/dev/ia-tiffany/www/spark(98): CodeIgniter\CLI\Console->run()
#15 {main}
ERROR - 2023-07-24 04:08:49 --> Error connecting to the database: mysqli_sql_exception: Operation timed out in /Users/tiffany/Desktop/dev/ia-tiffany/www/system/Database/MySQLi/Connection.php:170
Stack trace:
#0 /Users/tiffany/Desktop/dev/ia-tiffany/www/system/Database/MySQLi/Connection.php(170): mysqli->real_connect('172.0.0.1', 'root', Object(SensitiveParameterValue), 'taskapp', 3306, '', 0)
#1 /Users/tiffany/Desktop/dev/ia-tiffany/www/system/Database/BaseConnection.php(382): CodeIgniter\Database\MySQLi\Connection->connect(false)
#2 /Users/tiffany/Desktop/dev/ia-tiffany/www/system/Database/BaseConnection.php(561): CodeIgniter\Database\BaseConnection->initialize()
#3 /Users/tiffany/Desktop/dev/ia-tiffany/www/system/Database/BaseConnection.php(1360): CodeIgniter\Database\BaseConnection->query('SHOW TABLES FRO...')
#4 /Users/tiffany/Desktop/dev/ia-tiffany/www/system/Database/BaseConnection.php(1394): CodeIgniter\Database\BaseConnection->listTables()
#5 /Users/tiffany/Desktop/dev/ia-tiffany/www/system/Database/MigrationRunner.php(759): CodeIgniter\Database\BaseConnection->tableExists('migrations')
#6 /Users/tiffany/Desktop/dev/ia-tiffany/www/system/Database/MigrationRunner.php(167): CodeIgniter\Database\MigrationRunner->ensureTable()
#7 /Users/tiffany/Desktop/dev/ia-tiffany/www/system/Commands/Database/Migrate.php(84): CodeIgniter\Database\MigrationRunner->latest(NULL)
#8 /Users/tiffany/Desktop/dev/ia-tiffany/www/system/CLI/Commands.php(63): CodeIgniter\Commands\Database\Migrate->run(Array)
#9 /Users/tiffany/Desktop/dev/ia-tiffany/www/system/CLI/CommandRunner.php(65): CodeIgniter\CLI\Commands->run('migrate', Array)
#10 /Users/tiffany/Desktop/dev/ia-tiffany/www/system/CLI/CommandRunner.php(51): CodeIgniter\CLI\CommandRunner->index(Array)
#11 /Users/tiffany/Desktop/dev/ia-tiffany/www/system/CodeIgniter.php(920): CodeIgniter\CLI\CommandRunner->_remap('index', Array)
#12 /Users/tiffany/Desktop/dev/ia-tiffany/www/system/CodeIgniter.php(482): CodeIgniter\CodeIgniter->runController(Object(CodeIgniter\CLI\CommandRunner))
#13 /Users/tiffany/Desktop/dev/ia-tiffany/www/system/CodeIgniter.php(347): CodeIgniter\CodeIgniter->handleRequest(NULL, Object(Config\Cache), false)
#14 /Users/tiffany/Desktop/dev/ia-tiffany/www/system/CLI/Console.php(48): CodeIgniter\CodeIgniter->run()
#15 /Users/tiffany/Desktop/dev/ia-tiffany/www/spark(98): CodeIgniter\CLI\Console->run()
#16 {main}

Next CodeIgniter\Database\Exceptions\DatabaseException: Operation timed out in /Users/tiffany/Desktop/dev/ia-tiffany/www/system/Database/MySQLi/Connection.php:215
Stack trace:
#0 /Users/tiffany/Desktop/dev/ia-tiffany/www/system/Database/BaseConnection.php(382): CodeIgniter\Database\MySQLi\Connection->connect(false)
#1 /Users/tiffany/Desktop/dev/ia-tiffany/www/system/Database/BaseConnection.php(561): CodeIgniter\Database\BaseConnection->initialize()
#2 /Users/tiffany/Desktop/dev/ia-tiffany/www/system/Database/BaseConnection.php(1360): CodeIgniter\Database\BaseConnection->query('SHOW TABLES FRO...')
#3 /Users/tiffany/Desktop/dev/ia-tiffany/www/system/Database/BaseConnection.php(1394): CodeIgniter\Database\BaseConnection->listTables()
#4 /Users/tiffany/Desktop/dev/ia-tiffany/www/system/Database/MigrationRunner.php(759): CodeIgniter\Database\BaseConnection->tableExists('migrations')
#5 /Users/tiffany/Desktop/dev/ia-tiffany/www/system/Database/MigrationRunner.php(167): CodeIgniter\Database\MigrationRunner->ensureTable()
#6 /Users/tiffany/Desktop/dev/ia-tiffany/www/system/Commands/Database/Migrate.php(84): CodeIgniter\Database\MigrationRunner->latest(NULL)
#7 /Users/tiffany/Desktop/dev/ia-tiffany/www/system/CLI/Commands.php(63): CodeIgniter\Commands\Database\Migrate->run(Array)
#8 /Users/tiffany/Desktop/dev/ia-tiffany/www/system/CLI/CommandRunner.php(65): CodeIgniter\CLI\Commands->run('migrate', Array)
#9 /Users/tiffany/Desktop/dev/ia-tiffany/www/system/CLI/CommandRunner.php(51): CodeIgniter\CLI\CommandRunner->index(Array)
#10 /Users/tiffany/Desktop/dev/ia-tiffany/www/system/CodeIgniter.php(920): CodeIgniter\CLI\CommandRunner->_remap('index', Array)
#11 /Users/tiffany/Desktop/dev/ia-tiffany/www/system/CodeIgniter.php(482): CodeIgniter\CodeIgniter->runController(Object(CodeIgniter\CLI\CommandRunner))
#12 /Users/tiffany/Desktop/dev/ia-tiffany/www/system/CodeIgniter.php(347): CodeIgniter\CodeIgniter->handleRequest(NULL, Object(Config\Cache), false)
#13 /Users/tiffany/Desktop/dev/ia-tiffany/www/system/CLI/Console.php(48): CodeIgniter\CodeIgniter->run()
#14 /Users/tiffany/Desktop/dev/ia-tiffany/www/spark(98): CodeIgniter\CLI\Console->run()
#15 {main}
ERROR - 2023-07-24 04:09:12 --> Error connecting to the database: mysqli_sql_exception: No such file or directory in /Users/tiffany/Desktop/dev/ia-tiffany/www/system/Database/MySQLi/Connection.php:170
Stack trace:
#0 /Users/tiffany/Desktop/dev/ia-tiffany/www/system/Database/MySQLi/Connection.php(170): mysqli->real_connect('localhost', 'root', Object(SensitiveParameterValue), 'taskapp', 3306, '', 0)
#1 /Users/tiffany/Desktop/dev/ia-tiffany/www/system/Database/BaseConnection.php(382): CodeIgniter\Database\MySQLi\Connection->connect(false)
#2 /Users/tiffany/Desktop/dev/ia-tiffany/www/system/Database/BaseConnection.php(561): CodeIgniter\Database\BaseConnection->initialize()
#3 /Users/tiffany/Desktop/dev/ia-tiffany/www/system/Database/BaseConnection.php(1360): CodeIgniter\Database\BaseConnection->query('SHOW TABLES FRO...')
#4 /Users/tiffany/Desktop/dev/ia-tiffany/www/system/Database/BaseConnection.php(1394): CodeIgniter\Database\BaseConnection->listTables()
#5 /Users/tiffany/Desktop/dev/ia-tiffany/www/system/Database/MigrationRunner.php(759): CodeIgniter\Database\BaseConnection->tableExists('migrations')
#6 /Users/tiffany/Desktop/dev/ia-tiffany/www/system/Database/MigrationRunner.php(167): CodeIgniter\Database\MigrationRunner->ensureTable()
#7 /Users/tiffany/Desktop/dev/ia-tiffany/www/system/Commands/Database/Migrate.php(84): CodeIgniter\Database\MigrationRunner->latest(NULL)
#8 /Users/tiffany/Desktop/dev/ia-tiffany/www/system/CLI/Commands.php(63): CodeIgniter\Commands\Database\Migrate->run(Array)
#9 /Users/tiffany/Desktop/dev/ia-tiffany/www/system/CLI/CommandRunner.php(65): CodeIgniter\CLI\Commands->run('migrate', Array)
#10 /Users/tiffany/Desktop/dev/ia-tiffany/www/system/CLI/CommandRunner.php(51): CodeIgniter\CLI\CommandRunner->index(Array)
#11 /Users/tiffany/Desktop/dev/ia-tiffany/www/system/CodeIgniter.php(920): CodeIgniter\CLI\CommandRunner->_remap('index', Array)
#12 /Users/tiffany/Desktop/dev/ia-tiffany/www/system/CodeIgniter.php(482): CodeIgniter\CodeIgniter->runController(Object(CodeIgniter\CLI\CommandRunner))
#13 /Users/tiffany/Desktop/dev/ia-tiffany/www/system/CodeIgniter.php(347): CodeIgniter\CodeIgniter->handleRequest(NULL, Object(Config\Cache), false)
#14 /Users/tiffany/Desktop/dev/ia-tiffany/www/system/CLI/Console.php(48): CodeIgniter\CodeIgniter->run()
#15 /Users/tiffany/Desktop/dev/ia-tiffany/www/spark(98): CodeIgniter\CLI\Console->run()
#16 {main}

Next CodeIgniter\Database\Exceptions\DatabaseException: No such file or directory in /Users/tiffany/Desktop/dev/ia-tiffany/www/system/Database/MySQLi/Connection.php:215
Stack trace:
#0 /Users/tiffany/Desktop/dev/ia-tiffany/www/system/Database/BaseConnection.php(382): CodeIgniter\Database\MySQLi\Connection->connect(false)
#1 /Users/tiffany/Desktop/dev/ia-tiffany/www/system/Database/BaseConnection.php(561): CodeIgniter\Database\BaseConnection->initialize()
#2 /Users/tiffany/Desktop/dev/ia-tiffany/www/system/Database/BaseConnection.php(1360): CodeIgniter\Database\BaseConnection->query('SHOW TABLES FRO...')
#3 /Users/tiffany/Desktop/dev/ia-tiffany/www/system/Database/BaseConnection.php(1394): CodeIgniter\Database\BaseConnection->listTables()
#4 /Users/tiffany/Desktop/dev/ia-tiffany/www/system/Database/MigrationRunner.php(759): CodeIgniter\Database\BaseConnection->tableExists('migrations')
#5 /Users/tiffany/Desktop/dev/ia-tiffany/www/system/Database/MigrationRunner.php(167): CodeIgniter\Database\MigrationRunner->ensureTable()
#6 /Users/tiffany/Desktop/dev/ia-tiffany/www/system/Commands/Database/Migrate.php(84): CodeIgniter\Database\MigrationRunner->latest(NULL)
#7 /Users/tiffany/Desktop/dev/ia-tiffany/www/system/CLI/Commands.php(63): CodeIgniter\Commands\Database\Migrate->run(Array)
#8 /Users/tiffany/Desktop/dev/ia-tiffany/www/system/CLI/CommandRunner.php(65): CodeIgniter\CLI\Commands->run('migrate', Array)
#9 /Users/tiffany/Desktop/dev/ia-tiffany/www/system/CLI/CommandRunner.php(51): CodeIgniter\CLI\CommandRunner->index(Array)
#10 /Users/tiffany/Desktop/dev/ia-tiffany/www/system/CodeIgniter.php(920): CodeIgniter\CLI\CommandRunner->_remap('index', Array)
#11 /Users/tiffany/Desktop/dev/ia-tiffany/www/system/CodeIgniter.php(482): CodeIgniter\CodeIgniter->runController(Object(CodeIgniter\CLI\CommandRunner))
#12 /Users/tiffany/Desktop/dev/ia-tiffany/www/system/CodeIgniter.php(347): CodeIgniter\CodeIgniter->handleRequest(NULL, Object(Config\Cache), false)
#13 /Users/tiffany/Desktop/dev/ia-tiffany/www/system/CLI/Console.php(48): CodeIgniter\CodeIgniter->run()
#14 /Users/tiffany/Desktop/dev/ia-tiffany/www/spark(98): CodeIgniter\CLI\Console->run()
#15 {main}
ERROR - 2023-07-24 04:10:46 --> Error connecting to the database: mysqli_sql_exception: Operation timed out in /Users/tiffany/Desktop/dev/ia-tiffany/www/system/Database/MySQLi/Connection.php:170
Stack trace:
#0 /Users/tiffany/Desktop/dev/ia-tiffany/www/system/Database/MySQLi/Connection.php(170): mysqli->real_connect('172.19.0.1', 'root', Object(SensitiveParameterValue), 'taskapp', 3306, '', 0)
#1 /Users/tiffany/Desktop/dev/ia-tiffany/www/system/Database/BaseConnection.php(382): CodeIgniter\Database\MySQLi\Connection->connect(false)
#2 /Users/tiffany/Desktop/dev/ia-tiffany/www/system/Database/BaseConnection.php(561): CodeIgniter\Database\BaseConnection->initialize()
#3 /Users/tiffany/Desktop/dev/ia-tiffany/www/system/Database/BaseConnection.php(1360): CodeIgniter\Database\BaseConnection->query('SHOW TABLES FRO...')
#4 /Users/tiffany/Desktop/dev/ia-tiffany/www/system/Database/BaseConnection.php(1394): CodeIgniter\Database\BaseConnection->listTables()
#5 /Users/tiffany/Desktop/dev/ia-tiffany/www/system/Database/MigrationRunner.php(759): CodeIgniter\Database\BaseConnection->tableExists('migrations')
#6 /Users/tiffany/Desktop/dev/ia-tiffany/www/system/Database/MigrationRunner.php(167): CodeIgniter\Database\MigrationRunner->ensureTable()
#7 /Users/tiffany/Desktop/dev/ia-tiffany/www/system/Commands/Database/Migrate.php(84): CodeIgniter\Database\MigrationRunner->latest(NULL)
#8 /Users/tiffany/Desktop/dev/ia-tiffany/www/system/CLI/Commands.php(63): CodeIgniter\Commands\Database\Migrate->run(Array)
#9 /Users/tiffany/Desktop/dev/ia-tiffany/www/system/CLI/CommandRunner.php(65): CodeIgniter\CLI\Commands->run('migrate', Array)
#10 /Users/tiffany/Desktop/dev/ia-tiffany/www/system/CLI/CommandRunner.php(51): CodeIgniter\CLI\CommandRunner->index(Array)
#11 /Users/tiffany/Desktop/dev/ia-tiffany/www/system/CodeIgniter.php(920): CodeIgniter\CLI\CommandRunner->_remap('index', Array)
#12 /Users/tiffany/Desktop/dev/ia-tiffany/www/system/CodeIgniter.php(482): CodeIgniter\CodeIgniter->runController(Object(CodeIgniter\CLI\CommandRunner))
#13 /Users/tiffany/Desktop/dev/ia-tiffany/www/system/CodeIgniter.php(347): CodeIgniter\CodeIgniter->handleRequest(NULL, Object(Config\Cache), false)
#14 /Users/tiffany/Desktop/dev/ia-tiffany/www/system/CLI/Console.php(48): CodeIgniter\CodeIgniter->run()
#15 /Users/tiffany/Desktop/dev/ia-tiffany/www/spark(98): CodeIgniter\CLI\Console->run()
#16 {main}

Next CodeIgniter\Database\Exceptions\DatabaseException: Operation timed out in /Users/tiffany/Desktop/dev/ia-tiffany/www/system/Database/MySQLi/Connection.php:215
Stack trace:
#0 /Users/tiffany/Desktop/dev/ia-tiffany/www/system/Database/BaseConnection.php(382): CodeIgniter\Database\MySQLi\Connection->connect(false)
#1 /Users/tiffany/Desktop/dev/ia-tiffany/www/system/Database/BaseConnection.php(561): CodeIgniter\Database\BaseConnection->initialize()
#2 /Users/tiffany/Desktop/dev/ia-tiffany/www/system/Database/BaseConnection.php(1360): CodeIgniter\Database\BaseConnection->query('SHOW TABLES FRO...')
#3 /Users/tiffany/Desktop/dev/ia-tiffany/www/system/Database/BaseConnection.php(1394): CodeIgniter\Database\BaseConnection->listTables()
#4 /Users/tiffany/Desktop/dev/ia-tiffany/www/system/Database/MigrationRunner.php(759): CodeIgniter\Database\BaseConnection->tableExists('migrations')
#5 /Users/tiffany/Desktop/dev/ia-tiffany/www/system/Database/MigrationRunner.php(167): CodeIgniter\Database\MigrationRunner->ensureTable()
#6 /Users/tiffany/Desktop/dev/ia-tiffany/www/system/Commands/Database/Migrate.php(84): CodeIgniter\Database\MigrationRunner->latest(NULL)
#7 /Users/tiffany/Desktop/dev/ia-tiffany/www/system/CLI/Commands.php(63): CodeIgniter\Commands\Database\Migrate->run(Array)
#8 /Users/tiffany/Desktop/dev/ia-tiffany/www/system/CLI/CommandRunner.php(65): CodeIgniter\CLI\Commands->run('migrate', Array)
#9 /Users/tiffany/Desktop/dev/ia-tiffany/www/system/CLI/CommandRunner.php(51): CodeIgniter\CLI\CommandRunner->index(Array)
#10 /Users/tiffany/Desktop/dev/ia-tiffany/www/system/CodeIgniter.php(920): CodeIgniter\CLI\CommandRunner->_remap('index', Array)
#11 /Users/tiffany/Desktop/dev/ia-tiffany/www/system/CodeIgniter.php(482): CodeIgniter\CodeIgniter->runController(Object(CodeIgniter\CLI\CommandRunner))
#12 /Users/tiffany/Desktop/dev/ia-tiffany/www/system/CodeIgniter.php(347): CodeIgniter\CodeIgniter->handleRequest(NULL, Object(Config\Cache), false)
#13 /Users/tiffany/Desktop/dev/ia-tiffany/www/system/CLI/Console.php(48): CodeIgniter\CodeIgniter->run()
#14 /Users/tiffany/Desktop/dev/ia-tiffany/www/spark(98): CodeIgniter\CLI\Console->run()
#15 {main}
ERROR - 2023-07-24 04:15:00 --> Error connecting to the database: mysqli_sql_exception: Operation timed out in /Users/tiffany/Desktop/dev/ia-tiffany/www/system/Database/MySQLi/Connection.php:170
Stack trace:
#0 /Users/tiffany/Desktop/dev/ia-tiffany/www/system/Database/MySQLi/Connection.php(170): mysqli->real_connect('172.19.0.1', 'root', Object(SensitiveParameterValue), 'taskapp', 3306, '', 0)
#1 /Users/tiffany/Desktop/dev/ia-tiffany/www/system/Database/BaseConnection.php(382): CodeIgniter\Database\MySQLi\Connection->connect(false)
#2 /Users/tiffany/Desktop/dev/ia-tiffany/www/system/Database/BaseConnection.php(561): CodeIgniter\Database\BaseConnection->initialize()
#3 /Users/tiffany/Desktop/dev/ia-tiffany/www/system/Database/BaseConnection.php(1360): CodeIgniter\Database\BaseConnection->query('SHOW TABLES FRO...')
#4 /Users/tiffany/Desktop/dev/ia-tiffany/www/system/Database/BaseConnection.php(1394): CodeIgniter\Database\BaseConnection->listTables()
#5 /Users/tiffany/Desktop/dev/ia-tiffany/www/system/Database/MigrationRunner.php(759): CodeIgniter\Database\BaseConnection->tableExists('migrations')
#6 /Users/tiffany/Desktop/dev/ia-tiffany/www/system/Database/MigrationRunner.php(167): CodeIgniter\Database\MigrationRunner->ensureTable()
#7 /Users/tiffany/Desktop/dev/ia-tiffany/www/system/Commands/Database/Migrate.php(84): CodeIgniter\Database\MigrationRunner->latest(NULL)
#8 /Users/tiffany/Desktop/dev/ia-tiffany/www/system/CLI/Commands.php(63): CodeIgniter\Commands\Database\Migrate->run(Array)
#9 /Users/tiffany/Desktop/dev/ia-tiffany/www/system/CLI/CommandRunner.php(65): CodeIgniter\CLI\Commands->run('migrate', Array)
#10 /Users/tiffany/Desktop/dev/ia-tiffany/www/system/CLI/CommandRunner.php(51): CodeIgniter\CLI\CommandRunner->index(Array)
#11 /Users/tiffany/Desktop/dev/ia-tiffany/www/system/CodeIgniter.php(920): CodeIgniter\CLI\CommandRunner->_remap('index', Array)
#12 /Users/tiffany/Desktop/dev/ia-tiffany/www/system/CodeIgniter.php(482): CodeIgniter\CodeIgniter->runController(Object(CodeIgniter\CLI\CommandRunner))
#13 /Users/tiffany/Desktop/dev/ia-tiffany/www/system/CodeIgniter.php(347): CodeIgniter\CodeIgniter->handleRequest(NULL, Object(Config\Cache), false)
#14 /Users/tiffany/Desktop/dev/ia-tiffany/www/system/CLI/Console.php(48): CodeIgniter\CodeIgniter->run()
#15 /Users/tiffany/Desktop/dev/ia-tiffany/www/spark(98): CodeIgniter\CLI\Console->run()
#16 {main}

Next CodeIgniter\Database\Exceptions\DatabaseException: Operation timed out in /Users/tiffany/Desktop/dev/ia-tiffany/www/system/Database/MySQLi/Connection.php:215
Stack trace:
#0 /Users/tiffany/Desktop/dev/ia-tiffany/www/system/Database/BaseConnection.php(382): CodeIgniter\Database\MySQLi\Connection->connect(false)
#1 /Users/tiffany/Desktop/dev/ia-tiffany/www/system/Database/BaseConnection.php(561): CodeIgniter\Database\BaseConnection->initialize()
#2 /Users/tiffany/Desktop/dev/ia-tiffany/www/system/Database/BaseConnection.php(1360): CodeIgniter\Database\BaseConnection->query('SHOW TABLES FRO...')
#3 /Users/tiffany/Desktop/dev/ia-tiffany/www/system/Database/BaseConnection.php(1394): CodeIgniter\Database\BaseConnection->listTables()
#4 /Users/tiffany/Desktop/dev/ia-tiffany/www/system/Database/MigrationRunner.php(759): CodeIgniter\Database\BaseConnection->tableExists('migrations')
#5 /Users/tiffany/Desktop/dev/ia-tiffany/www/system/Database/MigrationRunner.php(167): CodeIgniter\Database\MigrationRunner->ensureTable()
#6 /Users/tiffany/Desktop/dev/ia-tiffany/www/system/Commands/Database/Migrate.php(84): CodeIgniter\Database\MigrationRunner->latest(NULL)
#7 /Users/tiffany/Desktop/dev/ia-tiffany/www/system/CLI/Commands.php(63): CodeIgniter\Commands\Database\Migrate->run(Array)
#8 /Users/tiffany/Desktop/dev/ia-tiffany/www/system/CLI/CommandRunner.php(65): CodeIgniter\CLI\Commands->run('migrate', Array)
#9 /Users/tiffany/Desktop/dev/ia-tiffany/www/system/CLI/CommandRunner.php(51): CodeIgniter\CLI\CommandRunner->index(Array)
#10 /Users/tiffany/Desktop/dev/ia-tiffany/www/system/CodeIgniter.php(920): CodeIgniter\CLI\CommandRunner->_remap('index', Array)
#11 /Users/tiffany/Desktop/dev/ia-tiffany/www/system/CodeIgniter.php(482): CodeIgniter\CodeIgniter->runController(Object(CodeIgniter\CLI\CommandRunner))
#12 /Users/tiffany/Desktop/dev/ia-tiffany/www/system/CodeIgniter.php(347): CodeIgniter\CodeIgniter->handleRequest(NULL, Object(Config\Cache), false)
#13 /Users/tiffany/Desktop/dev/ia-tiffany/www/system/CLI/Console.php(48): CodeIgniter\CodeIgniter->run()
#14 /Users/tiffany/Desktop/dev/ia-tiffany/www/spark(98): CodeIgniter\CLI\Console->run()
#15 {main}
ERROR - 2023-07-24 04:15:21 --> Error connecting to the database: mysqli_sql_exception: Operation timed out in /Users/tiffany/Desktop/dev/ia-tiffany/www/system/Database/MySQLi/Connection.php:170
Stack trace:
#0 /Users/tiffany/Desktop/dev/ia-tiffany/www/system/Database/MySQLi/Connection.php(170): mysqli->real_connect('172.0.0.1', 'root', Object(SensitiveParameterValue), 'taskapp', 3306, '', 0)
#1 /Users/tiffany/Desktop/dev/ia-tiffany/www/system/Database/BaseConnection.php(382): CodeIgniter\Database\MySQLi\Connection->connect(false)
#2 /Users/tiffany/Desktop/dev/ia-tiffany/www/system/Database/BaseConnection.php(561): CodeIgniter\Database\BaseConnection->initialize()
#3 /Users/tiffany/Desktop/dev/ia-tiffany/www/system/Database/BaseConnection.php(1360): CodeIgniter\Database\BaseConnection->query('SHOW TABLES FRO...')
#4 /Users/tiffany/Desktop/dev/ia-tiffany/www/system/Database/BaseConnection.php(1394): CodeIgniter\Database\BaseConnection->listTables()
#5 /Users/tiffany/Desktop/dev/ia-tiffany/www/system/Database/MigrationRunner.php(759): CodeIgniter\Database\BaseConnection->tableExists('migrations')
#6 /Users/tiffany/Desktop/dev/ia-tiffany/www/system/Database/MigrationRunner.php(167): CodeIgniter\Database\MigrationRunner->ensureTable()
#7 /Users/tiffany/Desktop/dev/ia-tiffany/www/system/Commands/Database/Migrate.php(84): CodeIgniter\Database\MigrationRunner->latest(NULL)
#8 /Users/tiffany/Desktop/dev/ia-tiffany/www/system/CLI/Commands.php(63): CodeIgniter\Commands\Database\Migrate->run(Array)
#9 /Users/tiffany/Desktop/dev/ia-tiffany/www/system/CLI/CommandRunner.php(65): CodeIgniter\CLI\Commands->run('migrate', Array)
#10 /Users/tiffany/Desktop/dev/ia-tiffany/www/system/CLI/CommandRunner.php(51): CodeIgniter\CLI\CommandRunner->index(Array)
#11 /Users/tiffany/Desktop/dev/ia-tiffany/www/system/CodeIgniter.php(920): CodeIgniter\CLI\CommandRunner->_remap('index', Array)
#12 /Users/tiffany/Desktop/dev/ia-tiffany/www/system/CodeIgniter.php(482): CodeIgniter\CodeIgniter->runController(Object(CodeIgniter\CLI\CommandRunner))
#13 /Users/tiffany/Desktop/dev/ia-tiffany/www/system/CodeIgniter.php(347): CodeIgniter\CodeIgniter->handleRequest(NULL, Object(Config\Cache), false)
#14 /Users/tiffany/Desktop/dev/ia-tiffany/www/system/CLI/Console.php(48): CodeIgniter\CodeIgniter->run()
#15 /Users/tiffany/Desktop/dev/ia-tiffany/www/spark(98): CodeIgniter\CLI\Console->run()
#16 {main}

Next CodeIgniter\Database\Exceptions\DatabaseException: Operation timed out in /Users/tiffany/Desktop/dev/ia-tiffany/www/system/Database/MySQLi/Connection.php:215
Stack trace:
#0 /Users/tiffany/Desktop/dev/ia-tiffany/www/system/Database/BaseConnection.php(382): CodeIgniter\Database\MySQLi\Connection->connect(false)
#1 /Users/tiffany/Desktop/dev/ia-tiffany/www/system/Database/BaseConnection.php(561): CodeIgniter\Database\BaseConnection->initialize()
#2 /Users/tiffany/Desktop/dev/ia-tiffany/www/system/Database/BaseConnection.php(1360): CodeIgniter\Database\BaseConnection->query('SHOW TABLES FRO...')
#3 /Users/tiffany/Desktop/dev/ia-tiffany/www/system/Database/BaseConnection.php(1394): CodeIgniter\Database\BaseConnection->listTables()
#4 /Users/tiffany/Desktop/dev/ia-tiffany/www/system/Database/MigrationRunner.php(759): CodeIgniter\Database\BaseConnection->tableExists('migrations')
#5 /Users/tiffany/Desktop/dev/ia-tiffany/www/system/Database/MigrationRunner.php(167): CodeIgniter\Database\MigrationRunner->ensureTable()
#6 /Users/tiffany/Desktop/dev/ia-tiffany/www/system/Commands/Database/Migrate.php(84): CodeIgniter\Database\MigrationRunner->latest(NULL)
#7 /Users/tiffany/Desktop/dev/ia-tiffany/www/system/CLI/Commands.php(63): CodeIgniter\Commands\Database\Migrate->run(Array)
#8 /Users/tiffany/Desktop/dev/ia-tiffany/www/system/CLI/CommandRunner.php(65): CodeIgniter\CLI\Commands->run('migrate', Array)
#9 /Users/tiffany/Desktop/dev/ia-tiffany/www/system/CLI/CommandRunner.php(51): CodeIgniter\CLI\CommandRunner->index(Array)
#10 /Users/tiffany/Desktop/dev/ia-tiffany/www/system/CodeIgniter.php(920): CodeIgniter\CLI\CommandRunner->_remap('index', Array)
#11 /Users/tiffany/Desktop/dev/ia-tiffany/www/system/CodeIgniter.php(482): CodeIgniter\CodeIgniter->runController(Object(CodeIgniter\CLI\CommandRunner))
#12 /Users/tiffany/Desktop/dev/ia-tiffany/www/system/CodeIgniter.php(347): CodeIgniter\CodeIgniter->handleRequest(NULL, Object(Config\Cache), false)
#13 /Users/tiffany/Desktop/dev/ia-tiffany/www/system/CLI/Console.php(48): CodeIgniter\CodeIgniter->run()
#14 /Users/tiffany/Desktop/dev/ia-tiffany/www/spark(98): CodeIgniter\CLI\Console->run()
#15 {main}
ERROR - 2023-07-24 04:19:57 --> Error connecting to the database: mysqli_sql_exception: Operation timed out in /Users/tiffany/Desktop/dev/ia-tiffany/www/system/Database/MySQLi/Connection.php:170
Stack trace:
#0 /Users/tiffany/Desktop/dev/ia-tiffany/www/system/Database/MySQLi/Connection.php(170): mysqli->real_connect('172.0.0.1', 'root', Object(SensitiveParameterValue), 'taskapp', 3306, '', 0)
#1 /Users/tiffany/Desktop/dev/ia-tiffany/www/system/Database/BaseConnection.php(382): CodeIgniter\Database\MySQLi\Connection->connect(false)
#2 /Users/tiffany/Desktop/dev/ia-tiffany/www/system/Database/BaseConnection.php(561): CodeIgniter\Database\BaseConnection->initialize()
#3 /Users/tiffany/Desktop/dev/ia-tiffany/www/system/Database/BaseConnection.php(1360): CodeIgniter\Database\BaseConnection->query('SHOW TABLES FRO...')
#4 /Users/tiffany/Desktop/dev/ia-tiffany/www/system/Database/BaseConnection.php(1394): CodeIgniter\Database\BaseConnection->listTables()
#5 /Users/tiffany/Desktop/dev/ia-tiffany/www/system/Database/MigrationRunner.php(759): CodeIgniter\Database\BaseConnection->tableExists('migrations')
#6 /Users/tiffany/Desktop/dev/ia-tiffany/www/system/Database/MigrationRunner.php(167): CodeIgniter\Database\MigrationRunner->ensureTable()
#7 /Users/tiffany/Desktop/dev/ia-tiffany/www/system/Commands/Database/Migrate.php(84): CodeIgniter\Database\MigrationRunner->latest(NULL)
#8 /Users/tiffany/Desktop/dev/ia-tiffany/www/system/CLI/Commands.php(63): CodeIgniter\Commands\Database\Migrate->run(Array)
#9 /Users/tiffany/Desktop/dev/ia-tiffany/www/system/CLI/CommandRunner.php(65): CodeIgniter\CLI\Commands->run('migrate', Array)
#10 /Users/tiffany/Desktop/dev/ia-tiffany/www/system/CLI/CommandRunner.php(51): CodeIgniter\CLI\CommandRunner->index(Array)
#11 /Users/tiffany/Desktop/dev/ia-tiffany/www/system/CodeIgniter.php(920): CodeIgniter\CLI\CommandRunner->_remap('index', Array)
#12 /Users/tiffany/Desktop/dev/ia-tiffany/www/system/CodeIgniter.php(482): CodeIgniter\CodeIgniter->runController(Object(CodeIgniter\CLI\CommandRunner))
#13 /Users/tiffany/Desktop/dev/ia-tiffany/www/system/CodeIgniter.php(347): CodeIgniter\CodeIgniter->handleRequest(NULL, Object(Config\Cache), false)
#14 /Users/tiffany/Desktop/dev/ia-tiffany/www/system/CLI/Console.php(48): CodeIgniter\CodeIgniter->run()
#15 /Users/tiffany/Desktop/dev/ia-tiffany/www/spark(98): CodeIgniter\CLI\Console->run()
#16 {main}

Next CodeIgniter\Database\Exceptions\DatabaseException: Operation timed out in /Users/tiffany/Desktop/dev/ia-tiffany/www/system/Database/MySQLi/Connection.php:215
Stack trace:
#0 /Users/tiffany/Desktop/dev/ia-tiffany/www/system/Database/BaseConnection.php(382): CodeIgniter\Database\MySQLi\Connection->connect(false)
#1 /Users/tiffany/Desktop/dev/ia-tiffany/www/system/Database/BaseConnection.php(561): CodeIgniter\Database\BaseConnection->initialize()
#2 /Users/tiffany/Desktop/dev/ia-tiffany/www/system/Database/BaseConnection.php(1360): CodeIgniter\Database\BaseConnection->query('SHOW TABLES FRO...')
#3 /Users/tiffany/Desktop/dev/ia-tiffany/www/system/Database/BaseConnection.php(1394): CodeIgniter\Database\BaseConnection->listTables()
#4 /Users/tiffany/Desktop/dev/ia-tiffany/www/system/Database/MigrationRunner.php(759): CodeIgniter\Database\BaseConnection->tableExists('migrations')
#5 /Users/tiffany/Desktop/dev/ia-tiffany/www/system/Database/MigrationRunner.php(167): CodeIgniter\Database\MigrationRunner->ensureTable()
#6 /Users/tiffany/Desktop/dev/ia-tiffany/www/system/Commands/Database/Migrate.php(84): CodeIgniter\Database\MigrationRunner->latest(NULL)
#7 /Users/tiffany/Desktop/dev/ia-tiffany/www/system/CLI/Commands.php(63): CodeIgniter\Commands\Database\Migrate->run(Array)
#8 /Users/tiffany/Desktop/dev/ia-tiffany/www/system/CLI/CommandRunner.php(65): CodeIgniter\CLI\Commands->run('migrate', Array)
#9 /Users/tiffany/Desktop/dev/ia-tiffany/www/system/CLI/CommandRunner.php(51): CodeIgniter\CLI\CommandRunner->index(Array)
#10 /Users/tiffany/Desktop/dev/ia-tiffany/www/system/CodeIgniter.php(920): CodeIgniter\CLI\CommandRunner->_remap('index', Array)
#11 /Users/tiffany/Desktop/dev/ia-tiffany/www/system/CodeIgniter.php(482): CodeIgniter\CodeIgniter->runController(Object(CodeIgniter\CLI\CommandRunner))
#12 /Users/tiffany/Desktop/dev/ia-tiffany/www/system/CodeIgniter.php(347): CodeIgniter\CodeIgniter->handleRequest(NULL, Object(Config\Cache), false)
#13 /Users/tiffany/Desktop/dev/ia-tiffany/www/system/CLI/Console.php(48): CodeIgniter\CodeIgniter->run()
#14 /Users/tiffany/Desktop/dev/ia-tiffany/www/spark(98): CodeIgniter\CLI\Console->run()
#15 {main}
ERROR - 2023-07-24 04:20:09 --> Error connecting to the database: ErrorException: Uninitialized string offset 0 in /Users/tiffany/Desktop/dev/ia-tiffany/www/system/Database/MySQLi/Connection.php:82
Stack trace:
#0 /Users/tiffany/Desktop/dev/ia-tiffany/www/system/Database/MySQLi/Connection.php(82): CodeIgniter\Debug\Exceptions->errorHandler(2, 'Uninitialized s...', '/Users/tiffany/...', 82)
#1 /Users/tiffany/Desktop/dev/ia-tiffany/www/system/Database/BaseConnection.php(382): CodeIgniter\Database\MySQLi\Connection->connect(false)
#2 /Users/tiffany/Desktop/dev/ia-tiffany/www/system/Database/BaseConnection.php(561): CodeIgniter\Database\BaseConnection->initialize()
#3 /Users/tiffany/Desktop/dev/ia-tiffany/www/system/Database/BaseConnection.php(1360): CodeIgniter\Database\BaseConnection->query('SHOW TABLES FRO...')
#4 /Users/tiffany/Desktop/dev/ia-tiffany/www/system/Database/BaseConnection.php(1394): CodeIgniter\Database\BaseConnection->listTables()
#5 /Users/tiffany/Desktop/dev/ia-tiffany/www/system/Database/MigrationRunner.php(759): CodeIgniter\Database\BaseConnection->tableExists('migrations')
#6 /Users/tiffany/Desktop/dev/ia-tiffany/www/system/Database/MigrationRunner.php(167): CodeIgniter\Database\MigrationRunner->ensureTable()
#7 /Users/tiffany/Desktop/dev/ia-tiffany/www/system/Commands/Database/Migrate.php(84): CodeIgniter\Database\MigrationRunner->latest(NULL)
#8 /Users/tiffany/Desktop/dev/ia-tiffany/www/system/CLI/Commands.php(63): CodeIgniter\Commands\Database\Migrate->run(Array)
#9 /Users/tiffany/Desktop/dev/ia-tiffany/www/system/CLI/CommandRunner.php(65): CodeIgniter\CLI\Commands->run('migrate', Array)
#10 /Users/tiffany/Desktop/dev/ia-tiffany/www/system/CLI/CommandRunner.php(51): CodeIgniter\CLI\CommandRunner->index(Array)
#11 /Users/tiffany/Desktop/dev/ia-tiffany/www/system/CodeIgniter.php(920): CodeIgniter\CLI\CommandRunner->_remap('index', Array)
#12 /Users/tiffany/Desktop/dev/ia-tiffany/www/system/CodeIgniter.php(482): CodeIgniter\CodeIgniter->runController(Object(CodeIgniter\CLI\CommandRunner))
#13 /Users/tiffany/Desktop/dev/ia-tiffany/www/system/CodeIgniter.php(347): CodeIgniter\CodeIgniter->handleRequest(NULL, Object(Config\Cache), false)
#14 /Users/tiffany/Desktop/dev/ia-tiffany/www/system/CLI/Console.php(48): CodeIgniter\CodeIgniter->run()
#15 /Users/tiffany/Desktop/dev/ia-tiffany/www/spark(98): CodeIgniter\CLI\Console->run()
#16 {main}
ERROR - 2023-07-24 04:20:31 --> Error connecting to the database: ErrorException: Uninitialized string offset 0 in /Users/tiffany/Desktop/dev/ia-tiffany/www/system/Database/MySQLi/Connection.php:82
Stack trace:
#0 /Users/tiffany/Desktop/dev/ia-tiffany/www/system/Database/MySQLi/Connection.php(82): CodeIgniter\Debug\Exceptions->errorHandler(2, 'Uninitialized s...', '/Users/tiffany/...', 82)
#1 /Users/tiffany/Desktop/dev/ia-tiffany/www/system/Database/BaseConnection.php(382): CodeIgniter\Database\MySQLi\Connection->connect(false)
#2 /Users/tiffany/Desktop/dev/ia-tiffany/www/system/Database/BaseConnection.php(561): CodeIgniter\Database\BaseConnection->initialize()
#3 /Users/tiffany/Desktop/dev/ia-tiffany/www/system/Database/BaseConnection.php(1360): CodeIgniter\Database\BaseConnection->query('SHOW TABLES FRO...')
#4 /Users/tiffany/Desktop/dev/ia-tiffany/www/system/Database/BaseConnection.php(1394): CodeIgniter\Database\BaseConnection->listTables()
#5 /Users/tiffany/Desktop/dev/ia-tiffany/www/system/Database/MigrationRunner.php(759): CodeIgniter\Database\BaseConnection->tableExists('migrations')
#6 /Users/tiffany/Desktop/dev/ia-tiffany/www/system/Database/MigrationRunner.php(167): CodeIgniter\Database\MigrationRunner->ensureTable()
#7 /Users/tiffany/Desktop/dev/ia-tiffany/www/system/Commands/Database/Migrate.php(84): CodeIgniter\Database\MigrationRunner->latest(NULL)
#8 /Users/tiffany/Desktop/dev/ia-tiffany/www/system/CLI/Commands.php(63): CodeIgniter\Commands\Database\Migrate->run(Array)
#9 /Users/tiffany/Desktop/dev/ia-tiffany/www/system/CLI/CommandRunner.php(65): CodeIgniter\CLI\Commands->run('migrate', Array)
#10 /Users/tiffany/Desktop/dev/ia-tiffany/www/system/CLI/CommandRunner.php(51): CodeIgniter\CLI\CommandRunner->index(Array)
#11 /Users/tiffany/Desktop/dev/ia-tiffany/www/system/CodeIgniter.php(920): CodeIgniter\CLI\CommandRunner->_remap('index', Array)
#12 /Users/tiffany/Desktop/dev/ia-tiffany/www/system/CodeIgniter.php(482): CodeIgniter\CodeIgniter->runController(Object(CodeIgniter\CLI\CommandRunner))
#13 /Users/tiffany/Desktop/dev/ia-tiffany/www/system/CodeIgniter.php(347): CodeIgniter\CodeIgniter->handleRequest(NULL, Object(Config\Cache), false)
#14 /Users/tiffany/Desktop/dev/ia-tiffany/www/system/CLI/Console.php(48): CodeIgniter\CodeIgniter->run()
#15 /Users/tiffany/Desktop/dev/ia-tiffany/www/spark(98): CodeIgniter\CLI\Console->run()
#16 {main}
ERROR - 2023-07-24 04:21:47 --> Error connecting to the database: mysqli_sql_exception: Operation timed out in /Users/tiffany/Desktop/dev/ia-tiffany/www/system/Database/MySQLi/Connection.php:170
Stack trace:
#0 /Users/tiffany/Desktop/dev/ia-tiffany/www/system/Database/MySQLi/Connection.php(170): mysqli->real_connect('172.19.0.1', 'root', Object(SensitiveParameterValue), 'taskapp', 3306, '', 0)
#1 /Users/tiffany/Desktop/dev/ia-tiffany/www/system/Database/BaseConnection.php(382): CodeIgniter\Database\MySQLi\Connection->connect(false)
#2 /Users/tiffany/Desktop/dev/ia-tiffany/www/system/Database/BaseConnection.php(561): CodeIgniter\Database\BaseConnection->initialize()
#3 /Users/tiffany/Desktop/dev/ia-tiffany/www/system/Database/BaseConnection.php(1360): CodeIgniter\Database\BaseConnection->query('SHOW TABLES FRO...')
#4 /Users/tiffany/Desktop/dev/ia-tiffany/www/system/Database/BaseConnection.php(1394): CodeIgniter\Database\BaseConnection->listTables()
#5 /Users/tiffany/Desktop/dev/ia-tiffany/www/system/Database/MigrationRunner.php(759): CodeIgniter\Database\BaseConnection->tableExists('migrations')
#6 /Users/tiffany/Desktop/dev/ia-tiffany/www/system/Database/MigrationRunner.php(167): CodeIgniter\Database\MigrationRunner->ensureTable()
#7 /Users/tiffany/Desktop/dev/ia-tiffany/www/system/Commands/Database/Migrate.php(84): CodeIgniter\Database\MigrationRunner->latest(NULL)
#8 /Users/tiffany/Desktop/dev/ia-tiffany/www/system/CLI/Commands.php(63): CodeIgniter\Commands\Database\Migrate->run(Array)
#9 /Users/tiffany/Desktop/dev/ia-tiffany/www/system/CLI/CommandRunner.php(65): CodeIgniter\CLI\Commands->run('migrate', Array)
#10 /Users/tiffany/Desktop/dev/ia-tiffany/www/system/CLI/CommandRunner.php(51): CodeIgniter\CLI\CommandRunner->index(Array)
#11 /Users/tiffany/Desktop/dev/ia-tiffany/www/system/CodeIgniter.php(920): CodeIgniter\CLI\CommandRunner->_remap('index', Array)
#12 /Users/tiffany/Desktop/dev/ia-tiffany/www/system/CodeIgniter.php(482): CodeIgniter\CodeIgniter->runController(Object(CodeIgniter\CLI\CommandRunner))
#13 /Users/tiffany/Desktop/dev/ia-tiffany/www/system/CodeIgniter.php(347): CodeIgniter\CodeIgniter->handleRequest(NULL, Object(Config\Cache), false)
#14 /Users/tiffany/Desktop/dev/ia-tiffany/www/system/CLI/Console.php(48): CodeIgniter\CodeIgniter->run()
#15 /Users/tiffany/Desktop/dev/ia-tiffany/www/spark(98): CodeIgniter\CLI\Console->run()
#16 {main}

Next CodeIgniter\Database\Exceptions\DatabaseException: Operation timed out in /Users/tiffany/Desktop/dev/ia-tiffany/www/system/Database/MySQLi/Connection.php:215
Stack trace:
#0 /Users/tiffany/Desktop/dev/ia-tiffany/www/system/Database/BaseConnection.php(382): CodeIgniter\Database\MySQLi\Connection->connect(false)
#1 /Users/tiffany/Desktop/dev/ia-tiffany/www/system/Database/BaseConnection.php(561): CodeIgniter\Database\BaseConnection->initialize()
#2 /Users/tiffany/Desktop/dev/ia-tiffany/www/system/Database/BaseConnection.php(1360): CodeIgniter\Database\BaseConnection->query('SHOW TABLES FRO...')
#3 /Users/tiffany/Desktop/dev/ia-tiffany/www/system/Database/BaseConnection.php(1394): CodeIgniter\Database\BaseConnection->listTables()
#4 /Users/tiffany/Desktop/dev/ia-tiffany/www/system/Database/MigrationRunner.php(759): CodeIgniter\Database\BaseConnection->tableExists('migrations')
#5 /Users/tiffany/Desktop/dev/ia-tiffany/www/system/Database/MigrationRunner.php(167): CodeIgniter\Database\MigrationRunner->ensureTable()
#6 /Users/tiffany/Desktop/dev/ia-tiffany/www/system/Commands/Database/Migrate.php(84): CodeIgniter\Database\MigrationRunner->latest(NULL)
#7 /Users/tiffany/Desktop/dev/ia-tiffany/www/system/CLI/Commands.php(63): CodeIgniter\Commands\Database\Migrate->run(Array)
#8 /Users/tiffany/Desktop/dev/ia-tiffany/www/system/CLI/CommandRunner.php(65): CodeIgniter\CLI\Commands->run('migrate', Array)
#9 /Users/tiffany/Desktop/dev/ia-tiffany/www/system/CLI/CommandRunner.php(51): CodeIgniter\CLI\CommandRunner->index(Array)
#10 /Users/tiffany/Desktop/dev/ia-tiffany/www/system/CodeIgniter.php(920): CodeIgniter\CLI\CommandRunner->_remap('index', Array)
#11 /Users/tiffany/Desktop/dev/ia-tiffany/www/system/CodeIgniter.php(482): CodeIgniter\CodeIgniter->runController(Object(CodeIgniter\CLI\CommandRunner))
#12 /Users/tiffany/Desktop/dev/ia-tiffany/www/system/CodeIgniter.php(347): CodeIgniter\CodeIgniter->handleRequest(NULL, Object(Config\Cache), false)
#13 /Users/tiffany/Desktop/dev/ia-tiffany/www/system/CLI/Console.php(48): CodeIgniter\CodeIgniter->run()
#14 /Users/tiffany/Desktop/dev/ia-tiffany/www/spark(98): CodeIgniter\CLI\Console->run()
#15 {main}
ERROR - 2023-07-24 04:23:41 --> Error connecting to the database: mysqli_sql_exception: Operation timed out in /Users/tiffany/Desktop/dev/ia-tiffany/www/system/Database/MySQLi/Connection.php:170
Stack trace:
#0 /Users/tiffany/Desktop/dev/ia-tiffany/www/system/Database/MySQLi/Connection.php(170): mysqli->real_connect('172.19.0.1', 'root', Object(SensitiveParameterValue), 'taskapp', 3306, '', 0)
#1 /Users/tiffany/Desktop/dev/ia-tiffany/www/system/Database/BaseConnection.php(382): CodeIgniter\Database\MySQLi\Connection->connect(false)
#2 /Users/tiffany/Desktop/dev/ia-tiffany/www/system/Database/BaseConnection.php(561): CodeIgniter\Database\BaseConnection->initialize()
#3 /Users/tiffany/Desktop/dev/ia-tiffany/www/system/Database/BaseConnection.php(1360): CodeIgniter\Database\BaseConnection->query('SHOW TABLES FRO...')
#4 /Users/tiffany/Desktop/dev/ia-tiffany/www/system/Database/BaseConnection.php(1394): CodeIgniter\Database\BaseConnection->listTables()
#5 /Users/tiffany/Desktop/dev/ia-tiffany/www/system/Database/MigrationRunner.php(759): CodeIgniter\Database\BaseConnection->tableExists('migrations')
#6 /Users/tiffany/Desktop/dev/ia-tiffany/www/system/Database/MigrationRunner.php(167): CodeIgniter\Database\MigrationRunner->ensureTable()
#7 /Users/tiffany/Desktop/dev/ia-tiffany/www/system/Commands/Database/Migrate.php(84): CodeIgniter\Database\MigrationRunner->latest(NULL)
#8 /Users/tiffany/Desktop/dev/ia-tiffany/www/system/CLI/Commands.php(63): CodeIgniter\Commands\Database\Migrate->run(Array)
#9 /Users/tiffany/Desktop/dev/ia-tiffany/www/system/CLI/CommandRunner.php(65): CodeIgniter\CLI\Commands->run('migrate', Array)
#10 /Users/tiffany/Desktop/dev/ia-tiffany/www/system/CLI/CommandRunner.php(51): CodeIgniter\CLI\CommandRunner->index(Array)
#11 /Users/tiffany/Desktop/dev/ia-tiffany/www/system/CodeIgniter.php(920): CodeIgniter\CLI\CommandRunner->_remap('index', Array)
#12 /Users/tiffany/Desktop/dev/ia-tiffany/www/system/CodeIgniter.php(482): CodeIgniter\CodeIgniter->runController(Object(CodeIgniter\CLI\CommandRunner))
#13 /Users/tiffany/Desktop/dev/ia-tiffany/www/system/CodeIgniter.php(347): CodeIgniter\CodeIgniter->handleRequest(NULL, Object(Config\Cache), false)
#14 /Users/tiffany/Desktop/dev/ia-tiffany/www/system/CLI/Console.php(48): CodeIgniter\CodeIgniter->run()
#15 /Users/tiffany/Desktop/dev/ia-tiffany/www/spark(98): CodeIgniter\CLI\Console->run()
#16 {main}

Next CodeIgniter\Database\Exceptions\DatabaseException: Operation timed out in /Users/tiffany/Desktop/dev/ia-tiffany/www/system/Database/MySQLi/Connection.php:215
Stack trace:
#0 /Users/tiffany/Desktop/dev/ia-tiffany/www/system/Database/BaseConnection.php(382): CodeIgniter\Database\MySQLi\Connection->connect(false)
#1 /Users/tiffany/Desktop/dev/ia-tiffany/www/system/Database/BaseConnection.php(561): CodeIgniter\Database\BaseConnection->initialize()
#2 /Users/tiffany/Desktop/dev/ia-tiffany/www/system/Database/BaseConnection.php(1360): CodeIgniter\Database\BaseConnection->query('SHOW TABLES FRO...')
#3 /Users/tiffany/Desktop/dev/ia-tiffany/www/system/Database/BaseConnection.php(1394): CodeIgniter\Database\BaseConnection->listTables()
#4 /Users/tiffany/Desktop/dev/ia-tiffany/www/system/Database/MigrationRunner.php(759): CodeIgniter\Database\BaseConnection->tableExists('migrations')
#5 /Users/tiffany/Desktop/dev/ia-tiffany/www/system/Database/MigrationRunner.php(167): CodeIgniter\Database\MigrationRunner->ensureTable()
#6 /Users/tiffany/Desktop/dev/ia-tiffany/www/system/Commands/Database/Migrate.php(84): CodeIgniter\Database\MigrationRunner->latest(NULL)
#7 /Users/tiffany/Desktop/dev/ia-tiffany/www/system/CLI/Commands.php(63): CodeIgniter\Commands\Database\Migrate->run(Array)
#8 /Users/tiffany/Desktop/dev/ia-tiffany/www/system/CLI/CommandRunner.php(65): CodeIgniter\CLI\Commands->run('migrate', Array)
#9 /Users/tiffany/Desktop/dev/ia-tiffany/www/system/CLI/CommandRunner.php(51): CodeIgniter\CLI\CommandRunner->index(Array)
#10 /Users/tiffany/Desktop/dev/ia-tiffany/www/system/CodeIgniter.php(920): CodeIgniter\CLI\CommandRunner->_remap('index', Array)
#11 /Users/tiffany/Desktop/dev/ia-tiffany/www/system/CodeIgniter.php(482): CodeIgniter\CodeIgniter->runController(Object(CodeIgniter\CLI\CommandRunner))
#12 /Users/tiffany/Desktop/dev/ia-tiffany/www/system/CodeIgniter.php(347): CodeIgniter\CodeIgniter->handleRequest(NULL, Object(Config\Cache), false)
#13 /Users/tiffany/Desktop/dev/ia-tiffany/www/system/CLI/Console.php(48): CodeIgniter\CodeIgniter->run()
#14 /Users/tiffany/Desktop/dev/ia-tiffany/www/spark(98): CodeIgniter\CLI\Console->run()
#15 {main}
ERROR - 2023-07-24 04:26:30 --> Error connecting to the database: mysqli_sql_exception: Operation timed out in /Users/tiffany/Desktop/dev/ia-tiffany/www/system/Database/MySQLi/Connection.php:170
Stack trace:
#0 /Users/tiffany/Desktop/dev/ia-tiffany/www/system/Database/MySQLi/Connection.php(170): mysqli->real_connect('172.19.0.4', 'root', Object(SensitiveParameterValue), 'taskapp', 3306, '', 0)
#1 /Users/tiffany/Desktop/dev/ia-tiffany/www/system/Database/BaseConnection.php(382): CodeIgniter\Database\MySQLi\Connection->connect(false)
#2 /Users/tiffany/Desktop/dev/ia-tiffany/www/system/Database/BaseConnection.php(561): CodeIgniter\Database\BaseConnection->initialize()
#3 /Users/tiffany/Desktop/dev/ia-tiffany/www/system/Database/BaseConnection.php(1360): CodeIgniter\Database\BaseConnection->query('SHOW TABLES FRO...')
#4 /Users/tiffany/Desktop/dev/ia-tiffany/www/system/Database/BaseConnection.php(1394): CodeIgniter\Database\BaseConnection->listTables()
#5 /Users/tiffany/Desktop/dev/ia-tiffany/www/system/Database/MigrationRunner.php(759): CodeIgniter\Database\BaseConnection->tableExists('migrations')
#6 /Users/tiffany/Desktop/dev/ia-tiffany/www/system/Database/MigrationRunner.php(167): CodeIgniter\Database\MigrationRunner->ensureTable()
#7 /Users/tiffany/Desktop/dev/ia-tiffany/www/system/Commands/Database/Migrate.php(84): CodeIgniter\Database\MigrationRunner->latest(NULL)
#8 /Users/tiffany/Desktop/dev/ia-tiffany/www/system/CLI/Commands.php(63): CodeIgniter\Commands\Database\Migrate->run(Array)
#9 /Users/tiffany/Desktop/dev/ia-tiffany/www/system/CLI/CommandRunner.php(65): CodeIgniter\CLI\Commands->run('migrate', Array)
#10 /Users/tiffany/Desktop/dev/ia-tiffany/www/system/CLI/CommandRunner.php(51): CodeIgniter\CLI\CommandRunner->index(Array)
#11 /Users/tiffany/Desktop/dev/ia-tiffany/www/system/CodeIgniter.php(920): CodeIgniter\CLI\CommandRunner->_remap('index', Array)
#12 /Users/tiffany/Desktop/dev/ia-tiffany/www/system/CodeIgniter.php(482): CodeIgniter\CodeIgniter->runController(Object(CodeIgniter\CLI\CommandRunner))
#13 /Users/tiffany/Desktop/dev/ia-tiffany/www/system/CodeIgniter.php(347): CodeIgniter\CodeIgniter->handleRequest(NULL, Object(Config\Cache), false)
#14 /Users/tiffany/Desktop/dev/ia-tiffany/www/system/CLI/Console.php(48): CodeIgniter\CodeIgniter->run()
#15 /Users/tiffany/Desktop/dev/ia-tiffany/www/spark(98): CodeIgniter\CLI\Console->run()
#16 {main}

Next CodeIgniter\Database\Exceptions\DatabaseException: Operation timed out in /Users/tiffany/Desktop/dev/ia-tiffany/www/system/Database/MySQLi/Connection.php:215
Stack trace:
#0 /Users/tiffany/Desktop/dev/ia-tiffany/www/system/Database/BaseConnection.php(382): CodeIgniter\Database\MySQLi\Connection->connect(false)
#1 /Users/tiffany/Desktop/dev/ia-tiffany/www/system/Database/BaseConnection.php(561): CodeIgniter\Database\BaseConnection->initialize()
#2 /Users/tiffany/Desktop/dev/ia-tiffany/www/system/Database/BaseConnection.php(1360): CodeIgniter\Database\BaseConnection->query('SHOW TABLES FRO...')
#3 /Users/tiffany/Desktop/dev/ia-tiffany/www/system/Database/BaseConnection.php(1394): CodeIgniter\Database\BaseConnection->listTables()
#4 /Users/tiffany/Desktop/dev/ia-tiffany/www/system/Database/MigrationRunner.php(759): CodeIgniter\Database\BaseConnection->tableExists('migrations')
#5 /Users/tiffany/Desktop/dev/ia-tiffany/www/system/Database/MigrationRunner.php(167): CodeIgniter\Database\MigrationRunner->ensureTable()
#6 /Users/tiffany/Desktop/dev/ia-tiffany/www/system/Commands/Database/Migrate.php(84): CodeIgniter\Database\MigrationRunner->latest(NULL)
#7 /Users/tiffany/Desktop/dev/ia-tiffany/www/system/CLI/Commands.php(63): CodeIgniter\Commands\Database\Migrate->run(Array)
#8 /Users/tiffany/Desktop/dev/ia-tiffany/www/system/CLI/CommandRunner.php(65): CodeIgniter\CLI\Commands->run('migrate', Array)
#9 /Users/tiffany/Desktop/dev/ia-tiffany/www/system/CLI/CommandRunner.php(51): CodeIgniter\CLI\CommandRunner->index(Array)
#10 /Users/tiffany/Desktop/dev/ia-tiffany/www/system/CodeIgniter.php(920): CodeIgniter\CLI\CommandRunner->_remap('index', Array)
#11 /Users/tiffany/Desktop/dev/ia-tiffany/www/system/CodeIgniter.php(482): CodeIgniter\CodeIgniter->runController(Object(CodeIgniter\CLI\CommandRunner))
#12 /Users/tiffany/Desktop/dev/ia-tiffany/www/system/CodeIgniter.php(347): CodeIgniter\CodeIgniter->handleRequest(NULL, Object(Config\Cache), false)
#13 /Users/tiffany/Desktop/dev/ia-tiffany/www/system/CLI/Console.php(48): CodeIgniter\CodeIgniter->run()
#14 /Users/tiffany/Desktop/dev/ia-tiffany/www/spark(98): CodeIgniter\CLI\Console->run()
#15 {main}
ERROR - 2023-07-24 04:39:26 --> Error connecting to the database: mysqli_sql_exception: Operation timed out in /Users/tiffany/Desktop/dev/ia-tiffany/www/system/Database/MySQLi/Connection.php:170
Stack trace:
#0 /Users/tiffany/Desktop/dev/ia-tiffany/www/system/Database/MySQLi/Connection.php(170): mysqli->real_connect('172.0.0.1', 'root', Object(SensitiveParameterValue), 'taskapp', 3306, '', 0)
#1 /Users/tiffany/Desktop/dev/ia-tiffany/www/system/Database/BaseConnection.php(382): CodeIgniter\Database\MySQLi\Connection->connect(false)
#2 /Users/tiffany/Desktop/dev/ia-tiffany/www/system/Database/BaseConnection.php(561): CodeIgniter\Database\BaseConnection->initialize()
#3 /Users/tiffany/Desktop/dev/ia-tiffany/www/system/Database/BaseConnection.php(1360): CodeIgniter\Database\BaseConnection->query('SHOW TABLES FRO...')
#4 /Users/tiffany/Desktop/dev/ia-tiffany/www/system/Database/BaseConnection.php(1394): CodeIgniter\Database\BaseConnection->listTables()
#5 /Users/tiffany/Desktop/dev/ia-tiffany/www/system/Database/MigrationRunner.php(759): CodeIgniter\Database\BaseConnection->tableExists('migrations')
#6 /Users/tiffany/Desktop/dev/ia-tiffany/www/system/Database/MigrationRunner.php(167): CodeIgniter\Database\MigrationRunner->ensureTable()
#7 /Users/tiffany/Desktop/dev/ia-tiffany/www/system/Commands/Database/Migrate.php(84): CodeIgniter\Database\MigrationRunner->latest(NULL)
#8 /Users/tiffany/Desktop/dev/ia-tiffany/www/system/CLI/Commands.php(63): CodeIgniter\Commands\Database\Migrate->run(Array)
#9 /Users/tiffany/Desktop/dev/ia-tiffany/www/system/CLI/CommandRunner.php(65): CodeIgniter\CLI\Commands->run('migrate', Array)
#10 /Users/tiffany/Desktop/dev/ia-tiffany/www/system/CLI/CommandRunner.php(51): CodeIgniter\CLI\CommandRunner->index(Array)
#11 /Users/tiffany/Desktop/dev/ia-tiffany/www/system/CodeIgniter.php(920): CodeIgniter\CLI\CommandRunner->_remap('index', Array)
#12 /Users/tiffany/Desktop/dev/ia-tiffany/www/system/CodeIgniter.php(482): CodeIgniter\CodeIgniter->runController(Object(CodeIgniter\CLI\CommandRunner))
#13 /Users/tiffany/Desktop/dev/ia-tiffany/www/system/CodeIgniter.php(347): CodeIgniter\CodeIgniter->handleRequest(NULL, Object(Config\Cache), false)
#14 /Users/tiffany/Desktop/dev/ia-tiffany/www/system/CLI/Console.php(48): CodeIgniter\CodeIgniter->run()
#15 /Users/tiffany/Desktop/dev/ia-tiffany/www/spark(98): CodeIgniter\CLI\Console->run()
#16 {main}

Next CodeIgniter\Database\Exceptions\DatabaseException: Operation timed out in /Users/tiffany/Desktop/dev/ia-tiffany/www/system/Database/MySQLi/Connection.php:215
Stack trace:
#0 /Users/tiffany/Desktop/dev/ia-tiffany/www/system/Database/BaseConnection.php(382): CodeIgniter\Database\MySQLi\Connection->connect(false)
#1 /Users/tiffany/Desktop/dev/ia-tiffany/www/system/Database/BaseConnection.php(561): CodeIgniter\Database\BaseConnection->initialize()
#2 /Users/tiffany/Desktop/dev/ia-tiffany/www/system/Database/BaseConnection.php(1360): CodeIgniter\Database\BaseConnection->query('SHOW TABLES FRO...')
#3 /Users/tiffany/Desktop/dev/ia-tiffany/www/system/Database/BaseConnection.php(1394): CodeIgniter\Database\BaseConnection->listTables()
#4 /Users/tiffany/Desktop/dev/ia-tiffany/www/system/Database/MigrationRunner.php(759): CodeIgniter\Database\BaseConnection->tableExists('migrations')
#5 /Users/tiffany/Desktop/dev/ia-tiffany/www/system/Database/MigrationRunner.php(167): CodeIgniter\Database\MigrationRunner->ensureTable()
#6 /Users/tiffany/Desktop/dev/ia-tiffany/www/system/Commands/Database/Migrate.php(84): CodeIgniter\Database\MigrationRunner->latest(NULL)
#7 /Users/tiffany/Desktop/dev/ia-tiffany/www/system/CLI/Commands.php(63): CodeIgniter\Commands\Database\Migrate->run(Array)
#8 /Users/tiffany/Desktop/dev/ia-tiffany/www/system/CLI/CommandRunner.php(65): CodeIgniter\CLI\Commands->run('migrate', Array)
#9 /Users/tiffany/Desktop/dev/ia-tiffany/www/system/CLI/CommandRunner.php(51): CodeIgniter\CLI\CommandRunner->index(Array)
#10 /Users/tiffany/Desktop/dev/ia-tiffany/www/system/CodeIgniter.php(920): CodeIgniter\CLI\CommandRunner->_remap('index', Array)
#11 /Users/tiffany/Desktop/dev/ia-tiffany/www/system/CodeIgniter.php(482): CodeIgniter\CodeIgniter->runController(Object(CodeIgniter\CLI\CommandRunner))
#12 /Users/tiffany/Desktop/dev/ia-tiffany/www/system/CodeIgniter.php(347): CodeIgniter\CodeIgniter->handleRequest(NULL, Object(Config\Cache), false)
#13 /Users/tiffany/Desktop/dev/ia-tiffany/www/system/CLI/Console.php(48): CodeIgniter\CodeIgniter->run()
#14 /Users/tiffany/Desktop/dev/ia-tiffany/www/spark(98): CodeIgniter\CLI\Console->run()
#15 {main}
ERROR - 2023-07-24 04:59:56 --> Error connecting to the database: mysqli_sql_exception: Connection timed out in /var/www/html/system/Database/MySQLi/Connection.php:171
Stack trace:
#0 /var/www/html/system/Database/MySQLi/Connection.php(171): mysqli->real_connect('172.0.19.1', 'root', 'admin', 'taskapp', 3306, '', 0)
#1 /var/www/html/system/Database/BaseConnection.php(382): CodeIgniter\Database\MySQLi\Connection->connect(false)
#2 /var/www/html/system/Database/BaseConnection.php(561): CodeIgniter\Database\BaseConnection->initialize()
#3 /var/www/html/system/Database/BaseBuilder.php(1585): CodeIgniter\Database\BaseConnection->query('SELECT *\nFROM `...', Array, false)
#4 /var/www/html/system/Model.php(182): CodeIgniter\Database\BaseBuilder->get()
#5 /var/www/html/system/BaseModel.php(524): CodeIgniter\Model->doFind(true, '5')
#6 /var/www/html/app/Libraries/Authentication.php(48): CodeIgniter\BaseModel->find('5')
#7 /var/www/html/app/Helpers/auth_helper.php(9): App\libraries\Authentication->getCurrentUser()
#8 /var/www/html/app/Views/layouts/default.php(11): current_user()
#9 /var/www/html/system/View/View.php(213): include('/var/www/html/a...')
#10 /var/www/html/system/View/View.php(216): CodeIgniter\View\View->CodeIgniter\View\{closure}()
#11 /var/www/html/system/View/View.php(229): CodeIgniter\View\View->render('layouts/default', Array, true)
#12 /var/www/html/system/Common.php(1134): CodeIgniter\View\View->render('Home/index', Array, true)
#13 /var/www/html/app/Controllers/Home.php(9): view('Home/index')
#14 /var/www/html/system/CodeIgniter.php(927): App\Controllers\Home->index()
#15 /var/www/html/system/CodeIgniter.php(482): CodeIgniter\CodeIgniter->runController(Object(App\Controllers\Home))
#16 /var/www/html/system/CodeIgniter.php(351): CodeIgniter\CodeIgniter->handleRequest(NULL, Object(Config\Cache), false)
#17 /var/www/html/public/index.php(67): CodeIgniter\CodeIgniter->run()
#18 {main}

Next CodeIgniter\Database\Exceptions\DatabaseException: Connection timed out in /var/www/html/system/Database/MySQLi/Connection.php:215
Stack trace:
#0 /var/www/html/system/Database/BaseConnection.php(382): CodeIgniter\Database\MySQLi\Connection->connect(false)
#1 /var/www/html/system/Database/BaseConnection.php(561): CodeIgniter\Database\BaseConnection->initialize()
#2 /var/www/html/system/Database/BaseBuilder.php(1585): CodeIgniter\Database\BaseConnection->query('SELECT *\nFROM `...', Array, false)
#3 /var/www/html/system/Model.php(182): CodeIgniter\Database\BaseBuilder->get()
#4 /var/www/html/system/BaseModel.php(524): CodeIgniter\Model->doFind(true, '5')
#5 /var/www/html/app/Libraries/Authentication.php(48): CodeIgniter\BaseModel->find('5')
#6 /var/www/html/app/Helpers/auth_helper.php(9): App\libraries\Authentication->getCurrentUser()
#7 /var/www/html/app/Views/layouts/default.php(11): current_user()
#8 /var/www/html/system/View/View.php(213): include('/var/www/html/a...')
#9 /var/www/html/system/View/View.php(216): CodeIgniter\View\View->CodeIgniter\View\{closure}()
#10 /var/www/html/system/View/View.php(229): CodeIgniter\View\View->render('layouts/default', Array, true)
#11 /var/www/html/system/Common.php(1134): CodeIgniter\View\View->render('Home/index', Array, true)
#12 /var/www/html/app/Controllers/Home.php(9): view('Home/index')
#13 /var/www/html/system/CodeIgniter.php(927): App\Controllers\Home->index()
#14 /var/www/html/system/CodeIgniter.php(482): CodeIgniter\CodeIgniter->runController(Object(App\Controllers\Home))
#15 /var/www/html/system/CodeIgniter.php(351): CodeIgniter\CodeIgniter->handleRequest(NULL, Object(Config\Cache), false)
#16 /var/www/html/public/index.php(67): CodeIgniter\CodeIgniter->run()
#17 {main}
CRITICAL - 2023-07-24 04:59:56 --> Unable to connect to the database.
Main connection [MySQLi]: Connection timed out
in SYSTEMPATH/Database/BaseConnection.php on line 418.
 1 SYSTEMPATH/Database/BaseConnection.php(561): CodeIgniter\Database\BaseConnection->initialize()
 2 SYSTEMPATH/Database/BaseBuilder.php(1585): CodeIgniter\Database\BaseConnection->query('SELECT *
FROM `user`
WHERE `user`.`id` = :user.id:', [...], false)
 3 SYSTEMPATH/Model.php(182): CodeIgniter\Database\BaseBuilder->get()
 4 SYSTEMPATH/BaseModel.php(524): CodeIgniter\Model->doFind(true, '5')
 5 APPPATH/Libraries/Authentication.php(48): CodeIgniter\BaseModel->find('5')
 6 APPPATH/Helpers/auth_helper.php(9): App\libraries\Authentication->getCurrentUser()
 7 APPPATH/Views/layouts/default.php(11): current_user()
 8 SYSTEMPATH/View/View.php(213): include('APPPATH/Views/layouts/default.php')
 9 SYSTEMPATH/View/View.php(216): CodeIgniter\View\View->CodeIgniter\View\{closure}()
10 SYSTEMPATH/View/View.php(229): CodeIgniter\View\View->render('layouts/default', [], true)
11 SYSTEMPATH/Common.php(1134): CodeIgniter\View\View->render('Home/index', [], true)
12 APPPATH/Controllers/Home.php(9): view('Home/index')
13 SYSTEMPATH/CodeIgniter.php(927): App\Controllers\Home->index()
14 SYSTEMPATH/CodeIgniter.php(482): CodeIgniter\CodeIgniter->runController(Object(App\Controllers\Home))
15 SYSTEMPATH/CodeIgniter.php(351): CodeIgniter\CodeIgniter->handleRequest(null, Object(Config\Cache), false)
16 FCPATH/index.php(67): CodeIgniter\CodeIgniter->run()
ERROR - 2023-07-24 05:00:00 --> Error connecting to the database: mysqli_sql_exception: Connection timed out in /var/www/html/system/Database/MySQLi/Connection.php:171
Stack trace:
#0 /var/www/html/system/Database/MySQLi/Connection.php(171): mysqli->real_connect('172.0.19.1', 'root', 'admin', 'taskapp', 3306, '', 0)
#1 /var/www/html/system/Database/BaseConnection.php(382): CodeIgniter\Database\MySQLi\Connection->connect(false)
#2 /var/www/html/system/Database/BaseConnection.php(561): CodeIgniter\Database\BaseConnection->initialize()
#3 /var/www/html/system/Database/BaseBuilder.php(1585): CodeIgniter\Database\BaseConnection->query('SELECT *\nFROM `...', Array, false)
#4 /var/www/html/system/Model.php(182): CodeIgniter\Database\BaseBuilder->get()
#5 /var/www/html/system/BaseModel.php(524): CodeIgniter\Model->doFind(true, '5')
#6 /var/www/html/app/Libraries/Authentication.php(48): CodeIgniter\BaseModel->find('5')
#7 /var/www/html/app/Controllers/Tasks.php(19): App\libraries\Authentication->getCurrentUser()
#8 /var/www/html/system/CodeIgniter.php(927): App\Controllers\Tasks->index()
#9 /var/www/html/system/CodeIgniter.php(482): CodeIgniter\CodeIgniter->runController(Object(App\Controllers\Tasks))
#10 /var/www/html/system/CodeIgniter.php(351): CodeIgniter\CodeIgniter->handleRequest(NULL, Object(Config\Cache), false)
#11 /var/www/html/public/index.php(67): CodeIgniter\CodeIgniter->run()
#12 {main}

Next CodeIgniter\Database\Exceptions\DatabaseException: Connection timed out in /var/www/html/system/Database/MySQLi/Connection.php:215
Stack trace:
#0 /var/www/html/system/Database/BaseConnection.php(382): CodeIgniter\Database\MySQLi\Connection->connect(false)
#1 /var/www/html/system/Database/BaseConnection.php(561): CodeIgniter\Database\BaseConnection->initialize()
#2 /var/www/html/system/Database/BaseBuilder.php(1585): CodeIgniter\Database\BaseConnection->query('SELECT *\nFROM `...', Array, false)
#3 /var/www/html/system/Model.php(182): CodeIgniter\Database\BaseBuilder->get()
#4 /var/www/html/system/BaseModel.php(524): CodeIgniter\Model->doFind(true, '5')
#5 /var/www/html/app/Libraries/Authentication.php(48): CodeIgniter\BaseModel->find('5')
#6 /var/www/html/app/Controllers/Tasks.php(19): App\libraries\Authentication->getCurrentUser()
#7 /var/www/html/system/CodeIgniter.php(927): App\Controllers\Tasks->index()
#8 /var/www/html/system/CodeIgniter.php(482): CodeIgniter\CodeIgniter->runController(Object(App\Controllers\Tasks))
#9 /var/www/html/system/CodeIgniter.php(351): CodeIgniter\CodeIgniter->handleRequest(NULL, Object(Config\Cache), false)
#10 /var/www/html/public/index.php(67): CodeIgniter\CodeIgniter->run()
#11 {main}
CRITICAL - 2023-07-24 05:00:00 --> Unable to connect to the database.
Main connection [MySQLi]: Connection timed out
in SYSTEMPATH/Database/BaseConnection.php on line 418.
 1 SYSTEMPATH/Database/BaseConnection.php(561): CodeIgniter\Database\BaseConnection->initialize()
 2 SYSTEMPATH/Database/BaseBuilder.php(1585): CodeIgniter\Database\BaseConnection->query('SELECT *
FROM `user`
WHERE `user`.`id` = :user.id:', [...], false)
 3 SYSTEMPATH/Model.php(182): CodeIgniter\Database\BaseBuilder->get()
 4 SYSTEMPATH/BaseModel.php(524): CodeIgniter\Model->doFind(true, '5')
 5 APPPATH/Libraries/Authentication.php(48): CodeIgniter\BaseModel->find('5')
 6 APPPATH/Controllers/Tasks.php(19): App\libraries\Authentication->getCurrentUser()
 7 SYSTEMPATH/CodeIgniter.php(927): App\Controllers\Tasks->index()
 8 SYSTEMPATH/CodeIgniter.php(482): CodeIgniter\CodeIgniter->runController(Object(App\Controllers\Tasks))
 9 SYSTEMPATH/CodeIgniter.php(351): CodeIgniter\CodeIgniter->handleRequest(null, Object(Config\Cache), false)
10 FCPATH/index.php(67): CodeIgniter\CodeIgniter->run()
CRITICAL - 2023-07-24 05:00:30 --> Too few arguments to function App\Models\TaskModel::getTasksByUserId(), 0 passed in /var/www/html/app/Controllers/Tasks.php on line 21 and exactly 1 expected
in APPPATH/Models/TaskModel.php on line 25.
 1 APPPATH/Controllers/Tasks.php(21): App\Models\TaskModel->getTasksByUserId()
 2 SYSTEMPATH/CodeIgniter.php(927): App\Controllers\Tasks->index()
 3 SYSTEMPATH/CodeIgniter.php(482): CodeIgniter\CodeIgniter->runController(Object(App\Controllers\Tasks))
 4 SYSTEMPATH/CodeIgniter.php(351): CodeIgniter\CodeIgniter->handleRequest(null, Object(Config\Cache), false)
 5 FCPATH/index.php(67): CodeIgniter\CodeIgniter->run()
CRITICAL - 2023-07-24 05:17:32 --> Undefined variable $user_id
in APPPATH/Controllers/Tasks.php on line 129.
 1 APPPATH/Controllers/Tasks.php(129): CodeIgniter\Debug\Exceptions->errorHandler(2, 'Undefined variable $user_id', 'APPPATH/Controllers/Tasks.php', 129)
 2 APPPATH/Controllers/Tasks.php(28): App\Controllers\Tasks->getTaskOr404('1')
 3 SYSTEMPATH/CodeIgniter.php(927): App\Controllers\Tasks->show('1')
 4 SYSTEMPATH/CodeIgniter.php(482): CodeIgniter\CodeIgniter->runController(Object(App\Controllers\Tasks))
 5 SYSTEMPATH/CodeIgniter.php(351): CodeIgniter\CodeIgniter->handleRequest(null, Object(Config\Cache), false)
 6 FCPATH/index.php(67): CodeIgniter\CodeIgniter->run()
CRITICAL - 2023-07-24 10:49:05 --> Invalid file: Admin/Users/form.php
in SYSTEMPATH/Exceptions/FrameworkException.php on line 33.
 1 SYSTEMPATH/View/View.php(201): CodeIgniter\Exceptions\FrameworkException::forInvalidFile('Admin/Users/form.php')
 2 SYSTEMPATH/View/View.php(431): CodeIgniter\View\View->render('Admin/Users/form', null, true)
 3 APPPATH/Views/Admin/Users/new.php(19): CodeIgniter\View\View->include('Admin/Users/form')
 4 SYSTEMPATH/View/View.php(213): include('APPPATH/Views/Admin/Users/new.php')
 5 SYSTEMPATH/View/View.php(216): CodeIgniter\View\View->CodeIgniter\View\{closure}()
 6 SYSTEMPATH/Common.php(1134): CodeIgniter\View\View->render('Admin/Users/new', [], true)
 7 APPPATH/Controllers/Admin/Users.php(53): view('Admin/Users/new', [...])
 8 SYSTEMPATH/CodeIgniter.php(927): App\Controllers\Admin\Users->new()
 9 SYSTEMPATH/CodeIgniter.php(482): CodeIgniter\CodeIgniter->runController(Object(App\Controllers\Admin\Users))
10 SYSTEMPATH/CodeIgniter.php(351): CodeIgniter\CodeIgniter->handleRequest(null, Object(Config\Cache), false)
11 FCPATH/index.php(67): CodeIgniter\CodeIgniter->run()
CRITICAL - 2023-07-24 10:50:07 --> Invalid file: Admin/Users/form.php
in SYSTEMPATH/Exceptions/FrameworkException.php on line 33.
 1 SYSTEMPATH/View/View.php(201): CodeIgniter\Exceptions\FrameworkException::forInvalidFile('Admin/Users/form.php')
 2 SYSTEMPATH/View/View.php(431): CodeIgniter\View\View->render('Admin/Users/form', null, true)
 3 APPPATH/Views/Admin/Users/new.php(19): CodeIgniter\View\View->include('Admin/Users/form')
 4 SYSTEMPATH/View/View.php(213): include('APPPATH/Views/Admin/Users/new.php')
 5 SYSTEMPATH/View/View.php(216): CodeIgniter\View\View->CodeIgniter\View\{closure}()
 6 SYSTEMPATH/Common.php(1134): CodeIgniter\View\View->render('Admin/Users/new', [], true)
 7 APPPATH/Controllers/Admin/Users.php(53): view('Admin/Users/new', [...])
 8 SYSTEMPATH/CodeIgniter.php(927): App\Controllers\Admin\Users->new()
 9 SYSTEMPATH/CodeIgniter.php(482): CodeIgniter\CodeIgniter->runController(Object(App\Controllers\Admin\Users))
10 SYSTEMPATH/CodeIgniter.php(351): CodeIgniter\CodeIgniter->handleRequest(null, Object(Config\Cache), false)
11 FCPATH/index.php(67): CodeIgniter\CodeIgniter->run()
CRITICAL - 2023-07-24 10:59:18 --> Class "App\Controllers\Admin\Task" not found
in APPPATH/Controllers/Admin/Users.php on line 60.
 1 SYSTEMPATH/CodeIgniter.php(927): App\Controllers\Admin\Users->create()
 2 SYSTEMPATH/CodeIgniter.php(482): CodeIgniter\CodeIgniter->runController(Object(App\Controllers\Admin\Users))
 3 SYSTEMPATH/CodeIgniter.php(351): CodeIgniter\CodeIgniter->handleRequest(null, Object(Config\Cache), false)
 4 FCPATH/index.php(67): CodeIgniter\CodeIgniter->run()
ERROR - 2023-07-24 11:46:34 --> mysqli_sql_exception: Unknown column 'password' in 'field list' in /var/www/html/system/Database/MySQLi/Connection.php:292
Stack trace:
#0 /var/www/html/system/Database/MySQLi/Connection.php(292): mysqli->query('UPDATE `user` S...', 0)
#1 /var/www/html/system/Database/BaseConnection.php(666): CodeIgniter\Database\MySQLi\Connection->execute('UPDATE `user` S...')
#2 /var/www/html/system/Database/BaseConnection.php(593): CodeIgniter\Database\BaseConnection->simpleQuery('UPDATE `user` S...')
#3 /var/www/html/system/Database/BaseBuilder.php(2079): CodeIgniter\Database\BaseConnection->query('UPDATE `user` S...', Array, false)
#4 /var/www/html/system/Model.php(338): CodeIgniter\Database\BaseBuilder->update()
#5 /var/www/html/system/BaseModel.php(886): CodeIgniter\Model->doUpdate(Array, Array)
#6 /var/www/html/system/Model.php(693): CodeIgniter\BaseModel->update(Array, Array)
#7 /var/www/html/system/BaseModel.php(657): CodeIgniter\Model->update('1', Object(App\Entities\User))
#8 /var/www/html/app/Controllers/Admin/Users.php(108): CodeIgniter\BaseModel->save(Object(App\Entities\User))
#9 /var/www/html/system/CodeIgniter.php(927): App\Controllers\Admin\Users->update('1')
#10 /var/www/html/system/CodeIgniter.php(482): CodeIgniter\CodeIgniter->runController(Object(App\Controllers\Admin\Users))
#11 /var/www/html/system/CodeIgniter.php(351): CodeIgniter\CodeIgniter->handleRequest(NULL, Object(Config\Cache), false)
#12 /var/www/html/public/index.php(67): CodeIgniter\CodeIgniter->run()
#13 {main}
CRITICAL - 2023-07-24 11:46:34 --> Unknown column 'password' in 'field list'
in SYSTEMPATH/Database/MySQLi/Connection.php on line 292.
 1 SYSTEMPATH/Database/MySQLi/Connection.php(292): mysqli->query('UPDATE `user` SET `password` = \'123456\', `updated_at` = \'2023-07-24 11:46:34\'
WHERE `user`.`id` IN (\'1\')', 0)
 2 SYSTEMPATH/Database/BaseConnection.php(666): CodeIgniter\Database\MySQLi\Connection->execute('UPDATE `user` SET `password` = \'123456\', `updated_at` = \'2023-07-24 11:46:34\'
WHERE `user`.`id` IN (\'1\')')
 3 SYSTEMPATH/Database/BaseConnection.php(593): CodeIgniter\Database\BaseConnection->simpleQuery('UPDATE `user` SET `password` = \'123456\', `updated_at` = \'2023-07-24 11:46:34\'
WHERE `user`.`id` IN (\'1\')')
 4 SYSTEMPATH/Database/BaseBuilder.php(2079): CodeIgniter\Database\BaseConnection->query('UPDATE `user` SET `password` = :password:, `updated_at` = :updated_at:
WHERE `user`.`id` IN :user.id:', [...], false)
 5 SYSTEMPATH/Model.php(338): CodeIgniter\Database\BaseBuilder->update()
 6 SYSTEMPATH/BaseModel.php(886): CodeIgniter\Model->doUpdate([...], [...])
 7 SYSTEMPATH/Model.php(693): CodeIgniter\BaseModel->update([...], [...])
 8 SYSTEMPATH/BaseModel.php(657): CodeIgniter\Model->update('1', Object(App\Entities\User))
 9 APPPATH/Controllers/Admin/Users.php(108): CodeIgniter\BaseModel->save(Object(App\Entities\User))
10 SYSTEMPATH/CodeIgniter.php(927): App\Controllers\Admin\Users->update('1')
11 SYSTEMPATH/CodeIgniter.php(482): CodeIgniter\CodeIgniter->runController(Object(App\Controllers\Admin\Users))
12 SYSTEMPATH/CodeIgniter.php(351): CodeIgniter\CodeIgniter->handleRequest(null, Object(Config\Cache), false)
13 FCPATH/index.php(67): CodeIgniter\CodeIgniter->run()
CRITICAL - 2023-07-24 11:57:49 --> Undefined variable $task
in APPPATH/Views/Admin/Users/delete.php on line 14.
 1 APPPATH/Views/Admin/Users/delete.php(14): CodeIgniter\Debug\Exceptions->errorHandler(2, 'Undefined variable $task', 'APPPATH/Views/Admin/Users/delete.php', 14)
 2 SYSTEMPATH/View/View.php(213): include('APPPATH/Views/Admin/Users/delete.php')
 3 SYSTEMPATH/View/View.php(216): CodeIgniter\View\View->CodeIgniter\View\{closure}()
 4 SYSTEMPATH/Common.php(1134): CodeIgniter\View\View->render('Admin/Users/delete', [], true)
 5 APPPATH/Controllers/Admin/Users.php(135): view('Admin/Users/delete', [...])
 6 SYSTEMPATH/CodeIgniter.php(927): App\Controllers\Admin\Users->delete('6')
 7 SYSTEMPATH/CodeIgniter.php(482): CodeIgniter\CodeIgniter->runController(Object(App\Controllers\Admin\Users))
 8 SYSTEMPATH/CodeIgniter.php(351): CodeIgniter\CodeIgniter->handleRequest(null, Object(Config\Cache), false)
 9 FCPATH/index.php(67): CodeIgniter\CodeIgniter->run()
ERROR - 2023-07-24 13:19:40 --> Error connecting to the database: mysqli_sql_exception: Connection refused in /var/www/html/system/Database/MySQLi/Connection.php:171
Stack trace:
#0 /var/www/html/system/Database/MySQLi/Connection.php(171): mysqli->real_connect('127.0.0.1', 'root', 'admin', 'taskapp', 3306, '', 0)
#1 /var/www/html/system/Database/BaseConnection.php(382): CodeIgniter\Database\MySQLi\Connection->connect(false)
#2 /var/www/html/system/Database/BaseConnection.php(561): CodeIgniter\Database\BaseConnection->initialize()
#3 /var/www/html/system/Database/BaseBuilder.php(1585): CodeIgniter\Database\BaseConnection->query('SELECT *\nFROM `...', Array, false)
#4 /var/www/html/system/Model.php(250): CodeIgniter\Database\BaseBuilder->get()
#5 /var/www/html/system/BaseModel.php(623): CodeIgniter\Model->doFirst()
#6 /var/www/html/app/Models/UserModel.php(51): CodeIgniter\BaseModel->first()
#7 /var/www/html/app/Libraries/Authentication.php(13): App\Models\UserModel->findByEmail('admin@example.c...')
#8 /var/www/html/app/Controllers/Login.php(19): App\libraries\Authentication->login('admin@example.c...', 'secret')
#9 /var/www/html/system/CodeIgniter.php(927): App\Controllers\Login->create()
#10 /var/www/html/system/CodeIgniter.php(482): CodeIgniter\CodeIgniter->runController(Object(App\Controllers\Login))
#11 /var/www/html/system/CodeIgniter.php(351): CodeIgniter\CodeIgniter->handleRequest(NULL, Object(Config\Cache), false)
#12 /var/www/html/public/index.php(67): CodeIgniter\CodeIgniter->run()
#13 {main}

Next CodeIgniter\Database\Exceptions\DatabaseException: Connection refused in /var/www/html/system/Database/MySQLi/Connection.php:215
Stack trace:
#0 /var/www/html/system/Database/BaseConnection.php(382): CodeIgniter\Database\MySQLi\Connection->connect(false)
#1 /var/www/html/system/Database/BaseConnection.php(561): CodeIgniter\Database\BaseConnection->initialize()
#2 /var/www/html/system/Database/BaseBuilder.php(1585): CodeIgniter\Database\BaseConnection->query('SELECT *\nFROM `...', Array, false)
#3 /var/www/html/system/Model.php(250): CodeIgniter\Database\BaseBuilder->get()
#4 /var/www/html/system/BaseModel.php(623): CodeIgniter\Model->doFirst()
#5 /var/www/html/app/Models/UserModel.php(51): CodeIgniter\BaseModel->first()
#6 /var/www/html/app/Libraries/Authentication.php(13): App\Models\UserModel->findByEmail('admin@example.c...')
#7 /var/www/html/app/Controllers/Login.php(19): App\libraries\Authentication->login('admin@example.c...', 'secret')
#8 /var/www/html/system/CodeIgniter.php(927): App\Controllers\Login->create()
#9 /var/www/html/system/CodeIgniter.php(482): CodeIgniter\CodeIgniter->runController(Object(App\Controllers\Login))
#10 /var/www/html/system/CodeIgniter.php(351): CodeIgniter\CodeIgniter->handleRequest(NULL, Object(Config\Cache), false)
#11 /var/www/html/public/index.php(67): CodeIgniter\CodeIgniter->run()
#12 {main}
CRITICAL - 2023-07-24 13:19:40 --> Unable to connect to the database.
Main connection [MySQLi]: Connection refused
in SYSTEMPATH/Database/BaseConnection.php on line 418.
 1 SYSTEMPATH/Database/BaseConnection.php(561): CodeIgniter\Database\BaseConnection->initialize()
 2 SYSTEMPATH/Database/BaseBuilder.php(1585): CodeIgniter\Database\BaseConnection->query('SELECT *
FROM `user`
WHERE `email` = :email:
 LIMIT 1', [...], false)
 3 SYSTEMPATH/Model.php(250): CodeIgniter\Database\BaseBuilder->get()
 4 SYSTEMPATH/BaseModel.php(623): CodeIgniter\Model->doFirst()
 5 APPPATH/Models/UserModel.php(51): CodeIgniter\BaseModel->first()
 6 APPPATH/Libraries/Authentication.php(13): App\Models\UserModel->findByEmail('admin@example.com')
 7 APPPATH/Controllers/Login.php(19): App\libraries\Authentication->login('admin@example.com', 'secret')
 8 SYSTEMPATH/CodeIgniter.php(927): App\Controllers\Login->create()
 9 SYSTEMPATH/CodeIgniter.php(482): CodeIgniter\CodeIgniter->runController(Object(App\Controllers\Login))
10 SYSTEMPATH/CodeIgniter.php(351): CodeIgniter\CodeIgniter->handleRequest(null, Object(Config\Cache), false)
11 FCPATH/index.php(67): CodeIgniter\CodeIgniter->run()
CRITICAL - 2023-07-24 13:27:34 --> Cannot declare class App\Filters\LoginFilter, because the name is already in use
in APPPATH/Filters/AdminFilter.php on line 7.
 1 [internal function]: CodeIgniter\Debug\Exceptions->shutdownHandler()
CRITICAL - 2023-07-24 13:36:22 --> Attempt to read property "is_admin" on null
in APPPATH/Filters/AdminFilter.php on line 13.
 1 APPPATH/Filters/AdminFilter.php(13): CodeIgniter\Debug\Exceptions->errorHandler(2, 'Attempt to read property "is_admin" on null', 'APPPATH/Filters/AdminFilter.php', 13)
 2 SYSTEMPATH/Filters/Filters.php(173): App\Filters\AdminFilter->before(Object(CodeIgniter\HTTP\IncomingRequest), null)
 3 SYSTEMPATH/CodeIgniter.php(455): CodeIgniter\Filters\Filters->run('admin/users', 'before')
 4 SYSTEMPATH/CodeIgniter.php(351): CodeIgniter\CodeIgniter->handleRequest(null, Object(Config\Cache), false)
 5 FCPATH/index.php(67): CodeIgniter\CodeIgniter->run()
CRITICAL - 2023-07-24 13:36:26 --> Attempt to read property "is_admin" on null
in APPPATH/Filters/AdminFilter.php on line 13.
 1 APPPATH/Filters/AdminFilter.php(13): CodeIgniter\Debug\Exceptions->errorHandler(2, 'Attempt to read property "is_admin" on null', 'APPPATH/Filters/AdminFilter.php', 13)
 2 SYSTEMPATH/Filters/Filters.php(173): App\Filters\AdminFilter->before(Object(CodeIgniter\HTTP\IncomingRequest), null)
 3 SYSTEMPATH/CodeIgniter.php(455): CodeIgniter\Filters\Filters->run('admin/users/delete/8', 'before')
 4 SYSTEMPATH/CodeIgniter.php(351): CodeIgniter\CodeIgniter->handleRequest(null, Object(Config\Cache), false)
 5 FCPATH/index.php(67): CodeIgniter\CodeIgniter->run()
CRITICAL - 2023-07-24 13:36:27 --> Attempt to read property "is_admin" on null
in APPPATH/Filters/AdminFilter.php on line 13.
 1 APPPATH/Filters/AdminFilter.php(13): CodeIgniter\Debug\Exceptions->errorHandler(2, 'Attempt to read property "is_admin" on null', 'APPPATH/Filters/AdminFilter.php', 13)
 2 SYSTEMPATH/Filters/Filters.php(173): App\Filters\AdminFilter->before(Object(CodeIgniter\HTTP\IncomingRequest), null)
 3 SYSTEMPATH/CodeIgniter.php(455): CodeIgniter\Filters\Filters->run('admin/users/show/8', 'before')
 4 SYSTEMPATH/CodeIgniter.php(351): CodeIgniter\CodeIgniter->handleRequest(null, Object(Config\Cache), false)
 5 FCPATH/index.php(67): CodeIgniter\CodeIgniter->run()
CRITICAL - 2023-07-24 13:36:28 --> Attempt to read property "is_admin" on null
in APPPATH/Filters/AdminFilter.php on line 13.
 1 APPPATH/Filters/AdminFilter.php(13): CodeIgniter\Debug\Exceptions->errorHandler(2, 'Attempt to read property "is_admin" on null', 'APPPATH/Filters/AdminFilter.php', 13)
 2 SYSTEMPATH/Filters/Filters.php(173): App\Filters\AdminFilter->before(Object(CodeIgniter\HTTP\IncomingRequest), null)
 3 SYSTEMPATH/CodeIgniter.php(455): CodeIgniter\Filters\Filters->run('admin/users', 'before')
 4 SYSTEMPATH/CodeIgniter.php(351): CodeIgniter\CodeIgniter->handleRequest(null, Object(Config\Cache), false)
 5 FCPATH/index.php(67): CodeIgniter\CodeIgniter->run()
ERROR - 2023-07-24 13:37:17 --> Error connecting to the database: mysqli_sql_exception: Connection refused in /var/www/html/system/Database/MySQLi/Connection.php:171
Stack trace:
#0 /var/www/html/system/Database/MySQLi/Connection.php(171): mysqli->real_connect('127.0.0.1', 'root', 'admin', 'taskapp', 3306, '', 0)
#1 /var/www/html/system/Database/BaseConnection.php(382): CodeIgniter\Database\MySQLi\Connection->connect(false)
#2 /var/www/html/system/Database/BaseConnection.php(561): CodeIgniter\Database\BaseConnection->initialize()
#3 /var/www/html/system/Database/BaseBuilder.php(1585): CodeIgniter\Database\BaseConnection->query('SELECT *\nFROM `...', Array, false)
#4 /var/www/html/system/Model.php(182): CodeIgniter\Database\BaseBuilder->get()
#5 /var/www/html/system/BaseModel.php(524): CodeIgniter\Model->doFind(true, '8')
#6 /var/www/html/app/Libraries/Authentication.php(48): CodeIgniter\BaseModel->find('8')
#7 /var/www/html/app/Helpers/auth_helper.php(9): App\libraries\Authentication->getCurrentUser()
#8 /var/www/html/app/Views/layouts/default.php(11): current_user()
#9 /var/www/html/system/View/View.php(213): include('/var/www/html/a...')
#10 /var/www/html/system/View/View.php(216): CodeIgniter\View\View->CodeIgniter\View\{closure}()
#11 /var/www/html/system/View/View.php(229): CodeIgniter\View\View->render('layouts/default', Array, true)
#12 /var/www/html/system/Common.php(1134): CodeIgniter\View\View->render('Home/index', Array, true)
#13 /var/www/html/app/Controllers/Home.php(9): view('Home/index')
#14 /var/www/html/system/CodeIgniter.php(927): App\Controllers\Home->index()
#15 /var/www/html/system/CodeIgniter.php(482): CodeIgniter\CodeIgniter->runController(Object(App\Controllers\Home))
#16 /var/www/html/system/CodeIgniter.php(351): CodeIgniter\CodeIgniter->handleRequest(NULL, Object(Config\Cache), false)
#17 /var/www/html/public/index.php(67): CodeIgniter\CodeIgniter->run()
#18 {main}

Next CodeIgniter\Database\Exceptions\DatabaseException: Connection refused in /var/www/html/system/Database/MySQLi/Connection.php:215
Stack trace:
#0 /var/www/html/system/Database/BaseConnection.php(382): CodeIgniter\Database\MySQLi\Connection->connect(false)
#1 /var/www/html/system/Database/BaseConnection.php(561): CodeIgniter\Database\BaseConnection->initialize()
#2 /var/www/html/system/Database/BaseBuilder.php(1585): CodeIgniter\Database\BaseConnection->query('SELECT *\nFROM `...', Array, false)
#3 /var/www/html/system/Model.php(182): CodeIgniter\Database\BaseBuilder->get()
#4 /var/www/html/system/BaseModel.php(524): CodeIgniter\Model->doFind(true, '8')
#5 /var/www/html/app/Libraries/Authentication.php(48): CodeIgniter\BaseModel->find('8')
#6 /var/www/html/app/Helpers/auth_helper.php(9): App\libraries\Authentication->getCurrentUser()
#7 /var/www/html/app/Views/layouts/default.php(11): current_user()
#8 /var/www/html/system/View/View.php(213): include('/var/www/html/a...')
#9 /var/www/html/system/View/View.php(216): CodeIgniter\View\View->CodeIgniter\View\{closure}()
#10 /var/www/html/system/View/View.php(229): CodeIgniter\View\View->render('layouts/default', Array, true)
#11 /var/www/html/system/Common.php(1134): CodeIgniter\View\View->render('Home/index', Array, true)
#12 /var/www/html/app/Controllers/Home.php(9): view('Home/index')
#13 /var/www/html/system/CodeIgniter.php(927): App\Controllers\Home->index()
#14 /var/www/html/system/CodeIgniter.php(482): CodeIgniter\CodeIgniter->runController(Object(App\Controllers\Home))
#15 /var/www/html/system/CodeIgniter.php(351): CodeIgniter\CodeIgniter->handleRequest(NULL, Object(Config\Cache), false)
#16 /var/www/html/public/index.php(67): CodeIgniter\CodeIgniter->run()
#17 {main}
CRITICAL - 2023-07-24 13:37:17 --> Unable to connect to the database.
Main connection [MySQLi]: Connection refused
in SYSTEMPATH/Database/BaseConnection.php on line 418.
 1 SYSTEMPATH/Database/BaseConnection.php(561): CodeIgniter\Database\BaseConnection->initialize()
 2 SYSTEMPATH/Database/BaseBuilder.php(1585): CodeIgniter\Database\BaseConnection->query('SELECT *
FROM `user`
WHERE `user`.`id` = :user.id:', [...], false)
 3 SYSTEMPATH/Model.php(182): CodeIgniter\Database\BaseBuilder->get()
 4 SYSTEMPATH/BaseModel.php(524): CodeIgniter\Model->doFind(true, '8')
 5 APPPATH/Libraries/Authentication.php(48): CodeIgniter\BaseModel->find('8')
 6 APPPATH/Helpers/auth_helper.php(9): App\libraries\Authentication->getCurrentUser()
 7 APPPATH/Views/layouts/default.php(11): current_user()
 8 SYSTEMPATH/View/View.php(213): include('APPPATH/Views/layouts/default.php')
 9 SYSTEMPATH/View/View.php(216): CodeIgniter\View\View->CodeIgniter\View\{closure}()
10 SYSTEMPATH/View/View.php(229): CodeIgniter\View\View->render('layouts/default', [], true)
11 SYSTEMPATH/Common.php(1134): CodeIgniter\View\View->render('Home/index', [], true)
12 APPPATH/Controllers/Home.php(9): view('Home/index')
13 SYSTEMPATH/CodeIgniter.php(927): App\Controllers\Home->index()
14 SYSTEMPATH/CodeIgniter.php(482): CodeIgniter\CodeIgniter->runController(Object(App\Controllers\Home))
15 SYSTEMPATH/CodeIgniter.php(351): CodeIgniter\CodeIgniter->handleRequest(null, Object(Config\Cache), false)
16 FCPATH/index.php(67): CodeIgniter\CodeIgniter->run()
ERROR - 2023-07-24 13:37:21 --> Error connecting to the database: mysqli_sql_exception: Connection refused in /var/www/html/system/Database/MySQLi/Connection.php:171
Stack trace:
#0 /var/www/html/system/Database/MySQLi/Connection.php(171): mysqli->real_connect('127.0.0.1', 'root', 'admin', 'taskapp', 3306, '', 0)
#1 /var/www/html/system/Database/BaseConnection.php(382): CodeIgniter\Database\MySQLi\Connection->connect(false)
#2 /var/www/html/system/Database/BaseConnection.php(561): CodeIgniter\Database\BaseConnection->initialize()
#3 /var/www/html/system/Database/BaseBuilder.php(1585): CodeIgniter\Database\BaseConnection->query('SELECT *\nFROM `...', Array, false)
#4 /var/www/html/system/Model.php(182): CodeIgniter\Database\BaseBuilder->get()
#5 /var/www/html/system/BaseModel.php(524): CodeIgniter\Model->doFind(true, '8')
#6 /var/www/html/app/Libraries/Authentication.php(48): CodeIgniter\BaseModel->find('8')
#7 /var/www/html/app/Helpers/auth_helper.php(9): App\libraries\Authentication->getCurrentUser()
#8 /var/www/html/app/Views/layouts/default.php(11): current_user()
#9 /var/www/html/system/View/View.php(213): include('/var/www/html/a...')
#10 /var/www/html/system/View/View.php(216): CodeIgniter\View\View->CodeIgniter\View\{closure}()
#11 /var/www/html/system/View/View.php(229): CodeIgniter\View\View->render('layouts/default', Array, true)
#12 /var/www/html/system/Common.php(1134): CodeIgniter\View\View->render('Home/index', Array, true)
#13 /var/www/html/app/Controllers/Home.php(9): view('Home/index')
#14 /var/www/html/system/CodeIgniter.php(927): App\Controllers\Home->index()
#15 /var/www/html/system/CodeIgniter.php(482): CodeIgniter\CodeIgniter->runController(Object(App\Controllers\Home))
#16 /var/www/html/system/CodeIgniter.php(351): CodeIgniter\CodeIgniter->handleRequest(NULL, Object(Config\Cache), false)
#17 /var/www/html/public/index.php(67): CodeIgniter\CodeIgniter->run()
#18 {main}

Next CodeIgniter\Database\Exceptions\DatabaseException: Connection refused in /var/www/html/system/Database/MySQLi/Connection.php:215
Stack trace:
#0 /var/www/html/system/Database/BaseConnection.php(382): CodeIgniter\Database\MySQLi\Connection->connect(false)
#1 /var/www/html/system/Database/BaseConnection.php(561): CodeIgniter\Database\BaseConnection->initialize()
#2 /var/www/html/system/Database/BaseBuilder.php(1585): CodeIgniter\Database\BaseConnection->query('SELECT *\nFROM `...', Array, false)
#3 /var/www/html/system/Model.php(182): CodeIgniter\Database\BaseBuilder->get()
#4 /var/www/html/system/BaseModel.php(524): CodeIgniter\Model->doFind(true, '8')
#5 /var/www/html/app/Libraries/Authentication.php(48): CodeIgniter\BaseModel->find('8')
#6 /var/www/html/app/Helpers/auth_helper.php(9): App\libraries\Authentication->getCurrentUser()
#7 /var/www/html/app/Views/layouts/default.php(11): current_user()
#8 /var/www/html/system/View/View.php(213): include('/var/www/html/a...')
#9 /var/www/html/system/View/View.php(216): CodeIgniter\View\View->CodeIgniter\View\{closure}()
#10 /var/www/html/system/View/View.php(229): CodeIgniter\View\View->render('layouts/default', Array, true)
#11 /var/www/html/system/Common.php(1134): CodeIgniter\View\View->render('Home/index', Array, true)
#12 /var/www/html/app/Controllers/Home.php(9): view('Home/index')
#13 /var/www/html/system/CodeIgniter.php(927): App\Controllers\Home->index()
#14 /var/www/html/system/CodeIgniter.php(482): CodeIgniter\CodeIgniter->runController(Object(App\Controllers\Home))
#15 /var/www/html/system/CodeIgniter.php(351): CodeIgniter\CodeIgniter->handleRequest(NULL, Object(Config\Cache), false)
#16 /var/www/html/public/index.php(67): CodeIgniter\CodeIgniter->run()
#17 {main}
CRITICAL - 2023-07-24 13:37:21 --> Unable to connect to the database.
Main connection [MySQLi]: Connection refused
in SYSTEMPATH/Database/BaseConnection.php on line 418.
 1 SYSTEMPATH/Database/BaseConnection.php(561): CodeIgniter\Database\BaseConnection->initialize()
 2 SYSTEMPATH/Database/BaseBuilder.php(1585): CodeIgniter\Database\BaseConnection->query('SELECT *
FROM `user`
WHERE `user`.`id` = :user.id:', [...], false)
 3 SYSTEMPATH/Model.php(182): CodeIgniter\Database\BaseBuilder->get()
 4 SYSTEMPATH/BaseModel.php(524): CodeIgniter\Model->doFind(true, '8')
 5 APPPATH/Libraries/Authentication.php(48): CodeIgniter\BaseModel->find('8')
 6 APPPATH/Helpers/auth_helper.php(9): App\libraries\Authentication->getCurrentUser()
 7 APPPATH/Views/layouts/default.php(11): current_user()
 8 SYSTEMPATH/View/View.php(213): include('APPPATH/Views/layouts/default.php')
 9 SYSTEMPATH/View/View.php(216): CodeIgniter\View\View->CodeIgniter\View\{closure}()
10 SYSTEMPATH/View/View.php(229): CodeIgniter\View\View->render('layouts/default', [], true)
11 SYSTEMPATH/Common.php(1134): CodeIgniter\View\View->render('Home/index', [], true)
12 APPPATH/Controllers/Home.php(9): view('Home/index')
13 SYSTEMPATH/CodeIgniter.php(927): App\Controllers\Home->index()
14 SYSTEMPATH/CodeIgniter.php(482): CodeIgniter\CodeIgniter->runController(Object(App\Controllers\Home))
15 SYSTEMPATH/CodeIgniter.php(351): CodeIgniter\CodeIgniter->handleRequest(null, Object(Config\Cache), false)
16 FCPATH/index.php(67): CodeIgniter\CodeIgniter->run()
