ERROR - 2023-07-19 05:19:23 --> mysqli_sql_exception: Unknown column 'password' in 'field list' in /var/www/html/system/Database/MySQLi/Connection.php:292
Stack trace:
#0 /var/www/html/system/Database/MySQLi/Connection.php(292): mysqli->query('INSERT INTO `us...', 0)
#1 /var/www/html/system/Database/BaseConnection.php(666): CodeIgniter\Database\MySQLi\Connection->execute('INSERT INTO `us...')
#2 /var/www/html/system/Database/BaseConnection.php(593): CodeIgniter\Database\BaseConnection->simpleQuery('INSERT INTO `us...')
#3 /var/www/html/system/Database/BaseBuilder.php(1916): CodeIgniter\Database\BaseConnection->query('INSERT INTO `us...', Array, false)
#4 /var/www/html/system/Model.php(279): CodeIgniter\Database\BaseBuilder->insert()
#5 /var/www/html/system/BaseModel.php(749): CodeIgniter\Model->doInsert(Array)
#6 /var/www/html/system/Model.php(667): CodeIgniter\BaseModel->insert(Array, true)
#7 /var/www/html/app/Controllers/Signup.php(18): CodeIgniter\Model->insert(Object(App\Entities\User))
#8 /var/www/html/system/CodeIgniter.php(927): App\Controllers\Signup->create()
#9 /var/www/html/system/CodeIgniter.php(482): CodeIgniter\CodeIgniter->runController(Object(App\Controllers\Signup))
#10 /var/www/html/system/CodeIgniter.php(351): CodeIgniter\CodeIgniter->handleRequest(NULL, Object(Config\Cache), false)
#11 /var/www/html/public/index.php(67): CodeIgniter\CodeIgniter->run()
#12 {main}
CRITICAL - 2023-07-19 05:19:23 --> Unknown column 'password' in 'field list'
in SYSTEMPATH/Database/MySQLi/Connection.php on line 292.
 1 SYSTEMPATH/Database/MySQLi/Connection.php(292): mysqli->query('INSERT INTO `user` (`name`, `email`, `password`, `created_at`, `updated_at`) VALUES (\'\', \'\', \'\', \'2023-07-19 05:19:23\', \'2023-07-19 05:19:23\')', 0)
 2 SYSTEMPATH/Database/BaseConnection.php(666): CodeIgniter\Database\MySQLi\Connection->execute('INSERT INTO `user` (`name`, `email`, `password`, `created_at`, `updated_at`) VALUES (\'\', \'\', \'\', \'2023-07-19 05:19:23\', \'2023-07-19 05:19:23\')')
 3 SYSTEMPATH/Database/BaseConnection.php(593): CodeIgniter\Database\BaseConnection->simpleQuery('INSERT INTO `user` (`name`, `email`, `password`, `created_at`, `updated_at`) VALUES (\'\', \'\', \'\', \'2023-07-19 05:19:23\', \'2023-07-19 05:19:23\')')
 4 SYSTEMPATH/Database/BaseBuilder.php(1916): CodeIgniter\Database\BaseConnection->query('INSERT INTO `user` (`name`, `email`, `password`, `created_at`, `updated_at`) VALUES (:name:, :email:, :password:, :created_at:, :updated_at:)', [...], false)
 5 SYSTEMPATH/Model.php(279): CodeIgniter\Database\BaseBuilder->insert()
 6 SYSTEMPATH/BaseModel.php(749): CodeIgniter\Model->doInsert([...])
 7 SYSTEMPATH/Model.php(667): CodeIgniter\BaseModel->insert([...], true)
 8 APPPATH/Controllers/Signup.php(18): CodeIgniter\Model->insert(Object(App\Entities\User))
 9 SYSTEMPATH/CodeIgniter.php(927): App\Controllers\Signup->create()
10 SYSTEMPATH/CodeIgniter.php(482): CodeIgniter\CodeIgniter->runController(Object(App\Controllers\Signup))
11 SYSTEMPATH/CodeIgniter.php(351): CodeIgniter\CodeIgniter->handleRequest(null, Object(Config\Cache), false)
12 FCPATH/index.php(67): CodeIgniter\CodeIgniter->run()
CRITICAL - 2023-07-19 05:26:49 --> Call to undefined function App\Models\isser()
in APPPATH/Models/UserModel.php on line 19.
 1 SYSTEMPATH/BaseModel.php(1480): App\Models\UserModel->hashPassword([...])
 2 SYSTEMPATH/BaseModel.php(746): CodeIgniter\BaseModel->trigger('beforeInsert', [...])
 3 SYSTEMPATH/Model.php(667): CodeIgniter\BaseModel->insert([...], true)
 4 APPPATH/Controllers/Signup.php(18): CodeIgniter\Model->insert(Object(App\Entities\User))
 5 SYSTEMPATH/CodeIgniter.php(927): App\Controllers\Signup->create()
 6 SYSTEMPATH/CodeIgniter.php(482): CodeIgniter\CodeIgniter->runController(Object(App\Controllers\Signup))
 7 SYSTEMPATH/CodeIgniter.php(351): CodeIgniter\CodeIgniter->handleRequest(null, Object(Config\Cache), false)
 8 FCPATH/index.php(67): CodeIgniter\CodeIgniter->run()
CRITICAL - 2023-07-19 05:27:27 --> Undefined constant "App\Models\PASSWORD_DEFUALT"
in APPPATH/Models/UserModel.php on line 21.
 1 SYSTEMPATH/BaseModel.php(1480): App\Models\UserModel->hashPassword([...])
 2 SYSTEMPATH/BaseModel.php(746): CodeIgniter\BaseModel->trigger('beforeInsert', [...])
 3 SYSTEMPATH/Model.php(667): CodeIgniter\BaseModel->insert([...], true)
 4 APPPATH/Controllers/Signup.php(18): CodeIgniter\Model->insert(Object(App\Entities\User))
 5 SYSTEMPATH/CodeIgniter.php(927): App\Controllers\Signup->create()
 6 SYSTEMPATH/CodeIgniter.php(482): CodeIgniter\CodeIgniter->runController(Object(App\Controllers\Signup))
 7 SYSTEMPATH/CodeIgniter.php(351): CodeIgniter\CodeIgniter->handleRequest(null, Object(Config\Cache), false)
 8 FCPATH/index.php(67): CodeIgniter\CodeIgniter->run()
CRITICAL - 2023-07-19 11:06:08 --> Call to undefined method CodeIgniter\View\View::secgion()
in APPPATH/Views/Signup/success.php on line 5.
 1 SYSTEMPATH/View/View.php(213): include()
 2 SYSTEMPATH/View/View.php(216): CodeIgniter\View\View->CodeIgniter\View\{closure}()
 3 SYSTEMPATH/Common.php(1134): CodeIgniter\View\View->render('Signup/success', [], true)
 4 APPPATH/Controllers/Signup.php(33): view('Signup/success')
 5 SYSTEMPATH/CodeIgniter.php(927): App\Controllers\Signup->success()
 6 SYSTEMPATH/CodeIgniter.php(482): CodeIgniter\CodeIgniter->runController(Object(App\Controllers\Signup))
 7 SYSTEMPATH/CodeIgniter.php(351): CodeIgniter\CodeIgniter->handleRequest(null, Object(Config\Cache), false)
 8 FCPATH/index.php(67): CodeIgniter\CodeIgniter->run()
CRITICAL - 2023-07-19 11:06:30 --> Invalid file: layout/defualt.php
in SYSTEMPATH/Exceptions/FrameworkException.php on line 33.
 1 SYSTEMPATH/View/View.php(201): CodeIgniter\Exceptions\FrameworkException::forInvalidFile('layout/defualt.php')
 2 SYSTEMPATH/View/View.php(229): CodeIgniter\View\View->render('layout/defualt', [], true)
 3 SYSTEMPATH/Common.php(1134): CodeIgniter\View\View->render('Signup/success', [], true)
 4 APPPATH/Controllers/Signup.php(33): view('Signup/success')
 5 SYSTEMPATH/CodeIgniter.php(927): App\Controllers\Signup->success()
 6 SYSTEMPATH/CodeIgniter.php(482): CodeIgniter\CodeIgniter->runController(Object(App\Controllers\Signup))
 7 SYSTEMPATH/CodeIgniter.php(351): CodeIgniter\CodeIgniter->handleRequest(null, Object(Config\Cache), false)
 8 FCPATH/index.php(67): CodeIgniter\CodeIgniter->run()
CRITICAL - 2023-07-19 11:11:20 --> Invalid file: layouts/defualt.php
in SYSTEMPATH/Exceptions/FrameworkException.php on line 33.
 1 SYSTEMPATH/View/View.php(201): CodeIgniter\Exceptions\FrameworkException::forInvalidFile('layouts/defualt.php')
 2 SYSTEMPATH/View/View.php(229): CodeIgniter\View\View->render('layouts/defualt', [], true)
 3 SYSTEMPATH/Common.php(1134): CodeIgniter\View\View->render('Signup/success', [], true)
 4 APPPATH/Controllers/Signup.php(33): view('Signup/success')
 5 SYSTEMPATH/CodeIgniter.php(927): App\Controllers\Signup->success()
 6 SYSTEMPATH/CodeIgniter.php(482): CodeIgniter\CodeIgniter->runController(Object(App\Controllers\Signup))
 7 SYSTEMPATH/CodeIgniter.php(351): CodeIgniter\CodeIgniter->handleRequest(null, Object(Config\Cache), false)
 8 FCPATH/index.php(67): CodeIgniter\CodeIgniter->run()
