CRITICAL - 2023-09-14 08:18:54 --> There is no data to update.
in SYSTEMPATH/BaseModel.php on line 867.
 1 SYSTEMPATH/BaseModel.php(867): CodeIgniter\Database\Exceptions\DataException::forEmptyDataset('update')
 2 SYSTEMPATH/Model.php(693): CodeIgniter\BaseModel->update([...], [])
 3 SYSTEMPATH/BaseModel.php(657): CodeIgniter\Model->update('1', Object(App\Entities\Event))
 4 APPPATH/Controllers/Events.php(175): CodeIgniter\BaseModel->save(Object(App\Entities\Event))
 5 SYSTEMPATH/CodeIgniter.php(927): App\Controllers\Events->approveEvent('1')
 6 SYSTEMPATH/CodeIgniter.php(482): CodeIgniter\CodeIgniter->runController(Object(App\Controllers\Events))
 7 SYSTEMPATH/CodeIgniter.php(351): CodeIgniter\CodeIgniter->handleRequest(null, Object(Config\Cache), false)
 8 FCPATH/index.php(67): CodeIgniter\CodeIgniter->run()
CRITICAL - 2023-09-14 08:19:39 --> There is no data to update.
in SYSTEMPATH/BaseModel.php on line 867.
 1 SYSTEMPATH/BaseModel.php(867): CodeIgniter\Database\Exceptions\DataException::forEmptyDataset('update')
 2 SYSTEMPATH/Model.php(693): CodeIgniter\BaseModel->update([...], [])
 3 SYSTEMPATH/BaseModel.php(657): CodeIgniter\Model->update('1', Object(App\Entities\Event))
 4 APPPATH/Controllers/Events.php(175): CodeIgniter\BaseModel->save(Object(App\Entities\Event))
 5 SYSTEMPATH/CodeIgniter.php(927): App\Controllers\Events->approveEvent('1')
 6 SYSTEMPATH/CodeIgniter.php(482): CodeIgniter\CodeIgniter->runController(Object(App\Controllers\Events))
 7 SYSTEMPATH/CodeIgniter.php(351): CodeIgniter\CodeIgniter->handleRequest(null, Object(Config\Cache), false)
 8 FCPATH/index.php(67): CodeIgniter\CodeIgniter->run()
CRITICAL - 2023-09-14 08:57:05 --> Call to undefined method App\Entities\User::isAdmin()
in APPPATH/Controllers/Events.php on line 167.
 1 SYSTEMPATH/CodeIgniter.php(927): App\Controllers\Events->approveEvent('1')
 2 SYSTEMPATH/CodeIgniter.php(482): CodeIgniter\CodeIgniter->runController(Object(App\Controllers\Events))
 3 SYSTEMPATH/CodeIgniter.php(351): CodeIgniter\CodeIgniter->handleRequest(null, Object(Config\Cache), false)
 4 FCPATH/index.php(67): CodeIgniter\CodeIgniter->run()
CRITICAL - 2023-09-14 09:11:12 --> There is no data to update.
in SYSTEMPATH/BaseModel.php on line 867.
 1 SYSTEMPATH/BaseModel.php(867): CodeIgniter\Database\Exceptions\DataException::forEmptyDataset('update')
 2 SYSTEMPATH/Model.php(693): CodeIgniter\BaseModel->update([...], [])
 3 SYSTEMPATH/BaseModel.php(657): CodeIgniter\Model->update('1', Object(App\Entities\Event))
 4 APPPATH/Controllers/Events.php(197): CodeIgniter\BaseModel->save(Object(App\Entities\Event))
 5 SYSTEMPATH/CodeIgniter.php(927): App\Controllers\Events->unapproveEvent('1')
 6 SYSTEMPATH/CodeIgniter.php(482): CodeIgniter\CodeIgniter->runController(Object(App\Controllers\Events))
 7 SYSTEMPATH/CodeIgniter.php(351): CodeIgniter\CodeIgniter->handleRequest(null, Object(Config\Cache), false)
 8 FCPATH/index.php(67): CodeIgniter\CodeIgniter->run()
CRITICAL - 2023-09-14 09:29:50 --> There is no data to update.
in SYSTEMPATH/BaseModel.php on line 867.
 1 SYSTEMPATH/BaseModel.php(867): CodeIgniter\Database\Exceptions\DataException::forEmptyDataset('update')
 2 SYSTEMPATH/Model.php(693): CodeIgniter\BaseModel->update([...], [])
 3 SYSTEMPATH/BaseModel.php(657): CodeIgniter\Model->update('1', Object(App\Entities\Event))
 4 APPPATH/Controllers/Events.php(197): CodeIgniter\BaseModel->save(Object(App\Entities\Event))
 5 SYSTEMPATH/CodeIgniter.php(927): App\Controllers\Events->unapproveEvent('1')
 6 SYSTEMPATH/CodeIgniter.php(482): CodeIgniter\CodeIgniter->runController(Object(App\Controllers\Events))
 7 SYSTEMPATH/CodeIgniter.php(351): CodeIgniter\CodeIgniter->handleRequest(null, Object(Config\Cache), false)
 8 FCPATH/index.php(67): CodeIgniter\CodeIgniter->run()
CRITICAL - 2023-09-14 09:31:30 --> There is no data to update.
in SYSTEMPATH/BaseModel.php on line 867.
 1 SYSTEMPATH/BaseModel.php(867): CodeIgniter\Database\Exceptions\DataException::forEmptyDataset('update')
 2 SYSTEMPATH/Model.php(693): CodeIgniter\BaseModel->update([...], [])
 3 SYSTEMPATH/BaseModel.php(657): CodeIgniter\Model->update('1', Object(App\Entities\Event))
 4 APPPATH/Controllers/Events.php(197): CodeIgniter\BaseModel->save(Object(App\Entities\Event))
 5 SYSTEMPATH/CodeIgniter.php(927): App\Controllers\Events->unapproveEvent('1')
 6 SYSTEMPATH/CodeIgniter.php(482): CodeIgniter\CodeIgniter->runController(Object(App\Controllers\Events))
 7 SYSTEMPATH/CodeIgniter.php(351): CodeIgniter\CodeIgniter->handleRequest(null, Object(Config\Cache), false)
 8 FCPATH/index.php(67): CodeIgniter\CodeIgniter->run()
CRITICAL - 2023-09-14 09:31:34 --> There is no data to update.
in SYSTEMPATH/BaseModel.php on line 867.
 1 SYSTEMPATH/BaseModel.php(867): CodeIgniter\Database\Exceptions\DataException::forEmptyDataset('update')
 2 SYSTEMPATH/Model.php(693): CodeIgniter\BaseModel->update([...], [])
 3 SYSTEMPATH/BaseModel.php(657): CodeIgniter\Model->update('1', Object(App\Entities\Event))
 4 APPPATH/Controllers/Events.php(197): CodeIgniter\BaseModel->save(Object(App\Entities\Event))
 5 SYSTEMPATH/CodeIgniter.php(927): App\Controllers\Events->unapproveEvent('1')
 6 SYSTEMPATH/CodeIgniter.php(482): CodeIgniter\CodeIgniter->runController(Object(App\Controllers\Events))
 7 SYSTEMPATH/CodeIgniter.php(351): CodeIgniter\CodeIgniter->handleRequest(null, Object(Config\Cache), false)
 8 FCPATH/index.php(67): CodeIgniter\CodeIgniter->run()
CRITICAL - 2023-09-14 09:34:11 --> There is no data to update.
in SYSTEMPATH/BaseModel.php on line 867.
 1 SYSTEMPATH/BaseModel.php(867): CodeIgniter\Database\Exceptions\DataException::forEmptyDataset('update')
 2 SYSTEMPATH/Model.php(693): CodeIgniter\BaseModel->update([...], [])
 3 SYSTEMPATH/BaseModel.php(657): CodeIgniter\Model->update('1', Object(App\Entities\Event))
 4 APPPATH/Controllers/Events.php(197): CodeIgniter\BaseModel->save(Object(App\Entities\Event))
 5 SYSTEMPATH/CodeIgniter.php(927): App\Controllers\Events->unapproveEvent('1')
 6 SYSTEMPATH/CodeIgniter.php(482): CodeIgniter\CodeIgniter->runController(Object(App\Controllers\Events))
 7 SYSTEMPATH/CodeIgniter.php(351): CodeIgniter\CodeIgniter->handleRequest(null, Object(Config\Cache), false)
 8 FCPATH/index.php(67): CodeIgniter\CodeIgniter->run()
CRITICAL - 2023-09-14 09:38:09 --> There is no data to update.
in SYSTEMPATH/BaseModel.php on line 867.
 1 SYSTEMPATH/BaseModel.php(867): CodeIgniter\Database\Exceptions\DataException::forEmptyDataset('update')
 2 SYSTEMPATH/Model.php(693): CodeIgniter\BaseModel->update([...], [])
 3 SYSTEMPATH/BaseModel.php(657): CodeIgniter\Model->update('1', Object(App\Entities\Event))
 4 APPPATH/Controllers/Events.php(197): CodeIgniter\BaseModel->save(Object(App\Entities\Event))
 5 SYSTEMPATH/CodeIgniter.php(927): App\Controllers\Events->unapproveEvent('1')
 6 SYSTEMPATH/CodeIgniter.php(482): CodeIgniter\CodeIgniter->runController(Object(App\Controllers\Events))
 7 SYSTEMPATH/CodeIgniter.php(351): CodeIgniter\CodeIgniter->handleRequest(null, Object(Config\Cache), false)
 8 FCPATH/index.php(67): CodeIgniter\CodeIgniter->run()
CRITICAL - 2023-09-14 09:48:19 --> There is no data to update.
in SYSTEMPATH/BaseModel.php on line 867.
 1 SYSTEMPATH/BaseModel.php(867): CodeIgniter\Database\Exceptions\DataException::forEmptyDataset('update')
 2 SYSTEMPATH/Model.php(693): CodeIgniter\BaseModel->update([...], [])
 3 SYSTEMPATH/BaseModel.php(657): CodeIgniter\Model->update('1', Object(App\Entities\Event))
 4 APPPATH/Controllers/Events.php(176): CodeIgniter\BaseModel->save(Object(App\Entities\Event))
 5 SYSTEMPATH/CodeIgniter.php(927): App\Controllers\Events->approveEvent('1')
 6 SYSTEMPATH/CodeIgniter.php(482): CodeIgniter\CodeIgniter->runController(Object(App\Controllers\Events))
 7 SYSTEMPATH/CodeIgniter.php(351): CodeIgniter\CodeIgniter->handleRequest(null, Object(Config\Cache), false)
 8 FCPATH/index.php(67): CodeIgniter\CodeIgniter->run()
CRITICAL - 2023-09-14 09:49:00 --> There is no data to update.
in SYSTEMPATH/BaseModel.php on line 867.
 1 SYSTEMPATH/BaseModel.php(867): CodeIgniter\Database\Exceptions\DataException::forEmptyDataset('update')
 2 SYSTEMPATH/Model.php(693): CodeIgniter\BaseModel->update([...], [])
 3 SYSTEMPATH/BaseModel.php(657): CodeIgniter\Model->update('1', Object(App\Entities\Event))
 4 APPPATH/Controllers/Events.php(176): CodeIgniter\BaseModel->save(Object(App\Entities\Event))
 5 SYSTEMPATH/CodeIgniter.php(927): App\Controllers\Events->approveEvent('1')
 6 SYSTEMPATH/CodeIgniter.php(482): CodeIgniter\CodeIgniter->runController(Object(App\Controllers\Events))
 7 SYSTEMPATH/CodeIgniter.php(351): CodeIgniter\CodeIgniter->handleRequest(null, Object(Config\Cache), false)
 8 FCPATH/index.php(67): CodeIgniter\CodeIgniter->run()
CRITICAL - 2023-09-14 09:50:02 --> There is no data to update.
in SYSTEMPATH/BaseModel.php on line 867.
 1 SYSTEMPATH/BaseModel.php(867): CodeIgniter\Database\Exceptions\DataException::forEmptyDataset('update')
 2 SYSTEMPATH/Model.php(693): CodeIgniter\BaseModel->update([...], [])
 3 SYSTEMPATH/BaseModel.php(657): CodeIgniter\Model->update('1', Object(App\Entities\Event))
 4 APPPATH/Controllers/Events.php(176): CodeIgniter\BaseModel->save(Object(App\Entities\Event))
 5 SYSTEMPATH/CodeIgniter.php(927): App\Controllers\Events->approveEvent('1')
 6 SYSTEMPATH/CodeIgniter.php(482): CodeIgniter\CodeIgniter->runController(Object(App\Controllers\Events))
 7 SYSTEMPATH/CodeIgniter.php(351): CodeIgniter\CodeIgniter->handleRequest(null, Object(Config\Cache), false)
 8 FCPATH/index.php(67): CodeIgniter\CodeIgniter->run()
CRITICAL - 2023-09-14 09:52:46 --> There is no data to update.
in SYSTEMPATH/BaseModel.php on line 867.
 1 SYSTEMPATH/BaseModel.php(867): CodeIgniter\Database\Exceptions\DataException::forEmptyDataset('update')
 2 SYSTEMPATH/Model.php(693): CodeIgniter\BaseModel->update([...], [])
 3 SYSTEMPATH/BaseModel.php(657): CodeIgniter\Model->update('1', Object(App\Entities\Event))
 4 APPPATH/Controllers/Events.php(176): CodeIgniter\BaseModel->save(Object(App\Entities\Event))
 5 SYSTEMPATH/CodeIgniter.php(927): App\Controllers\Events->approveEvent('1')
 6 SYSTEMPATH/CodeIgniter.php(482): CodeIgniter\CodeIgniter->runController(Object(App\Controllers\Events))
 7 SYSTEMPATH/CodeIgniter.php(351): CodeIgniter\CodeIgniter->handleRequest(null, Object(Config\Cache), false)
 8 FCPATH/index.php(67): CodeIgniter\CodeIgniter->run()
CRITICAL - 2023-09-14 09:53:46 --> Class "App\Controllers\PageNotFoundException" not found
in APPPATH/Controllers/Events.php on line 145.
 1 APPPATH/Controllers/Events.php(171): App\Controllers\Events->getEventOr404('1')
 2 SYSTEMPATH/CodeIgniter.php(927): App\Controllers\Events->approveEvent('1')
 3 SYSTEMPATH/CodeIgniter.php(482): CodeIgniter\CodeIgniter->runController(Object(App\Controllers\Events))
 4 SYSTEMPATH/CodeIgniter.php(351): CodeIgniter\CodeIgniter->handleRequest(null, Object(Config\Cache), false)
 5 FCPATH/index.php(67): CodeIgniter\CodeIgniter->run()
CRITICAL - 2023-09-14 09:54:07 --> Class "App\Controllers\PageNotFoundException" not found
in APPPATH/Controllers/Events.php on line 145.
 1 APPPATH/Controllers/Events.php(70): App\Controllers\Events->getEventOr404('1')
 2 SYSTEMPATH/CodeIgniter.php(927): App\Controllers\Events->edit('1')
 3 SYSTEMPATH/CodeIgniter.php(482): CodeIgniter\CodeIgniter->runController(Object(App\Controllers\Events))
 4 SYSTEMPATH/CodeIgniter.php(351): CodeIgniter\CodeIgniter->handleRequest(null, Object(Config\Cache), false)
 5 FCPATH/index.php(67): CodeIgniter\CodeIgniter->run()
CRITICAL - 2023-09-14 09:54:43 --> Class "App\Controllers\PageNotFoundException" not found
in APPPATH/Controllers/Events.php on line 145.
 1 APPPATH/Controllers/Events.php(70): App\Controllers\Events->getEventOr404('1')
 2 SYSTEMPATH/CodeIgniter.php(927): App\Controllers\Events->edit('1')
 3 SYSTEMPATH/CodeIgniter.php(482): CodeIgniter\CodeIgniter->runController(Object(App\Controllers\Events))
 4 SYSTEMPATH/CodeIgniter.php(351): CodeIgniter\CodeIgniter->handleRequest(null, Object(Config\Cache), false)
 5 FCPATH/index.php(67): CodeIgniter\CodeIgniter->run()
CRITICAL - 2023-09-14 09:57:13 --> Class "App\Controllers\PageNotFoundException" not found
in APPPATH/Controllers/Events.php on line 201.
 1 APPPATH/Controllers/Events.php(70): App\Controllers\Events->getEventOr404('1')
 2 SYSTEMPATH/CodeIgniter.php(927): App\Controllers\Events->edit('1')
 3 SYSTEMPATH/CodeIgniter.php(482): CodeIgniter\CodeIgniter->runController(Object(App\Controllers\Events))
 4 SYSTEMPATH/CodeIgniter.php(351): CodeIgniter\CodeIgniter->handleRequest(null, Object(Config\Cache), false)
 5 FCPATH/index.php(67): CodeIgniter\CodeIgniter->run()
CRITICAL - 2023-09-14 10:01:52 --> There is no data to update.
in SYSTEMPATH/BaseModel.php on line 867.
 1 SYSTEMPATH/BaseModel.php(867): CodeIgniter\Database\Exceptions\DataException::forEmptyDataset('update')
 2 SYSTEMPATH/Model.php(693): CodeIgniter\BaseModel->update([...], [])
 3 SYSTEMPATH/BaseModel.php(657): CodeIgniter\Model->update('1', Object(App\Entities\Event))
 4 APPPATH/Controllers/Events.php(166): CodeIgniter\BaseModel->save(Object(App\Entities\Event))
 5 SYSTEMPATH/CodeIgniter.php(927): App\Controllers\Events->approveEvent('1')
 6 SYSTEMPATH/CodeIgniter.php(482): CodeIgniter\CodeIgniter->runController(Object(App\Controllers\Events))
 7 SYSTEMPATH/CodeIgniter.php(351): CodeIgniter\CodeIgniter->handleRequest(null, Object(Config\Cache), false)
 8 FCPATH/index.php(67): CodeIgniter\CodeIgniter->run()
