CRITICAL - 2023-11-26 09:44:44 --> implode(): Argument #1 ($pieces) must be of type array, string given
in APPPATH/Views/Events/index.php on line 112.
 1 APPPATH/Views/Events/index.php(112): implode(',', null)
 2 SYSTEMPATH/View/View.php(213): include('APPPATH/Views/Events/index.php')
 3 SYSTEMPATH/View/View.php(216): CodeIgniter\View\View->CodeIgniter\View\{closure}()
 4 SYSTEMPATH/Common.php(1134): CodeIgniter\View\View->render('Events/index', [], true)
 5 APPPATH/Controllers/Events.php(23): view('Events/index', [...])
 6 SYSTEMPATH/CodeIgniter.php(927): App\Controllers\Events->index()
 7 SYSTEMPATH/CodeIgniter.php(482): CodeIgniter\CodeIgniter->runController(Object(App\Controllers\Events))
 8 SYSTEMPATH/CodeIgniter.php(351): CodeIgniter\CodeIgniter->handleRequest(null, Object(Config\Cache), false)
 9 FCPATH/index.php(67): CodeIgniter\CodeIgniter->run()
CRITICAL - 2023-11-26 10:04:18 --> explode(): Passing null to parameter #2 ($string) of type string is deprecated
in APPPATH/Views/Events/show.php on line 44.
 1 [internal function]: CodeIgniter\Debug\Exceptions->errorHandler(8192, 'explode(): Passing null to parameter #2 ($string) of type string is deprecated', 'APPPATH/Views/Events/show.php', 44)
 2 APPPATH/Views/Events/show.php(44): explode(',', null)
 3 SYSTEMPATH/View/View.php(213): include('APPPATH/Views/Events/show.php')
 4 SYSTEMPATH/View/View.php(216): CodeIgniter\View\View->CodeIgniter\View\{closure}()
 5 SYSTEMPATH/Common.php(1134): CodeIgniter\View\View->render('Events/show', [], true)
 6 APPPATH/Controllers/Events.php(37): view('Events/show', [...])
 7 SYSTEMPATH/CodeIgniter.php(927): App\Controllers\Events->show('1')
 8 SYSTEMPATH/CodeIgniter.php(482): CodeIgniter\CodeIgniter->runController(Object(App\Controllers\Events))
 9 SYSTEMPATH/CodeIgniter.php(351): CodeIgniter\CodeIgniter->handleRequest(null, Object(Config\Cache), false)
10 FCPATH/index.php(67): CodeIgniter\CodeIgniter->run()
CRITICAL - 2023-11-26 11:17:45 --> Class "App\Controllers\Admin\BaseController" not found
in APPPATH/Controllers/Admin/Charts.php on line 7.
 1 SYSTEMPATH/Router/AutoRouter.php(147): include_once()
 2 SYSTEMPATH/Router/Router.php(499): CodeIgniter\Router\AutoRouter->getRoute('admin/charts')
 3 SYSTEMPATH/Router/Router.php(205): CodeIgniter\Router\Router->autoRoute('admin/charts')
 4 SYSTEMPATH/CodeIgniter.php(802): CodeIgniter\Router\Router->handle('admin/charts')
 5 SYSTEMPATH/CodeIgniter.php(430): CodeIgniter\CodeIgniter->tryToRouteIt(Object(CodeIgniter\Router\RouteCollection))
 6 SYSTEMPATH/CodeIgniter.php(351): CodeIgniter\CodeIgniter->handleRequest(null, Object(Config\Cache), false)
 7 FCPATH/index.php(67): CodeIgniter\CodeIgniter->run()
CRITICAL - 2023-11-26 11:18:04 --> Class "App\Controllers\Admin\BaseController" not found
in APPPATH/Controllers/Admin/Charts.php on line 7.
 1 SYSTEMPATH/Router/AutoRouter.php(147): include_once()
 2 SYSTEMPATH/Router/Router.php(499): CodeIgniter\Router\AutoRouter->getRoute('admin/charts')
 3 SYSTEMPATH/Router/Router.php(205): CodeIgniter\Router\Router->autoRoute('admin/charts')
 4 SYSTEMPATH/CodeIgniter.php(802): CodeIgniter\Router\Router->handle('admin/charts')
 5 SYSTEMPATH/CodeIgniter.php(430): CodeIgniter\CodeIgniter->tryToRouteIt(Object(CodeIgniter\Router\RouteCollection))
 6 SYSTEMPATH/CodeIgniter.php(351): CodeIgniter\CodeIgniter->handleRequest(null, Object(Config\Cache), false)
 7 FCPATH/index.php(67): CodeIgniter\CodeIgniter->run()
CRITICAL - 2023-11-26 11:18:28 --> Class "App\Controllers\Admin\BaseController" not found
in APPPATH/Controllers/Admin/Charts.php on line 7.
 1 SYSTEMPATH/Router/AutoRouter.php(147): include_once()
 2 SYSTEMPATH/Router/Router.php(499): CodeIgniter\Router\AutoRouter->getRoute('admin/charts')
 3 SYSTEMPATH/Router/Router.php(205): CodeIgniter\Router\Router->autoRoute('admin/charts')
 4 SYSTEMPATH/CodeIgniter.php(802): CodeIgniter\Router\Router->handle('admin/charts')
 5 SYSTEMPATH/CodeIgniter.php(430): CodeIgniter\CodeIgniter->tryToRouteIt(Object(CodeIgniter\Router\RouteCollection))
 6 SYSTEMPATH/CodeIgniter.php(351): CodeIgniter\CodeIgniter->handleRequest(null, Object(Config\Cache), false)
 7 FCPATH/index.php(67): CodeIgniter\CodeIgniter->run()
CRITICAL - 2023-11-26 11:21:23 --> The namespace delimiter is a backslash (\), not a slash (/). Route handler: \App\Controllers\Admin/Charts::show
in SYSTEMPATH/Router/Router.php on line 466.
 1 SYSTEMPATH/Router/Router.php(466): CodeIgniter\Router\Exceptions\RouterException::forInvalidControllerName('\\App\\Controllers\\Admin/Charts::show')
 2 SYSTEMPATH/Router/Router.php(181): CodeIgniter\Router\Router->checkRoutes('admin/charts')
 3 SYSTEMPATH/CodeIgniter.php(802): CodeIgniter\Router\Router->handle('admin/charts')
 4 SYSTEMPATH/CodeIgniter.php(430): CodeIgniter\CodeIgniter->tryToRouteIt(Object(CodeIgniter\Router\RouteCollection))
 5 SYSTEMPATH/CodeIgniter.php(351): CodeIgniter\CodeIgniter->handleRequest(null, Object(Config\Cache), false)
 6 FCPATH/index.php(67): CodeIgniter\CodeIgniter->run()
CRITICAL - 2023-11-26 11:28:24 --> Class "App\Controllers\Admin\BaseController" not found
in APPPATH/Controllers/Admin/Charts.php on line 7.
 1 SYSTEMPATH/Autoloader/Autoloader.php(282): include_once()
 2 SYSTEMPATH/Autoloader/Autoloader.php(259): CodeIgniter\Autoloader\Autoloader->includeFile('APPPATH/Controllers/Admin/Charts.php')
 3 SYSTEMPATH/Autoloader/Autoloader.php(237): CodeIgniter\Autoloader\Autoloader->loadInNamespace('App\\Controllers\\Admin\\Charts')
 4 [internal function]: CodeIgniter\Autoloader\Autoloader->loadClass('App\\Controllers\\Admin\\Charts')
 5 SYSTEMPATH/CodeIgniter.php(877): class_exists('\\App\\Controllers\\Admin\\Charts', true)
 6 SYSTEMPATH/CodeIgniter.php(469): CodeIgniter\CodeIgniter->startController()
 7 SYSTEMPATH/CodeIgniter.php(351): CodeIgniter\CodeIgniter->handleRequest(null, Object(Config\Cache), false)
 8 FCPATH/index.php(67): CodeIgniter\CodeIgniter->run()
CRITICAL - 2023-11-26 11:29:04 --> Class "App\Controllers\Admin\Event" not found
in APPPATH/Controllers/Admin/Charts.php on line 11.
 1 SYSTEMPATH/CodeIgniter.php(927): App\Controllers\Admin\Charts->index()
 2 SYSTEMPATH/CodeIgniter.php(482): CodeIgniter\CodeIgniter->runController(Object(App\Controllers\Admin\Charts))
 3 SYSTEMPATH/CodeIgniter.php(351): CodeIgniter\CodeIgniter->handleRequest(null, Object(Config\Cache), false)
 4 FCPATH/index.php(67): CodeIgniter\CodeIgniter->run()
CRITICAL - 2023-11-26 11:30:51 --> Class "App\Controllers\Admin\Event" not found
in APPPATH/Controllers/Admin/Charts.php on line 12.
 1 SYSTEMPATH/CodeIgniter.php(927): App\Controllers\Admin\Charts->index()
 2 SYSTEMPATH/CodeIgniter.php(482): CodeIgniter\CodeIgniter->runController(Object(App\Controllers\Admin\Charts))
 3 SYSTEMPATH/CodeIgniter.php(351): CodeIgniter\CodeIgniter->handleRequest(null, Object(Config\Cache), false)
 4 FCPATH/index.php(67): CodeIgniter\CodeIgniter->run()
CRITICAL - 2023-11-26 11:34:47 --> Class "App\Controllers\Admin\Event" not found
in APPPATH/Controllers/Admin/Charts.php on line 12.
 1 SYSTEMPATH/CodeIgniter.php(927): App\Controllers\Admin\Charts->index()
 2 SYSTEMPATH/CodeIgniter.php(482): CodeIgniter\CodeIgniter->runController(Object(App\Controllers\Admin\Charts))
 3 SYSTEMPATH/CodeIgniter.php(351): CodeIgniter\CodeIgniter->handleRequest(null, Object(Config\Cache), false)
 4 FCPATH/index.php(67): CodeIgniter\CodeIgniter->run()
CRITICAL - 2023-11-26 11:35:25 --> Cannot use object of type App\Entities\Event as array
in APPPATH/Controllers/Admin/Charts.php on line 21.
 1 SYSTEMPATH/CodeIgniter.php(927): App\Controllers\Admin\Charts->index()
 2 SYSTEMPATH/CodeIgniter.php(482): CodeIgniter\CodeIgniter->runController(Object(App\Controllers\Admin\Charts))
 3 SYSTEMPATH/CodeIgniter.php(351): CodeIgniter\CodeIgniter->handleRequest(null, Object(Config\Cache), false)
 4 FCPATH/index.php(67): CodeIgniter\CodeIgniter->run()
CRITICAL - 2023-11-26 11:36:44 --> explode(): Passing null to parameter #2 ($string) of type string is deprecated
in APPPATH/Controllers/Admin/Charts.php on line 21.
 1 [internal function]: CodeIgniter\Debug\Exceptions->errorHandler(8192, 'explode(): Passing null to parameter #2 ($string) of type string is deprecated', 'APPPATH/Controllers/Admin/Charts.php', 21)
 2 APPPATH/Controllers/Admin/Charts.php(21): explode(',', null)
 3 SYSTEMPATH/CodeIgniter.php(927): App\Controllers\Admin\Charts->index()
 4 SYSTEMPATH/CodeIgniter.php(482): CodeIgniter\CodeIgniter->runController(Object(App\Controllers\Admin\Charts))
 5 SYSTEMPATH/CodeIgniter.php(351): CodeIgniter\CodeIgniter->handleRequest(null, Object(Config\Cache), false)
 6 FCPATH/index.php(67): CodeIgniter\CodeIgniter->run()
