ERROR - 2023-11-21 02:01:05 --> mysqli_sql_exception: Cannot add or update a child row: a foreign key constraint fails (`taskapp`.`event`, CONSTRAINT `event_user_id_fk` FOREIGN KEY (`user_id`) REFERENCES `user` (`id`) ON DELETE CASCADE ON UPDATE CASCADE) in /var/www/html/system/Database/MySQLi/Connection.php:292
Stack trace:
#0 /var/www/html/system/Database/MySQLi/Connection.php(292): mysqli->query('INSERT INTO `ev...', 0)
#1 /var/www/html/system/Database/BaseConnection.php(666): CodeIgniter\Database\MySQLi\Connection->execute('INSERT INTO `ev...')
#2 /var/www/html/system/Database/BaseConnection.php(593): CodeIgniter\Database\BaseConnection->simpleQuery('INSERT INTO `ev...')
#3 /var/www/html/system/Database/BaseBuilder.php(1916): CodeIgniter\Database\BaseConnection->query('INSERT INTO `ev...', Array, false)
#4 /var/www/html/system/Model.php(279): CodeIgniter\Database\BaseBuilder->insert()
#5 /var/www/html/system/BaseModel.php(749): CodeIgniter\Model->doInsert(Array)
#6 /var/www/html/system/Model.php(667): CodeIgniter\BaseModel->insert(Array, true)
#7 /var/www/html/app/Controllers/Events.php(55): CodeIgniter\Model->insert(Object(App\Entities\Event))
#8 /var/www/html/system/CodeIgniter.php(927): App\Controllers\Events->create()
#9 /var/www/html/system/CodeIgniter.php(482): CodeIgniter\CodeIgniter->runController(Object(App\Controllers\Events))
#10 /var/www/html/system/CodeIgniter.php(351): CodeIgniter\CodeIgniter->handleRequest(NULL, Object(Config\Cache), false)
#11 /var/www/html/public/index.php(67): CodeIgniter\CodeIgniter->run()
#12 {main}
CRITICAL - 2023-11-21 02:01:05 --> Cannot add or update a child row: a foreign key constraint fails (`taskapp`.`event`, CONSTRAINT `event_user_id_fk` FOREIGN KEY (`user_id`) REFERENCES `user` (`id`) ON DELETE CASCADE ON UPDATE CASCADE)
in SYSTEMPATH/Database/MySQLi/Connection.php on line 292.
 1 SYSTEMPATH/Database/MySQLi/Connection.php(292): mysqli->query('INSERT INTO `event` (`title`, `description`, `day_of_week`, `start_time`, `end_time`, `location`, `organizer`, `email`, `contact_number`, `tags`, `created_at`, `updated_at`) VALUES (\'yeaa\', \'wooooo\', \'Monday\', \'06:16\', \'07:16\', \'\', \'me\', \'admin@example.com\', \'11112222\', (\'casual chat,business\'), \'2023-11-21 02:01:05\', \'2023-11-21 02:01:05\')', 0)
 2 SYSTEMPATH/Database/BaseConnection.php(666): CodeIgniter\Database\MySQLi\Connection->execute('INSERT INTO `event` (`title`, `description`, `day_of_week`, `start_time`, `end_time`, `location`, `organizer`, `email`, `contact_number`, `tags`, `created_at`, `updated_at`) VALUES (\'yeaa\', \'wooooo\', \'Monday\', \'06:16\', \'07:16\', \'\', \'me\', \'admin@example.com\', \'11112222\', (\'casual chat,business\'), \'2023-11-21 02:01:05\', \'2023-11-21 02:01:05\')')
 3 SYSTEMPATH/Database/BaseConnection.php(593): CodeIgniter\Database\BaseConnection->simpleQuery('INSERT INTO `event` (`title`, `description`, `day_of_week`, `start_time`, `end_time`, `location`, `organizer`, `email`, `contact_number`, `tags`, `created_at`, `updated_at`) VALUES (\'yeaa\', \'wooooo\', \'Monday\', \'06:16\', \'07:16\', \'\', \'me\', \'admin@example.com\', \'11112222\', (\'casual chat,business\'), \'2023-11-21 02:01:05\', \'2023-11-21 02:01:05\')')
 4 SYSTEMPATH/Database/BaseBuilder.php(1916): CodeIgniter\Database\BaseConnection->query('INSERT INTO `event` (`title`, `description`, `day_of_week`, `start_time`, `end_time`, `location`, `organizer`, `email`, `contact_number`, `tags`, `created_at`, `updated_at`) VALUES (:title:, :description:, :day_of_week:, :start_time:, :end_time:, :location:, :organizer:, :email:, :contact_number:, :tags:, :created_at:, :updated_at:)', [...], false)
 5 SYSTEMPATH/Model.php(279): CodeIgniter\Database\BaseBuilder->insert()
 6 SYSTEMPATH/BaseModel.php(749): CodeIgniter\Model->doInsert([...])
 7 SYSTEMPATH/Model.php(667): CodeIgniter\BaseModel->insert([...], true)
 8 APPPATH/Controllers/Events.php(55): CodeIgniter\Model->insert(Object(App\Entities\Event))
 9 SYSTEMPATH/CodeIgniter.php(927): App\Controllers\Events->create()
10 SYSTEMPATH/CodeIgniter.php(482): CodeIgniter\CodeIgniter->runController(Object(App\Controllers\Events))
11 SYSTEMPATH/CodeIgniter.php(351): CodeIgniter\CodeIgniter->handleRequest(null, Object(Config\Cache), false)
12 FCPATH/index.php(67): CodeIgniter\CodeIgniter->run()
ERROR - 2023-11-21 02:13:30 --> mysqli_sql_exception: Cannot add or update a child row: a foreign key constraint fails (`taskapp`.`event`, CONSTRAINT `event_user_id_fk` FOREIGN KEY (`user_id`) REFERENCES `user` (`id`) ON DELETE CASCADE ON UPDATE CASCADE) in /var/www/html/system/Database/MySQLi/Connection.php:292
Stack trace:
#0 /var/www/html/system/Database/MySQLi/Connection.php(292): mysqli->query('INSERT INTO `ev...', 0)
#1 /var/www/html/system/Database/BaseConnection.php(666): CodeIgniter\Database\MySQLi\Connection->execute('INSERT INTO `ev...')
#2 /var/www/html/system/Database/BaseConnection.php(593): CodeIgniter\Database\BaseConnection->simpleQuery('INSERT INTO `ev...')
#3 /var/www/html/system/Database/BaseBuilder.php(1916): CodeIgniter\Database\BaseConnection->query('INSERT INTO `ev...', Array, false)
#4 /var/www/html/system/Model.php(279): CodeIgniter\Database\BaseBuilder->insert()
#5 /var/www/html/system/BaseModel.php(749): CodeIgniter\Model->doInsert(Array)
#6 /var/www/html/system/Model.php(667): CodeIgniter\BaseModel->insert(Array, true)
#7 /var/www/html/app/Controllers/Events.php(56): CodeIgniter\Model->insert(Object(App\Entities\Event))
#8 /var/www/html/system/CodeIgniter.php(927): App\Controllers\Events->create()
#9 /var/www/html/system/CodeIgniter.php(482): CodeIgniter\CodeIgniter->runController(Object(App\Controllers\Events))
#10 /var/www/html/system/CodeIgniter.php(351): CodeIgniter\CodeIgniter->handleRequest(NULL, Object(Config\Cache), false)
#11 /var/www/html/public/index.php(67): CodeIgniter\CodeIgniter->run()
#12 {main}
CRITICAL - 2023-11-21 02:13:30 --> Cannot add or update a child row: a foreign key constraint fails (`taskapp`.`event`, CONSTRAINT `event_user_id_fk` FOREIGN KEY (`user_id`) REFERENCES `user` (`id`) ON DELETE CASCADE ON UPDATE CASCADE)
in SYSTEMPATH/Database/MySQLi/Connection.php on line 292.
 1 SYSTEMPATH/Database/MySQLi/Connection.php(292): mysqli->query('INSERT INTO `event` (`title`, `description`, `day_of_week`, `start_time`, `end_time`, `location`, `organizer`, `email`, `contact_number`, `tags`, `created_at`, `updated_at`) VALUES (\'yeaa\', \'wooooo\', \'Monday\', \'06:16\', \'07:16\', \'\', \'me\', \'admin@example.com\', \'11112222\', (\'\'), \'2023-11-21 02:13:30\', \'2023-11-21 02:13:30\')', 0)
 2 SYSTEMPATH/Database/BaseConnection.php(666): CodeIgniter\Database\MySQLi\Connection->execute('INSERT INTO `event` (`title`, `description`, `day_of_week`, `start_time`, `end_time`, `location`, `organizer`, `email`, `contact_number`, `tags`, `created_at`, `updated_at`) VALUES (\'yeaa\', \'wooooo\', \'Monday\', \'06:16\', \'07:16\', \'\', \'me\', \'admin@example.com\', \'11112222\', (\'\'), \'2023-11-21 02:13:30\', \'2023-11-21 02:13:30\')')
 3 SYSTEMPATH/Database/BaseConnection.php(593): CodeIgniter\Database\BaseConnection->simpleQuery('INSERT INTO `event` (`title`, `description`, `day_of_week`, `start_time`, `end_time`, `location`, `organizer`, `email`, `contact_number`, `tags`, `created_at`, `updated_at`) VALUES (\'yeaa\', \'wooooo\', \'Monday\', \'06:16\', \'07:16\', \'\', \'me\', \'admin@example.com\', \'11112222\', (\'\'), \'2023-11-21 02:13:30\', \'2023-11-21 02:13:30\')')
 4 SYSTEMPATH/Database/BaseBuilder.php(1916): CodeIgniter\Database\BaseConnection->query('INSERT INTO `event` (`title`, `description`, `day_of_week`, `start_time`, `end_time`, `location`, `organizer`, `email`, `contact_number`, `tags`, `created_at`, `updated_at`) VALUES (:title:, :description:, :day_of_week:, :start_time:, :end_time:, :location:, :organizer:, :email:, :contact_number:, :tags:, :created_at:, :updated_at:)', [...], false)
 5 SYSTEMPATH/Model.php(279): CodeIgniter\Database\BaseBuilder->insert()
 6 SYSTEMPATH/BaseModel.php(749): CodeIgniter\Model->doInsert([...])
 7 SYSTEMPATH/Model.php(667): CodeIgniter\BaseModel->insert([...], true)
 8 APPPATH/Controllers/Events.php(56): CodeIgniter\Model->insert(Object(App\Entities\Event))
 9 SYSTEMPATH/CodeIgniter.php(927): App\Controllers\Events->create()
10 SYSTEMPATH/CodeIgniter.php(482): CodeIgniter\CodeIgniter->runController(Object(App\Controllers\Events))
11 SYSTEMPATH/CodeIgniter.php(351): CodeIgniter\CodeIgniter->handleRequest(null, Object(Config\Cache), false)
12 FCPATH/index.php(67): CodeIgniter\CodeIgniter->run()
ERROR - 2023-11-21 02:16:25 --> mysqli_sql_exception: Cannot add or update a child row: a foreign key constraint fails (`taskapp`.`event`, CONSTRAINT `event_user_id_fk` FOREIGN KEY (`user_id`) REFERENCES `user` (`id`) ON DELETE CASCADE ON UPDATE CASCADE) in /var/www/html/system/Database/MySQLi/Connection.php:292
Stack trace:
#0 /var/www/html/system/Database/MySQLi/Connection.php(292): mysqli->query('INSERT INTO `ev...', 0)
#1 /var/www/html/system/Database/BaseConnection.php(666): CodeIgniter\Database\MySQLi\Connection->execute('INSERT INTO `ev...')
#2 /var/www/html/system/Database/BaseConnection.php(593): CodeIgniter\Database\BaseConnection->simpleQuery('INSERT INTO `ev...')
#3 /var/www/html/system/Database/BaseBuilder.php(1916): CodeIgniter\Database\BaseConnection->query('INSERT INTO `ev...', Array, false)
#4 /var/www/html/system/Model.php(279): CodeIgniter\Database\BaseBuilder->insert()
#5 /var/www/html/system/BaseModel.php(749): CodeIgniter\Model->doInsert(Array)
#6 /var/www/html/system/Model.php(667): CodeIgniter\BaseModel->insert(Array, true)
#7 /var/www/html/app/Controllers/Events.php(54): CodeIgniter\Model->insert(Object(App\Entities\Event))
#8 /var/www/html/system/CodeIgniter.php(927): App\Controllers\Events->create()
#9 /var/www/html/system/CodeIgniter.php(482): CodeIgniter\CodeIgniter->runController(Object(App\Controllers\Events))
#10 /var/www/html/system/CodeIgniter.php(351): CodeIgniter\CodeIgniter->handleRequest(NULL, Object(Config\Cache), false)
#11 /var/www/html/public/index.php(67): CodeIgniter\CodeIgniter->run()
#12 {main}
CRITICAL - 2023-11-21 02:16:25 --> Cannot add or update a child row: a foreign key constraint fails (`taskapp`.`event`, CONSTRAINT `event_user_id_fk` FOREIGN KEY (`user_id`) REFERENCES `user` (`id`) ON DELETE CASCADE ON UPDATE CASCADE)
in SYSTEMPATH/Database/MySQLi/Connection.php on line 292.
 1 SYSTEMPATH/Database/MySQLi/Connection.php(292): mysqli->query('INSERT INTO `event` (`title`, `description`, `day_of_week`, `start_time`, `end_time`, `location`, `organizer`, `email`, `contact_number`, `tags`, `created_at`, `updated_at`) VALUES (\'event 3\', \'an interesting event\', \'Friday\', \'19:15\', \'20:15\', \'\', \'someone\', \'bbtiffanychan@gmail.com\', \'11112222\', (\'online,casual chat,accounting,business\'), \'2023-11-21 02:16:25\', \'2023-11-21 02:16:25\')', 0)
 2 SYSTEMPATH/Database/BaseConnection.php(666): CodeIgniter\Database\MySQLi\Connection->execute('INSERT INTO `event` (`title`, `description`, `day_of_week`, `start_time`, `end_time`, `location`, `organizer`, `email`, `contact_number`, `tags`, `created_at`, `updated_at`) VALUES (\'event 3\', \'an interesting event\', \'Friday\', \'19:15\', \'20:15\', \'\', \'someone\', \'bbtiffanychan@gmail.com\', \'11112222\', (\'online,casual chat,accounting,business\'), \'2023-11-21 02:16:25\', \'2023-11-21 02:16:25\')')
 3 SYSTEMPATH/Database/BaseConnection.php(593): CodeIgniter\Database\BaseConnection->simpleQuery('INSERT INTO `event` (`title`, `description`, `day_of_week`, `start_time`, `end_time`, `location`, `organizer`, `email`, `contact_number`, `tags`, `created_at`, `updated_at`) VALUES (\'event 3\', \'an interesting event\', \'Friday\', \'19:15\', \'20:15\', \'\', \'someone\', \'bbtiffanychan@gmail.com\', \'11112222\', (\'online,casual chat,accounting,business\'), \'2023-11-21 02:16:25\', \'2023-11-21 02:16:25\')')
 4 SYSTEMPATH/Database/BaseBuilder.php(1916): CodeIgniter\Database\BaseConnection->query('INSERT INTO `event` (`title`, `description`, `day_of_week`, `start_time`, `end_time`, `location`, `organizer`, `email`, `contact_number`, `tags`, `created_at`, `updated_at`) VALUES (:title:, :description:, :day_of_week:, :start_time:, :end_time:, :location:, :organizer:, :email:, :contact_number:, :tags:, :created_at:, :updated_at:)', [...], false)
 5 SYSTEMPATH/Model.php(279): CodeIgniter\Database\BaseBuilder->insert()
 6 SYSTEMPATH/BaseModel.php(749): CodeIgniter\Model->doInsert([...])
 7 SYSTEMPATH/Model.php(667): CodeIgniter\BaseModel->insert([...], true)
 8 APPPATH/Controllers/Events.php(54): CodeIgniter\Model->insert(Object(App\Entities\Event))
 9 SYSTEMPATH/CodeIgniter.php(927): App\Controllers\Events->create()
10 SYSTEMPATH/CodeIgniter.php(482): CodeIgniter\CodeIgniter->runController(Object(App\Controllers\Events))
11 SYSTEMPATH/CodeIgniter.php(351): CodeIgniter\CodeIgniter->handleRequest(null, Object(Config\Cache), false)
12 FCPATH/index.php(67): CodeIgniter\CodeIgniter->run()
ERROR - 2023-11-21 02:19:26 --> mysqli_sql_exception: Cannot add or update a child row: a foreign key constraint fails (`taskapp`.`event`, CONSTRAINT `event_user_id_fk` FOREIGN KEY (`user_id`) REFERENCES `user` (`id`) ON DELETE CASCADE ON UPDATE CASCADE) in /var/www/html/system/Database/MySQLi/Connection.php:292
Stack trace:
#0 /var/www/html/system/Database/MySQLi/Connection.php(292): mysqli->query('INSERT INTO `ev...', 0)
#1 /var/www/html/system/Database/BaseConnection.php(666): CodeIgniter\Database\MySQLi\Connection->execute('INSERT INTO `ev...')
#2 /var/www/html/system/Database/BaseConnection.php(593): CodeIgniter\Database\BaseConnection->simpleQuery('INSERT INTO `ev...')
#3 /var/www/html/system/Database/BaseBuilder.php(1916): CodeIgniter\Database\BaseConnection->query('INSERT INTO `ev...', Array, false)
#4 /var/www/html/system/Model.php(279): CodeIgniter\Database\BaseBuilder->insert()
#5 /var/www/html/system/BaseModel.php(749): CodeIgniter\Model->doInsert(Array)
#6 /var/www/html/system/Model.php(667): CodeIgniter\BaseModel->insert(Array, true)
#7 /var/www/html/app/Controllers/Events.php(54): CodeIgniter\Model->insert(Object(App\Entities\Event))
#8 /var/www/html/system/CodeIgniter.php(927): App\Controllers\Events->create()
#9 /var/www/html/system/CodeIgniter.php(482): CodeIgniter\CodeIgniter->runController(Object(App\Controllers\Events))
#10 /var/www/html/system/CodeIgniter.php(351): CodeIgniter\CodeIgniter->handleRequest(NULL, Object(Config\Cache), false)
#11 /var/www/html/public/index.php(67): CodeIgniter\CodeIgniter->run()
#12 {main}
CRITICAL - 2023-11-21 02:19:26 --> Cannot add or update a child row: a foreign key constraint fails (`taskapp`.`event`, CONSTRAINT `event_user_id_fk` FOREIGN KEY (`user_id`) REFERENCES `user` (`id`) ON DELETE CASCADE ON UPDATE CASCADE)
in SYSTEMPATH/Database/MySQLi/Connection.php on line 292.
 1 SYSTEMPATH/Database/MySQLi/Connection.php(292): mysqli->query('INSERT INTO `event` (`title`, `description`, `day_of_week`, `start_time`, `end_time`, `location`, `organizer`, `email`, `contact_number`, `tags`, `created_at`, `updated_at`) VALUES (\'event 3\', \'an interesting event\', \'Friday\', \'19:15\', \'20:15\', \'\', \'someone\', \'bbtiffanychan@gmail.com\', \'11112222\', (\'online,casual chat,accounting,business\'), \'2023-11-21 02:19:26\', \'2023-11-21 02:19:26\')', 0)
 2 SYSTEMPATH/Database/BaseConnection.php(666): CodeIgniter\Database\MySQLi\Connection->execute('INSERT INTO `event` (`title`, `description`, `day_of_week`, `start_time`, `end_time`, `location`, `organizer`, `email`, `contact_number`, `tags`, `created_at`, `updated_at`) VALUES (\'event 3\', \'an interesting event\', \'Friday\', \'19:15\', \'20:15\', \'\', \'someone\', \'bbtiffanychan@gmail.com\', \'11112222\', (\'online,casual chat,accounting,business\'), \'2023-11-21 02:19:26\', \'2023-11-21 02:19:26\')')
 3 SYSTEMPATH/Database/BaseConnection.php(593): CodeIgniter\Database\BaseConnection->simpleQuery('INSERT INTO `event` (`title`, `description`, `day_of_week`, `start_time`, `end_time`, `location`, `organizer`, `email`, `contact_number`, `tags`, `created_at`, `updated_at`) VALUES (\'event 3\', \'an interesting event\', \'Friday\', \'19:15\', \'20:15\', \'\', \'someone\', \'bbtiffanychan@gmail.com\', \'11112222\', (\'online,casual chat,accounting,business\'), \'2023-11-21 02:19:26\', \'2023-11-21 02:19:26\')')
 4 SYSTEMPATH/Database/BaseBuilder.php(1916): CodeIgniter\Database\BaseConnection->query('INSERT INTO `event` (`title`, `description`, `day_of_week`, `start_time`, `end_time`, `location`, `organizer`, `email`, `contact_number`, `tags`, `created_at`, `updated_at`) VALUES (:title:, :description:, :day_of_week:, :start_time:, :end_time:, :location:, :organizer:, :email:, :contact_number:, :tags:, :created_at:, :updated_at:)', [...], false)
 5 SYSTEMPATH/Model.php(279): CodeIgniter\Database\BaseBuilder->insert()
 6 SYSTEMPATH/BaseModel.php(749): CodeIgniter\Model->doInsert([...])
 7 SYSTEMPATH/Model.php(667): CodeIgniter\BaseModel->insert([...], true)
 8 APPPATH/Controllers/Events.php(54): CodeIgniter\Model->insert(Object(App\Entities\Event))
 9 SYSTEMPATH/CodeIgniter.php(927): App\Controllers\Events->create()
10 SYSTEMPATH/CodeIgniter.php(482): CodeIgniter\CodeIgniter->runController(Object(App\Controllers\Events))
11 SYSTEMPATH/CodeIgniter.php(351): CodeIgniter\CodeIgniter->handleRequest(null, Object(Config\Cache), false)
12 FCPATH/index.php(67): CodeIgniter\CodeIgniter->run()
ERROR - 2023-11-21 18:25:52 --> mysqli_sql_exception: Cannot add or update a child row: a foreign key constraint fails (`taskapp`.`event`, CONSTRAINT `event_user_id_fk` FOREIGN KEY (`user_id`) REFERENCES `user` (`id`) ON DELETE CASCADE ON UPDATE CASCADE) in /var/www/html/system/Database/MySQLi/Connection.php:292
Stack trace:
#0 /var/www/html/system/Database/MySQLi/Connection.php(292): mysqli->query('INSERT INTO `ev...', 0)
#1 /var/www/html/system/Database/BaseConnection.php(666): CodeIgniter\Database\MySQLi\Connection->execute('INSERT INTO `ev...')
#2 /var/www/html/system/Database/BaseConnection.php(593): CodeIgniter\Database\BaseConnection->simpleQuery('INSERT INTO `ev...')
#3 /var/www/html/system/Database/BaseBuilder.php(1916): CodeIgniter\Database\BaseConnection->query('INSERT INTO `ev...', Array, false)
#4 /var/www/html/system/Model.php(279): CodeIgniter\Database\BaseBuilder->insert()
#5 /var/www/html/system/BaseModel.php(749): CodeIgniter\Model->doInsert(Array)
#6 /var/www/html/system/Model.php(667): CodeIgniter\BaseModel->insert(Array, true)
#7 /var/www/html/app/Controllers/Events.php(54): CodeIgniter\Model->insert(Object(App\Entities\Event))
#8 /var/www/html/system/CodeIgniter.php(927): App\Controllers\Events->create()
#9 /var/www/html/system/CodeIgniter.php(482): CodeIgniter\CodeIgniter->runController(Object(App\Controllers\Events))
#10 /var/www/html/system/CodeIgniter.php(351): CodeIgniter\CodeIgniter->handleRequest(NULL, Object(Config\Cache), false)
#11 /var/www/html/public/index.php(67): CodeIgniter\CodeIgniter->run()
#12 {main}
CRITICAL - 2023-11-21 18:25:52 --> Cannot add or update a child row: a foreign key constraint fails (`taskapp`.`event`, CONSTRAINT `event_user_id_fk` FOREIGN KEY (`user_id`) REFERENCES `user` (`id`) ON DELETE CASCADE ON UPDATE CASCADE)
in SYSTEMPATH/Database/MySQLi/Connection.php on line 292.
 1 SYSTEMPATH/Database/MySQLi/Connection.php(292): mysqli->query('INSERT INTO `event` (`title`, `description`, `day_of_week`, `start_time`, `end_time`, `location`, `organizer`, `email`, `contact_number`, `tags`, `created_at`, `updated_at`) VALUES (\'event 3\', \'an interesting event\', \'Friday\', \'19:15\', \'20:15\', \'\', \'someone\', \'bbtiffanychan@gmail.com\', \'11112222\', (\'\'), \'2023-11-21 18:25:52\', \'2023-11-21 18:25:52\')', 0)
 2 SYSTEMPATH/Database/BaseConnection.php(666): CodeIgniter\Database\MySQLi\Connection->execute('INSERT INTO `event` (`title`, `description`, `day_of_week`, `start_time`, `end_time`, `location`, `organizer`, `email`, `contact_number`, `tags`, `created_at`, `updated_at`) VALUES (\'event 3\', \'an interesting event\', \'Friday\', \'19:15\', \'20:15\', \'\', \'someone\', \'bbtiffanychan@gmail.com\', \'11112222\', (\'\'), \'2023-11-21 18:25:52\', \'2023-11-21 18:25:52\')')
 3 SYSTEMPATH/Database/BaseConnection.php(593): CodeIgniter\Database\BaseConnection->simpleQuery('INSERT INTO `event` (`title`, `description`, `day_of_week`, `start_time`, `end_time`, `location`, `organizer`, `email`, `contact_number`, `tags`, `created_at`, `updated_at`) VALUES (\'event 3\', \'an interesting event\', \'Friday\', \'19:15\', \'20:15\', \'\', \'someone\', \'bbtiffanychan@gmail.com\', \'11112222\', (\'\'), \'2023-11-21 18:25:52\', \'2023-11-21 18:25:52\')')
 4 SYSTEMPATH/Database/BaseBuilder.php(1916): CodeIgniter\Database\BaseConnection->query('INSERT INTO `event` (`title`, `description`, `day_of_week`, `start_time`, `end_time`, `location`, `organizer`, `email`, `contact_number`, `tags`, `created_at`, `updated_at`) VALUES (:title:, :description:, :day_of_week:, :start_time:, :end_time:, :location:, :organizer:, :email:, :contact_number:, :tags:, :created_at:, :updated_at:)', [...], false)
 5 SYSTEMPATH/Model.php(279): CodeIgniter\Database\BaseBuilder->insert()
 6 SYSTEMPATH/BaseModel.php(749): CodeIgniter\Model->doInsert([...])
 7 SYSTEMPATH/Model.php(667): CodeIgniter\BaseModel->insert([...], true)
 8 APPPATH/Controllers/Events.php(54): CodeIgniter\Model->insert(Object(App\Entities\Event))
 9 SYSTEMPATH/CodeIgniter.php(927): App\Controllers\Events->create()
10 SYSTEMPATH/CodeIgniter.php(482): CodeIgniter\CodeIgniter->runController(Object(App\Controllers\Events))
11 SYSTEMPATH/CodeIgniter.php(351): CodeIgniter\CodeIgniter->handleRequest(null, Object(Config\Cache), false)
12 FCPATH/index.php(67): CodeIgniter\CodeIgniter->run()
ERROR - 2023-11-21 18:26:58 --> mysqli_sql_exception: Cannot add or update a child row: a foreign key constraint fails (`taskapp`.`event`, CONSTRAINT `event_user_id_fk` FOREIGN KEY (`user_id`) REFERENCES `user` (`id`) ON DELETE CASCADE ON UPDATE CASCADE) in /var/www/html/system/Database/MySQLi/Connection.php:292
Stack trace:
#0 /var/www/html/system/Database/MySQLi/Connection.php(292): mysqli->query('INSERT INTO `ev...', 0)
#1 /var/www/html/system/Database/BaseConnection.php(666): CodeIgniter\Database\MySQLi\Connection->execute('INSERT INTO `ev...')
#2 /var/www/html/system/Database/BaseConnection.php(593): CodeIgniter\Database\BaseConnection->simpleQuery('INSERT INTO `ev...')
#3 /var/www/html/system/Database/BaseBuilder.php(1916): CodeIgniter\Database\BaseConnection->query('INSERT INTO `ev...', Array, false)
#4 /var/www/html/system/Model.php(279): CodeIgniter\Database\BaseBuilder->insert()
#5 /var/www/html/system/BaseModel.php(749): CodeIgniter\Model->doInsert(Array)
#6 /var/www/html/system/Model.php(667): CodeIgniter\BaseModel->insert(Array, true)
#7 /var/www/html/app/Controllers/Events.php(54): CodeIgniter\Model->insert(Object(App\Entities\Event))
#8 /var/www/html/system/CodeIgniter.php(927): App\Controllers\Events->create()
#9 /var/www/html/system/CodeIgniter.php(482): CodeIgniter\CodeIgniter->runController(Object(App\Controllers\Events))
#10 /var/www/html/system/CodeIgniter.php(351): CodeIgniter\CodeIgniter->handleRequest(NULL, Object(Config\Cache), false)
#11 /var/www/html/public/index.php(67): CodeIgniter\CodeIgniter->run()
#12 {main}
CRITICAL - 2023-11-21 18:26:58 --> Cannot add or update a child row: a foreign key constraint fails (`taskapp`.`event`, CONSTRAINT `event_user_id_fk` FOREIGN KEY (`user_id`) REFERENCES `user` (`id`) ON DELETE CASCADE ON UPDATE CASCADE)
in SYSTEMPATH/Database/MySQLi/Connection.php on line 292.
 1 SYSTEMPATH/Database/MySQLi/Connection.php(292): mysqli->query('INSERT INTO `event` (`title`, `description`, `day_of_week`, `start_time`, `end_time`, `location`, `organizer`, `email`, `contact_number`, `tags`, `created_at`, `updated_at`) VALUES (\'event 3\', \'an interesting event\', \'Friday\', \'19:15\', \'20:15\', \'\', \'someone\', \'bbtiffanychan@gmail.com\', \'11112222\', (\'\'), \'2023-11-21 18:26:58\', \'2023-11-21 18:26:58\')', 0)
 2 SYSTEMPATH/Database/BaseConnection.php(666): CodeIgniter\Database\MySQLi\Connection->execute('INSERT INTO `event` (`title`, `description`, `day_of_week`, `start_time`, `end_time`, `location`, `organizer`, `email`, `contact_number`, `tags`, `created_at`, `updated_at`) VALUES (\'event 3\', \'an interesting event\', \'Friday\', \'19:15\', \'20:15\', \'\', \'someone\', \'bbtiffanychan@gmail.com\', \'11112222\', (\'\'), \'2023-11-21 18:26:58\', \'2023-11-21 18:26:58\')')
 3 SYSTEMPATH/Database/BaseConnection.php(593): CodeIgniter\Database\BaseConnection->simpleQuery('INSERT INTO `event` (`title`, `description`, `day_of_week`, `start_time`, `end_time`, `location`, `organizer`, `email`, `contact_number`, `tags`, `created_at`, `updated_at`) VALUES (\'event 3\', \'an interesting event\', \'Friday\', \'19:15\', \'20:15\', \'\', \'someone\', \'bbtiffanychan@gmail.com\', \'11112222\', (\'\'), \'2023-11-21 18:26:58\', \'2023-11-21 18:26:58\')')
 4 SYSTEMPATH/Database/BaseBuilder.php(1916): CodeIgniter\Database\BaseConnection->query('INSERT INTO `event` (`title`, `description`, `day_of_week`, `start_time`, `end_time`, `location`, `organizer`, `email`, `contact_number`, `tags`, `created_at`, `updated_at`) VALUES (:title:, :description:, :day_of_week:, :start_time:, :end_time:, :location:, :organizer:, :email:, :contact_number:, :tags:, :created_at:, :updated_at:)', [...], false)
 5 SYSTEMPATH/Model.php(279): CodeIgniter\Database\BaseBuilder->insert()
 6 SYSTEMPATH/BaseModel.php(749): CodeIgniter\Model->doInsert([...])
 7 SYSTEMPATH/Model.php(667): CodeIgniter\BaseModel->insert([...], true)
 8 APPPATH/Controllers/Events.php(54): CodeIgniter\Model->insert(Object(App\Entities\Event))
 9 SYSTEMPATH/CodeIgniter.php(927): App\Controllers\Events->create()
10 SYSTEMPATH/CodeIgniter.php(482): CodeIgniter\CodeIgniter->runController(Object(App\Controllers\Events))
11 SYSTEMPATH/CodeIgniter.php(351): CodeIgniter\CodeIgniter->handleRequest(null, Object(Config\Cache), false)
12 FCPATH/index.php(67): CodeIgniter\CodeIgniter->run()
ERROR - 2023-11-21 18:27:52 --> mysqli_sql_exception: Cannot add or update a child row: a foreign key constraint fails (`taskapp`.`event`, CONSTRAINT `event_user_id_fk` FOREIGN KEY (`user_id`) REFERENCES `user` (`id`) ON DELETE CASCADE ON UPDATE CASCADE) in /var/www/html/system/Database/MySQLi/Connection.php:292
Stack trace:
#0 /var/www/html/system/Database/MySQLi/Connection.php(292): mysqli->query('INSERT INTO `ev...', 0)
#1 /var/www/html/system/Database/BaseConnection.php(666): CodeIgniter\Database\MySQLi\Connection->execute('INSERT INTO `ev...')
#2 /var/www/html/system/Database/BaseConnection.php(593): CodeIgniter\Database\BaseConnection->simpleQuery('INSERT INTO `ev...')
#3 /var/www/html/system/Database/BaseBuilder.php(1916): CodeIgniter\Database\BaseConnection->query('INSERT INTO `ev...', Array, false)
#4 /var/www/html/system/Model.php(279): CodeIgniter\Database\BaseBuilder->insert()
#5 /var/www/html/system/BaseModel.php(749): CodeIgniter\Model->doInsert(Array)
#6 /var/www/html/system/Model.php(667): CodeIgniter\BaseModel->insert(Array, true)
#7 /var/www/html/app/Controllers/Events.php(54): CodeIgniter\Model->insert(Object(App\Entities\Event))
#8 /var/www/html/system/CodeIgniter.php(927): App\Controllers\Events->create()
#9 /var/www/html/system/CodeIgniter.php(482): CodeIgniter\CodeIgniter->runController(Object(App\Controllers\Events))
#10 /var/www/html/system/CodeIgniter.php(351): CodeIgniter\CodeIgniter->handleRequest(NULL, Object(Config\Cache), false)
#11 /var/www/html/public/index.php(67): CodeIgniter\CodeIgniter->run()
#12 {main}
CRITICAL - 2023-11-21 18:27:52 --> Cannot add or update a child row: a foreign key constraint fails (`taskapp`.`event`, CONSTRAINT `event_user_id_fk` FOREIGN KEY (`user_id`) REFERENCES `user` (`id`) ON DELETE CASCADE ON UPDATE CASCADE)
in SYSTEMPATH/Database/MySQLi/Connection.php on line 292.
 1 SYSTEMPATH/Database/MySQLi/Connection.php(292): mysqli->query('INSERT INTO `event` (`title`, `description`, `day_of_week`, `start_time`, `end_time`, `location`, `organizer`, `email`, `contact_number`, `tags`, `created_at`, `updated_at`) VALUES (\'event 3\', \'an interesting event\', \'Friday\', \'19:15\', \'20:15\', \'\', \'someone\', \'bbtiffanychan@gmail.com\', \'11112222\', (\'\'), \'2023-11-21 18:27:52\', \'2023-11-21 18:27:52\')', 0)
 2 SYSTEMPATH/Database/BaseConnection.php(666): CodeIgniter\Database\MySQLi\Connection->execute('INSERT INTO `event` (`title`, `description`, `day_of_week`, `start_time`, `end_time`, `location`, `organizer`, `email`, `contact_number`, `tags`, `created_at`, `updated_at`) VALUES (\'event 3\', \'an interesting event\', \'Friday\', \'19:15\', \'20:15\', \'\', \'someone\', \'bbtiffanychan@gmail.com\', \'11112222\', (\'\'), \'2023-11-21 18:27:52\', \'2023-11-21 18:27:52\')')
 3 SYSTEMPATH/Database/BaseConnection.php(593): CodeIgniter\Database\BaseConnection->simpleQuery('INSERT INTO `event` (`title`, `description`, `day_of_week`, `start_time`, `end_time`, `location`, `organizer`, `email`, `contact_number`, `tags`, `created_at`, `updated_at`) VALUES (\'event 3\', \'an interesting event\', \'Friday\', \'19:15\', \'20:15\', \'\', \'someone\', \'bbtiffanychan@gmail.com\', \'11112222\', (\'\'), \'2023-11-21 18:27:52\', \'2023-11-21 18:27:52\')')
 4 SYSTEMPATH/Database/BaseBuilder.php(1916): CodeIgniter\Database\BaseConnection->query('INSERT INTO `event` (`title`, `description`, `day_of_week`, `start_time`, `end_time`, `location`, `organizer`, `email`, `contact_number`, `tags`, `created_at`, `updated_at`) VALUES (:title:, :description:, :day_of_week:, :start_time:, :end_time:, :location:, :organizer:, :email:, :contact_number:, :tags:, :created_at:, :updated_at:)', [...], false)
 5 SYSTEMPATH/Model.php(279): CodeIgniter\Database\BaseBuilder->insert()
 6 SYSTEMPATH/BaseModel.php(749): CodeIgniter\Model->doInsert([...])
 7 SYSTEMPATH/Model.php(667): CodeIgniter\BaseModel->insert([...], true)
 8 APPPATH/Controllers/Events.php(54): CodeIgniter\Model->insert(Object(App\Entities\Event))
 9 SYSTEMPATH/CodeIgniter.php(927): App\Controllers\Events->create()
10 SYSTEMPATH/CodeIgniter.php(482): CodeIgniter\CodeIgniter->runController(Object(App\Controllers\Events))
11 SYSTEMPATH/CodeIgniter.php(351): CodeIgniter\CodeIgniter->handleRequest(null, Object(Config\Cache), false)
12 FCPATH/index.php(67): CodeIgniter\CodeIgniter->run()
ERROR - 2023-11-21 18:31:20 --> mysqli_sql_exception: Cannot add or update a child row: a foreign key constraint fails (`taskapp`.`event`, CONSTRAINT `event_user_id_fk` FOREIGN KEY (`user_id`) REFERENCES `user` (`id`) ON DELETE CASCADE ON UPDATE CASCADE) in /var/www/html/system/Database/MySQLi/Connection.php:292
Stack trace:
#0 /var/www/html/system/Database/MySQLi/Connection.php(292): mysqli->query('INSERT INTO `ev...', 0)
#1 /var/www/html/system/Database/BaseConnection.php(666): CodeIgniter\Database\MySQLi\Connection->execute('INSERT INTO `ev...')
#2 /var/www/html/system/Database/BaseConnection.php(593): CodeIgniter\Database\BaseConnection->simpleQuery('INSERT INTO `ev...')
#3 /var/www/html/system/Database/BaseBuilder.php(1916): CodeIgniter\Database\BaseConnection->query('INSERT INTO `ev...', Array, false)
#4 /var/www/html/system/Model.php(279): CodeIgniter\Database\BaseBuilder->insert()
#5 /var/www/html/system/BaseModel.php(749): CodeIgniter\Model->doInsert(Array)
#6 /var/www/html/system/Model.php(667): CodeIgniter\BaseModel->insert(Array, true)
#7 /var/www/html/app/Controllers/Events.php(54): CodeIgniter\Model->insert(Object(App\Entities\Event))
#8 /var/www/html/system/CodeIgniter.php(927): App\Controllers\Events->create()
#9 /var/www/html/system/CodeIgniter.php(482): CodeIgniter\CodeIgniter->runController(Object(App\Controllers\Events))
#10 /var/www/html/system/CodeIgniter.php(351): CodeIgniter\CodeIgniter->handleRequest(NULL, Object(Config\Cache), false)
#11 /var/www/html/public/index.php(67): CodeIgniter\CodeIgniter->run()
#12 {main}
CRITICAL - 2023-11-21 18:31:20 --> Cannot add or update a child row: a foreign key constraint fails (`taskapp`.`event`, CONSTRAINT `event_user_id_fk` FOREIGN KEY (`user_id`) REFERENCES `user` (`id`) ON DELETE CASCADE ON UPDATE CASCADE)
in SYSTEMPATH/Database/MySQLi/Connection.php on line 292.
 1 SYSTEMPATH/Database/MySQLi/Connection.php(292): mysqli->query('INSERT INTO `event` (`title`, `description`, `day_of_week`, `start_time`, `end_time`, `location`, `organizer`, `email`, `contact_number`, `tags`, `created_at`, `updated_at`) VALUES (\'event 3\', \'an interesting event\', \'Monday\', \'08:30\', \'09:31\', \'\', \'tiffany\', \'bbtiffanychan@gmail.com\', \'11112222\', (\'\'), \'2023-11-21 18:31:20\', \'2023-11-21 18:31:20\')', 0)
 2 SYSTEMPATH/Database/BaseConnection.php(666): CodeIgniter\Database\MySQLi\Connection->execute('INSERT INTO `event` (`title`, `description`, `day_of_week`, `start_time`, `end_time`, `location`, `organizer`, `email`, `contact_number`, `tags`, `created_at`, `updated_at`) VALUES (\'event 3\', \'an interesting event\', \'Monday\', \'08:30\', \'09:31\', \'\', \'tiffany\', \'bbtiffanychan@gmail.com\', \'11112222\', (\'\'), \'2023-11-21 18:31:20\', \'2023-11-21 18:31:20\')')
 3 SYSTEMPATH/Database/BaseConnection.php(593): CodeIgniter\Database\BaseConnection->simpleQuery('INSERT INTO `event` (`title`, `description`, `day_of_week`, `start_time`, `end_time`, `location`, `organizer`, `email`, `contact_number`, `tags`, `created_at`, `updated_at`) VALUES (\'event 3\', \'an interesting event\', \'Monday\', \'08:30\', \'09:31\', \'\', \'tiffany\', \'bbtiffanychan@gmail.com\', \'11112222\', (\'\'), \'2023-11-21 18:31:20\', \'2023-11-21 18:31:20\')')
 4 SYSTEMPATH/Database/BaseBuilder.php(1916): CodeIgniter\Database\BaseConnection->query('INSERT INTO `event` (`title`, `description`, `day_of_week`, `start_time`, `end_time`, `location`, `organizer`, `email`, `contact_number`, `tags`, `created_at`, `updated_at`) VALUES (:title:, :description:, :day_of_week:, :start_time:, :end_time:, :location:, :organizer:, :email:, :contact_number:, :tags:, :created_at:, :updated_at:)', [...], false)
 5 SYSTEMPATH/Model.php(279): CodeIgniter\Database\BaseBuilder->insert()
 6 SYSTEMPATH/BaseModel.php(749): CodeIgniter\Model->doInsert([...])
 7 SYSTEMPATH/Model.php(667): CodeIgniter\BaseModel->insert([...], true)
 8 APPPATH/Controllers/Events.php(54): CodeIgniter\Model->insert(Object(App\Entities\Event))
 9 SYSTEMPATH/CodeIgniter.php(927): App\Controllers\Events->create()
10 SYSTEMPATH/CodeIgniter.php(482): CodeIgniter\CodeIgniter->runController(Object(App\Controllers\Events))
11 SYSTEMPATH/CodeIgniter.php(351): CodeIgniter\CodeIgniter->handleRequest(null, Object(Config\Cache), false)
12 FCPATH/index.php(67): CodeIgniter\CodeIgniter->run()
ERROR - 2023-11-21 18:34:31 --> mysqli_sql_exception: Cannot add or update a child row: a foreign key constraint fails (`taskapp`.`event`, CONSTRAINT `event_user_id_fk` FOREIGN KEY (`user_id`) REFERENCES `user` (`id`) ON DELETE CASCADE ON UPDATE CASCADE) in /var/www/html/system/Database/MySQLi/Connection.php:292
Stack trace:
#0 /var/www/html/system/Database/MySQLi/Connection.php(292): mysqli->query('INSERT INTO `ev...', 0)
#1 /var/www/html/system/Database/BaseConnection.php(666): CodeIgniter\Database\MySQLi\Connection->execute('INSERT INTO `ev...')
#2 /var/www/html/system/Database/BaseConnection.php(593): CodeIgniter\Database\BaseConnection->simpleQuery('INSERT INTO `ev...')
#3 /var/www/html/system/Database/BaseBuilder.php(1916): CodeIgniter\Database\BaseConnection->query('INSERT INTO `ev...', Array, false)
#4 /var/www/html/system/Model.php(279): CodeIgniter\Database\BaseBuilder->insert()
#5 /var/www/html/system/BaseModel.php(749): CodeIgniter\Model->doInsert(Array)
#6 /var/www/html/system/Model.php(667): CodeIgniter\BaseModel->insert(Array, true)
#7 /var/www/html/app/Controllers/Events.php(54): CodeIgniter\Model->insert(Object(App\Entities\Event))
#8 /var/www/html/system/CodeIgniter.php(927): App\Controllers\Events->create()
#9 /var/www/html/system/CodeIgniter.php(482): CodeIgniter\CodeIgniter->runController(Object(App\Controllers\Events))
#10 /var/www/html/system/CodeIgniter.php(351): CodeIgniter\CodeIgniter->handleRequest(NULL, Object(Config\Cache), false)
#11 /var/www/html/public/index.php(67): CodeIgniter\CodeIgniter->run()
#12 {main}
CRITICAL - 2023-11-21 18:34:31 --> Cannot add or update a child row: a foreign key constraint fails (`taskapp`.`event`, CONSTRAINT `event_user_id_fk` FOREIGN KEY (`user_id`) REFERENCES `user` (`id`) ON DELETE CASCADE ON UPDATE CASCADE)
in SYSTEMPATH/Database/MySQLi/Connection.php on line 292.
 1 SYSTEMPATH/Database/MySQLi/Connection.php(292): mysqli->query('INSERT INTO `event` (`title`, `description`, `day_of_week`, `start_time`, `end_time`, `location`, `organizer`, `email`, `contact_number`, `tags`, `created_at`, `updated_at`) VALUES (\'event 3\', \'an interesting event\', \'Monday\', \'08:30\', \'09:31\', \'\', \'tiffany\', \'bbtiffanychan@gmail.com\', \'11112222\', (\'\'), \'2023-11-21 18:34:31\', \'2023-11-21 18:34:31\')', 0)
 2 SYSTEMPATH/Database/BaseConnection.php(666): CodeIgniter\Database\MySQLi\Connection->execute('INSERT INTO `event` (`title`, `description`, `day_of_week`, `start_time`, `end_time`, `location`, `organizer`, `email`, `contact_number`, `tags`, `created_at`, `updated_at`) VALUES (\'event 3\', \'an interesting event\', \'Monday\', \'08:30\', \'09:31\', \'\', \'tiffany\', \'bbtiffanychan@gmail.com\', \'11112222\', (\'\'), \'2023-11-21 18:34:31\', \'2023-11-21 18:34:31\')')
 3 SYSTEMPATH/Database/BaseConnection.php(593): CodeIgniter\Database\BaseConnection->simpleQuery('INSERT INTO `event` (`title`, `description`, `day_of_week`, `start_time`, `end_time`, `location`, `organizer`, `email`, `contact_number`, `tags`, `created_at`, `updated_at`) VALUES (\'event 3\', \'an interesting event\', \'Monday\', \'08:30\', \'09:31\', \'\', \'tiffany\', \'bbtiffanychan@gmail.com\', \'11112222\', (\'\'), \'2023-11-21 18:34:31\', \'2023-11-21 18:34:31\')')
 4 SYSTEMPATH/Database/BaseBuilder.php(1916): CodeIgniter\Database\BaseConnection->query('INSERT INTO `event` (`title`, `description`, `day_of_week`, `start_time`, `end_time`, `location`, `organizer`, `email`, `contact_number`, `tags`, `created_at`, `updated_at`) VALUES (:title:, :description:, :day_of_week:, :start_time:, :end_time:, :location:, :organizer:, :email:, :contact_number:, :tags:, :created_at:, :updated_at:)', [...], false)
 5 SYSTEMPATH/Model.php(279): CodeIgniter\Database\BaseBuilder->insert()
 6 SYSTEMPATH/BaseModel.php(749): CodeIgniter\Model->doInsert([...])
 7 SYSTEMPATH/Model.php(667): CodeIgniter\BaseModel->insert([...], true)
 8 APPPATH/Controllers/Events.php(54): CodeIgniter\Model->insert(Object(App\Entities\Event))
 9 SYSTEMPATH/CodeIgniter.php(927): App\Controllers\Events->create()
10 SYSTEMPATH/CodeIgniter.php(482): CodeIgniter\CodeIgniter->runController(Object(App\Controllers\Events))
11 SYSTEMPATH/CodeIgniter.php(351): CodeIgniter\CodeIgniter->handleRequest(null, Object(Config\Cache), false)
12 FCPATH/index.php(67): CodeIgniter\CodeIgniter->run()
ERROR - 2023-11-21 18:40:07 --> mysqli_sql_exception: Cannot add or update a child row: a foreign key constraint fails (`taskapp`.`event`, CONSTRAINT `event_user_id_fk` FOREIGN KEY (`user_id`) REFERENCES `user` (`id`) ON DELETE CASCADE ON UPDATE CASCADE) in /var/www/html/system/Database/MySQLi/Connection.php:292
Stack trace:
#0 /var/www/html/system/Database/MySQLi/Connection.php(292): mysqli->query('INSERT INTO `ev...', 0)
#1 /var/www/html/system/Database/BaseConnection.php(666): CodeIgniter\Database\MySQLi\Connection->execute('INSERT INTO `ev...')
#2 /var/www/html/system/Database/BaseConnection.php(593): CodeIgniter\Database\BaseConnection->simpleQuery('INSERT INTO `ev...')
#3 /var/www/html/system/Database/BaseBuilder.php(1916): CodeIgniter\Database\BaseConnection->query('INSERT INTO `ev...', Array, false)
#4 /var/www/html/system/Model.php(279): CodeIgniter\Database\BaseBuilder->insert()
#5 /var/www/html/system/BaseModel.php(749): CodeIgniter\Model->doInsert(Array)
#6 /var/www/html/system/Model.php(667): CodeIgniter\BaseModel->insert(Array, true)
#7 /var/www/html/app/Controllers/Events.php(54): CodeIgniter\Model->insert(Object(App\Entities\Event))
#8 /var/www/html/system/CodeIgniter.php(927): App\Controllers\Events->create()
#9 /var/www/html/system/CodeIgniter.php(482): CodeIgniter\CodeIgniter->runController(Object(App\Controllers\Events))
#10 /var/www/html/system/CodeIgniter.php(351): CodeIgniter\CodeIgniter->handleRequest(NULL, Object(Config\Cache), false)
#11 /var/www/html/public/index.php(67): CodeIgniter\CodeIgniter->run()
#12 {main}
CRITICAL - 2023-11-21 18:40:07 --> Cannot add or update a child row: a foreign key constraint fails (`taskapp`.`event`, CONSTRAINT `event_user_id_fk` FOREIGN KEY (`user_id`) REFERENCES `user` (`id`) ON DELETE CASCADE ON UPDATE CASCADE)
in SYSTEMPATH/Database/MySQLi/Connection.php on line 292.
 1 SYSTEMPATH/Database/MySQLi/Connection.php(292): mysqli->query('INSERT INTO `event` (`title`, `description`, `day_of_week`, `start_time`, `end_time`, `location`, `organizer`, `email`, `contact_number`, `tags`, `created_at`, `updated_at`) VALUES (\'event 3\', \'an interesting event\', \'Monday\', \'08:30\', \'09:31\', \'\', \'tiffany\', \'bbtiffanychan@gmail.com\', \'11112222\', (\'\'), \'2023-11-21 18:40:07\', \'2023-11-21 18:40:07\')', 0)
 2 SYSTEMPATH/Database/BaseConnection.php(666): CodeIgniter\Database\MySQLi\Connection->execute('INSERT INTO `event` (`title`, `description`, `day_of_week`, `start_time`, `end_time`, `location`, `organizer`, `email`, `contact_number`, `tags`, `created_at`, `updated_at`) VALUES (\'event 3\', \'an interesting event\', \'Monday\', \'08:30\', \'09:31\', \'\', \'tiffany\', \'bbtiffanychan@gmail.com\', \'11112222\', (\'\'), \'2023-11-21 18:40:07\', \'2023-11-21 18:40:07\')')
 3 SYSTEMPATH/Database/BaseConnection.php(593): CodeIgniter\Database\BaseConnection->simpleQuery('INSERT INTO `event` (`title`, `description`, `day_of_week`, `start_time`, `end_time`, `location`, `organizer`, `email`, `contact_number`, `tags`, `created_at`, `updated_at`) VALUES (\'event 3\', \'an interesting event\', \'Monday\', \'08:30\', \'09:31\', \'\', \'tiffany\', \'bbtiffanychan@gmail.com\', \'11112222\', (\'\'), \'2023-11-21 18:40:07\', \'2023-11-21 18:40:07\')')
 4 SYSTEMPATH/Database/BaseBuilder.php(1916): CodeIgniter\Database\BaseConnection->query('INSERT INTO `event` (`title`, `description`, `day_of_week`, `start_time`, `end_time`, `location`, `organizer`, `email`, `contact_number`, `tags`, `created_at`, `updated_at`) VALUES (:title:, :description:, :day_of_week:, :start_time:, :end_time:, :location:, :organizer:, :email:, :contact_number:, :tags:, :created_at:, :updated_at:)', [...], false)
 5 SYSTEMPATH/Model.php(279): CodeIgniter\Database\BaseBuilder->insert()
 6 SYSTEMPATH/BaseModel.php(749): CodeIgniter\Model->doInsert([...])
 7 SYSTEMPATH/Model.php(667): CodeIgniter\BaseModel->insert([...], true)
 8 APPPATH/Controllers/Events.php(54): CodeIgniter\Model->insert(Object(App\Entities\Event))
 9 SYSTEMPATH/CodeIgniter.php(927): App\Controllers\Events->create()
10 SYSTEMPATH/CodeIgniter.php(482): CodeIgniter\CodeIgniter->runController(Object(App\Controllers\Events))
11 SYSTEMPATH/CodeIgniter.php(351): CodeIgniter\CodeIgniter->handleRequest(null, Object(Config\Cache), false)
12 FCPATH/index.php(67): CodeIgniter\CodeIgniter->run()
ERROR - 2023-11-21 18:40:13 --> mysqli_sql_exception: Cannot add or update a child row: a foreign key constraint fails (`taskapp`.`event`, CONSTRAINT `event_user_id_fk` FOREIGN KEY (`user_id`) REFERENCES `user` (`id`) ON DELETE CASCADE ON UPDATE CASCADE) in /var/www/html/system/Database/MySQLi/Connection.php:292
Stack trace:
#0 /var/www/html/system/Database/MySQLi/Connection.php(292): mysqli->query('INSERT INTO `ev...', 0)
#1 /var/www/html/system/Database/BaseConnection.php(666): CodeIgniter\Database\MySQLi\Connection->execute('INSERT INTO `ev...')
#2 /var/www/html/system/Database/BaseConnection.php(593): CodeIgniter\Database\BaseConnection->simpleQuery('INSERT INTO `ev...')
#3 /var/www/html/system/Database/BaseBuilder.php(1916): CodeIgniter\Database\BaseConnection->query('INSERT INTO `ev...', Array, false)
#4 /var/www/html/system/Model.php(279): CodeIgniter\Database\BaseBuilder->insert()
#5 /var/www/html/system/BaseModel.php(749): CodeIgniter\Model->doInsert(Array)
#6 /var/www/html/system/Model.php(667): CodeIgniter\BaseModel->insert(Array, true)
#7 /var/www/html/app/Controllers/Events.php(54): CodeIgniter\Model->insert(Object(App\Entities\Event))
#8 /var/www/html/system/CodeIgniter.php(927): App\Controllers\Events->create()
#9 /var/www/html/system/CodeIgniter.php(482): CodeIgniter\CodeIgniter->runController(Object(App\Controllers\Events))
#10 /var/www/html/system/CodeIgniter.php(351): CodeIgniter\CodeIgniter->handleRequest(NULL, Object(Config\Cache), false)
#11 /var/www/html/public/index.php(67): CodeIgniter\CodeIgniter->run()
#12 {main}
CRITICAL - 2023-11-21 18:40:13 --> Cannot add or update a child row: a foreign key constraint fails (`taskapp`.`event`, CONSTRAINT `event_user_id_fk` FOREIGN KEY (`user_id`) REFERENCES `user` (`id`) ON DELETE CASCADE ON UPDATE CASCADE)
in SYSTEMPATH/Database/MySQLi/Connection.php on line 292.
 1 SYSTEMPATH/Database/MySQLi/Connection.php(292): mysqli->query('INSERT INTO `event` (`title`, `description`, `day_of_week`, `start_time`, `end_time`, `location`, `organizer`, `email`, `contact_number`, `tags`, `created_at`, `updated_at`) VALUES (\'event 3\', \'an interesting event\', \'Monday\', \'08:30\', \'09:31\', \'\', \'tiffany\', \'bbtiffanychan@gmail.com\', \'11112222\', (\'\'), \'2023-11-21 18:40:13\', \'2023-11-21 18:40:13\')', 0)
 2 SYSTEMPATH/Database/BaseConnection.php(666): CodeIgniter\Database\MySQLi\Connection->execute('INSERT INTO `event` (`title`, `description`, `day_of_week`, `start_time`, `end_time`, `location`, `organizer`, `email`, `contact_number`, `tags`, `created_at`, `updated_at`) VALUES (\'event 3\', \'an interesting event\', \'Monday\', \'08:30\', \'09:31\', \'\', \'tiffany\', \'bbtiffanychan@gmail.com\', \'11112222\', (\'\'), \'2023-11-21 18:40:13\', \'2023-11-21 18:40:13\')')
 3 SYSTEMPATH/Database/BaseConnection.php(593): CodeIgniter\Database\BaseConnection->simpleQuery('INSERT INTO `event` (`title`, `description`, `day_of_week`, `start_time`, `end_time`, `location`, `organizer`, `email`, `contact_number`, `tags`, `created_at`, `updated_at`) VALUES (\'event 3\', \'an interesting event\', \'Monday\', \'08:30\', \'09:31\', \'\', \'tiffany\', \'bbtiffanychan@gmail.com\', \'11112222\', (\'\'), \'2023-11-21 18:40:13\', \'2023-11-21 18:40:13\')')
 4 SYSTEMPATH/Database/BaseBuilder.php(1916): CodeIgniter\Database\BaseConnection->query('INSERT INTO `event` (`title`, `description`, `day_of_week`, `start_time`, `end_time`, `location`, `organizer`, `email`, `contact_number`, `tags`, `created_at`, `updated_at`) VALUES (:title:, :description:, :day_of_week:, :start_time:, :end_time:, :location:, :organizer:, :email:, :contact_number:, :tags:, :created_at:, :updated_at:)', [...], false)
 5 SYSTEMPATH/Model.php(279): CodeIgniter\Database\BaseBuilder->insert()
 6 SYSTEMPATH/BaseModel.php(749): CodeIgniter\Model->doInsert([...])
 7 SYSTEMPATH/Model.php(667): CodeIgniter\BaseModel->insert([...], true)
 8 APPPATH/Controllers/Events.php(54): CodeIgniter\Model->insert(Object(App\Entities\Event))
 9 SYSTEMPATH/CodeIgniter.php(927): App\Controllers\Events->create()
10 SYSTEMPATH/CodeIgniter.php(482): CodeIgniter\CodeIgniter->runController(Object(App\Controllers\Events))
11 SYSTEMPATH/CodeIgniter.php(351): CodeIgniter\CodeIgniter->handleRequest(null, Object(Config\Cache), false)
12 FCPATH/index.php(67): CodeIgniter\CodeIgniter->run()
ERROR - 2023-11-21 18:41:33 --> mysqli_sql_exception: Cannot add or update a child row: a foreign key constraint fails (`taskapp`.`event`, CONSTRAINT `event_user_id_fk` FOREIGN KEY (`user_id`) REFERENCES `user` (`id`) ON DELETE CASCADE ON UPDATE CASCADE) in /var/www/html/system/Database/MySQLi/Connection.php:292
Stack trace:
#0 /var/www/html/system/Database/MySQLi/Connection.php(292): mysqli->query('INSERT INTO `ev...', 0)
#1 /var/www/html/system/Database/BaseConnection.php(666): CodeIgniter\Database\MySQLi\Connection->execute('INSERT INTO `ev...')
#2 /var/www/html/system/Database/BaseConnection.php(593): CodeIgniter\Database\BaseConnection->simpleQuery('INSERT INTO `ev...')
#3 /var/www/html/system/Database/BaseBuilder.php(1916): CodeIgniter\Database\BaseConnection->query('INSERT INTO `ev...', Array, false)
#4 /var/www/html/system/Model.php(279): CodeIgniter\Database\BaseBuilder->insert()
#5 /var/www/html/system/BaseModel.php(749): CodeIgniter\Model->doInsert(Array)
#6 /var/www/html/system/Model.php(667): CodeIgniter\BaseModel->insert(Array, true)
#7 /var/www/html/app/Controllers/Events.php(54): CodeIgniter\Model->insert(Object(App\Entities\Event))
#8 /var/www/html/system/CodeIgniter.php(927): App\Controllers\Events->create()
#9 /var/www/html/system/CodeIgniter.php(482): CodeIgniter\CodeIgniter->runController(Object(App\Controllers\Events))
#10 /var/www/html/system/CodeIgniter.php(351): CodeIgniter\CodeIgniter->handleRequest(NULL, Object(Config\Cache), false)
#11 /var/www/html/public/index.php(67): CodeIgniter\CodeIgniter->run()
#12 {main}
CRITICAL - 2023-11-21 18:41:33 --> Cannot add or update a child row: a foreign key constraint fails (`taskapp`.`event`, CONSTRAINT `event_user_id_fk` FOREIGN KEY (`user_id`) REFERENCES `user` (`id`) ON DELETE CASCADE ON UPDATE CASCADE)
in SYSTEMPATH/Database/MySQLi/Connection.php on line 292.
 1 SYSTEMPATH/Database/MySQLi/Connection.php(292): mysqli->query('INSERT INTO `event` (`title`, `description`, `day_of_week`, `start_time`, `end_time`, `location`, `organizer`, `email`, `contact_number`, `tags`, `created_at`, `updated_at`) VALUES (\'event 3\', \'an interesting event\', \'Monday\', \'08:30\', \'09:31\', \'\', \'tiffany\', \'bbtiffanychan@gmail.com\', \'11112222\', (\'\'), \'2023-11-21 18:41:33\', \'2023-11-21 18:41:33\')', 0)
 2 SYSTEMPATH/Database/BaseConnection.php(666): CodeIgniter\Database\MySQLi\Connection->execute('INSERT INTO `event` (`title`, `description`, `day_of_week`, `start_time`, `end_time`, `location`, `organizer`, `email`, `contact_number`, `tags`, `created_at`, `updated_at`) VALUES (\'event 3\', \'an interesting event\', \'Monday\', \'08:30\', \'09:31\', \'\', \'tiffany\', \'bbtiffanychan@gmail.com\', \'11112222\', (\'\'), \'2023-11-21 18:41:33\', \'2023-11-21 18:41:33\')')
 3 SYSTEMPATH/Database/BaseConnection.php(593): CodeIgniter\Database\BaseConnection->simpleQuery('INSERT INTO `event` (`title`, `description`, `day_of_week`, `start_time`, `end_time`, `location`, `organizer`, `email`, `contact_number`, `tags`, `created_at`, `updated_at`) VALUES (\'event 3\', \'an interesting event\', \'Monday\', \'08:30\', \'09:31\', \'\', \'tiffany\', \'bbtiffanychan@gmail.com\', \'11112222\', (\'\'), \'2023-11-21 18:41:33\', \'2023-11-21 18:41:33\')')
 4 SYSTEMPATH/Database/BaseBuilder.php(1916): CodeIgniter\Database\BaseConnection->query('INSERT INTO `event` (`title`, `description`, `day_of_week`, `start_time`, `end_time`, `location`, `organizer`, `email`, `contact_number`, `tags`, `created_at`, `updated_at`) VALUES (:title:, :description:, :day_of_week:, :start_time:, :end_time:, :location:, :organizer:, :email:, :contact_number:, :tags:, :created_at:, :updated_at:)', [...], false)
 5 SYSTEMPATH/Model.php(279): CodeIgniter\Database\BaseBuilder->insert()
 6 SYSTEMPATH/BaseModel.php(749): CodeIgniter\Model->doInsert([...])
 7 SYSTEMPATH/Model.php(667): CodeIgniter\BaseModel->insert([...], true)
 8 APPPATH/Controllers/Events.php(54): CodeIgniter\Model->insert(Object(App\Entities\Event))
 9 SYSTEMPATH/CodeIgniter.php(927): App\Controllers\Events->create()
10 SYSTEMPATH/CodeIgniter.php(482): CodeIgniter\CodeIgniter->runController(Object(App\Controllers\Events))
11 SYSTEMPATH/CodeIgniter.php(351): CodeIgniter\CodeIgniter->handleRequest(null, Object(Config\Cache), false)
12 FCPATH/index.php(67): CodeIgniter\CodeIgniter->run()
