CRITICAL - 2023-07-20 03:07:57 --> Invalid file: Login/new.php
in SYSTEMPATH/Exceptions/FrameworkException.php on line 33.
 1 SYSTEMPATH/View/View.php(201): CodeIgniter\Exceptions\FrameworkException::forInvalidFile('Login/new.php')
 2 SYSTEMPATH/Common.php(1134): CodeIgniter\View\View->render('Login/new', [], true)
 3 APPPATH/Controllers/Login.php(9): view('Login/new')
 4 SYSTEMPATH/CodeIgniter.php(927): App\Controllers\Login->new()
 5 SYSTEMPATH/CodeIgniter.php(482): CodeIgniter\CodeIgniter->runController(Object(App\Controllers\Login))
 6 SYSTEMPATH/CodeIgniter.php(351): CodeIgniter\CodeIgniter->handleRequest(null, Object(Config\Cache), false)
 7 FCPATH/index.php(67): CodeIgniter\CodeIgniter->run()
CRITICAL - 2023-07-20 03:08:08 --> Invalid file: Login/new.php
in SYSTEMPATH/Exceptions/FrameworkException.php on line 33.
 1 SYSTEMPATH/View/View.php(201): CodeIgniter\Exceptions\FrameworkException::forInvalidFile('Login/new.php')
 2 SYSTEMPATH/Common.php(1134): CodeIgniter\View\View->render('Login/new', [], true)
 3 APPPATH/Controllers/Login.php(9): view('Login/new')
 4 SYSTEMPATH/CodeIgniter.php(927): App\Controllers\Login->new()
 5 SYSTEMPATH/CodeIgniter.php(482): CodeIgniter\CodeIgniter->runController(Object(App\Controllers\Login))
 6 SYSTEMPATH/CodeIgniter.php(351): CodeIgniter\CodeIgniter->handleRequest(null, Object(Config\Cache), false)
 7 FCPATH/index.php(67): CodeIgniter\CodeIgniter->run()
CRITICAL - 2023-07-20 03:09:23 --> Invalid file: layouts/defualt.php
in SYSTEMPATH/Exceptions/FrameworkException.php on line 33.
 1 SYSTEMPATH/View/View.php(201): CodeIgniter\Exceptions\FrameworkException::forInvalidFile('layouts/defualt.php')
 2 SYSTEMPATH/View/View.php(229): CodeIgniter\View\View->render('layouts/defualt', [], true)
 3 SYSTEMPATH/Common.php(1134): CodeIgniter\View\View->render('Login/new', [], true)
 4 APPPATH/Controllers/Login.php(9): view('Login/new')
 5 SYSTEMPATH/CodeIgniter.php(927): App\Controllers\Login->new()
 6 SYSTEMPATH/CodeIgniter.php(482): CodeIgniter\CodeIgniter->runController(Object(App\Controllers\Login))
 7 SYSTEMPATH/CodeIgniter.php(351): CodeIgniter\CodeIgniter->handleRequest(null, Object(Config\Cache), false)
 8 FCPATH/index.php(67): CodeIgniter\CodeIgniter->run()
CRITICAL - 2023-07-20 03:09:27 --> Invalid file: layouts/defualt.php
in SYSTEMPATH/Exceptions/FrameworkException.php on line 33.
 1 SYSTEMPATH/View/View.php(201): CodeIgniter\Exceptions\FrameworkException::forInvalidFile('layouts/defualt.php')
 2 SYSTEMPATH/View/View.php(229): CodeIgniter\View\View->render('layouts/defualt', [], true)
 3 SYSTEMPATH/Common.php(1134): CodeIgniter\View\View->render('Login/new', [], true)
 4 APPPATH/Controllers/Login.php(9): view('Login/new')
 5 SYSTEMPATH/CodeIgniter.php(927): App\Controllers\Login->new()
 6 SYSTEMPATH/CodeIgniter.php(482): CodeIgniter\CodeIgniter->runController(Object(App\Controllers\Login))
 7 SYSTEMPATH/CodeIgniter.php(351): CodeIgniter\CodeIgniter->handleRequest(null, Object(Config\Cache), false)
 8 FCPATH/index.php(67): CodeIgniter\CodeIgniter->run()
CRITICAL - 2023-07-20 03:15:27 --> Undefined variable $user
in APPPATH/Controllers/Login.php on line 22.
 1 APPPATH/Controllers/Login.php(22): CodeIgniter\Debug\Exceptions->errorHandler(2, 'Undefined variable $user', 'APPPATH/Controllers/Login.php', 22)
 2 SYSTEMPATH/CodeIgniter.php(927): App\Controllers\Login->create()
 3 SYSTEMPATH/CodeIgniter.php(482): CodeIgniter\CodeIgniter->runController(Object(App\Controllers\Login))
 4 SYSTEMPATH/CodeIgniter.php(351): CodeIgniter\CodeIgniter->handleRequest(null, Object(Config\Cache), false)
 5 FCPATH/index.php(67): CodeIgniter\CodeIgniter->run()
CRITICAL - 2023-07-20 03:25:06 --> Call to undefined function sesion()
in APPPATH/Views/Home/index.php on line 13.
 1 SYSTEMPATH/View/View.php(213): include()
 2 SYSTEMPATH/View/View.php(216): CodeIgniter\View\View->CodeIgniter\View\{closure}()
 3 SYSTEMPATH/Common.php(1134): CodeIgniter\View\View->render('Home/index', [], true)
 4 APPPATH/Controllers/Home.php(9): view('Home/index')
 5 SYSTEMPATH/CodeIgniter.php(927): App\Controllers\Home->index()
 6 SYSTEMPATH/CodeIgniter.php(482): CodeIgniter\CodeIgniter->runController(Object(App\Controllers\Home))
 7 SYSTEMPATH/CodeIgniter.php(351): CodeIgniter\CodeIgniter->handleRequest(null, Object(Config\Cache), false)
 8 FCPATH/index.php(67): CodeIgniter\CodeIgniter->run()
CRITICAL - 2023-07-20 03:39:10 --> Call to undefined method CodeIgniter\Session\Session::destory()
in APPPATH/Controllers/Login.php on line 53.
 1 SYSTEMPATH/CodeIgniter.php(927): App\Controllers\Login->delete()
 2 SYSTEMPATH/CodeIgniter.php(482): CodeIgniter\CodeIgniter->runController(Object(App\Controllers\Login))
 3 SYSTEMPATH/CodeIgniter.php(351): CodeIgniter\CodeIgniter->handleRequest(null, Object(Config\Cache), false)
 4 FCPATH/index.php(67): CodeIgniter\CodeIgniter->run()
CRITICAL - 2023-07-20 07:03:41 --> Class "App\Libaries\Authentication" not found
in APPPATH/Controllers/Login.php on line 17.
 1 SYSTEMPATH/CodeIgniter.php(927): App\Controllers\Login->create()
 2 SYSTEMPATH/CodeIgniter.php(482): CodeIgniter\CodeIgniter->runController(Object(App\Controllers\Login))
 3 SYSTEMPATH/CodeIgniter.php(351): CodeIgniter\CodeIgniter->handleRequest(null, Object(Config\Cache), false)
 4 FCPATH/index.php(67): CodeIgniter\CodeIgniter->run()
CRITICAL - 2023-07-20 07:12:23 --> Undefined variable $auth
in APPPATH/Helpers/auth_helper.php on line 9.
 1 APPPATH/Helpers/auth_helper.php(9): CodeIgniter\Debug\Exceptions->errorHandler(2, 'Undefined variable $auth', 'APPPATH/Helpers/auth_helper.php', 9)
 2 APPPATH/Views/Home/index.php(15): current_user()
 3 SYSTEMPATH/View/View.php(213): include('APPPATH/Views/Home/index.php')
 4 SYSTEMPATH/View/View.php(216): CodeIgniter\View\View->CodeIgniter\View\{closure}()
 5 SYSTEMPATH/Common.php(1134): CodeIgniter\View\View->render('Home/index', [], true)
 6 APPPATH/Controllers/Home.php(9): view('Home/index')
 7 SYSTEMPATH/CodeIgniter.php(927): App\Controllers\Home->index()
 8 SYSTEMPATH/CodeIgniter.php(482): CodeIgniter\CodeIgniter->runController(Object(App\Controllers\Home))
 9 SYSTEMPATH/CodeIgniter.php(351): CodeIgniter\CodeIgniter->handleRequest(null, Object(Config\Cache), false)
10 FCPATH/index.php(67): CodeIgniter\CodeIgniter->run()
CRITICAL - 2023-07-20 07:12:43 --> Attempt to read property "name" on null
in APPPATH/Views/Home/index.php on line 15.
 1 APPPATH/Views/Home/index.php(15): CodeIgniter\Debug\Exceptions->errorHandler(2, 'Attempt to read property "name" on null', 'APPPATH/Views/Home/index.php', 15)
 2 SYSTEMPATH/View/View.php(213): include('APPPATH/Views/Home/index.php')
 3 SYSTEMPATH/View/View.php(216): CodeIgniter\View\View->CodeIgniter\View\{closure}()
 4 SYSTEMPATH/Common.php(1134): CodeIgniter\View\View->render('Home/index', [], true)
 5 APPPATH/Controllers/Home.php(9): view('Home/index')
 6 SYSTEMPATH/CodeIgniter.php(927): App\Controllers\Home->index()
 7 SYSTEMPATH/CodeIgniter.php(482): CodeIgniter\CodeIgniter->runController(Object(App\Controllers\Home))
 8 SYSTEMPATH/CodeIgniter.php(351): CodeIgniter\CodeIgniter->handleRequest(null, Object(Config\Cache), false)
 9 FCPATH/index.php(67): CodeIgniter\CodeIgniter->run()
