CRITICAL - 2023-12-18 08:00:25 --> in_array(): Argument #2 ($haystack) must be of type array, string given
in APPPATH/Views/Events/form.php on line 112.
 1 APPPATH/Views/Events/form.php(112): in_array('online', 'online,casual chat,banking,accounting,social welfare,others')
 2 SYSTEMPATH/View/View.php(213): include('APPPATH/Views/Events/form.php')
 3 SYSTEMPATH/View/View.php(216): CodeIgniter\View\View->CodeIgniter\View\{closure}()
 4 SYSTEMPATH/View/View.php(431): CodeIgniter\View\View->render('Events/form', null, true)
 5 APPPATH/Views/Events/edit.php(12): CodeIgniter\View\View->include('Events/form')
 6 SYSTEMPATH/View/View.php(213): include('APPPATH/Views/Events/edit.php')
 7 SYSTEMPATH/View/View.php(216): CodeIgniter\View\View->CodeIgniter\View\{closure}()
 8 SYSTEMPATH/Common.php(1134): CodeIgniter\View\View->render('Events/edit', [], true)
 9 APPPATH/Controllers/Events.php(76): view('Events/edit', [...])
10 SYSTEMPATH/CodeIgniter.php(927): App\Controllers\Events->edit('2')
11 SYSTEMPATH/CodeIgniter.php(482): CodeIgniter\CodeIgniter->runController(Object(App\Controllers\Events))
12 SYSTEMPATH/CodeIgniter.php(351): CodeIgniter\CodeIgniter->handleRequest(null, Object(Config\Cache), false)
13 FCPATH/index.php(67): CodeIgniter\CodeIgniter->run()
CRITICAL - 2023-12-18 08:01:52 --> in_array(): Argument #2 ($haystack) must be of type array, string given
in APPPATH/Views/Events/form.php on line 111.
 1 APPPATH/Views/Events/form.php(111): in_array('online', 'online,casual chat,banking,accounting,social welfare,others')
 2 SYSTEMPATH/View/View.php(213): include('APPPATH/Views/Events/form.php')
 3 SYSTEMPATH/View/View.php(216): CodeIgniter\View\View->CodeIgniter\View\{closure}()
 4 SYSTEMPATH/View/View.php(431): CodeIgniter\View\View->render('Events/form', null, true)
 5 APPPATH/Views/Events/edit.php(12): CodeIgniter\View\View->include('Events/form')
 6 SYSTEMPATH/View/View.php(213): include('APPPATH/Views/Events/edit.php')
 7 SYSTEMPATH/View/View.php(216): CodeIgniter\View\View->CodeIgniter\View\{closure}()
 8 SYSTEMPATH/Common.php(1134): CodeIgniter\View\View->render('Events/edit', [], true)
 9 APPPATH/Controllers/Events.php(76): view('Events/edit', [...])
10 SYSTEMPATH/CodeIgniter.php(927): App\Controllers\Events->edit('2')
11 SYSTEMPATH/CodeIgniter.php(482): CodeIgniter\CodeIgniter->runController(Object(App\Controllers\Events))
12 SYSTEMPATH/CodeIgniter.php(351): CodeIgniter\CodeIgniter->handleRequest(null, Object(Config\Cache), false)
13 FCPATH/index.php(67): CodeIgniter\CodeIgniter->run()
CRITICAL - 2023-12-18 08:02:59 --> in_array(): Argument #2 ($haystack) must be of type array, string given
in APPPATH/Views/Events/form.php on line 111.
 1 APPPATH/Views/Events/form.php(111): in_array('online', 'online,casual chat,banking,accounting,social welfare,others')
 2 SYSTEMPATH/View/View.php(213): include('APPPATH/Views/Events/form.php')
 3 SYSTEMPATH/View/View.php(216): CodeIgniter\View\View->CodeIgniter\View\{closure}()
 4 SYSTEMPATH/View/View.php(431): CodeIgniter\View\View->render('Events/form', null, true)
 5 APPPATH/Views/Events/edit.php(12): CodeIgniter\View\View->include('Events/form')
 6 SYSTEMPATH/View/View.php(213): include('APPPATH/Views/Events/edit.php')
 7 SYSTEMPATH/View/View.php(216): CodeIgniter\View\View->CodeIgniter\View\{closure}()
 8 SYSTEMPATH/Common.php(1134): CodeIgniter\View\View->render('Events/edit', [], true)
 9 APPPATH/Controllers/Events.php(76): view('Events/edit', [...])
10 SYSTEMPATH/CodeIgniter.php(927): App\Controllers\Events->edit('2')
11 SYSTEMPATH/CodeIgniter.php(482): CodeIgniter\CodeIgniter->runController(Object(App\Controllers\Events))
12 SYSTEMPATH/CodeIgniter.php(351): CodeIgniter\CodeIgniter->handleRequest(null, Object(Config\Cache), false)
13 FCPATH/index.php(67): CodeIgniter\CodeIgniter->run()
CRITICAL - 2023-12-18 08:04:43 --> in_array(): Argument #2 ($haystack) must be of type array, string given
in APPPATH/Views/Events/form.php on line 112.
 1 APPPATH/Views/Events/form.php(112): in_array('online', 'online,casual chat,banking,accounting,social welfare,others')
 2 SYSTEMPATH/View/View.php(213): include('APPPATH/Views/Events/form.php')
 3 SYSTEMPATH/View/View.php(216): CodeIgniter\View\View->CodeIgniter\View\{closure}()
 4 SYSTEMPATH/View/View.php(431): CodeIgniter\View\View->render('Events/form', null, true)
 5 APPPATH/Views/Events/edit.php(12): CodeIgniter\View\View->include('Events/form')
 6 SYSTEMPATH/View/View.php(213): include('APPPATH/Views/Events/edit.php')
 7 SYSTEMPATH/View/View.php(216): CodeIgniter\View\View->CodeIgniter\View\{closure}()
 8 SYSTEMPATH/Common.php(1134): CodeIgniter\View\View->render('Events/edit', [], true)
 9 APPPATH/Controllers/Events.php(76): view('Events/edit', [...])
10 SYSTEMPATH/CodeIgniter.php(927): App\Controllers\Events->edit('2')
11 SYSTEMPATH/CodeIgniter.php(482): CodeIgniter\CodeIgniter->runController(Object(App\Controllers\Events))
12 SYSTEMPATH/CodeIgniter.php(351): CodeIgniter\CodeIgniter->handleRequest(null, Object(Config\Cache), false)
13 FCPATH/index.php(67): CodeIgniter\CodeIgniter->run()
CRITICAL - 2023-12-18 08:04:47 --> in_array(): Argument #2 ($haystack) must be of type array, string given
in APPPATH/Views/Events/form.php on line 112.
 1 APPPATH/Views/Events/form.php(112): in_array('online', 'online,casual chat,banking,accounting,social welfare,others')
 2 SYSTEMPATH/View/View.php(213): include('APPPATH/Views/Events/form.php')
 3 SYSTEMPATH/View/View.php(216): CodeIgniter\View\View->CodeIgniter\View\{closure}()
 4 SYSTEMPATH/View/View.php(431): CodeIgniter\View\View->render('Events/form', null, true)
 5 APPPATH/Views/Events/edit.php(12): CodeIgniter\View\View->include('Events/form')
 6 SYSTEMPATH/View/View.php(213): include('APPPATH/Views/Events/edit.php')
 7 SYSTEMPATH/View/View.php(216): CodeIgniter\View\View->CodeIgniter\View\{closure}()
 8 SYSTEMPATH/Common.php(1134): CodeIgniter\View\View->render('Events/edit', [], true)
 9 APPPATH/Controllers/Events.php(76): view('Events/edit', [...])
10 SYSTEMPATH/CodeIgniter.php(927): App\Controllers\Events->edit('2')
11 SYSTEMPATH/CodeIgniter.php(482): CodeIgniter\CodeIgniter->runController(Object(App\Controllers\Events))
12 SYSTEMPATH/CodeIgniter.php(351): CodeIgniter\CodeIgniter->handleRequest(null, Object(Config\Cache), false)
13 FCPATH/index.php(67): CodeIgniter\CodeIgniter->run()
CRITICAL - 2023-12-18 08:04:53 --> in_array(): Argument #2 ($haystack) must be of type array, string given
in APPPATH/Views/Events/form.php on line 112.
 1 APPPATH/Views/Events/form.php(112): in_array('online', 'online,casual chat,banking,accounting,social welfare,others')
 2 SYSTEMPATH/View/View.php(213): include('APPPATH/Views/Events/form.php')
 3 SYSTEMPATH/View/View.php(216): CodeIgniter\View\View->CodeIgniter\View\{closure}()
 4 SYSTEMPATH/View/View.php(431): CodeIgniter\View\View->render('Events/form', null, true)
 5 APPPATH/Views/Events/edit.php(12): CodeIgniter\View\View->include('Events/form')
 6 SYSTEMPATH/View/View.php(213): include('APPPATH/Views/Events/edit.php')
 7 SYSTEMPATH/View/View.php(216): CodeIgniter\View\View->CodeIgniter\View\{closure}()
 8 SYSTEMPATH/Common.php(1134): CodeIgniter\View\View->render('Events/edit', [], true)
 9 APPPATH/Controllers/Events.php(76): view('Events/edit', [...])
10 SYSTEMPATH/CodeIgniter.php(927): App\Controllers\Events->edit('2')
11 SYSTEMPATH/CodeIgniter.php(482): CodeIgniter\CodeIgniter->runController(Object(App\Controllers\Events))
12 SYSTEMPATH/CodeIgniter.php(351): CodeIgniter\CodeIgniter->handleRequest(null, Object(Config\Cache), false)
13 FCPATH/index.php(67): CodeIgniter\CodeIgniter->run()
CRITICAL - 2023-12-18 08:06:04 --> in_array(): Argument #2 ($haystack) must be of type array, string given
in APPPATH/Views/Events/form.php on line 111.
 1 APPPATH/Views/Events/form.php(111): in_array('online', 'online,casual chat,banking,accounting,social welfare,others')
 2 SYSTEMPATH/View/View.php(213): include('APPPATH/Views/Events/form.php')
 3 SYSTEMPATH/View/View.php(216): CodeIgniter\View\View->CodeIgniter\View\{closure}()
 4 SYSTEMPATH/View/View.php(431): CodeIgniter\View\View->render('Events/form', null, true)
 5 APPPATH/Views/Events/edit.php(12): CodeIgniter\View\View->include('Events/form')
 6 SYSTEMPATH/View/View.php(213): include('APPPATH/Views/Events/edit.php')
 7 SYSTEMPATH/View/View.php(216): CodeIgniter\View\View->CodeIgniter\View\{closure}()
 8 SYSTEMPATH/Common.php(1134): CodeIgniter\View\View->render('Events/edit', [], true)
 9 APPPATH/Controllers/Events.php(76): view('Events/edit', [...])
10 SYSTEMPATH/CodeIgniter.php(927): App\Controllers\Events->edit('2')
11 SYSTEMPATH/CodeIgniter.php(482): CodeIgniter\CodeIgniter->runController(Object(App\Controllers\Events))
12 SYSTEMPATH/CodeIgniter.php(351): CodeIgniter\CodeIgniter->handleRequest(null, Object(Config\Cache), false)
13 FCPATH/index.php(67): CodeIgniter\CodeIgniter->run()
CRITICAL - 2023-12-18 08:07:16 --> in_array(): Argument #2 ($haystack) must be of type array, string given
in APPPATH/Views/Events/form.php on line 111.
 1 APPPATH/Views/Events/form.php(111): in_array('online', 'online,casual chat,banking,accounting,social welfare,others')
 2 SYSTEMPATH/View/View.php(213): include('APPPATH/Views/Events/form.php')
 3 SYSTEMPATH/View/View.php(216): CodeIgniter\View\View->CodeIgniter\View\{closure}()
 4 SYSTEMPATH/View/View.php(431): CodeIgniter\View\View->render('Events/form', null, true)
 5 APPPATH/Views/Events/edit.php(12): CodeIgniter\View\View->include('Events/form')
 6 SYSTEMPATH/View/View.php(213): include('APPPATH/Views/Events/edit.php')
 7 SYSTEMPATH/View/View.php(216): CodeIgniter\View\View->CodeIgniter\View\{closure}()
 8 SYSTEMPATH/Common.php(1134): CodeIgniter\View\View->render('Events/edit', [], true)
 9 APPPATH/Controllers/Events.php(76): view('Events/edit', [...])
10 SYSTEMPATH/CodeIgniter.php(927): App\Controllers\Events->edit('2')
11 SYSTEMPATH/CodeIgniter.php(482): CodeIgniter\CodeIgniter->runController(Object(App\Controllers\Events))
12 SYSTEMPATH/CodeIgniter.php(351): CodeIgniter\CodeIgniter->handleRequest(null, Object(Config\Cache), false)
13 FCPATH/index.php(67): CodeIgniter\CodeIgniter->run()
CRITICAL - 2023-12-18 08:08:40 --> in_array(): Argument #2 ($haystack) must be of type array, string given
in APPPATH/Views/Events/form.php on line 111.
 1 APPPATH/Views/Events/form.php(111): in_array('online', 'online,casual chat,banking,accounting,social welfare,others')
 2 SYSTEMPATH/View/View.php(213): include('APPPATH/Views/Events/form.php')
 3 SYSTEMPATH/View/View.php(216): CodeIgniter\View\View->CodeIgniter\View\{closure}()
 4 SYSTEMPATH/View/View.php(431): CodeIgniter\View\View->render('Events/form', null, true)
 5 APPPATH/Views/Events/edit.php(12): CodeIgniter\View\View->include('Events/form')
 6 SYSTEMPATH/View/View.php(213): include('APPPATH/Views/Events/edit.php')
 7 SYSTEMPATH/View/View.php(216): CodeIgniter\View\View->CodeIgniter\View\{closure}()
 8 SYSTEMPATH/Common.php(1134): CodeIgniter\View\View->render('Events/edit', [], true)
 9 APPPATH/Controllers/Events.php(76): view('Events/edit', [...])
10 SYSTEMPATH/CodeIgniter.php(927): App\Controllers\Events->edit('2')
11 SYSTEMPATH/CodeIgniter.php(482): CodeIgniter\CodeIgniter->runController(Object(App\Controllers\Events))
12 SYSTEMPATH/CodeIgniter.php(351): CodeIgniter\CodeIgniter->handleRequest(null, Object(Config\Cache), false)
13 FCPATH/index.php(67): CodeIgniter\CodeIgniter->run()
