CRITICAL - 2023-04-13 06:19:58 --> Call to undefined method CodeIgniter\View\View::inculde()
in APPPATH/Views/Tasks/edit.php on line 19.
 1 SYSTEMPATH/View/View.php(213): include()
 2 SYSTEMPATH/View/View.php(216): CodeIgniter\View\View->CodeIgniter\View\{closure}()
 3 SYSTEMPATH/Common.php(1134): CodeIgniter\View\View->render('Tasks/edit', [], true)
 4 APPPATH/Controllers/Tasks.php(64): view('Tasks/edit', [...])
 5 SYSTEMPATH/CodeIgniter.php(927): App\Controllers\Tasks->edit('2')
 6 SYSTEMPATH/CodeIgniter.php(482): CodeIgniter\CodeIgniter->runController(Object(App\Controllers\Tasks))
 7 SYSTEMPATH/CodeIgniter.php(351): CodeIgniter\CodeIgniter->handleRequest(null, Object(Config\Cache), false)
 8 FCPATH/index.php(67): CodeIgniter\CodeIgniter->run()
CRITICAL - 2023-04-13 06:22:00 --> Undefined variable $task
in APPPATH/Views/Tasks/form.php on line 4.
 1 APPPATH/Views/Tasks/form.php(4): CodeIgniter\Debug\Exceptions->errorHandler(2, 'Undefined variable $task', 'APPPATH/Views/Tasks/form.php', 4)
 2 SYSTEMPATH/View/View.php(213): include('APPPATH/Views/Tasks/form.php')
 3 SYSTEMPATH/View/View.php(216): CodeIgniter\View\View->CodeIgniter\View\{closure}()
 4 SYSTEMPATH/View/View.php(431): CodeIgniter\View\View->render('Tasks/form', null, true)
 5 APPPATH/Views/Tasks/new.php(19): CodeIgniter\View\View->include('Tasks/form')
 6 SYSTEMPATH/View/View.php(213): include('APPPATH/Views/Tasks/new.php')
 7 SYSTEMPATH/View/View.php(216): CodeIgniter\View\View->CodeIgniter\View\{closure}()
 8 SYSTEMPATH/Common.php(1134): CodeIgniter\View\View->render('Tasks/new', [], true)
 9 APPPATH/Controllers/Tasks.php(30): view('Tasks/new')
10 SYSTEMPATH/CodeIgniter.php(927): App\Controllers\Tasks->new()
11 SYSTEMPATH/CodeIgniter.php(482): CodeIgniter\CodeIgniter->runController(Object(App\Controllers\Tasks))
12 SYSTEMPATH/CodeIgniter.php(351): CodeIgniter\CodeIgniter->handleRequest(null, Object(Config\Cache), false)
13 FCPATH/index.php(67): CodeIgniter\CodeIgniter->run()
CRITICAL - 2023-04-13 06:35:15 --> Cannot use object of type App\Entities\Task as array
in APPPATH/Views/Tasks/index.php on line 15.
 1 SYSTEMPATH/View/View.php(213): include()
 2 SYSTEMPATH/View/View.php(216): CodeIgniter\View\View->CodeIgniter\View\{closure}()
 3 SYSTEMPATH/Common.php(1134): CodeIgniter\View\View->render('Tasks/index', [], true)
 4 APPPATH/Controllers/Tasks.php(14): view('Tasks/index', [...])
 5 SYSTEMPATH/CodeIgniter.php(927): App\Controllers\Tasks->index()
 6 SYSTEMPATH/CodeIgniter.php(482): CodeIgniter\CodeIgniter->runController(Object(App\Controllers\Tasks))
 7 SYSTEMPATH/CodeIgniter.php(351): CodeIgniter\CodeIgniter->handleRequest(null, Object(Config\Cache), false)
 8 FCPATH/index.php(67): CodeIgniter\CodeIgniter->run()
CRITICAL - 2023-04-13 06:36:09 --> Cannot use object of type App\Entities\Task as array
in APPPATH/Views/Tasks/show.php on line 13.
 1 SYSTEMPATH/View/View.php(213): include()
 2 SYSTEMPATH/View/View.php(216): CodeIgniter\View\View->CodeIgniter\View\{closure}()
 3 SYSTEMPATH/Common.php(1134): CodeIgniter\View\View->render('Tasks/show', [], true)
 4 APPPATH/Controllers/Tasks.php(24): view('Tasks/show', [...])
 5 SYSTEMPATH/CodeIgniter.php(927): App\Controllers\Tasks->show('1')
 6 SYSTEMPATH/CodeIgniter.php(482): CodeIgniter\CodeIgniter->runController(Object(App\Controllers\Tasks))
 7 SYSTEMPATH/CodeIgniter.php(351): CodeIgniter\CodeIgniter->handleRequest(null, Object(Config\Cache), false)
 8 FCPATH/index.php(67): CodeIgniter\CodeIgniter->run()
CRITICAL - 2023-04-13 06:36:58 --> Cannot use object of type App\Entities\Task as array
in APPPATH/Views/Tasks/edit.php on line 17.
 1 SYSTEMPATH/View/View.php(213): include()
 2 SYSTEMPATH/View/View.php(216): CodeIgniter\View\View->CodeIgniter\View\{closure}()
 3 SYSTEMPATH/Common.php(1134): CodeIgniter\View\View->render('Tasks/edit', [], true)
 4 APPPATH/Controllers/Tasks.php(66): view('Tasks/edit', [...])
 5 SYSTEMPATH/CodeIgniter.php(927): App\Controllers\Tasks->edit('1')
 6 SYSTEMPATH/CodeIgniter.php(482): CodeIgniter\CodeIgniter->runController(Object(App\Controllers\Tasks))
 7 SYSTEMPATH/CodeIgniter.php(351): CodeIgniter\CodeIgniter->handleRequest(null, Object(Config\Cache), false)
 8 FCPATH/index.php(67): CodeIgniter\CodeIgniter->run()
CRITICAL - 2023-04-13 06:37:38 --> Attempt to read property "description" on array
in APPPATH/Views/Tasks/form.php on line 4.
 1 APPPATH/Views/Tasks/form.php(4): CodeIgniter\Debug\Exceptions->errorHandler(2, 'Attempt to read property "description" on array', 'APPPATH/Views/Tasks/form.php', 4)
 2 SYSTEMPATH/View/View.php(213): include('APPPATH/Views/Tasks/form.php')
 3 SYSTEMPATH/View/View.php(216): CodeIgniter\View\View->CodeIgniter\View\{closure}()
 4 SYSTEMPATH/View/View.php(431): CodeIgniter\View\View->render('Tasks/form', null, true)
 5 APPPATH/Views/Tasks/new.php(19): CodeIgniter\View\View->include('Tasks/form')
 6 SYSTEMPATH/View/View.php(213): include('APPPATH/Views/Tasks/new.php')
 7 SYSTEMPATH/View/View.php(216): CodeIgniter\View\View->CodeIgniter\View\{closure}()
 8 SYSTEMPATH/Common.php(1134): CodeIgniter\View\View->render('Tasks/new', [], true)
 9 APPPATH/Controllers/Tasks.php(31): view('Tasks/new', [...])
10 SYSTEMPATH/CodeIgniter.php(927): App\Controllers\Tasks->new()
11 SYSTEMPATH/CodeIgniter.php(482): CodeIgniter\CodeIgniter->runController(Object(App\Controllers\Tasks))
12 SYSTEMPATH/CodeIgniter.php(351): CodeIgniter\CodeIgniter->handleRequest(null, Object(Config\Cache), false)
13 FCPATH/index.php(67): CodeIgniter\CodeIgniter->run()
CRITICAL - 2023-04-13 11:52:00 --> Attempt to read property "id" on null
in APPPATH/Views/Tasks/show.php on line 13.
 1 APPPATH/Views/Tasks/show.php(13): CodeIgniter\Debug\Exceptions->errorHandler(2, 'Attempt to read property "id" on null', 'APPPATH/Views/Tasks/show.php', 13)
 2 SYSTEMPATH/View/View.php(213): include('APPPATH/Views/Tasks/show.php')
 3 SYSTEMPATH/View/View.php(216): CodeIgniter\View\View->CodeIgniter\View\{closure}()
 4 SYSTEMPATH/Common.php(1134): CodeIgniter\View\View->render('Tasks/show', [], true)
 5 APPPATH/Controllers/Tasks.php(26): view('Tasks/show', [...])
 6 SYSTEMPATH/CodeIgniter.php(927): App\Controllers\Tasks->show('(11)')
 7 SYSTEMPATH/CodeIgniter.php(482): CodeIgniter\CodeIgniter->runController(Object(App\Controllers\Tasks))
 8 SYSTEMPATH/CodeIgniter.php(351): CodeIgniter\CodeIgniter->handleRequest(null, Object(Config\Cache), false)
 9 FCPATH/index.php(67): CodeIgniter\CodeIgniter->run()
