ERROR - 2023-11-19 02:11:05 --> mysqli_sql_exception: Cannot add or update a child row: a foreign key constraint fails (`taskapp`.`volunteer`, CONSTRAINT `volunteer_event_id_foreign` FOREIGN KEY (`event_id`) REFERENCES `event` (`id`) ON DELETE CASCADE ON UPDATE CASCADE) in /var/www/html/system/Database/MySQLi/Connection.php:292
Stack trace:
#0 /var/www/html/system/Database/MySQLi/Connection.php(292): mysqli->query('INSERT INTO `vo...', 0)
#1 /var/www/html/system/Database/BaseConnection.php(666): CodeIgniter\Database\MySQLi\Connection->execute('INSERT INTO `vo...')
#2 /var/www/html/system/Database/BaseConnection.php(593): CodeIgniter\Database\BaseConnection->simpleQuery('INSERT INTO `vo...')
#3 /var/www/html/system/Database/BaseBuilder.php(1916): CodeIgniter\Database\BaseConnection->query('INSERT INTO `vo...', Array, false)
#4 /var/www/html/system/Model.php(279): CodeIgniter\Database\BaseBuilder->insert()
#5 /var/www/html/system/BaseModel.php(749): CodeIgniter\Model->doInsert(Array)
#6 /var/www/html/system/Model.php(667): CodeIgniter\BaseModel->insert(Array, false)
#7 /var/www/html/system/BaseModel.php(659): CodeIgniter\Model->insert(Object(App\Entities\Volunteer), false)
#8 /var/www/html/app/Controllers/Volunteers.php(39): CodeIgniter\BaseModel->save(Object(App\Entities\Volunteer))
#9 /var/www/html/system/CodeIgniter.php(927): App\Controllers\Volunteers->saveVolunteerForm('1')
#10 /var/www/html/system/CodeIgniter.php(482): CodeIgniter\CodeIgniter->runController(Object(App\Controllers\Volunteers))
#11 /var/www/html/system/CodeIgniter.php(351): CodeIgniter\CodeIgniter->handleRequest(NULL, Object(Config\Cache), false)
#12 /var/www/html/public/index.php(67): CodeIgniter\CodeIgniter->run()
#13 {main}
CRITICAL - 2023-11-19 02:11:05 --> Cannot add or update a child row: a foreign key constraint fails (`taskapp`.`volunteer`, CONSTRAINT `volunteer_event_id_foreign` FOREIGN KEY (`event_id`) REFERENCES `event` (`id`) ON DELETE CASCADE ON UPDATE CASCADE)
in SYSTEMPATH/Database/MySQLi/Connection.php on line 292.
 1 SYSTEMPATH/Database/MySQLi/Connection.php(292): mysqli->query('INSERT INTO `volunteer` (`name`, `phone`, `email`, `occupation`, `reason`, `created_at`, `updated_at`) VALUES (\'mary wong\', \'11223344\', \'mary@gmail.com\', \'banking\', \'yeaa\', \'2023-11-19 02:11:05\', \'2023-11-19 02:11:05\')', 0)
 2 SYSTEMPATH/Database/BaseConnection.php(666): CodeIgniter\Database\MySQLi\Connection->execute('INSERT INTO `volunteer` (`name`, `phone`, `email`, `occupation`, `reason`, `created_at`, `updated_at`) VALUES (\'mary wong\', \'11223344\', \'mary@gmail.com\', \'banking\', \'yeaa\', \'2023-11-19 02:11:05\', \'2023-11-19 02:11:05\')')
 3 SYSTEMPATH/Database/BaseConnection.php(593): CodeIgniter\Database\BaseConnection->simpleQuery('INSERT INTO `volunteer` (`name`, `phone`, `email`, `occupation`, `reason`, `created_at`, `updated_at`) VALUES (\'mary wong\', \'11223344\', \'mary@gmail.com\', \'banking\', \'yeaa\', \'2023-11-19 02:11:05\', \'2023-11-19 02:11:05\')')
 4 SYSTEMPATH/Database/BaseBuilder.php(1916): CodeIgniter\Database\BaseConnection->query('INSERT INTO `volunteer` (`name`, `phone`, `email`, `occupation`, `reason`, `created_at`, `updated_at`) VALUES (:name:, :phone:, :email:, :occupation:, :reason:, :created_at:, :updated_at:)', [...], false)
 5 SYSTEMPATH/Model.php(279): CodeIgniter\Database\BaseBuilder->insert()
 6 SYSTEMPATH/BaseModel.php(749): CodeIgniter\Model->doInsert([...])
 7 SYSTEMPATH/Model.php(667): CodeIgniter\BaseModel->insert([...], false)
 8 SYSTEMPATH/BaseModel.php(659): CodeIgniter\Model->insert(Object(App\Entities\Volunteer), false)
 9 APPPATH/Controllers/Volunteers.php(39): CodeIgniter\BaseModel->save(Object(App\Entities\Volunteer))
10 SYSTEMPATH/CodeIgniter.php(927): App\Controllers\Volunteers->saveVolunteerForm('1')
11 SYSTEMPATH/CodeIgniter.php(482): CodeIgniter\CodeIgniter->runController(Object(App\Controllers\Volunteers))
12 SYSTEMPATH/CodeIgniter.php(351): CodeIgniter\CodeIgniter->handleRequest(null, Object(Config\Cache), false)
13 FCPATH/index.php(67): CodeIgniter\CodeIgniter->run()
ERROR - 2023-11-19 02:11:13 --> mysqli_sql_exception: Cannot add or update a child row: a foreign key constraint fails (`taskapp`.`volunteer`, CONSTRAINT `volunteer_event_id_foreign` FOREIGN KEY (`event_id`) REFERENCES `event` (`id`) ON DELETE CASCADE ON UPDATE CASCADE) in /var/www/html/system/Database/MySQLi/Connection.php:292
Stack trace:
#0 /var/www/html/system/Database/MySQLi/Connection.php(292): mysqli->query('INSERT INTO `vo...', 0)
#1 /var/www/html/system/Database/BaseConnection.php(666): CodeIgniter\Database\MySQLi\Connection->execute('INSERT INTO `vo...')
#2 /var/www/html/system/Database/BaseConnection.php(593): CodeIgniter\Database\BaseConnection->simpleQuery('INSERT INTO `vo...')
#3 /var/www/html/system/Database/BaseBuilder.php(1916): CodeIgniter\Database\BaseConnection->query('INSERT INTO `vo...', Array, false)
#4 /var/www/html/system/Model.php(279): CodeIgniter\Database\BaseBuilder->insert()
#5 /var/www/html/system/BaseModel.php(749): CodeIgniter\Model->doInsert(Array)
#6 /var/www/html/system/Model.php(667): CodeIgniter\BaseModel->insert(Array, false)
#7 /var/www/html/system/BaseModel.php(659): CodeIgniter\Model->insert(Object(App\Entities\Volunteer), false)
#8 /var/www/html/app/Controllers/Volunteers.php(39): CodeIgniter\BaseModel->save(Object(App\Entities\Volunteer))
#9 /var/www/html/system/CodeIgniter.php(927): App\Controllers\Volunteers->saveVolunteerForm('1')
#10 /var/www/html/system/CodeIgniter.php(482): CodeIgniter\CodeIgniter->runController(Object(App\Controllers\Volunteers))
#11 /var/www/html/system/CodeIgniter.php(351): CodeIgniter\CodeIgniter->handleRequest(NULL, Object(Config\Cache), false)
#12 /var/www/html/public/index.php(67): CodeIgniter\CodeIgniter->run()
#13 {main}
CRITICAL - 2023-11-19 02:11:13 --> Cannot add or update a child row: a foreign key constraint fails (`taskapp`.`volunteer`, CONSTRAINT `volunteer_event_id_foreign` FOREIGN KEY (`event_id`) REFERENCES `event` (`id`) ON DELETE CASCADE ON UPDATE CASCADE)
in SYSTEMPATH/Database/MySQLi/Connection.php on line 292.
 1 SYSTEMPATH/Database/MySQLi/Connection.php(292): mysqli->query('INSERT INTO `volunteer` (`name`, `phone`, `email`, `occupation`, `reason`, `created_at`, `updated_at`) VALUES (\'mary wong\', \'11223344\', \'mary@gmail.com\', \'banking\', \'yeaa\', \'2023-11-19 02:11:13\', \'2023-11-19 02:11:13\')', 0)
 2 SYSTEMPATH/Database/BaseConnection.php(666): CodeIgniter\Database\MySQLi\Connection->execute('INSERT INTO `volunteer` (`name`, `phone`, `email`, `occupation`, `reason`, `created_at`, `updated_at`) VALUES (\'mary wong\', \'11223344\', \'mary@gmail.com\', \'banking\', \'yeaa\', \'2023-11-19 02:11:13\', \'2023-11-19 02:11:13\')')
 3 SYSTEMPATH/Database/BaseConnection.php(593): CodeIgniter\Database\BaseConnection->simpleQuery('INSERT INTO `volunteer` (`name`, `phone`, `email`, `occupation`, `reason`, `created_at`, `updated_at`) VALUES (\'mary wong\', \'11223344\', \'mary@gmail.com\', \'banking\', \'yeaa\', \'2023-11-19 02:11:13\', \'2023-11-19 02:11:13\')')
 4 SYSTEMPATH/Database/BaseBuilder.php(1916): CodeIgniter\Database\BaseConnection->query('INSERT INTO `volunteer` (`name`, `phone`, `email`, `occupation`, `reason`, `created_at`, `updated_at`) VALUES (:name:, :phone:, :email:, :occupation:, :reason:, :created_at:, :updated_at:)', [...], false)
 5 SYSTEMPATH/Model.php(279): CodeIgniter\Database\BaseBuilder->insert()
 6 SYSTEMPATH/BaseModel.php(749): CodeIgniter\Model->doInsert([...])
 7 SYSTEMPATH/Model.php(667): CodeIgniter\BaseModel->insert([...], false)
 8 SYSTEMPATH/BaseModel.php(659): CodeIgniter\Model->insert(Object(App\Entities\Volunteer), false)
 9 APPPATH/Controllers/Volunteers.php(39): CodeIgniter\BaseModel->save(Object(App\Entities\Volunteer))
10 SYSTEMPATH/CodeIgniter.php(927): App\Controllers\Volunteers->saveVolunteerForm('1')
11 SYSTEMPATH/CodeIgniter.php(482): CodeIgniter\CodeIgniter->runController(Object(App\Controllers\Volunteers))
12 SYSTEMPATH/CodeIgniter.php(351): CodeIgniter\CodeIgniter->handleRequest(null, Object(Config\Cache), false)
13 FCPATH/index.php(67): CodeIgniter\CodeIgniter->run()
CRITICAL - 2023-11-19 02:11:23 --> There is no data to insert.
in SYSTEMPATH/BaseModel.php on line 1621.
 1 SYSTEMPATH/BaseModel.php(1621): CodeIgniter\Database\Exceptions\DataException::forEmptyDataset('insert')
 2 SYSTEMPATH/BaseModel.php(709): CodeIgniter\BaseModel->transformDataToArray([], 'insert')
 3 SYSTEMPATH/Model.php(667): CodeIgniter\BaseModel->insert(Object(App\Entities\Volunteer), false)
 4 SYSTEMPATH/BaseModel.php(659): CodeIgniter\Model->insert(Object(App\Entities\Volunteer), false)
 5 APPPATH/Controllers/Volunteers.php(39): CodeIgniter\BaseModel->save(Object(App\Entities\Volunteer))
 6 SYSTEMPATH/CodeIgniter.php(927): App\Controllers\Volunteers->saveVolunteerForm('1')
 7 SYSTEMPATH/CodeIgniter.php(482): CodeIgniter\CodeIgniter->runController(Object(App\Controllers\Volunteers))
 8 SYSTEMPATH/CodeIgniter.php(351): CodeIgniter\CodeIgniter->handleRequest(null, Object(Config\Cache), false)
 9 FCPATH/index.php(67): CodeIgniter\CodeIgniter->run()
ERROR - 2023-11-19 02:12:06 --> mysqli_sql_exception: Cannot add or update a child row: a foreign key constraint fails (`taskapp`.`volunteer`, CONSTRAINT `volunteer_event_id_foreign` FOREIGN KEY (`event_id`) REFERENCES `event` (`id`) ON DELETE CASCADE ON UPDATE CASCADE) in /var/www/html/system/Database/MySQLi/Connection.php:292
Stack trace:
#0 /var/www/html/system/Database/MySQLi/Connection.php(292): mysqli->query('INSERT INTO `vo...', 0)
#1 /var/www/html/system/Database/BaseConnection.php(666): CodeIgniter\Database\MySQLi\Connection->execute('INSERT INTO `vo...')
#2 /var/www/html/system/Database/BaseConnection.php(593): CodeIgniter\Database\BaseConnection->simpleQuery('INSERT INTO `vo...')
#3 /var/www/html/system/Database/BaseBuilder.php(1916): CodeIgniter\Database\BaseConnection->query('INSERT INTO `vo...', Array, false)
#4 /var/www/html/system/Model.php(279): CodeIgniter\Database\BaseBuilder->insert()
#5 /var/www/html/system/BaseModel.php(749): CodeIgniter\Model->doInsert(Array)
#6 /var/www/html/system/Model.php(667): CodeIgniter\BaseModel->insert(Array, false)
#7 /var/www/html/system/BaseModel.php(659): CodeIgniter\Model->insert(Object(App\Entities\Volunteer), false)
#8 /var/www/html/app/Controllers/Volunteers.php(39): CodeIgniter\BaseModel->save(Object(App\Entities\Volunteer))
#9 /var/www/html/system/CodeIgniter.php(927): App\Controllers\Volunteers->saveVolunteerForm('1')
#10 /var/www/html/system/CodeIgniter.php(482): CodeIgniter\CodeIgniter->runController(Object(App\Controllers\Volunteers))
#11 /var/www/html/system/CodeIgniter.php(351): CodeIgniter\CodeIgniter->handleRequest(NULL, Object(Config\Cache), false)
#12 /var/www/html/public/index.php(67): CodeIgniter\CodeIgniter->run()
#13 {main}
CRITICAL - 2023-11-19 02:12:06 --> Cannot add or update a child row: a foreign key constraint fails (`taskapp`.`volunteer`, CONSTRAINT `volunteer_event_id_foreign` FOREIGN KEY (`event_id`) REFERENCES `event` (`id`) ON DELETE CASCADE ON UPDATE CASCADE)
in SYSTEMPATH/Database/MySQLi/Connection.php on line 292.
 1 SYSTEMPATH/Database/MySQLi/Connection.php(292): mysqli->query('INSERT INTO `volunteer` (`name`, `phone`, `email`, `occupation`, `reason`, `created_at`, `updated_at`) VALUES (\'mary wong\', \'11223344\', \'mary@gmail.com\', \'banking\', \'yeaa\', \'2023-11-19 02:12:06\', \'2023-11-19 02:12:06\')', 0)
 2 SYSTEMPATH/Database/BaseConnection.php(666): CodeIgniter\Database\MySQLi\Connection->execute('INSERT INTO `volunteer` (`name`, `phone`, `email`, `occupation`, `reason`, `created_at`, `updated_at`) VALUES (\'mary wong\', \'11223344\', \'mary@gmail.com\', \'banking\', \'yeaa\', \'2023-11-19 02:12:06\', \'2023-11-19 02:12:06\')')
 3 SYSTEMPATH/Database/BaseConnection.php(593): CodeIgniter\Database\BaseConnection->simpleQuery('INSERT INTO `volunteer` (`name`, `phone`, `email`, `occupation`, `reason`, `created_at`, `updated_at`) VALUES (\'mary wong\', \'11223344\', \'mary@gmail.com\', \'banking\', \'yeaa\', \'2023-11-19 02:12:06\', \'2023-11-19 02:12:06\')')
 4 SYSTEMPATH/Database/BaseBuilder.php(1916): CodeIgniter\Database\BaseConnection->query('INSERT INTO `volunteer` (`name`, `phone`, `email`, `occupation`, `reason`, `created_at`, `updated_at`) VALUES (:name:, :phone:, :email:, :occupation:, :reason:, :created_at:, :updated_at:)', [...], false)
 5 SYSTEMPATH/Model.php(279): CodeIgniter\Database\BaseBuilder->insert()
 6 SYSTEMPATH/BaseModel.php(749): CodeIgniter\Model->doInsert([...])
 7 SYSTEMPATH/Model.php(667): CodeIgniter\BaseModel->insert([...], false)
 8 SYSTEMPATH/BaseModel.php(659): CodeIgniter\Model->insert(Object(App\Entities\Volunteer), false)
 9 APPPATH/Controllers/Volunteers.php(39): CodeIgniter\BaseModel->save(Object(App\Entities\Volunteer))
10 SYSTEMPATH/CodeIgniter.php(927): App\Controllers\Volunteers->saveVolunteerForm('1')
11 SYSTEMPATH/CodeIgniter.php(482): CodeIgniter\CodeIgniter->runController(Object(App\Controllers\Volunteers))
12 SYSTEMPATH/CodeIgniter.php(351): CodeIgniter\CodeIgniter->handleRequest(null, Object(Config\Cache), false)
13 FCPATH/index.php(67): CodeIgniter\CodeIgniter->run()
ERROR - 2023-11-19 02:12:14 --> mysqli_sql_exception: Cannot add or update a child row: a foreign key constraint fails (`taskapp`.`volunteer`, CONSTRAINT `volunteer_event_id_foreign` FOREIGN KEY (`event_id`) REFERENCES `event` (`id`) ON DELETE CASCADE ON UPDATE CASCADE) in /var/www/html/system/Database/MySQLi/Connection.php:292
Stack trace:
#0 /var/www/html/system/Database/MySQLi/Connection.php(292): mysqli->query('INSERT INTO `vo...', 0)
#1 /var/www/html/system/Database/BaseConnection.php(666): CodeIgniter\Database\MySQLi\Connection->execute('INSERT INTO `vo...')
#2 /var/www/html/system/Database/BaseConnection.php(593): CodeIgniter\Database\BaseConnection->simpleQuery('INSERT INTO `vo...')
#3 /var/www/html/system/Database/BaseBuilder.php(1916): CodeIgniter\Database\BaseConnection->query('INSERT INTO `vo...', Array, false)
#4 /var/www/html/system/Model.php(279): CodeIgniter\Database\BaseBuilder->insert()
#5 /var/www/html/system/BaseModel.php(749): CodeIgniter\Model->doInsert(Array)
#6 /var/www/html/system/Model.php(667): CodeIgniter\BaseModel->insert(Array, false)
#7 /var/www/html/system/BaseModel.php(659): CodeIgniter\Model->insert(Object(App\Entities\Volunteer), false)
#8 /var/www/html/app/Controllers/Volunteers.php(39): CodeIgniter\BaseModel->save(Object(App\Entities\Volunteer))
#9 /var/www/html/system/CodeIgniter.php(927): App\Controllers\Volunteers->saveVolunteerForm('1')
#10 /var/www/html/system/CodeIgniter.php(482): CodeIgniter\CodeIgniter->runController(Object(App\Controllers\Volunteers))
#11 /var/www/html/system/CodeIgniter.php(351): CodeIgniter\CodeIgniter->handleRequest(NULL, Object(Config\Cache), false)
#12 /var/www/html/public/index.php(67): CodeIgniter\CodeIgniter->run()
#13 {main}
CRITICAL - 2023-11-19 02:12:14 --> Cannot add or update a child row: a foreign key constraint fails (`taskapp`.`volunteer`, CONSTRAINT `volunteer_event_id_foreign` FOREIGN KEY (`event_id`) REFERENCES `event` (`id`) ON DELETE CASCADE ON UPDATE CASCADE)
in SYSTEMPATH/Database/MySQLi/Connection.php on line 292.
 1 SYSTEMPATH/Database/MySQLi/Connection.php(292): mysqli->query('INSERT INTO `volunteer` (`name`, `phone`, `email`, `occupation`, `reason`, `created_at`, `updated_at`) VALUES (\'mary wong\', \'11223344\', \'mary@gmail.com\', \'banking\', \'yeaa\', \'2023-11-19 02:12:14\', \'2023-11-19 02:12:14\')', 0)
 2 SYSTEMPATH/Database/BaseConnection.php(666): CodeIgniter\Database\MySQLi\Connection->execute('INSERT INTO `volunteer` (`name`, `phone`, `email`, `occupation`, `reason`, `created_at`, `updated_at`) VALUES (\'mary wong\', \'11223344\', \'mary@gmail.com\', \'banking\', \'yeaa\', \'2023-11-19 02:12:14\', \'2023-11-19 02:12:14\')')
 3 SYSTEMPATH/Database/BaseConnection.php(593): CodeIgniter\Database\BaseConnection->simpleQuery('INSERT INTO `volunteer` (`name`, `phone`, `email`, `occupation`, `reason`, `created_at`, `updated_at`) VALUES (\'mary wong\', \'11223344\', \'mary@gmail.com\', \'banking\', \'yeaa\', \'2023-11-19 02:12:14\', \'2023-11-19 02:12:14\')')
 4 SYSTEMPATH/Database/BaseBuilder.php(1916): CodeIgniter\Database\BaseConnection->query('INSERT INTO `volunteer` (`name`, `phone`, `email`, `occupation`, `reason`, `created_at`, `updated_at`) VALUES (:name:, :phone:, :email:, :occupation:, :reason:, :created_at:, :updated_at:)', [...], false)
 5 SYSTEMPATH/Model.php(279): CodeIgniter\Database\BaseBuilder->insert()
 6 SYSTEMPATH/BaseModel.php(749): CodeIgniter\Model->doInsert([...])
 7 SYSTEMPATH/Model.php(667): CodeIgniter\BaseModel->insert([...], false)
 8 SYSTEMPATH/BaseModel.php(659): CodeIgniter\Model->insert(Object(App\Entities\Volunteer), false)
 9 APPPATH/Controllers/Volunteers.php(39): CodeIgniter\BaseModel->save(Object(App\Entities\Volunteer))
10 SYSTEMPATH/CodeIgniter.php(927): App\Controllers\Volunteers->saveVolunteerForm('1')
11 SYSTEMPATH/CodeIgniter.php(482): CodeIgniter\CodeIgniter->runController(Object(App\Controllers\Volunteers))
12 SYSTEMPATH/CodeIgniter.php(351): CodeIgniter\CodeIgniter->handleRequest(null, Object(Config\Cache), false)
13 FCPATH/index.php(67): CodeIgniter\CodeIgniter->run()
ERROR - 2023-11-19 02:14:23 --> mysqli_sql_exception: Cannot add or update a child row: a foreign key constraint fails (`taskapp`.`volunteer`, CONSTRAINT `volunteer_event_id_foreign` FOREIGN KEY (`event_id`) REFERENCES `event` (`id`) ON DELETE CASCADE ON UPDATE CASCADE) in /var/www/html/system/Database/MySQLi/Connection.php:292
Stack trace:
#0 /var/www/html/system/Database/MySQLi/Connection.php(292): mysqli->query('INSERT INTO `vo...', 0)
#1 /var/www/html/system/Database/BaseConnection.php(666): CodeIgniter\Database\MySQLi\Connection->execute('INSERT INTO `vo...')
#2 /var/www/html/system/Database/BaseConnection.php(593): CodeIgniter\Database\BaseConnection->simpleQuery('INSERT INTO `vo...')
#3 /var/www/html/system/Database/BaseBuilder.php(1916): CodeIgniter\Database\BaseConnection->query('INSERT INTO `vo...', Array, false)
#4 /var/www/html/system/Model.php(279): CodeIgniter\Database\BaseBuilder->insert()
#5 /var/www/html/system/BaseModel.php(749): CodeIgniter\Model->doInsert(Array)
#6 /var/www/html/system/Model.php(667): CodeIgniter\BaseModel->insert(Array, true)
#7 /var/www/html/app/Controllers/Volunteers.php(37): CodeIgniter\Model->insert(Object(App\Entities\Volunteer))
#8 /var/www/html/system/CodeIgniter.php(927): App\Controllers\Volunteers->saveVolunteerForm('1')
#9 /var/www/html/system/CodeIgniter.php(482): CodeIgniter\CodeIgniter->runController(Object(App\Controllers\Volunteers))
#10 /var/www/html/system/CodeIgniter.php(351): CodeIgniter\CodeIgniter->handleRequest(NULL, Object(Config\Cache), false)
#11 /var/www/html/public/index.php(67): CodeIgniter\CodeIgniter->run()
#12 {main}
CRITICAL - 2023-11-19 02:14:23 --> Cannot add or update a child row: a foreign key constraint fails (`taskapp`.`volunteer`, CONSTRAINT `volunteer_event_id_foreign` FOREIGN KEY (`event_id`) REFERENCES `event` (`id`) ON DELETE CASCADE ON UPDATE CASCADE)
in SYSTEMPATH/Database/MySQLi/Connection.php on line 292.
 1 SYSTEMPATH/Database/MySQLi/Connection.php(292): mysqli->query('INSERT INTO `volunteer` (`name`, `phone`, `email`, `occupation`, `reason`, `created_at`, `updated_at`) VALUES (\'mary wong\', \'11223344\', \'mary@gmail.com\', \'banking\', \'yeaa\', \'2023-11-19 02:14:23\', \'2023-11-19 02:14:23\')', 0)
 2 SYSTEMPATH/Database/BaseConnection.php(666): CodeIgniter\Database\MySQLi\Connection->execute('INSERT INTO `volunteer` (`name`, `phone`, `email`, `occupation`, `reason`, `created_at`, `updated_at`) VALUES (\'mary wong\', \'11223344\', \'mary@gmail.com\', \'banking\', \'yeaa\', \'2023-11-19 02:14:23\', \'2023-11-19 02:14:23\')')
 3 SYSTEMPATH/Database/BaseConnection.php(593): CodeIgniter\Database\BaseConnection->simpleQuery('INSERT INTO `volunteer` (`name`, `phone`, `email`, `occupation`, `reason`, `created_at`, `updated_at`) VALUES (\'mary wong\', \'11223344\', \'mary@gmail.com\', \'banking\', \'yeaa\', \'2023-11-19 02:14:23\', \'2023-11-19 02:14:23\')')
 4 SYSTEMPATH/Database/BaseBuilder.php(1916): CodeIgniter\Database\BaseConnection->query('INSERT INTO `volunteer` (`name`, `phone`, `email`, `occupation`, `reason`, `created_at`, `updated_at`) VALUES (:name:, :phone:, :email:, :occupation:, :reason:, :created_at:, :updated_at:)', [...], false)
 5 SYSTEMPATH/Model.php(279): CodeIgniter\Database\BaseBuilder->insert()
 6 SYSTEMPATH/BaseModel.php(749): CodeIgniter\Model->doInsert([...])
 7 SYSTEMPATH/Model.php(667): CodeIgniter\BaseModel->insert([...], true)
 8 APPPATH/Controllers/Volunteers.php(37): CodeIgniter\Model->insert(Object(App\Entities\Volunteer))
 9 SYSTEMPATH/CodeIgniter.php(927): App\Controllers\Volunteers->saveVolunteerForm('1')
10 SYSTEMPATH/CodeIgniter.php(482): CodeIgniter\CodeIgniter->runController(Object(App\Controllers\Volunteers))
11 SYSTEMPATH/CodeIgniter.php(351): CodeIgniter\CodeIgniter->handleRequest(null, Object(Config\Cache), false)
12 FCPATH/index.php(67): CodeIgniter\CodeIgniter->run()
CRITICAL - 2023-11-19 03:48:58 --> Undefined variable $tags
in APPPATH/Views/Events/form.php on line 104.
 1 APPPATH/Views/Events/form.php(104): CodeIgniter\Debug\Exceptions->errorHandler(2, 'Undefined variable $tags', 'APPPATH/Views/Events/form.php', 104)
 2 SYSTEMPATH/View/View.php(213): include('APPPATH/Views/Events/form.php')
 3 SYSTEMPATH/View/View.php(216): CodeIgniter\View\View->CodeIgniter\View\{closure}()
 4 SYSTEMPATH/View/View.php(431): CodeIgniter\View\View->render('Events/form', null, true)
 5 APPPATH/Views/Events/new.php(18): CodeIgniter\View\View->include('Events/form')
 6 SYSTEMPATH/View/View.php(213): include('APPPATH/Views/Events/new.php')
 7 SYSTEMPATH/View/View.php(216): CodeIgniter\View\View->CodeIgniter\View\{closure}()
 8 SYSTEMPATH/Common.php(1134): CodeIgniter\View\View->render('Events/new', [], true)
 9 APPPATH/Controllers/Events.php(46): view('Events/new', [...])
10 SYSTEMPATH/CodeIgniter.php(927): App\Controllers\Events->new()
11 SYSTEMPATH/CodeIgniter.php(482): CodeIgniter\CodeIgniter->runController(Object(App\Controllers\Events))
12 SYSTEMPATH/CodeIgniter.php(351): CodeIgniter\CodeIgniter->handleRequest(null, Object(Config\Cache), false)
13 FCPATH/index.php(67): CodeIgniter\CodeIgniter->run()
CRITICAL - 2023-11-19 03:55:02 --> in_array(): Argument #2 ($haystack) must be of type array, null given
in APPPATH/Views/Events/form.php on line 108.
 1 APPPATH/Views/Events/form.php(108): in_array('online', null)
 2 SYSTEMPATH/View/View.php(213): include('APPPATH/Views/Events/form.php')
 3 SYSTEMPATH/View/View.php(216): CodeIgniter\View\View->CodeIgniter\View\{closure}()
 4 SYSTEMPATH/View/View.php(431): CodeIgniter\View\View->render('Events/form', null, true)
 5 APPPATH/Views/Events/new.php(18): CodeIgniter\View\View->include('Events/form')
 6 SYSTEMPATH/View/View.php(213): include('APPPATH/Views/Events/new.php')
 7 SYSTEMPATH/View/View.php(216): CodeIgniter\View\View->CodeIgniter\View\{closure}()
 8 SYSTEMPATH/Common.php(1134): CodeIgniter\View\View->render('Events/new', [], true)
 9 APPPATH/Controllers/Events.php(46): view('Events/new', [...])
10 SYSTEMPATH/CodeIgniter.php(927): App\Controllers\Events->new()
11 SYSTEMPATH/CodeIgniter.php(482): CodeIgniter\CodeIgniter->runController(Object(App\Controllers\Events))
12 SYSTEMPATH/CodeIgniter.php(351): CodeIgniter\CodeIgniter->handleRequest(null, Object(Config\Cache), false)
13 FCPATH/index.php(67): CodeIgniter\CodeIgniter->run()
CRITICAL - 2023-11-19 04:41:31 --> in_array(): Argument #2 ($haystack) must be of type array, null given
in APPPATH/Views/Events/form.php on line 108.
 1 APPPATH/Views/Events/form.php(108): in_array('online', null)
 2 SYSTEMPATH/View/View.php(213): include('APPPATH/Views/Events/form.php')
 3 SYSTEMPATH/View/View.php(216): CodeIgniter\View\View->CodeIgniter\View\{closure}()
 4 SYSTEMPATH/View/View.php(431): CodeIgniter\View\View->render('Events/form', null, true)
 5 APPPATH/Views/Events/new.php(18): CodeIgniter\View\View->include('Events/form')
 6 SYSTEMPATH/View/View.php(213): include('APPPATH/Views/Events/new.php')
 7 SYSTEMPATH/View/View.php(216): CodeIgniter\View\View->CodeIgniter\View\{closure}()
 8 SYSTEMPATH/Common.php(1134): CodeIgniter\View\View->render('Events/new', [], true)
 9 APPPATH/Controllers/Events.php(46): view('Events/new', [...])
10 SYSTEMPATH/CodeIgniter.php(927): App\Controllers\Events->new()
11 SYSTEMPATH/CodeIgniter.php(482): CodeIgniter\CodeIgniter->runController(Object(App\Controllers\Events))
12 SYSTEMPATH/CodeIgniter.php(351): CodeIgniter\CodeIgniter->handleRequest(null, Object(Config\Cache), false)
13 FCPATH/index.php(67): CodeIgniter\CodeIgniter->run()
CRITICAL - 2023-11-19 08:28:56 --> Array to string conversion
in APPPATH/Views/Events/form.php on line 109.
 1 APPPATH/Views/Events/form.php(109): CodeIgniter\Debug\Exceptions->errorHandler(2, 'Array to string conversion', 'APPPATH/Views/Events/form.php', 109)
 2 SYSTEMPATH/View/View.php(213): include('APPPATH/Views/Events/form.php')
 3 SYSTEMPATH/View/View.php(216): CodeIgniter\View\View->CodeIgniter\View\{closure}()
 4 SYSTEMPATH/View/View.php(431): CodeIgniter\View\View->render('Events/form', null, true)
 5 APPPATH/Views/Events/new.php(18): CodeIgniter\View\View->include('Events/form')
 6 SYSTEMPATH/View/View.php(213): include('APPPATH/Views/Events/new.php')
 7 SYSTEMPATH/View/View.php(216): CodeIgniter\View\View->CodeIgniter\View\{closure}()
 8 SYSTEMPATH/Common.php(1134): CodeIgniter\View\View->render('Events/new', [], true)
 9 APPPATH/Controllers/Events.php(46): view('Events/new', [...])
10 SYSTEMPATH/CodeIgniter.php(927): App\Controllers\Events->new()
11 SYSTEMPATH/CodeIgniter.php(482): CodeIgniter\CodeIgniter->runController(Object(App\Controllers\Events))
12 SYSTEMPATH/CodeIgniter.php(351): CodeIgniter\CodeIgniter->handleRequest(null, Object(Config\Cache), false)
13 FCPATH/index.php(67): CodeIgniter\CodeIgniter->run()
CRITICAL - 2023-11-19 10:39:41 --> Undefined array key "tags"
in APPPATH/Views/Events/form.php on line 112.
 1 APPPATH/Views/Events/form.php(112): CodeIgniter\Debug\Exceptions->errorHandler(2, 'Undefined array key "tags"', 'APPPATH/Views/Events/form.php', 112)
 2 SYSTEMPATH/View/View.php(213): include('APPPATH/Views/Events/form.php')
 3 SYSTEMPATH/View/View.php(216): CodeIgniter\View\View->CodeIgniter\View\{closure}()
 4 SYSTEMPATH/View/View.php(431): CodeIgniter\View\View->render('Events/form', null, true)
 5 APPPATH/Views/Events/new.php(18): CodeIgniter\View\View->include('Events/form')
 6 SYSTEMPATH/View/View.php(213): include('APPPATH/Views/Events/new.php')
 7 SYSTEMPATH/View/View.php(216): CodeIgniter\View\View->CodeIgniter\View\{closure}()
 8 SYSTEMPATH/Common.php(1134): CodeIgniter\View\View->render('Events/new', [], true)
 9 APPPATH/Controllers/Events.php(46): view('Events/new', [...])
10 SYSTEMPATH/CodeIgniter.php(927): App\Controllers\Events->new()
11 SYSTEMPATH/CodeIgniter.php(482): CodeIgniter\CodeIgniter->runController(Object(App\Controllers\Events))
12 SYSTEMPATH/CodeIgniter.php(351): CodeIgniter\CodeIgniter->handleRequest(null, Object(Config\Cache), false)
13 FCPATH/index.php(67): CodeIgniter\CodeIgniter->run()
CRITICAL - 2023-11-19 11:20:54 --> Undefined array key "tags"
in APPPATH/Views/Events/form.php on line 118.
 1 APPPATH/Views/Events/form.php(118): CodeIgniter\Debug\Exceptions->errorHandler(2, 'Undefined array key "tags"', 'APPPATH/Views/Events/form.php', 118)
 2 SYSTEMPATH/View/View.php(213): include('APPPATH/Views/Events/form.php')
 3 SYSTEMPATH/View/View.php(216): CodeIgniter\View\View->CodeIgniter\View\{closure}()
 4 SYSTEMPATH/View/View.php(431): CodeIgniter\View\View->render('Events/form', null, true)
 5 APPPATH/Views/Events/new.php(18): CodeIgniter\View\View->include('Events/form')
 6 SYSTEMPATH/View/View.php(213): include('APPPATH/Views/Events/new.php')
 7 SYSTEMPATH/View/View.php(216): CodeIgniter\View\View->CodeIgniter\View\{closure}()
 8 SYSTEMPATH/Common.php(1134): CodeIgniter\View\View->render('Events/new', [], true)
 9 APPPATH/Controllers/Events.php(46): view('Events/new', [...])
10 SYSTEMPATH/CodeIgniter.php(927): App\Controllers\Events->new()
11 SYSTEMPATH/CodeIgniter.php(482): CodeIgniter\CodeIgniter->runController(Object(App\Controllers\Events))
12 SYSTEMPATH/CodeIgniter.php(351): CodeIgniter\CodeIgniter->handleRequest(null, Object(Config\Cache), false)
13 FCPATH/index.php(67): CodeIgniter\CodeIgniter->run()
CRITICAL - 2023-11-19 11:21:48 --> Undefined array key "tags[]"
in APPPATH/Views/Events/form.php on line 118.
 1 APPPATH/Views/Events/form.php(118): CodeIgniter\Debug\Exceptions->errorHandler(2, 'Undefined array key "tags[]"', 'APPPATH/Views/Events/form.php', 118)
 2 SYSTEMPATH/View/View.php(213): include('APPPATH/Views/Events/form.php')
 3 SYSTEMPATH/View/View.php(216): CodeIgniter\View\View->CodeIgniter\View\{closure}()
 4 SYSTEMPATH/View/View.php(431): CodeIgniter\View\View->render('Events/form', null, true)
 5 APPPATH/Views/Events/new.php(18): CodeIgniter\View\View->include('Events/form')
 6 SYSTEMPATH/View/View.php(213): include('APPPATH/Views/Events/new.php')
 7 SYSTEMPATH/View/View.php(216): CodeIgniter\View\View->CodeIgniter\View\{closure}()
 8 SYSTEMPATH/Common.php(1134): CodeIgniter\View\View->render('Events/new', [], true)
 9 APPPATH/Controllers/Events.php(46): view('Events/new', [...])
10 SYSTEMPATH/CodeIgniter.php(927): App\Controllers\Events->new()
11 SYSTEMPATH/CodeIgniter.php(482): CodeIgniter\CodeIgniter->runController(Object(App\Controllers\Events))
12 SYSTEMPATH/CodeIgniter.php(351): CodeIgniter\CodeIgniter->handleRequest(null, Object(Config\Cache), false)
13 FCPATH/index.php(67): CodeIgniter\CodeIgniter->run()
CRITICAL - 2023-11-19 11:21:54 --> Undefined array key "tags"
in APPPATH/Views/Events/form.php on line 118.
 1 APPPATH/Views/Events/form.php(118): CodeIgniter\Debug\Exceptions->errorHandler(2, 'Undefined array key "tags"', 'APPPATH/Views/Events/form.php', 118)
 2 SYSTEMPATH/View/View.php(213): include('APPPATH/Views/Events/form.php')
 3 SYSTEMPATH/View/View.php(216): CodeIgniter\View\View->CodeIgniter\View\{closure}()
 4 SYSTEMPATH/View/View.php(431): CodeIgniter\View\View->render('Events/form', null, true)
 5 APPPATH/Views/Events/new.php(18): CodeIgniter\View\View->include('Events/form')
 6 SYSTEMPATH/View/View.php(213): include('APPPATH/Views/Events/new.php')
 7 SYSTEMPATH/View/View.php(216): CodeIgniter\View\View->CodeIgniter\View\{closure}()
 8 SYSTEMPATH/Common.php(1134): CodeIgniter\View\View->render('Events/new', [], true)
 9 APPPATH/Controllers/Events.php(46): view('Events/new', [...])
10 SYSTEMPATH/CodeIgniter.php(927): App\Controllers\Events->new()
11 SYSTEMPATH/CodeIgniter.php(482): CodeIgniter\CodeIgniter->runController(Object(App\Controllers\Events))
12 SYSTEMPATH/CodeIgniter.php(351): CodeIgniter\CodeIgniter->handleRequest(null, Object(Config\Cache), false)
13 FCPATH/index.php(67): CodeIgniter\CodeIgniter->run()
ERROR - 2023-11-19 12:17:16 --> mysqli_sql_exception: Cannot add or update a child row: a foreign key constraint fails (`taskapp`.`event`, CONSTRAINT `event_user_id_fk` FOREIGN KEY (`user_id`) REFERENCES `user` (`id`) ON DELETE CASCADE ON UPDATE CASCADE) in /var/www/html/system/Database/MySQLi/Connection.php:292
Stack trace:
#0 /var/www/html/system/Database/MySQLi/Connection.php(292): mysqli->query('INSERT INTO `ev...', 0)
#1 /var/www/html/system/Database/BaseConnection.php(666): CodeIgniter\Database\MySQLi\Connection->execute('INSERT INTO `ev...')
#2 /var/www/html/system/Database/BaseConnection.php(593): CodeIgniter\Database\BaseConnection->simpleQuery('INSERT INTO `ev...')
#3 /var/www/html/system/Database/BaseBuilder.php(1916): CodeIgniter\Database\BaseConnection->query('INSERT INTO `ev...', Array, false)
#4 /var/www/html/system/Model.php(279): CodeIgniter\Database\BaseBuilder->insert()
#5 /var/www/html/system/BaseModel.php(749): CodeIgniter\Model->doInsert(Array)
#6 /var/www/html/system/Model.php(667): CodeIgniter\BaseModel->insert(Array, true)
#7 /var/www/html/app/Controllers/Events.php(55): CodeIgniter\Model->insert(Object(App\Entities\Event))
#8 /var/www/html/system/CodeIgniter.php(927): App\Controllers\Events->create()
#9 /var/www/html/system/CodeIgniter.php(482): CodeIgniter\CodeIgniter->runController(Object(App\Controllers\Events))
#10 /var/www/html/system/CodeIgniter.php(351): CodeIgniter\CodeIgniter->handleRequest(NULL, Object(Config\Cache), false)
#11 /var/www/html/public/index.php(67): CodeIgniter\CodeIgniter->run()
#12 {main}
CRITICAL - 2023-11-19 12:17:16 --> Cannot add or update a child row: a foreign key constraint fails (`taskapp`.`event`, CONSTRAINT `event_user_id_fk` FOREIGN KEY (`user_id`) REFERENCES `user` (`id`) ON DELETE CASCADE ON UPDATE CASCADE)
in SYSTEMPATH/Database/MySQLi/Connection.php on line 292.
 1 SYSTEMPATH/Database/MySQLi/Connection.php(292): mysqli->query('INSERT INTO `event` (`title`, `description`, `day_of_week`, `start_time`, `end_time`, `location`, `organizer`, `email`, `contact_number`, `tags`, `created_at`, `updated_at`) VALUES (\'yeaa\', \'wooooo\', \'Monday\', \'06:16\', \'07:16\', \'\', \'me\', \'admin@example.com\', \'11112222\', (\'online,casual chat,information technology\'), \'2023-11-19 12:17:16\', \'2023-11-19 12:17:16\')', 0)
 2 SYSTEMPATH/Database/BaseConnection.php(666): CodeIgniter\Database\MySQLi\Connection->execute('INSERT INTO `event` (`title`, `description`, `day_of_week`, `start_time`, `end_time`, `location`, `organizer`, `email`, `contact_number`, `tags`, `created_at`, `updated_at`) VALUES (\'yeaa\', \'wooooo\', \'Monday\', \'06:16\', \'07:16\', \'\', \'me\', \'admin@example.com\', \'11112222\', (\'online,casual chat,information technology\'), \'2023-11-19 12:17:16\', \'2023-11-19 12:17:16\')')
 3 SYSTEMPATH/Database/BaseConnection.php(593): CodeIgniter\Database\BaseConnection->simpleQuery('INSERT INTO `event` (`title`, `description`, `day_of_week`, `start_time`, `end_time`, `location`, `organizer`, `email`, `contact_number`, `tags`, `created_at`, `updated_at`) VALUES (\'yeaa\', \'wooooo\', \'Monday\', \'06:16\', \'07:16\', \'\', \'me\', \'admin@example.com\', \'11112222\', (\'online,casual chat,information technology\'), \'2023-11-19 12:17:16\', \'2023-11-19 12:17:16\')')
 4 SYSTEMPATH/Database/BaseBuilder.php(1916): CodeIgniter\Database\BaseConnection->query('INSERT INTO `event` (`title`, `description`, `day_of_week`, `start_time`, `end_time`, `location`, `organizer`, `email`, `contact_number`, `tags`, `created_at`, `updated_at`) VALUES (:title:, :description:, :day_of_week:, :start_time:, :end_time:, :location:, :organizer:, :email:, :contact_number:, :tags:, :created_at:, :updated_at:)', [...], false)
 5 SYSTEMPATH/Model.php(279): CodeIgniter\Database\BaseBuilder->insert()
 6 SYSTEMPATH/BaseModel.php(749): CodeIgniter\Model->doInsert([...])
 7 SYSTEMPATH/Model.php(667): CodeIgniter\BaseModel->insert([...], true)
 8 APPPATH/Controllers/Events.php(55): CodeIgniter\Model->insert(Object(App\Entities\Event))
 9 SYSTEMPATH/CodeIgniter.php(927): App\Controllers\Events->create()
10 SYSTEMPATH/CodeIgniter.php(482): CodeIgniter\CodeIgniter->runController(Object(App\Controllers\Events))
11 SYSTEMPATH/CodeIgniter.php(351): CodeIgniter\CodeIgniter->handleRequest(null, Object(Config\Cache), false)
12 FCPATH/index.php(67): CodeIgniter\CodeIgniter->run()
ERROR - 2023-11-19 12:18:51 --> mysqli_sql_exception: Cannot add or update a child row: a foreign key constraint fails (`taskapp`.`event`, CONSTRAINT `event_user_id_fk` FOREIGN KEY (`user_id`) REFERENCES `user` (`id`) ON DELETE CASCADE ON UPDATE CASCADE) in /var/www/html/system/Database/MySQLi/Connection.php:292
Stack trace:
#0 /var/www/html/system/Database/MySQLi/Connection.php(292): mysqli->query('INSERT INTO `ev...', 0)
#1 /var/www/html/system/Database/BaseConnection.php(666): CodeIgniter\Database\MySQLi\Connection->execute('INSERT INTO `ev...')
#2 /var/www/html/system/Database/BaseConnection.php(593): CodeIgniter\Database\BaseConnection->simpleQuery('INSERT INTO `ev...')
#3 /var/www/html/system/Database/BaseBuilder.php(1916): CodeIgniter\Database\BaseConnection->query('INSERT INTO `ev...', Array, false)
#4 /var/www/html/system/Model.php(279): CodeIgniter\Database\BaseBuilder->insert()
#5 /var/www/html/system/BaseModel.php(749): CodeIgniter\Model->doInsert(Array)
#6 /var/www/html/system/Model.php(667): CodeIgniter\BaseModel->insert(Array, true)
#7 /var/www/html/app/Controllers/Events.php(55): CodeIgniter\Model->insert(Object(App\Entities\Event))
#8 /var/www/html/system/CodeIgniter.php(927): App\Controllers\Events->create()
#9 /var/www/html/system/CodeIgniter.php(482): CodeIgniter\CodeIgniter->runController(Object(App\Controllers\Events))
#10 /var/www/html/system/CodeIgniter.php(351): CodeIgniter\CodeIgniter->handleRequest(NULL, Object(Config\Cache), false)
#11 /var/www/html/public/index.php(67): CodeIgniter\CodeIgniter->run()
#12 {main}
CRITICAL - 2023-11-19 12:18:51 --> Cannot add or update a child row: a foreign key constraint fails (`taskapp`.`event`, CONSTRAINT `event_user_id_fk` FOREIGN KEY (`user_id`) REFERENCES `user` (`id`) ON DELETE CASCADE ON UPDATE CASCADE)
in SYSTEMPATH/Database/MySQLi/Connection.php on line 292.
 1 SYSTEMPATH/Database/MySQLi/Connection.php(292): mysqli->query('INSERT INTO `event` (`title`, `description`, `day_of_week`, `start_time`, `end_time`, `location`, `organizer`, `email`, `contact_number`, `tags`, `created_at`, `updated_at`) VALUES (\'yeaa\', \'wooooo\', \'Monday\', \'06:16\', \'07:16\', \'\', \'me\', \'admin@example.com\', \'11112222\', (\'online,casual chat,information technology\'), \'2023-11-19 12:18:51\', \'2023-11-19 12:18:51\')', 0)
 2 SYSTEMPATH/Database/BaseConnection.php(666): CodeIgniter\Database\MySQLi\Connection->execute('INSERT INTO `event` (`title`, `description`, `day_of_week`, `start_time`, `end_time`, `location`, `organizer`, `email`, `contact_number`, `tags`, `created_at`, `updated_at`) VALUES (\'yeaa\', \'wooooo\', \'Monday\', \'06:16\', \'07:16\', \'\', \'me\', \'admin@example.com\', \'11112222\', (\'online,casual chat,information technology\'), \'2023-11-19 12:18:51\', \'2023-11-19 12:18:51\')')
 3 SYSTEMPATH/Database/BaseConnection.php(593): CodeIgniter\Database\BaseConnection->simpleQuery('INSERT INTO `event` (`title`, `description`, `day_of_week`, `start_time`, `end_time`, `location`, `organizer`, `email`, `contact_number`, `tags`, `created_at`, `updated_at`) VALUES (\'yeaa\', \'wooooo\', \'Monday\', \'06:16\', \'07:16\', \'\', \'me\', \'admin@example.com\', \'11112222\', (\'online,casual chat,information technology\'), \'2023-11-19 12:18:51\', \'2023-11-19 12:18:51\')')
 4 SYSTEMPATH/Database/BaseBuilder.php(1916): CodeIgniter\Database\BaseConnection->query('INSERT INTO `event` (`title`, `description`, `day_of_week`, `start_time`, `end_time`, `location`, `organizer`, `email`, `contact_number`, `tags`, `created_at`, `updated_at`) VALUES (:title:, :description:, :day_of_week:, :start_time:, :end_time:, :location:, :organizer:, :email:, :contact_number:, :tags:, :created_at:, :updated_at:)', [...], false)
 5 SYSTEMPATH/Model.php(279): CodeIgniter\Database\BaseBuilder->insert()
 6 SYSTEMPATH/BaseModel.php(749): CodeIgniter\Model->doInsert([...])
 7 SYSTEMPATH/Model.php(667): CodeIgniter\BaseModel->insert([...], true)
 8 APPPATH/Controllers/Events.php(55): CodeIgniter\Model->insert(Object(App\Entities\Event))
 9 SYSTEMPATH/CodeIgniter.php(927): App\Controllers\Events->create()
10 SYSTEMPATH/CodeIgniter.php(482): CodeIgniter\CodeIgniter->runController(Object(App\Controllers\Events))
11 SYSTEMPATH/CodeIgniter.php(351): CodeIgniter\CodeIgniter->handleRequest(null, Object(Config\Cache), false)
12 FCPATH/index.php(67): CodeIgniter\CodeIgniter->run()
ERROR - 2023-11-19 12:18:55 --> mysqli_sql_exception: Cannot add or update a child row: a foreign key constraint fails (`taskapp`.`event`, CONSTRAINT `event_user_id_fk` FOREIGN KEY (`user_id`) REFERENCES `user` (`id`) ON DELETE CASCADE ON UPDATE CASCADE) in /var/www/html/system/Database/MySQLi/Connection.php:292
Stack trace:
#0 /var/www/html/system/Database/MySQLi/Connection.php(292): mysqli->query('INSERT INTO `ev...', 0)
#1 /var/www/html/system/Database/BaseConnection.php(666): CodeIgniter\Database\MySQLi\Connection->execute('INSERT INTO `ev...')
#2 /var/www/html/system/Database/BaseConnection.php(593): CodeIgniter\Database\BaseConnection->simpleQuery('INSERT INTO `ev...')
#3 /var/www/html/system/Database/BaseBuilder.php(1916): CodeIgniter\Database\BaseConnection->query('INSERT INTO `ev...', Array, false)
#4 /var/www/html/system/Model.php(279): CodeIgniter\Database\BaseBuilder->insert()
#5 /var/www/html/system/BaseModel.php(749): CodeIgniter\Model->doInsert(Array)
#6 /var/www/html/system/Model.php(667): CodeIgniter\BaseModel->insert(Array, true)
#7 /var/www/html/app/Controllers/Events.php(55): CodeIgniter\Model->insert(Object(App\Entities\Event))
#8 /var/www/html/system/CodeIgniter.php(927): App\Controllers\Events->create()
#9 /var/www/html/system/CodeIgniter.php(482): CodeIgniter\CodeIgniter->runController(Object(App\Controllers\Events))
#10 /var/www/html/system/CodeIgniter.php(351): CodeIgniter\CodeIgniter->handleRequest(NULL, Object(Config\Cache), false)
#11 /var/www/html/public/index.php(67): CodeIgniter\CodeIgniter->run()
#12 {main}
CRITICAL - 2023-11-19 12:18:55 --> Cannot add or update a child row: a foreign key constraint fails (`taskapp`.`event`, CONSTRAINT `event_user_id_fk` FOREIGN KEY (`user_id`) REFERENCES `user` (`id`) ON DELETE CASCADE ON UPDATE CASCADE)
in SYSTEMPATH/Database/MySQLi/Connection.php on line 292.
 1 SYSTEMPATH/Database/MySQLi/Connection.php(292): mysqli->query('INSERT INTO `event` (`title`, `description`, `day_of_week`, `start_time`, `end_time`, `location`, `organizer`, `email`, `contact_number`, `tags`, `created_at`, `updated_at`) VALUES (\'yeaa\', \'wooooo\', \'Monday\', \'06:16\', \'07:16\', \'\', \'me\', \'admin@example.com\', \'11112222\', (\'\'), \'2023-11-19 12:18:55\', \'2023-11-19 12:18:55\')', 0)
 2 SYSTEMPATH/Database/BaseConnection.php(666): CodeIgniter\Database\MySQLi\Connection->execute('INSERT INTO `event` (`title`, `description`, `day_of_week`, `start_time`, `end_time`, `location`, `organizer`, `email`, `contact_number`, `tags`, `created_at`, `updated_at`) VALUES (\'yeaa\', \'wooooo\', \'Monday\', \'06:16\', \'07:16\', \'\', \'me\', \'admin@example.com\', \'11112222\', (\'\'), \'2023-11-19 12:18:55\', \'2023-11-19 12:18:55\')')
 3 SYSTEMPATH/Database/BaseConnection.php(593): CodeIgniter\Database\BaseConnection->simpleQuery('INSERT INTO `event` (`title`, `description`, `day_of_week`, `start_time`, `end_time`, `location`, `organizer`, `email`, `contact_number`, `tags`, `created_at`, `updated_at`) VALUES (\'yeaa\', \'wooooo\', \'Monday\', \'06:16\', \'07:16\', \'\', \'me\', \'admin@example.com\', \'11112222\', (\'\'), \'2023-11-19 12:18:55\', \'2023-11-19 12:18:55\')')
 4 SYSTEMPATH/Database/BaseBuilder.php(1916): CodeIgniter\Database\BaseConnection->query('INSERT INTO `event` (`title`, `description`, `day_of_week`, `start_time`, `end_time`, `location`, `organizer`, `email`, `contact_number`, `tags`, `created_at`, `updated_at`) VALUES (:title:, :description:, :day_of_week:, :start_time:, :end_time:, :location:, :organizer:, :email:, :contact_number:, :tags:, :created_at:, :updated_at:)', [...], false)
 5 SYSTEMPATH/Model.php(279): CodeIgniter\Database\BaseBuilder->insert()
 6 SYSTEMPATH/BaseModel.php(749): CodeIgniter\Model->doInsert([...])
 7 SYSTEMPATH/Model.php(667): CodeIgniter\BaseModel->insert([...], true)
 8 APPPATH/Controllers/Events.php(55): CodeIgniter\Model->insert(Object(App\Entities\Event))
 9 SYSTEMPATH/CodeIgniter.php(927): App\Controllers\Events->create()
10 SYSTEMPATH/CodeIgniter.php(482): CodeIgniter\CodeIgniter->runController(Object(App\Controllers\Events))
11 SYSTEMPATH/CodeIgniter.php(351): CodeIgniter\CodeIgniter->handleRequest(null, Object(Config\Cache), false)
12 FCPATH/index.php(67): CodeIgniter\CodeIgniter->run()
ERROR - 2023-11-19 12:49:27 --> mysqli_sql_exception: Cannot add or update a child row: a foreign key constraint fails (`taskapp`.`event`, CONSTRAINT `event_user_id_fk` FOREIGN KEY (`user_id`) REFERENCES `user` (`id`) ON DELETE CASCADE ON UPDATE CASCADE) in /var/www/html/system/Database/MySQLi/Connection.php:292
Stack trace:
#0 /var/www/html/system/Database/MySQLi/Connection.php(292): mysqli->query('INSERT INTO `ev...', 0)
#1 /var/www/html/system/Database/BaseConnection.php(666): CodeIgniter\Database\MySQLi\Connection->execute('INSERT INTO `ev...')
#2 /var/www/html/system/Database/BaseConnection.php(593): CodeIgniter\Database\BaseConnection->simpleQuery('INSERT INTO `ev...')
#3 /var/www/html/system/Database/BaseBuilder.php(1916): CodeIgniter\Database\BaseConnection->query('INSERT INTO `ev...', Array, false)
#4 /var/www/html/system/Model.php(279): CodeIgniter\Database\BaseBuilder->insert()
#5 /var/www/html/system/BaseModel.php(749): CodeIgniter\Model->doInsert(Array)
#6 /var/www/html/system/Model.php(667): CodeIgniter\BaseModel->insert(Array, true)
#7 /var/www/html/app/Controllers/Events.php(55): CodeIgniter\Model->insert(Object(App\Entities\Event))
#8 /var/www/html/system/CodeIgniter.php(927): App\Controllers\Events->create()
#9 /var/www/html/system/CodeIgniter.php(482): CodeIgniter\CodeIgniter->runController(Object(App\Controllers\Events))
#10 /var/www/html/system/CodeIgniter.php(351): CodeIgniter\CodeIgniter->handleRequest(NULL, Object(Config\Cache), false)
#11 /var/www/html/public/index.php(67): CodeIgniter\CodeIgniter->run()
#12 {main}
CRITICAL - 2023-11-19 12:49:27 --> Cannot add or update a child row: a foreign key constraint fails (`taskapp`.`event`, CONSTRAINT `event_user_id_fk` FOREIGN KEY (`user_id`) REFERENCES `user` (`id`) ON DELETE CASCADE ON UPDATE CASCADE)
in SYSTEMPATH/Database/MySQLi/Connection.php on line 292.
 1 SYSTEMPATH/Database/MySQLi/Connection.php(292): mysqli->query('INSERT INTO `event` (`title`, `description`, `day_of_week`, `start_time`, `end_time`, `location`, `organizer`, `email`, `contact_number`, `tags`, `created_at`, `updated_at`) VALUES (\'yeaa\', \'wooooo\', \'Monday\', \'06:16\', \'07:16\', \'\', \'me\', \'admin@example.com\', \'11112222\', (\'\'), \'2023-11-19 12:49:27\', \'2023-11-19 12:49:27\')', 0)
 2 SYSTEMPATH/Database/BaseConnection.php(666): CodeIgniter\Database\MySQLi\Connection->execute('INSERT INTO `event` (`title`, `description`, `day_of_week`, `start_time`, `end_time`, `location`, `organizer`, `email`, `contact_number`, `tags`, `created_at`, `updated_at`) VALUES (\'yeaa\', \'wooooo\', \'Monday\', \'06:16\', \'07:16\', \'\', \'me\', \'admin@example.com\', \'11112222\', (\'\'), \'2023-11-19 12:49:27\', \'2023-11-19 12:49:27\')')
 3 SYSTEMPATH/Database/BaseConnection.php(593): CodeIgniter\Database\BaseConnection->simpleQuery('INSERT INTO `event` (`title`, `description`, `day_of_week`, `start_time`, `end_time`, `location`, `organizer`, `email`, `contact_number`, `tags`, `created_at`, `updated_at`) VALUES (\'yeaa\', \'wooooo\', \'Monday\', \'06:16\', \'07:16\', \'\', \'me\', \'admin@example.com\', \'11112222\', (\'\'), \'2023-11-19 12:49:27\', \'2023-11-19 12:49:27\')')
 4 SYSTEMPATH/Database/BaseBuilder.php(1916): CodeIgniter\Database\BaseConnection->query('INSERT INTO `event` (`title`, `description`, `day_of_week`, `start_time`, `end_time`, `location`, `organizer`, `email`, `contact_number`, `tags`, `created_at`, `updated_at`) VALUES (:title:, :description:, :day_of_week:, :start_time:, :end_time:, :location:, :organizer:, :email:, :contact_number:, :tags:, :created_at:, :updated_at:)', [...], false)
 5 SYSTEMPATH/Model.php(279): CodeIgniter\Database\BaseBuilder->insert()
 6 SYSTEMPATH/BaseModel.php(749): CodeIgniter\Model->doInsert([...])
 7 SYSTEMPATH/Model.php(667): CodeIgniter\BaseModel->insert([...], true)
 8 APPPATH/Controllers/Events.php(55): CodeIgniter\Model->insert(Object(App\Entities\Event))
 9 SYSTEMPATH/CodeIgniter.php(927): App\Controllers\Events->create()
10 SYSTEMPATH/CodeIgniter.php(482): CodeIgniter\CodeIgniter->runController(Object(App\Controllers\Events))
11 SYSTEMPATH/CodeIgniter.php(351): CodeIgniter\CodeIgniter->handleRequest(null, Object(Config\Cache), false)
12 FCPATH/index.php(67): CodeIgniter\CodeIgniter->run()
ERROR - 2023-11-19 12:54:29 --> mysqli_sql_exception: Cannot add or update a child row: a foreign key constraint fails (`taskapp`.`event`, CONSTRAINT `event_user_id_fk` FOREIGN KEY (`user_id`) REFERENCES `user` (`id`) ON DELETE CASCADE ON UPDATE CASCADE) in /var/www/html/system/Database/MySQLi/Connection.php:292
Stack trace:
#0 /var/www/html/system/Database/MySQLi/Connection.php(292): mysqli->query('INSERT INTO `ev...', 0)
#1 /var/www/html/system/Database/BaseConnection.php(666): CodeIgniter\Database\MySQLi\Connection->execute('INSERT INTO `ev...')
#2 /var/www/html/system/Database/BaseConnection.php(593): CodeIgniter\Database\BaseConnection->simpleQuery('INSERT INTO `ev...')
#3 /var/www/html/system/Database/BaseBuilder.php(1916): CodeIgniter\Database\BaseConnection->query('INSERT INTO `ev...', Array, false)
#4 /var/www/html/system/Model.php(279): CodeIgniter\Database\BaseBuilder->insert()
#5 /var/www/html/system/BaseModel.php(749): CodeIgniter\Model->doInsert(Array)
#6 /var/www/html/system/Model.php(667): CodeIgniter\BaseModel->insert(Array, true)
#7 /var/www/html/app/Controllers/Events.php(55): CodeIgniter\Model->insert(Object(App\Entities\Event))
#8 /var/www/html/system/CodeIgniter.php(927): App\Controllers\Events->create()
#9 /var/www/html/system/CodeIgniter.php(482): CodeIgniter\CodeIgniter->runController(Object(App\Controllers\Events))
#10 /var/www/html/system/CodeIgniter.php(351): CodeIgniter\CodeIgniter->handleRequest(NULL, Object(Config\Cache), false)
#11 /var/www/html/public/index.php(67): CodeIgniter\CodeIgniter->run()
#12 {main}
CRITICAL - 2023-11-19 12:54:29 --> Cannot add or update a child row: a foreign key constraint fails (`taskapp`.`event`, CONSTRAINT `event_user_id_fk` FOREIGN KEY (`user_id`) REFERENCES `user` (`id`) ON DELETE CASCADE ON UPDATE CASCADE)
in SYSTEMPATH/Database/MySQLi/Connection.php on line 292.
 1 SYSTEMPATH/Database/MySQLi/Connection.php(292): mysqli->query('INSERT INTO `event` (`title`, `description`, `day_of_week`, `start_time`, `end_time`, `location`, `organizer`, `email`, `contact_number`, `tags`, `created_at`, `updated_at`) VALUES (\'yeaa\', \'wooooo\', \'Monday\', \'06:16\', \'07:16\', \'\', \'me\', \'admin@example.com\', \'11112222\', (\'online,accounting\'), \'2023-11-19 12:54:29\', \'2023-11-19 12:54:29\')', 0)
 2 SYSTEMPATH/Database/BaseConnection.php(666): CodeIgniter\Database\MySQLi\Connection->execute('INSERT INTO `event` (`title`, `description`, `day_of_week`, `start_time`, `end_time`, `location`, `organizer`, `email`, `contact_number`, `tags`, `created_at`, `updated_at`) VALUES (\'yeaa\', \'wooooo\', \'Monday\', \'06:16\', \'07:16\', \'\', \'me\', \'admin@example.com\', \'11112222\', (\'online,accounting\'), \'2023-11-19 12:54:29\', \'2023-11-19 12:54:29\')')
 3 SYSTEMPATH/Database/BaseConnection.php(593): CodeIgniter\Database\BaseConnection->simpleQuery('INSERT INTO `event` (`title`, `description`, `day_of_week`, `start_time`, `end_time`, `location`, `organizer`, `email`, `contact_number`, `tags`, `created_at`, `updated_at`) VALUES (\'yeaa\', \'wooooo\', \'Monday\', \'06:16\', \'07:16\', \'\', \'me\', \'admin@example.com\', \'11112222\', (\'online,accounting\'), \'2023-11-19 12:54:29\', \'2023-11-19 12:54:29\')')
 4 SYSTEMPATH/Database/BaseBuilder.php(1916): CodeIgniter\Database\BaseConnection->query('INSERT INTO `event` (`title`, `description`, `day_of_week`, `start_time`, `end_time`, `location`, `organizer`, `email`, `contact_number`, `tags`, `created_at`, `updated_at`) VALUES (:title:, :description:, :day_of_week:, :start_time:, :end_time:, :location:, :organizer:, :email:, :contact_number:, :tags:, :created_at:, :updated_at:)', [...], false)
 5 SYSTEMPATH/Model.php(279): CodeIgniter\Database\BaseBuilder->insert()
 6 SYSTEMPATH/BaseModel.php(749): CodeIgniter\Model->doInsert([...])
 7 SYSTEMPATH/Model.php(667): CodeIgniter\BaseModel->insert([...], true)
 8 APPPATH/Controllers/Events.php(55): CodeIgniter\Model->insert(Object(App\Entities\Event))
 9 SYSTEMPATH/CodeIgniter.php(927): App\Controllers\Events->create()
10 SYSTEMPATH/CodeIgniter.php(482): CodeIgniter\CodeIgniter->runController(Object(App\Controllers\Events))
11 SYSTEMPATH/CodeIgniter.php(351): CodeIgniter\CodeIgniter->handleRequest(null, Object(Config\Cache), false)
12 FCPATH/index.php(67): CodeIgniter\CodeIgniter->run()
