CRITICAL - 2023-09-01 04:38:39 --> Undefined variable $user
in APPPATH/Views/Events/form.php on line 20.
 1 APPPATH/Views/Events/form.php(20): CodeIgniter\Debug\Exceptions->errorHandler(2, 'Undefined variable $user', 'APPPATH/Views/Events/form.php', 20)
 2 SYSTEMPATH/View/View.php(213): include('APPPATH/Views/Events/form.php')
 3 SYSTEMPATH/View/View.php(216): CodeIgniter\View\View->CodeIgniter\View\{closure}()
 4 SYSTEMPATH/View/View.php(431): CodeIgniter\View\View->render('Events/form', null, true)
 5 APPPATH/Views/Events/new.php(19): CodeIgniter\View\View->include('Events/form')
 6 SYSTEMPATH/View/View.php(213): include('APPPATH/Views/Events/new.php')
 7 SYSTEMPATH/View/View.php(216): CodeIgniter\View\View->CodeIgniter\View\{closure}()
 8 SYSTEMPATH/Common.php(1134): CodeIgniter\View\View->render('Events/new', [], true)
 9 APPPATH/Controllers/Events.php(40): view('Events/new', [...])
10 SYSTEMPATH/CodeIgniter.php(927): App\Controllers\Events->new()
11 SYSTEMPATH/CodeIgniter.php(482): CodeIgniter\CodeIgniter->runController(Object(App\Controllers\Events))
12 SYSTEMPATH/CodeIgniter.php(351): CodeIgniter\CodeIgniter->handleRequest(null, Object(Config\Cache), false)
13 FCPATH/index.php(67): CodeIgniter\CodeIgniter->run()
CRITICAL - 2023-09-01 04:38:51 --> Undefined variable $user
in APPPATH/Views/Events/form.php on line 20.
 1 APPPATH/Views/Events/form.php(20): CodeIgniter\Debug\Exceptions->errorHandler(2, 'Undefined variable $user', 'APPPATH/Views/Events/form.php', 20)
 2 SYSTEMPATH/View/View.php(213): include('APPPATH/Views/Events/form.php')
 3 SYSTEMPATH/View/View.php(216): CodeIgniter\View\View->CodeIgniter\View\{closure}()
 4 SYSTEMPATH/View/View.php(431): CodeIgniter\View\View->render('Events/form', null, true)
 5 APPPATH/Views/Events/new.php(19): CodeIgniter\View\View->include('Events/form')
 6 SYSTEMPATH/View/View.php(213): include('APPPATH/Views/Events/new.php')
 7 SYSTEMPATH/View/View.php(216): CodeIgniter\View\View->CodeIgniter\View\{closure}()
 8 SYSTEMPATH/Common.php(1134): CodeIgniter\View\View->render('Events/new', [], true)
 9 APPPATH/Controllers/Events.php(40): view('Events/new', [...])
10 SYSTEMPATH/CodeIgniter.php(927): App\Controllers\Events->new()
11 SYSTEMPATH/CodeIgniter.php(482): CodeIgniter\CodeIgniter->runController(Object(App\Controllers\Events))
12 SYSTEMPATH/CodeIgniter.php(351): CodeIgniter\CodeIgniter->handleRequest(null, Object(Config\Cache), false)
13 FCPATH/index.php(67): CodeIgniter\CodeIgniter->run()
CRITICAL - 2023-09-01 05:39:02 --> in_array(): Argument #2 ($haystack) must be of type array, null given
in APPPATH/Views/Events/form.php on line 16.
 1 APPPATH/Views/Events/form.php(16): in_array('Monday', null)
 2 SYSTEMPATH/View/View.php(213): include('APPPATH/Views/Events/form.php')
 3 SYSTEMPATH/View/View.php(216): CodeIgniter\View\View->CodeIgniter\View\{closure}()
 4 SYSTEMPATH/View/View.php(431): CodeIgniter\View\View->render('Events/form', null, true)
 5 APPPATH/Views/Events/new.php(19): CodeIgniter\View\View->include('Events/form')
 6 SYSTEMPATH/View/View.php(213): include('APPPATH/Views/Events/new.php')
 7 SYSTEMPATH/View/View.php(216): CodeIgniter\View\View->CodeIgniter\View\{closure}()
 8 SYSTEMPATH/Common.php(1134): CodeIgniter\View\View->render('Events/new', [], true)
 9 APPPATH/Controllers/Events.php(40): view('Events/new', [...])
10 SYSTEMPATH/CodeIgniter.php(927): App\Controllers\Events->new()
11 SYSTEMPATH/CodeIgniter.php(482): CodeIgniter\CodeIgniter->runController(Object(App\Controllers\Events))
12 SYSTEMPATH/CodeIgniter.php(351): CodeIgniter\CodeIgniter->handleRequest(null, Object(Config\Cache), false)
13 FCPATH/index.php(67): CodeIgniter\CodeIgniter->run()
CRITICAL - 2023-09-01 05:40:58 --> Undefined property: App\Controllers\Events::$current_user
in APPPATH/Controllers/Events.php on line 47.
 1 APPPATH/Controllers/Events.php(47): CodeIgniter\Debug\Exceptions->errorHandler(2, 'Undefined property: App\\Controllers\\Events::$current_user', 'APPPATH/Controllers/Events.php', 47)
 2 SYSTEMPATH/CodeIgniter.php(927): App\Controllers\Events->create()
 3 SYSTEMPATH/CodeIgniter.php(482): CodeIgniter\CodeIgniter->runController(Object(App\Controllers\Events))
 4 SYSTEMPATH/CodeIgniter.php(351): CodeIgniter\CodeIgniter->handleRequest(null, Object(Config\Cache), false)
 5 FCPATH/index.php(67): CodeIgniter\CodeIgniter->run()
CRITICAL - 2023-09-01 06:17:57 --> Undefined property: App\Controllers\Events::$validationRules
in APPPATH/Controllers/Events.php on line 50.
 1 APPPATH/Controllers/Events.php(50): CodeIgniter\Debug\Exceptions->errorHandler(2, 'Undefined property: App\\Controllers\\Events::$validationRules', 'APPPATH/Controllers/Events.php', 50)
 2 SYSTEMPATH/CodeIgniter.php(927): App\Controllers\Events->create()
 3 SYSTEMPATH/CodeIgniter.php(482): CodeIgniter\CodeIgniter->runController(Object(App\Controllers\Events))
 4 SYSTEMPATH/CodeIgniter.php(351): CodeIgniter\CodeIgniter->handleRequest(null, Object(Config\Cache), false)
 5 FCPATH/index.php(67): CodeIgniter\CodeIgniter->run()
CRITICAL - 2023-09-01 06:18:36 --> Undefined property: App\Controllers\Events::$validationRules
in APPPATH/Controllers/Events.php on line 51.
 1 APPPATH/Controllers/Events.php(51): CodeIgniter\Debug\Exceptions->errorHandler(2, 'Undefined property: App\\Controllers\\Events::$validationRules', 'APPPATH/Controllers/Events.php', 51)
 2 SYSTEMPATH/CodeIgniter.php(927): App\Controllers\Events->create()
 3 SYSTEMPATH/CodeIgniter.php(482): CodeIgniter\CodeIgniter->runController(Object(App\Controllers\Events))
 4 SYSTEMPATH/CodeIgniter.php(351): CodeIgniter\CodeIgniter->handleRequest(null, Object(Config\Cache), false)
 5 FCPATH/index.php(67): CodeIgniter\CodeIgniter->run()
CRITICAL - 2023-09-01 06:19:23 --> Undefined property: App\Controllers\Events::$validationRules
in APPPATH/Controllers/Events.php on line 51.
 1 APPPATH/Controllers/Events.php(51): CodeIgniter\Debug\Exceptions->errorHandler(2, 'Undefined property: App\\Controllers\\Events::$validationRules', 'APPPATH/Controllers/Events.php', 51)
 2 SYSTEMPATH/CodeIgniter.php(927): App\Controllers\Events->create()
 3 SYSTEMPATH/CodeIgniter.php(482): CodeIgniter\CodeIgniter->runController(Object(App\Controllers\Events))
 4 SYSTEMPATH/CodeIgniter.php(351): CodeIgniter\CodeIgniter->handleRequest(null, Object(Config\Cache), false)
 5 FCPATH/index.php(67): CodeIgniter\CodeIgniter->run()
CRITICAL - 2023-09-01 06:24:23 --> Invalid file: Events/create.php
in SYSTEMPATH/Exceptions/FrameworkException.php on line 33.
 1 SYSTEMPATH/View/View.php(201): CodeIgniter\Exceptions\FrameworkException::forInvalidFile('Events/create.php')
 2 SYSTEMPATH/Common.php(1134): CodeIgniter\View\View->render('Events/create', [], true)
 3 APPPATH/Controllers/Events.php(55): view('Events/create', [...])
 4 SYSTEMPATH/CodeIgniter.php(927): App\Controllers\Events->create()
 5 SYSTEMPATH/CodeIgniter.php(482): CodeIgniter\CodeIgniter->runController(Object(App\Controllers\Events))
 6 SYSTEMPATH/CodeIgniter.php(351): CodeIgniter\CodeIgniter->handleRequest(null, Object(Config\Cache), false)
 7 FCPATH/index.php(67): CodeIgniter\CodeIgniter->run()
CRITICAL - 2023-09-01 06:43:45 --> Undefined variable $errors
in APPPATH/Views/Events/form.php on line 5.
 1 APPPATH/Views/Events/form.php(5): CodeIgniter\Debug\Exceptions->errorHandler(2, 'Undefined variable $errors', 'APPPATH/Views/Events/form.php', 5)
 2 SYSTEMPATH/View/View.php(213): include('APPPATH/Views/Events/form.php')
 3 SYSTEMPATH/View/View.php(216): CodeIgniter\View\View->CodeIgniter\View\{closure}()
 4 SYSTEMPATH/View/View.php(431): CodeIgniter\View\View->render('Events/form', null, true)
 5 APPPATH/Views/Events/new.php(19): CodeIgniter\View\View->include('Events/form')
 6 SYSTEMPATH/View/View.php(213): include('APPPATH/Views/Events/new.php')
 7 SYSTEMPATH/View/View.php(216): CodeIgniter\View\View->CodeIgniter\View\{closure}()
 8 SYSTEMPATH/Common.php(1134): CodeIgniter\View\View->render('Events/new', [], true)
 9 APPPATH/Controllers/Events.php(41): view('Events/new', [...])
10 SYSTEMPATH/CodeIgniter.php(927): App\Controllers\Events->new()
11 SYSTEMPATH/CodeIgniter.php(482): CodeIgniter\CodeIgniter->runController(Object(App\Controllers\Events))
12 SYSTEMPATH/CodeIgniter.php(351): CodeIgniter\CodeIgniter->handleRequest(null, Object(Config\Cache), false)
13 FCPATH/index.php(67): CodeIgniter\CodeIgniter->run()
CRITICAL - 2023-09-01 06:45:01 --> Undefined variable $validation
in APPPATH/Views/Events/form.php on line 5.
 1 APPPATH/Views/Events/form.php(5): CodeIgniter\Debug\Exceptions->errorHandler(2, 'Undefined variable $validation', 'APPPATH/Views/Events/form.php', 5)
 2 SYSTEMPATH/View/View.php(213): include('APPPATH/Views/Events/form.php')
 3 SYSTEMPATH/View/View.php(216): CodeIgniter\View\View->CodeIgniter\View\{closure}()
 4 SYSTEMPATH/View/View.php(431): CodeIgniter\View\View->render('Events/form', null, true)
 5 APPPATH/Views/Events/new.php(19): CodeIgniter\View\View->include('Events/form')
 6 SYSTEMPATH/View/View.php(213): include('APPPATH/Views/Events/new.php')
 7 SYSTEMPATH/View/View.php(216): CodeIgniter\View\View->CodeIgniter\View\{closure}()
 8 SYSTEMPATH/Common.php(1134): CodeIgniter\View\View->render('Events/new', [], true)
 9 APPPATH/Controllers/Events.php(41): view('Events/new', [...])
10 SYSTEMPATH/CodeIgniter.php(927): App\Controllers\Events->new()
11 SYSTEMPATH/CodeIgniter.php(482): CodeIgniter\CodeIgniter->runController(Object(App\Controllers\Events))
12 SYSTEMPATH/CodeIgniter.php(351): CodeIgniter\CodeIgniter->handleRequest(null, Object(Config\Cache), false)
13 FCPATH/index.php(67): CodeIgniter\CodeIgniter->run()
CRITICAL - 2023-09-01 06:47:28 --> Call to undefined method CodeIgniter\View\View::extends()
in APPPATH/Views/Events/form.php on line 1.
 1 SYSTEMPATH/View/View.php(213): include()
 2 SYSTEMPATH/View/View.php(216): CodeIgniter\View\View->CodeIgniter\View\{closure}()
 3 SYSTEMPATH/View/View.php(431): CodeIgniter\View\View->render('Events/form', null, true)
 4 APPPATH/Views/Events/new.php(19): CodeIgniter\View\View->include('Events/form')
 5 SYSTEMPATH/View/View.php(213): include('APPPATH/Views/Events/new.php')
 6 SYSTEMPATH/View/View.php(216): CodeIgniter\View\View->CodeIgniter\View\{closure}()
 7 SYSTEMPATH/Common.php(1134): CodeIgniter\View\View->render('Events/new', [], true)
 8 APPPATH/Controllers/Events.php(41): view('Events/new', [...])
 9 SYSTEMPATH/CodeIgniter.php(927): App\Controllers\Events->new()
10 SYSTEMPATH/CodeIgniter.php(482): CodeIgniter\CodeIgniter->runController(Object(App\Controllers\Events))
11 SYSTEMPATH/CodeIgniter.php(351): CodeIgniter\CodeIgniter->handleRequest(null, Object(Config\Cache), false)
12 FCPATH/index.php(67): CodeIgniter\CodeIgniter->run()
CRITICAL - 2023-09-01 06:48:16 --> Undefined variable $validation
in APPPATH/Views/Events/form.php on line 5.
 1 APPPATH/Views/Events/form.php(5): CodeIgniter\Debug\Exceptions->errorHandler(2, 'Undefined variable $validation', 'APPPATH/Views/Events/form.php', 5)
 2 SYSTEMPATH/View/View.php(213): include('APPPATH/Views/Events/form.php')
 3 SYSTEMPATH/View/View.php(216): CodeIgniter\View\View->CodeIgniter\View\{closure}()
 4 SYSTEMPATH/View/View.php(431): CodeIgniter\View\View->render('Events/form', null, true)
 5 APPPATH/Views/Events/new.php(19): CodeIgniter\View\View->include('Events/form')
 6 SYSTEMPATH/View/View.php(213): include('APPPATH/Views/Events/new.php')
 7 SYSTEMPATH/View/View.php(216): CodeIgniter\View\View->CodeIgniter\View\{closure}()
 8 SYSTEMPATH/Common.php(1134): CodeIgniter\View\View->render('Events/new', [], true)
 9 APPPATH/Controllers/Events.php(41): view('Events/new', [...])
10 SYSTEMPATH/CodeIgniter.php(927): App\Controllers\Events->new()
11 SYSTEMPATH/CodeIgniter.php(482): CodeIgniter\CodeIgniter->runController(Object(App\Controllers\Events))
12 SYSTEMPATH/CodeIgniter.php(351): CodeIgniter\CodeIgniter->handleRequest(null, Object(Config\Cache), false)
13 FCPATH/index.php(67): CodeIgniter\CodeIgniter->run()
CRITICAL - 2023-09-01 06:56:44 --> Undefined variable $errors
in APPPATH/Views/Events/form.php on line 5.
 1 APPPATH/Views/Events/form.php(5): CodeIgniter\Debug\Exceptions->errorHandler(2, 'Undefined variable $errors', 'APPPATH/Views/Events/form.php', 5)
 2 SYSTEMPATH/View/View.php(213): include('APPPATH/Views/Events/form.php')
 3 SYSTEMPATH/View/View.php(216): CodeIgniter\View\View->CodeIgniter\View\{closure}()
 4 SYSTEMPATH/View/View.php(431): CodeIgniter\View\View->render('Events/form', null, true)
 5 APPPATH/Views/Events/new.php(19): CodeIgniter\View\View->include('Events/form')
 6 SYSTEMPATH/View/View.php(213): include('APPPATH/Views/Events/new.php')
 7 SYSTEMPATH/View/View.php(216): CodeIgniter\View\View->CodeIgniter\View\{closure}()
 8 SYSTEMPATH/Common.php(1134): CodeIgniter\View\View->render('Events/new', [], true)
 9 APPPATH/Controllers/Events.php(41): view('Events/new', [...])
10 SYSTEMPATH/CodeIgniter.php(927): App\Controllers\Events->new()
11 SYSTEMPATH/CodeIgniter.php(482): CodeIgniter\CodeIgniter->runController(Object(App\Controllers\Events))
12 SYSTEMPATH/CodeIgniter.php(351): CodeIgniter\CodeIgniter->handleRequest(null, Object(Config\Cache), false)
13 FCPATH/index.php(67): CodeIgniter\CodeIgniter->run()
CRITICAL - 2023-09-01 06:57:23 --> Undefined variable $errors
in APPPATH/Views/Events/form.php on line 5.
 1 APPPATH/Views/Events/form.php(5): CodeIgniter\Debug\Exceptions->errorHandler(2, 'Undefined variable $errors', 'APPPATH/Views/Events/form.php', 5)
 2 SYSTEMPATH/View/View.php(213): include('APPPATH/Views/Events/form.php')
 3 SYSTEMPATH/View/View.php(216): CodeIgniter\View\View->CodeIgniter\View\{closure}()
 4 SYSTEMPATH/View/View.php(431): CodeIgniter\View\View->render('Events/form', null, true)
 5 APPPATH/Views/Events/new.php(19): CodeIgniter\View\View->include('Events/form')
 6 SYSTEMPATH/View/View.php(213): include('APPPATH/Views/Events/new.php')
 7 SYSTEMPATH/View/View.php(216): CodeIgniter\View\View->CodeIgniter\View\{closure}()
 8 SYSTEMPATH/Common.php(1134): CodeIgniter\View\View->render('Events/new', [], true)
 9 APPPATH/Controllers/Events.php(41): view('Events/new', [...])
10 SYSTEMPATH/CodeIgniter.php(927): App\Controllers\Events->new()
11 SYSTEMPATH/CodeIgniter.php(482): CodeIgniter\CodeIgniter->runController(Object(App\Controllers\Events))
12 SYSTEMPATH/CodeIgniter.php(351): CodeIgniter\CodeIgniter->handleRequest(null, Object(Config\Cache), false)
13 FCPATH/index.php(67): CodeIgniter\CodeIgniter->run()
CRITICAL - 2023-09-01 06:57:31 --> Undefined property: CodeIgniter\View\View::$model
in APPPATH/Views/Events/form.php on line 5.
 1 APPPATH/Views/Events/form.php(5): CodeIgniter\Debug\Exceptions->errorHandler(2, 'Undefined property: CodeIgniter\\View\\View::$model', 'APPPATH/Views/Events/form.php', 5)
 2 SYSTEMPATH/View/View.php(213): include('APPPATH/Views/Events/form.php')
 3 SYSTEMPATH/View/View.php(216): CodeIgniter\View\View->CodeIgniter\View\{closure}()
 4 SYSTEMPATH/View/View.php(431): CodeIgniter\View\View->render('Events/form', null, true)
 5 APPPATH/Views/Events/new.php(19): CodeIgniter\View\View->include('Events/form')
 6 SYSTEMPATH/View/View.php(213): include('APPPATH/Views/Events/new.php')
 7 SYSTEMPATH/View/View.php(216): CodeIgniter\View\View->CodeIgniter\View\{closure}()
 8 SYSTEMPATH/Common.php(1134): CodeIgniter\View\View->render('Events/new', [], true)
 9 APPPATH/Controllers/Events.php(41): view('Events/new', [...])
10 SYSTEMPATH/CodeIgniter.php(927): App\Controllers\Events->new()
11 SYSTEMPATH/CodeIgniter.php(482): CodeIgniter\CodeIgniter->runController(Object(App\Controllers\Events))
12 SYSTEMPATH/CodeIgniter.php(351): CodeIgniter\CodeIgniter->handleRequest(null, Object(Config\Cache), false)
13 FCPATH/index.php(67): CodeIgniter\CodeIgniter->run()
CRITICAL - 2023-09-01 06:57:53 --> Undefined variable $errors
in APPPATH/Views/Events/form.php on line 5.
 1 APPPATH/Views/Events/form.php(5): CodeIgniter\Debug\Exceptions->errorHandler(2, 'Undefined variable $errors', 'APPPATH/Views/Events/form.php', 5)
 2 SYSTEMPATH/View/View.php(213): include('APPPATH/Views/Events/form.php')
 3 SYSTEMPATH/View/View.php(216): CodeIgniter\View\View->CodeIgniter\View\{closure}()
 4 SYSTEMPATH/View/View.php(431): CodeIgniter\View\View->render('Events/form', null, true)
 5 APPPATH/Views/Events/new.php(19): CodeIgniter\View\View->include('Events/form')
 6 SYSTEMPATH/View/View.php(213): include('APPPATH/Views/Events/new.php')
 7 SYSTEMPATH/View/View.php(216): CodeIgniter\View\View->CodeIgniter\View\{closure}()
 8 SYSTEMPATH/Common.php(1134): CodeIgniter\View\View->render('Events/new', [], true)
 9 APPPATH/Controllers/Events.php(41): view('Events/new', [...])
10 SYSTEMPATH/CodeIgniter.php(927): App\Controllers\Events->new()
11 SYSTEMPATH/CodeIgniter.php(482): CodeIgniter\CodeIgniter->runController(Object(App\Controllers\Events))
12 SYSTEMPATH/CodeIgniter.php(351): CodeIgniter\CodeIgniter->handleRequest(null, Object(Config\Cache), false)
13 FCPATH/index.php(67): CodeIgniter\CodeIgniter->run()
CRITICAL - 2023-09-01 07:13:21 --> rerquired is not a valid rule.
in SYSTEMPATH/Validation/Validation.php on line 323.
 1 SYSTEMPATH/Validation/Validation.php(323): CodeIgniter\Validation\Exceptions\ValidationException::forRuleNotFound('rerquired')
 2 SYSTEMPATH/Validation/Validation.php(175): CodeIgniter\Validation\Validation->processRules('contact_number', 'contact_number', 'ROOTPATH/public', [...], [...])
 3 SYSTEMPATH/BaseModel.php(1371): CodeIgniter\Validation\Validation->run([...], null, null)
 4 SYSTEMPATH/BaseModel.php(712): CodeIgniter\BaseModel->validate([...])
 5 SYSTEMPATH/Model.php(667): CodeIgniter\BaseModel->insert([...], true)
 6 APPPATH/Controllers/Events.php(50): CodeIgniter\Model->insert(Object(App\Entities\Event))
 7 SYSTEMPATH/CodeIgniter.php(927): App\Controllers\Events->create()
 8 SYSTEMPATH/CodeIgniter.php(482): CodeIgniter\CodeIgniter->runController(Object(App\Controllers\Events))
 9 SYSTEMPATH/CodeIgniter.php(351): CodeIgniter\CodeIgniter->handleRequest(null, Object(Config\Cache), false)
10 FCPATH/index.php(67): CodeIgniter\CodeIgniter->run()
CRITICAL - 2023-09-01 07:13:21 --> rerquired is not a valid rule.
in SYSTEMPATH/Validation/Validation.php on line 323.
 1 SYSTEMPATH/Validation/Validation.php(323): CodeIgniter\Validation\Exceptions\ValidationException::forRuleNotFound('rerquired')
 2 SYSTEMPATH/Validation/Validation.php(175): CodeIgniter\Validation\Validation->processRules('contact_number', 'contact_number', 'ROOTPATH/public', [...], [...])
 3 SYSTEMPATH/BaseModel.php(1371): CodeIgniter\Validation\Validation->run([...], null, null)
 4 SYSTEMPATH/BaseModel.php(712): CodeIgniter\BaseModel->validate([...])
 5 SYSTEMPATH/Model.php(667): CodeIgniter\BaseModel->insert([...], true)
 6 APPPATH/Controllers/Events.php(50): CodeIgniter\Model->insert(Object(App\Entities\Event))
 7 SYSTEMPATH/CodeIgniter.php(927): App\Controllers\Events->create()
 8 SYSTEMPATH/CodeIgniter.php(482): CodeIgniter\CodeIgniter->runController(Object(App\Controllers\Events))
 9 SYSTEMPATH/CodeIgniter.php(351): CodeIgniter\CodeIgniter->handleRequest(null, Object(Config\Cache), false)
10 FCPATH/index.php(67): CodeIgniter\CodeIgniter->run()
CRITICAL - 2023-09-01 12:07:36 --> after:start_time is not a valid rule.
in SYSTEMPATH/Validation/Validation.php on line 323.
 1 SYSTEMPATH/Validation/Validation.php(323): CodeIgniter\Validation\Exceptions\ValidationException::forRuleNotFound('after:start_time')
 2 SYSTEMPATH/Validation/Validation.php(175): CodeIgniter\Validation\Validation->processRules('end_time', 'end_time', '00:53', [...], [...])
 3 SYSTEMPATH/BaseModel.php(1371): CodeIgniter\Validation\Validation->run([...], null, null)
 4 SYSTEMPATH/BaseModel.php(712): CodeIgniter\BaseModel->validate([...])
 5 SYSTEMPATH/Model.php(667): CodeIgniter\BaseModel->insert([...], true)
 6 APPPATH/Controllers/Events.php(50): CodeIgniter\Model->insert(Object(App\Entities\Event))
 7 SYSTEMPATH/CodeIgniter.php(927): App\Controllers\Events->create()
 8 SYSTEMPATH/CodeIgniter.php(482): CodeIgniter\CodeIgniter->runController(Object(App\Controllers\Events))
 9 SYSTEMPATH/CodeIgniter.php(351): CodeIgniter\CodeIgniter->handleRequest(null, Object(Config\Cache), false)
10 FCPATH/index.php(67): CodeIgniter\CodeIgniter->run()
CRITICAL - 2023-09-01 12:12:00 --> after:start_time is not a valid rule.
in SYSTEMPATH/Validation/Validation.php on line 323.
 1 SYSTEMPATH/Validation/Validation.php(323): CodeIgniter\Validation\Exceptions\ValidationException::forRuleNotFound('after:start_time')
 2 SYSTEMPATH/Validation/Validation.php(175): CodeIgniter\Validation\Validation->processRules('end_time', 'end_time', '00:53', [...], [...])
 3 SYSTEMPATH/BaseModel.php(1371): CodeIgniter\Validation\Validation->run([...], null, null)
 4 SYSTEMPATH/BaseModel.php(712): CodeIgniter\BaseModel->validate([...])
 5 SYSTEMPATH/Model.php(667): CodeIgniter\BaseModel->insert([...], true)
 6 APPPATH/Controllers/Events.php(50): CodeIgniter\Model->insert(Object(App\Entities\Event))
 7 SYSTEMPATH/CodeIgniter.php(927): App\Controllers\Events->create()
 8 SYSTEMPATH/CodeIgniter.php(482): CodeIgniter\CodeIgniter->runController(Object(App\Controllers\Events))
 9 SYSTEMPATH/CodeIgniter.php(351): CodeIgniter\CodeIgniter->handleRequest(null, Object(Config\Cache), false)
10 FCPATH/index.php(67): CodeIgniter\CodeIgniter->run()
ERROR - 2023-09-01 12:20:22 --> mysqli_sql_exception: Operand should contain 1 column(s) in /var/www/html/system/Database/MySQLi/Connection.php:292
Stack trace:
#0 /var/www/html/system/Database/MySQLi/Connection.php(292): mysqli->query('INSERT INTO `ev...', 0)
#1 /var/www/html/system/Database/BaseConnection.php(666): CodeIgniter\Database\MySQLi\Connection->execute('INSERT INTO `ev...')
#2 /var/www/html/system/Database/BaseConnection.php(593): CodeIgniter\Database\BaseConnection->simpleQuery('INSERT INTO `ev...')
#3 /var/www/html/system/Database/BaseBuilder.php(1916): CodeIgniter\Database\BaseConnection->query('INSERT INTO `ev...', Array, false)
#4 /var/www/html/system/Model.php(279): CodeIgniter\Database\BaseBuilder->insert()
#5 /var/www/html/system/BaseModel.php(749): CodeIgniter\Model->doInsert(Array)
#6 /var/www/html/system/Model.php(667): CodeIgniter\BaseModel->insert(Array, true)
#7 /var/www/html/app/Controllers/Events.php(50): CodeIgniter\Model->insert(Object(App\Entities\Event))
#8 /var/www/html/system/CodeIgniter.php(927): App\Controllers\Events->create()
#9 /var/www/html/system/CodeIgniter.php(482): CodeIgniter\CodeIgniter->runController(Object(App\Controllers\Events))
#10 /var/www/html/system/CodeIgniter.php(351): CodeIgniter\CodeIgniter->handleRequest(NULL, Object(Config\Cache), false)
#11 /var/www/html/public/index.php(67): CodeIgniter\CodeIgniter->run()
#12 {main}
CRITICAL - 2023-09-01 12:20:22 --> Operand should contain 1 column(s)
in SYSTEMPATH/Database/MySQLi/Connection.php on line 292.
 1 SYSTEMPATH/Database/MySQLi/Connection.php(292): mysqli->query('INSERT INTO `event` (`title`, `description`, `day_of_week`, `start_time`, `end_time`, `location`, `organizer`, `contact_number`, `created_at`, `updated_at`) VALUES (\'event 1\', \'description for event 1\', (\'Monday\',\'Tuesday\'), \'13:00\', \'14:00\', \'D, 11, building, street, district\', \'user 1\', \'11111111\', \'2023-09-01 12:20:22\', \'2023-09-01 12:20:22\')', 0)
 2 SYSTEMPATH/Database/BaseConnection.php(666): CodeIgniter\Database\MySQLi\Connection->execute('INSERT INTO `event` (`title`, `description`, `day_of_week`, `start_time`, `end_time`, `location`, `organizer`, `contact_number`, `created_at`, `updated_at`) VALUES (\'event 1\', \'description for event 1\', (\'Monday\',\'Tuesday\'), \'13:00\', \'14:00\', \'D, 11, building, street, district\', \'user 1\', \'11111111\', \'2023-09-01 12:20:22\', \'2023-09-01 12:20:22\')')
 3 SYSTEMPATH/Database/BaseConnection.php(593): CodeIgniter\Database\BaseConnection->simpleQuery('INSERT INTO `event` (`title`, `description`, `day_of_week`, `start_time`, `end_time`, `location`, `organizer`, `contact_number`, `created_at`, `updated_at`) VALUES (\'event 1\', \'description for event 1\', (\'Monday\',\'Tuesday\'), \'13:00\', \'14:00\', \'D, 11, building, street, district\', \'user 1\', \'11111111\', \'2023-09-01 12:20:22\', \'2023-09-01 12:20:22\')')
 4 SYSTEMPATH/Database/BaseBuilder.php(1916): CodeIgniter\Database\BaseConnection->query('INSERT INTO `event` (`title`, `description`, `day_of_week`, `start_time`, `end_time`, `location`, `organizer`, `contact_number`, `created_at`, `updated_at`) VALUES (:title:, :description:, :day_of_week:, :start_time:, :end_time:, :location:, :organizer:, :contact_number:, :created_at:, :updated_at:)', [...], false)
 5 SYSTEMPATH/Model.php(279): CodeIgniter\Database\BaseBuilder->insert()
 6 SYSTEMPATH/BaseModel.php(749): CodeIgniter\Model->doInsert([...])
 7 SYSTEMPATH/Model.php(667): CodeIgniter\BaseModel->insert([...], true)
 8 APPPATH/Controllers/Events.php(50): CodeIgniter\Model->insert(Object(App\Entities\Event))
 9 SYSTEMPATH/CodeIgniter.php(927): App\Controllers\Events->create()
10 SYSTEMPATH/CodeIgniter.php(482): CodeIgniter\CodeIgniter->runController(Object(App\Controllers\Events))
11 SYSTEMPATH/CodeIgniter.php(351): CodeIgniter\CodeIgniter->handleRequest(null, Object(Config\Cache), false)
12 FCPATH/index.php(67): CodeIgniter\CodeIgniter->run()
CRITICAL - 2023-09-01 12:23:25 --> Class "App\Controllers\PageNotFoundException" not found
in APPPATH/Controllers/Events.php on line 125.
 1 APPPATH/Controllers/Events.php(29): App\Controllers\Events->getEventOr404('1')
 2 SYSTEMPATH/CodeIgniter.php(927): App\Controllers\Events->show('1')
 3 SYSTEMPATH/CodeIgniter.php(482): CodeIgniter\CodeIgniter->runController(Object(App\Controllers\Events))
 4 SYSTEMPATH/CodeIgniter.php(351): CodeIgniter\CodeIgniter->handleRequest(null, Object(Config\Cache), false)
 5 FCPATH/index.php(67): CodeIgniter\CodeIgniter->run()
CRITICAL - 2023-09-01 12:35:43 --> Class "App\Controllers\PageNotFoundException" not found
in APPPATH/Controllers/Events.php on line 125.
 1 APPPATH/Controllers/Events.php(29): App\Controllers\Events->getEventOr404('1')
 2 SYSTEMPATH/CodeIgniter.php(927): App\Controllers\Events->show('1')
 3 SYSTEMPATH/CodeIgniter.php(482): CodeIgniter\CodeIgniter->runController(Object(App\Controllers\Events))
 4 SYSTEMPATH/CodeIgniter.php(351): CodeIgniter\CodeIgniter->handleRequest(null, Object(Config\Cache), false)
 5 FCPATH/index.php(67): CodeIgniter\CodeIgniter->run()
CRITICAL - 2023-09-01 12:35:46 --> Class "App\Controllers\PageNotFoundException" not found
in APPPATH/Controllers/Events.php on line 125.
 1 APPPATH/Controllers/Events.php(29): App\Controllers\Events->getEventOr404('1')
 2 SYSTEMPATH/CodeIgniter.php(927): App\Controllers\Events->show('1')
 3 SYSTEMPATH/CodeIgniter.php(482): CodeIgniter\CodeIgniter->runController(Object(App\Controllers\Events))
 4 SYSTEMPATH/CodeIgniter.php(351): CodeIgniter\CodeIgniter->handleRequest(null, Object(Config\Cache), false)
 5 FCPATH/index.php(67): CodeIgniter\CodeIgniter->run()
CRITICAL - 2023-09-01 12:36:02 --> Class "App\Controllers\PageNotFoundException" not found
in APPPATH/Controllers/Events.php on line 125.
 1 APPPATH/Controllers/Events.php(29): App\Controllers\Events->getEventOr404('1')
 2 SYSTEMPATH/CodeIgniter.php(927): App\Controllers\Events->show('1')
 3 SYSTEMPATH/CodeIgniter.php(482): CodeIgniter\CodeIgniter->runController(Object(App\Controllers\Events))
 4 SYSTEMPATH/CodeIgniter.php(351): CodeIgniter\CodeIgniter->handleRequest(null, Object(Config\Cache), false)
 5 FCPATH/index.php(67): CodeIgniter\CodeIgniter->run()
CRITICAL - 2023-09-01 12:41:32 --> Class "App\Controllers\PageNotFoundException" not found
in APPPATH/Controllers/Events.php on line 125.
 1 APPPATH/Controllers/Events.php(29): App\Controllers\Events->getEventOr404('1')
 2 SYSTEMPATH/CodeIgniter.php(927): App\Controllers\Events->show('1')
 3 SYSTEMPATH/CodeIgniter.php(482): CodeIgniter\CodeIgniter->runController(Object(App\Controllers\Events))
 4 SYSTEMPATH/CodeIgniter.php(351): CodeIgniter\CodeIgniter->handleRequest(null, Object(Config\Cache), false)
 5 FCPATH/index.php(67): CodeIgniter\CodeIgniter->run()
