CRITICAL - 2023-08-12 06:59:35 --> There is no data to update.
in SYSTEMPATH/BaseModel.php on line 867.
 1 SYSTEMPATH/BaseModel.php(867): CodeIgniter\Database\Exceptions\DataException::forEmptyDataset('update')
 2 SYSTEMPATH/Model.php(693): CodeIgniter\BaseModel->update([...], [])
 3 SYSTEMPATH/BaseModel.php(657): CodeIgniter\Model->update('1', Object(App\Entities\User))
 4 APPPATH/Controllers/Admin/Users.php(109): CodeIgniter\BaseModel->save(Object(App\Entities\User))
 5 SYSTEMPATH/CodeIgniter.php(927): App\Controllers\Admin\Users->update('1')
 6 SYSTEMPATH/CodeIgniter.php(482): CodeIgniter\CodeIgniter->runController(Object(App\Controllers\Admin\Users))
 7 SYSTEMPATH/CodeIgniter.php(351): CodeIgniter\CodeIgniter->handleRequest(null, Object(Config\Cache), false)
 8 FCPATH/index.php(67): CodeIgniter\CodeIgniter->run()
CRITICAL - 2023-08-12 07:03:41 --> There is no data to update.
in SYSTEMPATH/BaseModel.php on line 867.
 1 SYSTEMPATH/BaseModel.php(867): CodeIgniter\Database\Exceptions\DataException::forEmptyDataset('update')
 2 SYSTEMPATH/Model.php(693): CodeIgniter\BaseModel->update([...], [])
 3 SYSTEMPATH/BaseModel.php(657): CodeIgniter\Model->update('1', Object(App\Entities\User))
 4 APPPATH/Controllers/Admin/Users.php(109): CodeIgniter\BaseModel->save(Object(App\Entities\User))
 5 SYSTEMPATH/CodeIgniter.php(927): App\Controllers\Admin\Users->update('1')
 6 SYSTEMPATH/CodeIgniter.php(482): CodeIgniter\CodeIgniter->runController(Object(App\Controllers\Admin\Users))
 7 SYSTEMPATH/CodeIgniter.php(351): CodeIgniter\CodeIgniter->handleRequest(null, Object(Config\Cache), false)
 8 FCPATH/index.php(67): CodeIgniter\CodeIgniter->run()
CRITICAL - 2023-08-12 07:06:01 --> There is no data to update.
in SYSTEMPATH/BaseModel.php on line 867.
 1 SYSTEMPATH/BaseModel.php(867): CodeIgniter\Database\Exceptions\DataException::forEmptyDataset('update')
 2 SYSTEMPATH/Model.php(693): CodeIgniter\BaseModel->update([...], [])
 3 SYSTEMPATH/BaseModel.php(657): CodeIgniter\Model->update('1', Object(App\Entities\User))
 4 APPPATH/Controllers/Admin/Users.php(111): CodeIgniter\BaseModel->save(Object(App\Entities\User))
 5 SYSTEMPATH/CodeIgniter.php(927): App\Controllers\Admin\Users->update('1')
 6 SYSTEMPATH/CodeIgniter.php(482): CodeIgniter\CodeIgniter->runController(Object(App\Controllers\Admin\Users))
 7 SYSTEMPATH/CodeIgniter.php(351): CodeIgniter\CodeIgniter->handleRequest(null, Object(Config\Cache), false)
 8 FCPATH/index.php(67): CodeIgniter\CodeIgniter->run()
