ERROR - 2023-11-17 09:27:51 --> mysqli_sql_exception: Cannot add or update a child row: a foreign key constraint fails (`taskapp`.`volunteer`, CONSTRAINT `volunteer_event_id_foreign` FOREIGN KEY (`event_id`) REFERENCES `event` (`id`) ON DELETE CASCADE ON UPDATE CASCADE) in /var/www/html/system/Database/MySQLi/Connection.php:292
Stack trace:
#0 /var/www/html/system/Database/MySQLi/Connection.php(292): mysqli->query('INSERT INTO `vo...', 0)
#1 /var/www/html/system/Database/BaseConnection.php(666): CodeIgniter\Database\MySQLi\Connection->execute('INSERT INTO `vo...')
#2 /var/www/html/system/Database/BaseConnection.php(593): CodeIgniter\Database\BaseConnection->simpleQuery('INSERT INTO `vo...')
#3 /var/www/html/system/Database/BaseBuilder.php(1916): CodeIgniter\Database\BaseConnection->query('INSERT INTO `vo...', Array, false)
#4 /var/www/html/system/Model.php(279): CodeIgniter\Database\BaseBuilder->insert()
#5 /var/www/html/system/BaseModel.php(749): CodeIgniter\Model->doInsert(Array)
#6 /var/www/html/system/Model.php(667): CodeIgniter\BaseModel->insert(Array, false)
#7 /var/www/html/system/BaseModel.php(659): CodeIgniter\Model->insert(Object(App\Entities\Volunteer), false)
#8 /var/www/html/app/Controllers/Volunteers.php(39): CodeIgniter\BaseModel->save(Object(App\Entities\Volunteer))
#9 /var/www/html/system/CodeIgniter.php(927): App\Controllers\Volunteers->saveVolunteerForm('1')
#10 /var/www/html/system/CodeIgniter.php(482): CodeIgniter\CodeIgniter->runController(Object(App\Controllers\Volunteers))
#11 /var/www/html/system/CodeIgniter.php(351): CodeIgniter\CodeIgniter->handleRequest(NULL, Object(Config\Cache), false)
#12 /var/www/html/public/index.php(67): CodeIgniter\CodeIgniter->run()
#13 {main}
CRITICAL - 2023-11-17 09:27:51 --> Cannot add or update a child row: a foreign key constraint fails (`taskapp`.`volunteer`, CONSTRAINT `volunteer_event_id_foreign` FOREIGN KEY (`event_id`) REFERENCES `event` (`id`) ON DELETE CASCADE ON UPDATE CASCADE)
in SYSTEMPATH/Database/MySQLi/Connection.php on line 292.
 1 SYSTEMPATH/Database/MySQLi/Connection.php(292): mysqli->query('INSERT INTO `volunteer` (`name`, `phone`, `email`, `occupation`, `reason`, `created_at`, `updated_at`) VALUES (\'user\', \'12345678\', \'xx@gmail.com\', \'banking\', \'want to be volunteer\', \'2023-11-17 09:27:50\', \'2023-11-17 09:27:50\')', 0)
 2 SYSTEMPATH/Database/BaseConnection.php(666): CodeIgniter\Database\MySQLi\Connection->execute('INSERT INTO `volunteer` (`name`, `phone`, `email`, `occupation`, `reason`, `created_at`, `updated_at`) VALUES (\'user\', \'12345678\', \'xx@gmail.com\', \'banking\', \'want to be volunteer\', \'2023-11-17 09:27:50\', \'2023-11-17 09:27:50\')')
 3 SYSTEMPATH/Database/BaseConnection.php(593): CodeIgniter\Database\BaseConnection->simpleQuery('INSERT INTO `volunteer` (`name`, `phone`, `email`, `occupation`, `reason`, `created_at`, `updated_at`) VALUES (\'user\', \'12345678\', \'xx@gmail.com\', \'banking\', \'want to be volunteer\', \'2023-11-17 09:27:50\', \'2023-11-17 09:27:50\')')
 4 SYSTEMPATH/Database/BaseBuilder.php(1916): CodeIgniter\Database\BaseConnection->query('INSERT INTO `volunteer` (`name`, `phone`, `email`, `occupation`, `reason`, `created_at`, `updated_at`) VALUES (:name:, :phone:, :email:, :occupation:, :reason:, :created_at:, :updated_at:)', [...], false)
 5 SYSTEMPATH/Model.php(279): CodeIgniter\Database\BaseBuilder->insert()
 6 SYSTEMPATH/BaseModel.php(749): CodeIgniter\Model->doInsert([...])
 7 SYSTEMPATH/Model.php(667): CodeIgniter\BaseModel->insert([...], false)
 8 SYSTEMPATH/BaseModel.php(659): CodeIgniter\Model->insert(Object(App\Entities\Volunteer), false)
 9 APPPATH/Controllers/Volunteers.php(39): CodeIgniter\BaseModel->save(Object(App\Entities\Volunteer))
10 SYSTEMPATH/CodeIgniter.php(927): App\Controllers\Volunteers->saveVolunteerForm('1')
11 SYSTEMPATH/CodeIgniter.php(482): CodeIgniter\CodeIgniter->runController(Object(App\Controllers\Volunteers))
12 SYSTEMPATH/CodeIgniter.php(351): CodeIgniter\CodeIgniter->handleRequest(null, Object(Config\Cache), false)
13 FCPATH/index.php(67): CodeIgniter\CodeIgniter->run()
