ERROR - 2023-11-13 09:17:58 --> Error connecting to the database: mysqli_sql_exception: Operation timed out in /Users/tiffany/Desktop/dev/ia-tiffany/www/system/Database/MySQLi/Connection.php:170
Stack trace:
#0 /Users/tiffany/Desktop/dev/ia-tiffany/www/system/Database/MySQLi/Connection.php(170): mysqli->real_connect('172.19.0.1', 'root', Object(SensitiveParameterValue), 'taskapp', 3306, '', 0)
#1 /Users/tiffany/Desktop/dev/ia-tiffany/www/system/Database/BaseConnection.php(382): CodeIgniter\Database\MySQLi\Connection->connect(false)
#2 /Users/tiffany/Desktop/dev/ia-tiffany/www/system/Database/BaseConnection.php(561): CodeIgniter\Database\BaseConnection->initialize()
#3 /Users/tiffany/Desktop/dev/ia-tiffany/www/system/Database/BaseConnection.php(1360): CodeIgniter\Database\BaseConnection->query('SHOW TABLES FRO...')
#4 /Users/tiffany/Desktop/dev/ia-tiffany/www/system/Database/BaseConnection.php(1394): CodeIgniter\Database\BaseConnection->listTables()
#5 /Users/tiffany/Desktop/dev/ia-tiffany/www/system/Database/MigrationRunner.php(759): CodeIgniter\Database\BaseConnection->tableExists('migrations')
#6 /Users/tiffany/Desktop/dev/ia-tiffany/www/system/Database/MigrationRunner.php(167): CodeIgniter\Database\MigrationRunner->ensureTable()
#7 /Users/tiffany/Desktop/dev/ia-tiffany/www/system/Commands/Database/Migrate.php(84): CodeIgniter\Database\MigrationRunner->latest(NULL)
#8 /Users/tiffany/Desktop/dev/ia-tiffany/www/system/CLI/Commands.php(63): CodeIgniter\Commands\Database\Migrate->run(Array)
#9 /Users/tiffany/Desktop/dev/ia-tiffany/www/system/CLI/CommandRunner.php(65): CodeIgniter\CLI\Commands->run('migrate', Array)
#10 /Users/tiffany/Desktop/dev/ia-tiffany/www/system/CLI/CommandRunner.php(51): CodeIgniter\CLI\CommandRunner->index(Array)
#11 /Users/tiffany/Desktop/dev/ia-tiffany/www/system/CodeIgniter.php(920): CodeIgniter\CLI\CommandRunner->_remap('index', Array)
#12 /Users/tiffany/Desktop/dev/ia-tiffany/www/system/CodeIgniter.php(482): CodeIgniter\CodeIgniter->runController(Object(CodeIgniter\CLI\CommandRunner))
#13 /Users/tiffany/Desktop/dev/ia-tiffany/www/system/CodeIgniter.php(347): CodeIgniter\CodeIgniter->handleRequest(NULL, Object(Config\Cache), false)
#14 /Users/tiffany/Desktop/dev/ia-tiffany/www/system/CLI/Console.php(48): CodeIgniter\CodeIgniter->run()
#15 /Users/tiffany/Desktop/dev/ia-tiffany/www/spark(98): CodeIgniter\CLI\Console->run()
#16 {main}

Next CodeIgniter\Database\Exceptions\DatabaseException: Operation timed out in /Users/tiffany/Desktop/dev/ia-tiffany/www/system/Database/MySQLi/Connection.php:215
Stack trace:
#0 /Users/tiffany/Desktop/dev/ia-tiffany/www/system/Database/BaseConnection.php(382): CodeIgniter\Database\MySQLi\Connection->connect(false)
#1 /Users/tiffany/Desktop/dev/ia-tiffany/www/system/Database/BaseConnection.php(561): CodeIgniter\Database\BaseConnection->initialize()
#2 /Users/tiffany/Desktop/dev/ia-tiffany/www/system/Database/BaseConnection.php(1360): CodeIgniter\Database\BaseConnection->query('SHOW TABLES FRO...')
#3 /Users/tiffany/Desktop/dev/ia-tiffany/www/system/Database/BaseConnection.php(1394): CodeIgniter\Database\BaseConnection->listTables()
#4 /Users/tiffany/Desktop/dev/ia-tiffany/www/system/Database/MigrationRunner.php(759): CodeIgniter\Database\BaseConnection->tableExists('migrations')
#5 /Users/tiffany/Desktop/dev/ia-tiffany/www/system/Database/MigrationRunner.php(167): CodeIgniter\Database\MigrationRunner->ensureTable()
#6 /Users/tiffany/Desktop/dev/ia-tiffany/www/system/Commands/Database/Migrate.php(84): CodeIgniter\Database\MigrationRunner->latest(NULL)
#7 /Users/tiffany/Desktop/dev/ia-tiffany/www/system/CLI/Commands.php(63): CodeIgniter\Commands\Database\Migrate->run(Array)
#8 /Users/tiffany/Desktop/dev/ia-tiffany/www/system/CLI/CommandRunner.php(65): CodeIgniter\CLI\Commands->run('migrate', Array)
#9 /Users/tiffany/Desktop/dev/ia-tiffany/www/system/CLI/CommandRunner.php(51): CodeIgniter\CLI\CommandRunner->index(Array)
#10 /Users/tiffany/Desktop/dev/ia-tiffany/www/system/CodeIgniter.php(920): CodeIgniter\CLI\CommandRunner->_remap('index', Array)
#11 /Users/tiffany/Desktop/dev/ia-tiffany/www/system/CodeIgniter.php(482): CodeIgniter\CodeIgniter->runController(Object(CodeIgniter\CLI\CommandRunner))
#12 /Users/tiffany/Desktop/dev/ia-tiffany/www/system/CodeIgniter.php(347): CodeIgniter\CodeIgniter->handleRequest(NULL, Object(Config\Cache), false)
#13 /Users/tiffany/Desktop/dev/ia-tiffany/www/system/CLI/Console.php(48): CodeIgniter\CodeIgniter->run()
#14 /Users/tiffany/Desktop/dev/ia-tiffany/www/spark(98): CodeIgniter\CLI\Console->run()
#15 {main}
ERROR - 2023-11-13 09:22:00 --> Error connecting to the database: mysqli_sql_exception: Operation timed out in /Users/tiffany/Desktop/dev/ia-tiffany/www/system/Database/MySQLi/Connection.php:170
Stack trace:
#0 /Users/tiffany/Desktop/dev/ia-tiffany/www/system/Database/MySQLi/Connection.php(170): mysqli->real_connect('172.0.0.1', 'root', Object(SensitiveParameterValue), 'taskapp', 3306, '', 0)
#1 /Users/tiffany/Desktop/dev/ia-tiffany/www/system/Database/BaseConnection.php(382): CodeIgniter\Database\MySQLi\Connection->connect(false)
#2 /Users/tiffany/Desktop/dev/ia-tiffany/www/system/Database/BaseConnection.php(561): CodeIgniter\Database\BaseConnection->initialize()
#3 /Users/tiffany/Desktop/dev/ia-tiffany/www/system/Database/BaseConnection.php(1360): CodeIgniter\Database\BaseConnection->query('SHOW TABLES FRO...')
#4 /Users/tiffany/Desktop/dev/ia-tiffany/www/system/Database/BaseConnection.php(1394): CodeIgniter\Database\BaseConnection->listTables()
#5 /Users/tiffany/Desktop/dev/ia-tiffany/www/system/Database/MigrationRunner.php(759): CodeIgniter\Database\BaseConnection->tableExists('migrations')
#6 /Users/tiffany/Desktop/dev/ia-tiffany/www/system/Database/MigrationRunner.php(167): CodeIgniter\Database\MigrationRunner->ensureTable()
#7 /Users/tiffany/Desktop/dev/ia-tiffany/www/system/Commands/Database/Migrate.php(84): CodeIgniter\Database\MigrationRunner->latest(NULL)
#8 /Users/tiffany/Desktop/dev/ia-tiffany/www/system/CLI/Commands.php(63): CodeIgniter\Commands\Database\Migrate->run(Array)
#9 /Users/tiffany/Desktop/dev/ia-tiffany/www/system/CLI/CommandRunner.php(65): CodeIgniter\CLI\Commands->run('migrate', Array)
#10 /Users/tiffany/Desktop/dev/ia-tiffany/www/system/CLI/CommandRunner.php(51): CodeIgniter\CLI\CommandRunner->index(Array)
#11 /Users/tiffany/Desktop/dev/ia-tiffany/www/system/CodeIgniter.php(920): CodeIgniter\CLI\CommandRunner->_remap('index', Array)
#12 /Users/tiffany/Desktop/dev/ia-tiffany/www/system/CodeIgniter.php(482): CodeIgniter\CodeIgniter->runController(Object(CodeIgniter\CLI\CommandRunner))
#13 /Users/tiffany/Desktop/dev/ia-tiffany/www/system/CodeIgniter.php(347): CodeIgniter\CodeIgniter->handleRequest(NULL, Object(Config\Cache), false)
#14 /Users/tiffany/Desktop/dev/ia-tiffany/www/system/CLI/Console.php(48): CodeIgniter\CodeIgniter->run()
#15 /Users/tiffany/Desktop/dev/ia-tiffany/www/spark(98): CodeIgniter\CLI\Console->run()
#16 {main}

Next CodeIgniter\Database\Exceptions\DatabaseException: Operation timed out in /Users/tiffany/Desktop/dev/ia-tiffany/www/system/Database/MySQLi/Connection.php:215
Stack trace:
#0 /Users/tiffany/Desktop/dev/ia-tiffany/www/system/Database/BaseConnection.php(382): CodeIgniter\Database\MySQLi\Connection->connect(false)
#1 /Users/tiffany/Desktop/dev/ia-tiffany/www/system/Database/BaseConnection.php(561): CodeIgniter\Database\BaseConnection->initialize()
#2 /Users/tiffany/Desktop/dev/ia-tiffany/www/system/Database/BaseConnection.php(1360): CodeIgniter\Database\BaseConnection->query('SHOW TABLES FRO...')
#3 /Users/tiffany/Desktop/dev/ia-tiffany/www/system/Database/BaseConnection.php(1394): CodeIgniter\Database\BaseConnection->listTables()
#4 /Users/tiffany/Desktop/dev/ia-tiffany/www/system/Database/MigrationRunner.php(759): CodeIgniter\Database\BaseConnection->tableExists('migrations')
#5 /Users/tiffany/Desktop/dev/ia-tiffany/www/system/Database/MigrationRunner.php(167): CodeIgniter\Database\MigrationRunner->ensureTable()
#6 /Users/tiffany/Desktop/dev/ia-tiffany/www/system/Commands/Database/Migrate.php(84): CodeIgniter\Database\MigrationRunner->latest(NULL)
#7 /Users/tiffany/Desktop/dev/ia-tiffany/www/system/CLI/Commands.php(63): CodeIgniter\Commands\Database\Migrate->run(Array)
#8 /Users/tiffany/Desktop/dev/ia-tiffany/www/system/CLI/CommandRunner.php(65): CodeIgniter\CLI\Commands->run('migrate', Array)
#9 /Users/tiffany/Desktop/dev/ia-tiffany/www/system/CLI/CommandRunner.php(51): CodeIgniter\CLI\CommandRunner->index(Array)
#10 /Users/tiffany/Desktop/dev/ia-tiffany/www/system/CodeIgniter.php(920): CodeIgniter\CLI\CommandRunner->_remap('index', Array)
#11 /Users/tiffany/Desktop/dev/ia-tiffany/www/system/CodeIgniter.php(482): CodeIgniter\CodeIgniter->runController(Object(CodeIgniter\CLI\CommandRunner))
#12 /Users/tiffany/Desktop/dev/ia-tiffany/www/system/CodeIgniter.php(347): CodeIgniter\CodeIgniter->handleRequest(NULL, Object(Config\Cache), false)
#13 /Users/tiffany/Desktop/dev/ia-tiffany/www/system/CLI/Console.php(48): CodeIgniter\CodeIgniter->run()
#14 /Users/tiffany/Desktop/dev/ia-tiffany/www/spark(98): CodeIgniter\CLI\Console->run()
#15 {main}
ERROR - 2023-11-13 09:24:16 --> mysqli_sql_exception: Duplicate column name 'id' in /Users/tiffany/Desktop/dev/ia-tiffany/www/system/Database/MySQLi/Connection.php:292
Stack trace:
#0 /Users/tiffany/Desktop/dev/ia-tiffany/www/system/Database/MySQLi/Connection.php(292): mysqli->query('CREATE TABLE `v...', 0)
#1 /Users/tiffany/Desktop/dev/ia-tiffany/www/system/Database/BaseConnection.php(666): CodeIgniter\Database\MySQLi\Connection->execute('CREATE TABLE `v...')
#2 /Users/tiffany/Desktop/dev/ia-tiffany/www/system/Database/BaseConnection.php(593): CodeIgniter\Database\BaseConnection->simpleQuery('CREATE TABLE `v...')
#3 /Users/tiffany/Desktop/dev/ia-tiffany/www/system/Database/Forge.php(509): CodeIgniter\Database\BaseConnection->query('CREATE TABLE `v...')
#4 /Users/tiffany/Desktop/dev/ia-tiffany/www/app/Database/Migrations/2023-11-13-151909_CreateVolunteerTable.php(46): CodeIgniter\Database\Forge->createTable('volunteer')
#5 /Users/tiffany/Desktop/dev/ia-tiffany/www/system/Database/MigrationRunner.php(868): App\Database\Migrations\CreateVolunteerTable->up()
#6 /Users/tiffany/Desktop/dev/ia-tiffany/www/system/Database/MigrationRunner.php(187): CodeIgniter\Database\MigrationRunner->migrate('up', Object(stdClass))
#7 /Users/tiffany/Desktop/dev/ia-tiffany/www/system/Commands/Database/Migrate.php(84): CodeIgniter\Database\MigrationRunner->latest(NULL)
#8 /Users/tiffany/Desktop/dev/ia-tiffany/www/system/CLI/Commands.php(63): CodeIgniter\Commands\Database\Migrate->run(Array)
#9 /Users/tiffany/Desktop/dev/ia-tiffany/www/system/CLI/CommandRunner.php(65): CodeIgniter\CLI\Commands->run('migrate', Array)
#10 /Users/tiffany/Desktop/dev/ia-tiffany/www/system/CLI/CommandRunner.php(51): CodeIgniter\CLI\CommandRunner->index(Array)
#11 /Users/tiffany/Desktop/dev/ia-tiffany/www/system/CodeIgniter.php(920): CodeIgniter\CLI\CommandRunner->_remap('index', Array)
#12 /Users/tiffany/Desktop/dev/ia-tiffany/www/system/CodeIgniter.php(482): CodeIgniter\CodeIgniter->runController(Object(CodeIgniter\CLI\CommandRunner))
#13 /Users/tiffany/Desktop/dev/ia-tiffany/www/system/CodeIgniter.php(347): CodeIgniter\CodeIgniter->handleRequest(NULL, Object(Config\Cache), false)
#14 /Users/tiffany/Desktop/dev/ia-tiffany/www/system/CLI/Console.php(48): CodeIgniter\CodeIgniter->run()
#15 /Users/tiffany/Desktop/dev/ia-tiffany/www/spark(98): CodeIgniter\CLI\Console->run()
#16 {main}
ERROR - 2023-11-13 09:26:49 --> mysqli_sql_exception: Duplicate column name 'id' in /Users/tiffany/Desktop/dev/ia-tiffany/www/system/Database/MySQLi/Connection.php:292
Stack trace:
#0 /Users/tiffany/Desktop/dev/ia-tiffany/www/system/Database/MySQLi/Connection.php(292): mysqli->query('CREATE TABLE `v...', 0)
#1 /Users/tiffany/Desktop/dev/ia-tiffany/www/system/Database/BaseConnection.php(666): CodeIgniter\Database\MySQLi\Connection->execute('CREATE TABLE `v...')
#2 /Users/tiffany/Desktop/dev/ia-tiffany/www/system/Database/BaseConnection.php(593): CodeIgniter\Database\BaseConnection->simpleQuery('CREATE TABLE `v...')
#3 /Users/tiffany/Desktop/dev/ia-tiffany/www/system/Database/Forge.php(509): CodeIgniter\Database\BaseConnection->query('CREATE TABLE `v...')
#4 /Users/tiffany/Desktop/dev/ia-tiffany/www/app/Database/Migrations/2023-11-13-151909_CreateVolunteerTable.php(46): CodeIgniter\Database\Forge->createTable('volunteer')
#5 /Users/tiffany/Desktop/dev/ia-tiffany/www/system/Database/MigrationRunner.php(868): App\Database\Migrations\CreateVolunteerTable->up()
#6 /Users/tiffany/Desktop/dev/ia-tiffany/www/system/Database/MigrationRunner.php(187): CodeIgniter\Database\MigrationRunner->migrate('up', Object(stdClass))
#7 /Users/tiffany/Desktop/dev/ia-tiffany/www/system/Commands/Database/Migrate.php(84): CodeIgniter\Database\MigrationRunner->latest(NULL)
#8 /Users/tiffany/Desktop/dev/ia-tiffany/www/system/CLI/Commands.php(63): CodeIgniter\Commands\Database\Migrate->run(Array)
#9 /Users/tiffany/Desktop/dev/ia-tiffany/www/system/CLI/CommandRunner.php(65): CodeIgniter\CLI\Commands->run('migrate', Array)
#10 /Users/tiffany/Desktop/dev/ia-tiffany/www/system/CLI/CommandRunner.php(51): CodeIgniter\CLI\CommandRunner->index(Array)
#11 /Users/tiffany/Desktop/dev/ia-tiffany/www/system/CodeIgniter.php(920): CodeIgniter\CLI\CommandRunner->_remap('index', Array)
#12 /Users/tiffany/Desktop/dev/ia-tiffany/www/system/CodeIgniter.php(482): CodeIgniter\CodeIgniter->runController(Object(CodeIgniter\CLI\CommandRunner))
#13 /Users/tiffany/Desktop/dev/ia-tiffany/www/system/CodeIgniter.php(347): CodeIgniter\CodeIgniter->handleRequest(NULL, Object(Config\Cache), false)
#14 /Users/tiffany/Desktop/dev/ia-tiffany/www/system/CLI/Console.php(48): CodeIgniter\CodeIgniter->run()
#15 /Users/tiffany/Desktop/dev/ia-tiffany/www/spark(98): CodeIgniter\CLI\Console->run()
#16 {main}
ERROR - 2023-11-13 09:28:07 --> mysqli_sql_exception: Can't create table `taskapp`.`volunteer` (errno: 150 "Foreign key constraint is incorrectly formed") in /Users/tiffany/Desktop/dev/ia-tiffany/www/system/Database/MySQLi/Connection.php:292
Stack trace:
#0 /Users/tiffany/Desktop/dev/ia-tiffany/www/system/Database/MySQLi/Connection.php(292): mysqli->query('CREATE TABLE `v...', 0)
#1 /Users/tiffany/Desktop/dev/ia-tiffany/www/system/Database/BaseConnection.php(666): CodeIgniter\Database\MySQLi\Connection->execute('CREATE TABLE `v...')
#2 /Users/tiffany/Desktop/dev/ia-tiffany/www/system/Database/BaseConnection.php(593): CodeIgniter\Database\BaseConnection->simpleQuery('CREATE TABLE `v...')
#3 /Users/tiffany/Desktop/dev/ia-tiffany/www/system/Database/Forge.php(509): CodeIgniter\Database\BaseConnection->query('CREATE TABLE `v...')
#4 /Users/tiffany/Desktop/dev/ia-tiffany/www/app/Database/Migrations/2023-11-13-151909_CreateVolunteerTable.php(51): CodeIgniter\Database\Forge->createTable('volunteer')
#5 /Users/tiffany/Desktop/dev/ia-tiffany/www/system/Database/MigrationRunner.php(868): App\Database\Migrations\CreateVolunteerTable->up()
#6 /Users/tiffany/Desktop/dev/ia-tiffany/www/system/Database/MigrationRunner.php(187): CodeIgniter\Database\MigrationRunner->migrate('up', Object(stdClass))
#7 /Users/tiffany/Desktop/dev/ia-tiffany/www/system/Commands/Database/Migrate.php(84): CodeIgniter\Database\MigrationRunner->latest(NULL)
#8 /Users/tiffany/Desktop/dev/ia-tiffany/www/system/CLI/Commands.php(63): CodeIgniter\Commands\Database\Migrate->run(Array)
#9 /Users/tiffany/Desktop/dev/ia-tiffany/www/system/CLI/CommandRunner.php(65): CodeIgniter\CLI\Commands->run('migrate', Array)
#10 /Users/tiffany/Desktop/dev/ia-tiffany/www/system/CLI/CommandRunner.php(51): CodeIgniter\CLI\CommandRunner->index(Array)
#11 /Users/tiffany/Desktop/dev/ia-tiffany/www/system/CodeIgniter.php(920): CodeIgniter\CLI\CommandRunner->_remap('index', Array)
#12 /Users/tiffany/Desktop/dev/ia-tiffany/www/system/CodeIgniter.php(482): CodeIgniter\CodeIgniter->runController(Object(CodeIgniter\CLI\CommandRunner))
#13 /Users/tiffany/Desktop/dev/ia-tiffany/www/system/CodeIgniter.php(347): CodeIgniter\CodeIgniter->handleRequest(NULL, Object(Config\Cache), false)
#14 /Users/tiffany/Desktop/dev/ia-tiffany/www/system/CLI/Console.php(48): CodeIgniter\CodeIgniter->run()
#15 /Users/tiffany/Desktop/dev/ia-tiffany/www/spark(98): CodeIgniter\CLI\Console->run()
#16 {main}
ERROR - 2023-11-13 09:37:47 --> Error connecting to the database: mysqli_sql_exception: Connection timed out in /var/www/html/system/Database/MySQLi/Connection.php:171
Stack trace:
#0 /var/www/html/system/Database/MySQLi/Connection.php(171): mysqli->real_connect('172.0.1.19', 'root', 'admin', 'taskapp', 3306, '', 0)
#1 /var/www/html/system/Database/BaseConnection.php(382): CodeIgniter\Database\MySQLi\Connection->connect(false)
#2 /var/www/html/system/Database/BaseConnection.php(561): CodeIgniter\Database\BaseConnection->initialize()
#3 /var/www/html/system/Database/BaseBuilder.php(1585): CodeIgniter\Database\BaseConnection->query('SELECT *\nFROM `...', Array, false)
#4 /var/www/html/system/Model.php(182): CodeIgniter\Database\BaseBuilder->get()
#5 /var/www/html/system/BaseModel.php(524): CodeIgniter\Model->doFind(true, '9')
#6 /var/www/html/app/Libraries/Authentication.php(85): CodeIgniter\BaseModel->find('9')
#7 /var/www/html/app/Libraries/Authentication.php(130): App\Libraries\Authentication->getUserFromSession()
#8 /var/www/html/app/Helpers/auth_helper.php(9): App\Libraries\Authentication->getCurrentUser()
#9 /var/www/html/app/Views/Home/index.php(9): current_user()
#10 /var/www/html/system/View/View.php(213): include('/var/www/html/a...')
#11 /var/www/html/system/View/View.php(216): CodeIgniter\View\View->CodeIgniter\View\{closure}()
#12 /var/www/html/system/Common.php(1134): CodeIgniter\View\View->render('Home/index', Array, true)
#13 /var/www/html/app/Controllers/Home.php(9): view('Home/index')
#14 /var/www/html/system/CodeIgniter.php(927): App\Controllers\Home->index()
#15 /var/www/html/system/CodeIgniter.php(482): CodeIgniter\CodeIgniter->runController(Object(App\Controllers\Home))
#16 /var/www/html/system/CodeIgniter.php(351): CodeIgniter\CodeIgniter->handleRequest(NULL, Object(Config\Cache), false)
#17 /var/www/html/public/index.php(67): CodeIgniter\CodeIgniter->run()
#18 {main}

Next CodeIgniter\Database\Exceptions\DatabaseException: Connection timed out in /var/www/html/system/Database/MySQLi/Connection.php:215
Stack trace:
#0 /var/www/html/system/Database/BaseConnection.php(382): CodeIgniter\Database\MySQLi\Connection->connect(false)
#1 /var/www/html/system/Database/BaseConnection.php(561): CodeIgniter\Database\BaseConnection->initialize()
#2 /var/www/html/system/Database/BaseBuilder.php(1585): CodeIgniter\Database\BaseConnection->query('SELECT *\nFROM `...', Array, false)
#3 /var/www/html/system/Model.php(182): CodeIgniter\Database\BaseBuilder->get()
#4 /var/www/html/system/BaseModel.php(524): CodeIgniter\Model->doFind(true, '9')
#5 /var/www/html/app/Libraries/Authentication.php(85): CodeIgniter\BaseModel->find('9')
#6 /var/www/html/app/Libraries/Authentication.php(130): App\Libraries\Authentication->getUserFromSession()
#7 /var/www/html/app/Helpers/auth_helper.php(9): App\Libraries\Authentication->getCurrentUser()
#8 /var/www/html/app/Views/Home/index.php(9): current_user()
#9 /var/www/html/system/View/View.php(213): include('/var/www/html/a...')
#10 /var/www/html/system/View/View.php(216): CodeIgniter\View\View->CodeIgniter\View\{closure}()
#11 /var/www/html/system/Common.php(1134): CodeIgniter\View\View->render('Home/index', Array, true)
#12 /var/www/html/app/Controllers/Home.php(9): view('Home/index')
#13 /var/www/html/system/CodeIgniter.php(927): App\Controllers\Home->index()
#14 /var/www/html/system/CodeIgniter.php(482): CodeIgniter\CodeIgniter->runController(Object(App\Controllers\Home))
#15 /var/www/html/system/CodeIgniter.php(351): CodeIgniter\CodeIgniter->handleRequest(NULL, Object(Config\Cache), false)
#16 /var/www/html/public/index.php(67): CodeIgniter\CodeIgniter->run()
#17 {main}
CRITICAL - 2023-11-13 09:37:47 --> Unable to connect to the database.
Main connection [MySQLi]: Connection timed out
in SYSTEMPATH/Database/BaseConnection.php on line 418.
 1 SYSTEMPATH/Database/BaseConnection.php(561): CodeIgniter\Database\BaseConnection->initialize()
 2 SYSTEMPATH/Database/BaseBuilder.php(1585): CodeIgniter\Database\BaseConnection->query('SELECT *
FROM `user`
WHERE `user`.`id` = :user.id:', [...], false)
 3 SYSTEMPATH/Model.php(182): CodeIgniter\Database\BaseBuilder->get()
 4 SYSTEMPATH/BaseModel.php(524): CodeIgniter\Model->doFind(true, '9')
 5 APPPATH/Libraries/Authentication.php(85): CodeIgniter\BaseModel->find('9')
 6 APPPATH/Libraries/Authentication.php(130): App\Libraries\Authentication->getUserFromSession()
 7 APPPATH/Helpers/auth_helper.php(9): App\Libraries\Authentication->getCurrentUser()
 8 APPPATH/Views/Home/index.php(9): current_user()
 9 SYSTEMPATH/View/View.php(213): include('APPPATH/Views/Home/index.php')
10 SYSTEMPATH/View/View.php(216): CodeIgniter\View\View->CodeIgniter\View\{closure}()
11 SYSTEMPATH/Common.php(1134): CodeIgniter\View\View->render('Home/index', [], true)
12 APPPATH/Controllers/Home.php(9): view('Home/index')
13 SYSTEMPATH/CodeIgniter.php(927): App\Controllers\Home->index()
14 SYSTEMPATH/CodeIgniter.php(482): CodeIgniter\CodeIgniter->runController(Object(App\Controllers\Home))
15 SYSTEMPATH/CodeIgniter.php(351): CodeIgniter\CodeIgniter->handleRequest(null, Object(Config\Cache), false)
16 FCPATH/index.php(67): CodeIgniter\CodeIgniter->run()
ERROR - 2023-11-13 09:38:08 --> Error connecting to the database: mysqli_sql_exception: Connection timed out in /var/www/html/system/Database/MySQLi/Connection.php:171
Stack trace:
#0 /var/www/html/system/Database/MySQLi/Connection.php(171): mysqli->real_connect('172.0.19.1', 'root', 'admin', 'taskapp', 3306, '', 0)
#1 /var/www/html/system/Database/BaseConnection.php(382): CodeIgniter\Database\MySQLi\Connection->connect(false)
#2 /var/www/html/system/Database/BaseConnection.php(561): CodeIgniter\Database\BaseConnection->initialize()
#3 /var/www/html/system/Database/BaseBuilder.php(1585): CodeIgniter\Database\BaseConnection->query('SELECT *\nFROM `...', Array, false)
#4 /var/www/html/system/Model.php(182): CodeIgniter\Database\BaseBuilder->get()
#5 /var/www/html/system/BaseModel.php(524): CodeIgniter\Model->doFind(true, '9')
#6 /var/www/html/app/Libraries/Authentication.php(85): CodeIgniter\BaseModel->find('9')
#7 /var/www/html/app/Libraries/Authentication.php(130): App\Libraries\Authentication->getUserFromSession()
#8 /var/www/html/app/Helpers/auth_helper.php(9): App\Libraries\Authentication->getCurrentUser()
#9 /var/www/html/app/Views/Home/index.php(9): current_user()
#10 /var/www/html/system/View/View.php(213): include('/var/www/html/a...')
#11 /var/www/html/system/View/View.php(216): CodeIgniter\View\View->CodeIgniter\View\{closure}()
#12 /var/www/html/system/Common.php(1134): CodeIgniter\View\View->render('Home/index', Array, true)
#13 /var/www/html/app/Controllers/Home.php(9): view('Home/index')
#14 /var/www/html/system/CodeIgniter.php(927): App\Controllers\Home->index()
#15 /var/www/html/system/CodeIgniter.php(482): CodeIgniter\CodeIgniter->runController(Object(App\Controllers\Home))
#16 /var/www/html/system/CodeIgniter.php(351): CodeIgniter\CodeIgniter->handleRequest(NULL, Object(Config\Cache), false)
#17 /var/www/html/public/index.php(67): CodeIgniter\CodeIgniter->run()
#18 {main}

Next CodeIgniter\Database\Exceptions\DatabaseException: Connection timed out in /var/www/html/system/Database/MySQLi/Connection.php:215
Stack trace:
#0 /var/www/html/system/Database/BaseConnection.php(382): CodeIgniter\Database\MySQLi\Connection->connect(false)
#1 /var/www/html/system/Database/BaseConnection.php(561): CodeIgniter\Database\BaseConnection->initialize()
#2 /var/www/html/system/Database/BaseBuilder.php(1585): CodeIgniter\Database\BaseConnection->query('SELECT *\nFROM `...', Array, false)
#3 /var/www/html/system/Model.php(182): CodeIgniter\Database\BaseBuilder->get()
#4 /var/www/html/system/BaseModel.php(524): CodeIgniter\Model->doFind(true, '9')
#5 /var/www/html/app/Libraries/Authentication.php(85): CodeIgniter\BaseModel->find('9')
#6 /var/www/html/app/Libraries/Authentication.php(130): App\Libraries\Authentication->getUserFromSession()
#7 /var/www/html/app/Helpers/auth_helper.php(9): App\Libraries\Authentication->getCurrentUser()
#8 /var/www/html/app/Views/Home/index.php(9): current_user()
#9 /var/www/html/system/View/View.php(213): include('/var/www/html/a...')
#10 /var/www/html/system/View/View.php(216): CodeIgniter\View\View->CodeIgniter\View\{closure}()
#11 /var/www/html/system/Common.php(1134): CodeIgniter\View\View->render('Home/index', Array, true)
#12 /var/www/html/app/Controllers/Home.php(9): view('Home/index')
#13 /var/www/html/system/CodeIgniter.php(927): App\Controllers\Home->index()
#14 /var/www/html/system/CodeIgniter.php(482): CodeIgniter\CodeIgniter->runController(Object(App\Controllers\Home))
#15 /var/www/html/system/CodeIgniter.php(351): CodeIgniter\CodeIgniter->handleRequest(NULL, Object(Config\Cache), false)
#16 /var/www/html/public/index.php(67): CodeIgniter\CodeIgniter->run()
#17 {main}
CRITICAL - 2023-11-13 09:38:08 --> Unable to connect to the database.
Main connection [MySQLi]: Connection timed out
in SYSTEMPATH/Database/BaseConnection.php on line 418.
 1 SYSTEMPATH/Database/BaseConnection.php(561): CodeIgniter\Database\BaseConnection->initialize()
 2 SYSTEMPATH/Database/BaseBuilder.php(1585): CodeIgniter\Database\BaseConnection->query('SELECT *
FROM `user`
WHERE `user`.`id` = :user.id:', [...], false)
 3 SYSTEMPATH/Model.php(182): CodeIgniter\Database\BaseBuilder->get()
 4 SYSTEMPATH/BaseModel.php(524): CodeIgniter\Model->doFind(true, '9')
 5 APPPATH/Libraries/Authentication.php(85): CodeIgniter\BaseModel->find('9')
 6 APPPATH/Libraries/Authentication.php(130): App\Libraries\Authentication->getUserFromSession()
 7 APPPATH/Helpers/auth_helper.php(9): App\Libraries\Authentication->getCurrentUser()
 8 APPPATH/Views/Home/index.php(9): current_user()
 9 SYSTEMPATH/View/View.php(213): include('APPPATH/Views/Home/index.php')
10 SYSTEMPATH/View/View.php(216): CodeIgniter\View\View->CodeIgniter\View\{closure}()
11 SYSTEMPATH/Common.php(1134): CodeIgniter\View\View->render('Home/index', [], true)
12 APPPATH/Controllers/Home.php(9): view('Home/index')
13 SYSTEMPATH/CodeIgniter.php(927): App\Controllers\Home->index()
14 SYSTEMPATH/CodeIgniter.php(482): CodeIgniter\CodeIgniter->runController(Object(App\Controllers\Home))
15 SYSTEMPATH/CodeIgniter.php(351): CodeIgniter\CodeIgniter->handleRequest(null, Object(Config\Cache), false)
16 FCPATH/index.php(67): CodeIgniter\CodeIgniter->run()
CRITICAL - 2023-11-13 10:01:20 --> Class "App\Controllers\Event" not found
in APPPATH/Controllers/Volunteers.php on line 13.
 1 SYSTEMPATH/CodeIgniter.php(927): App\Controllers\Volunteers->showVolunteerForm('1')
 2 SYSTEMPATH/CodeIgniter.php(482): CodeIgniter\CodeIgniter->runController(Object(App\Controllers\Volunteers))
 3 SYSTEMPATH/CodeIgniter.php(351): CodeIgniter\CodeIgniter->handleRequest(null, Object(Config\Cache), false)
 4 FCPATH/index.php(67): CodeIgniter\CodeIgniter->run()
CRITICAL - 2023-11-13 10:02:21 --> Call to undefined method App\Controllers\Events::find()
in APPPATH/Controllers/Volunteers.php on line 13.
 1 SYSTEMPATH/CodeIgniter.php(927): App\Controllers\Volunteers->showVolunteerForm('1')
 2 SYSTEMPATH/CodeIgniter.php(482): CodeIgniter\CodeIgniter->runController(Object(App\Controllers\Volunteers))
 3 SYSTEMPATH/CodeIgniter.php(351): CodeIgniter\CodeIgniter->handleRequest(null, Object(Config\Cache), false)
 4 FCPATH/index.php(67): CodeIgniter\CodeIgniter->run()
