CRITICAL - 2023-08-26 12:18:53 --> Undefined variable $term
in APPPATH/Models/TaskModel.php on line 43.
 1 APPPATH/Models/TaskModel.php(43): CodeIgniter\Debug\Exceptions->errorHandler(2, 'Undefined variable $term', 'APPPATH/Models/TaskModel.php', 43)
 2 APPPATH/Controllers/Tasks.php(126): App\Models\TaskModel->search('another', '1')
 3 SYSTEMPATH/CodeIgniter.php(927): App\Controllers\Tasks->search()
 4 SYSTEMPATH/CodeIgniter.php(482): CodeIgniter\CodeIgniter->runController(Object(App\Controllers\Tasks))
 5 SYSTEMPATH/CodeIgniter.php(351): CodeIgniter\CodeIgniter->handleRequest(null, Object(Config\Cache), false)
 6 FCPATH/index.php(67): CodeIgniter\CodeIgniter->run()
CRITICAL - 2023-08-26 12:22:43 --> CodeIgniter\Database\BaseBuilder::like(): Argument #2 ($match) must be of type string, null given, called in /var/www/html/system/Model.php on line 772
in SYSTEMPATH/Database/BaseBuilder.php on line 954.
 1 SYSTEMPATH/Model.php(772): CodeIgniter\Database\BaseBuilder->like('description', null)
 2 APPPATH/Models/TaskModel.php(43): CodeIgniter\Model->__call('like', [...])
 3 APPPATH/Controllers/Tasks.php(126): App\Models\TaskModel->search(null, '1')
 4 SYSTEMPATH/CodeIgniter.php(927): App\Controllers\Tasks->search()
 5 SYSTEMPATH/CodeIgniter.php(482): CodeIgniter\CodeIgniter->runController(Object(App\Controllers\Tasks))
 6 SYSTEMPATH/CodeIgniter.php(351): CodeIgniter\CodeIgniter->handleRequest(null, Object(Config\Cache), false)
 7 FCPATH/index.php(67): CodeIgniter\CodeIgniter->run()
CRITICAL - 2023-08-26 12:34:53 --> Undefined variable $task
in APPPATH/Controllers/Tasks.php on line 128.
 1 APPPATH/Controllers/Tasks.php(128): CodeIgniter\Debug\Exceptions->errorHandler(2, 'Undefined variable $task', 'APPPATH/Controllers/Tasks.php', 128)
 2 SYSTEMPATH/CodeIgniter.php(927): App\Controllers\Tasks->search()
 3 SYSTEMPATH/CodeIgniter.php(482): CodeIgniter\CodeIgniter->runController(Object(App\Controllers\Tasks))
 4 SYSTEMPATH/CodeIgniter.php(351): CodeIgniter\CodeIgniter->handleRequest(null, Object(Config\Cache), false)
 5 FCPATH/index.php(67): CodeIgniter\CodeIgniter->run()
CRITICAL - 2023-08-26 12:35:09 --> Too few arguments to function App\Controllers\Tasks::search(), 0 passed in /var/www/html/system/CodeIgniter.php on line 927 and exactly 1 expected
in APPPATH/Controllers/Tasks.php on line 124.
 1 SYSTEMPATH/CodeIgniter.php(927): App\Controllers\Tasks->search()
 2 SYSTEMPATH/CodeIgniter.php(482): CodeIgniter\CodeIgniter->runController(Object(App\Controllers\Tasks))
 3 SYSTEMPATH/CodeIgniter.php(351): CodeIgniter\CodeIgniter->handleRequest(null, Object(Config\Cache), false)
 4 FCPATH/index.php(67): CodeIgniter\CodeIgniter->run()
